2021-08-10T04:06:12+00:00 NOTICE action_scheduler.queue_job :: MailChimp_WooCommerce_User_Submit queued :: obj_id 15413
2021-08-10T04:06:17+00:00 NOTICE member.sync :: Subscribed Member stanislav.vinokurov.17.9.1964@mail.ru :: Array
(
    [status_if_new] => 1
    [merge_fields] => Array
        (
        )

)

2021-08-10T04:40:17+00:00 NOTICE action_scheduler.queue_job :: MailChimp_WooCommerce_User_Submit queued :: obj_id 15414
2021-08-10T04:41:31+00:00 NOTICE member.sync :: Subscribed Member evgeniia.subbotina.28.5.1966@mail.ru :: Array
(
    [status_if_new] => 1
    [merge_fields] => Array
        (
        )

)

2021-08-10T05:00:43+00:00 NOTICE action_scheduler.queue_job :: MailChimp_WooCommerce_User_Submit queued :: obj_id 15415
2021-08-10T05:03:18+00:00 NOTICE member.sync :: Subscribed Member pearlvq18@sora81.sorataki.in.net :: Array
(
    [status_if_new] => 1
    [merge_fields] => Array
        (
        )

)

2021-08-10T05:24:46+00:00 NOTICE action_scheduler.queue_job :: MailChimp_WooCommerce_User_Submit queued :: obj_id 15416
2021-08-10T05:25:42+00:00 NOTICE member.sync :: Subscribed Member valerii.pokrovskii.29.4.1983@mail.ru :: Array
(
    [status_if_new] => 1
    [merge_fields] => Array
        (
        )

)

2021-08-10T06:31:05+00:00 NOTICE action_scheduler.queue_job :: MailChimp_WooCommerce_Single_Order starts in 90 seconds :: obj_id 24110
2021-08-10T06:31:06+00:00 NOTICE debug :: Order ID 24110 was processing and is now completed :: Array
(
    [new_order] => 
    [tracking] => 
)

2021-08-10T06:32:51+00:00 ERROR order_submit.error :: addStoreOrder :: #24110 :: Error Code 404 :: Resource Not Found :: The requested resource could not be found. on 1858 in /var/www/vhosts/warmwishesflorist.com/httpdocs/wp-content/plugins/mailchimp-for-woocommerce/includes/api/class-mailchimp-api.php
2021-08-10T06:44:25+00:00 NOTICE action_scheduler.queue_job :: MailChimp_WooCommerce_User_Submit queued :: obj_id 15417
2021-08-10T06:44:32+00:00 NOTICE member.sync :: liubov.tumanova.2.5.1986@mail.ru has signed up to a lot of lists very recently; we're not allowing more signups for now
2021-08-10T07:40:39+00:00 NOTICE action_scheduler.queue_job :: MailChimp_WooCommerce_User_Submit queued :: obj_id 15418
2021-08-10T07:42:02+00:00 NOTICE member.sync :: nastahorsusova@gmail.com has signed up to a lot of lists very recently; we're not allowing more signups for now
2021-08-10T08:09:55+00:00 NOTICE action_scheduler.queue_job :: MailChimp_WooCommerce_User_Submit queued :: obj_id 15419
2021-08-10T08:10:57+00:00 NOTICE member.sync :: anastasiia.sheveleva.27.6.1977@mail.ru has signed up to a lot of lists very recently; we're not allowing more signups for now
2021-08-10T08:13:35+00:00 NOTICE action_scheduler.queue_job :: MailChimp_WooCommerce_User_Submit queued :: obj_id 15420
2021-08-10T08:14:37+00:00 NOTICE member.sync :: petrzorkov313@gmail.com has signed up to a lot of lists very recently; we're not allowing more signups for now
2021-08-10T08:25:49+00:00 NOTICE action_scheduler.queue_job :: MailChimp_WooCommerce_Cart_Update queued :: obj_id 2b4ddd0ba7c1c80a6da35b11dde3d4c1
2021-08-10T08:25:51+00:00 ERROR abandoned_cart.error :: email: 113218018@qq.com :: attempting product update :: Resource Not Found :: The requested resource could not be found.
2021-08-10T08:25:52+00:00 NOTICE product_submit.error :: addStoreProduct :: #23706 :: Error Code 404 :: Resource Not Found :: The requested resource could not be found. on 1858 in /var/www/vhosts/warmwishesflorist.com/httpdocs/wp-content/plugins/mailchimp-for-woocommerce/includes/api/class-mailchimp-api.php
2021-08-10T08:25:52+00:00 ERROR abandoned_cart.error :: Error Code 404 :: Resource Not Found :: The requested resource could not be found. on 1858 in /var/www/vhosts/warmwishesflorist.com/httpdocs/wp-content/plugins/mailchimp-for-woocommerce/includes/api/class-mailchimp-api.php
2021-08-10T08:31:10+00:00 NOTICE action_scheduler.queue_job :: MailChimp_WooCommerce_User_Submit queued :: obj_id 15421
2021-08-10T08:31:54+00:00 NOTICE member.sync :: ep1346268@gmail.com has signed up to a lot of lists very recently; we're not allowing more signups for now
2021-08-10T08:33:26+00:00 NOTICE action_scheduler.queue_job :: MailChimp_WooCommerce_Single_Order starts in 90 seconds :: obj_id 24111
2021-08-10T08:35:19+00:00 NOTICE debug :: Order ID 24111 was pending and is now processing :: Array
(
    [new_order] => 1
    [tracking] => Array
        (
            [campaign_id] => 
            [landing_site] => https://warmwishesflorist.com/?wc-api=WC_Molpay_Gateway
        )

)

2021-08-10T08:37:16+00:00 ERROR order_submit.error :: addStoreOrder :: #24111 :: Error Code 404 :: Resource Not Found :: The requested resource could not be found. on 1858 in /var/www/vhosts/warmwishesflorist.com/httpdocs/wp-content/plugins/mailchimp-for-woocommerce/includes/api/class-mailchimp-api.php
2021-08-10T09:01:55+00:00 NOTICE action_scheduler.queue_job :: MailChimp_WooCommerce_User_Submit queued :: obj_id 15422
2021-08-10T09:02:35+00:00 NOTICE member.sync :: elmira.stoliarova.11.5.1974@mail.ru has signed up to a lot of lists very recently; we're not allowing more signups for now
2021-08-10T10:11:08+00:00 NOTICE action_scheduler.queue_job :: MailChimp_WooCommerce_Single_Product starts in 5 seconds :: obj_id 23706
2021-08-10T10:11:43+00:00 NOTICE product_submit.error :: addStoreProduct :: #23706 :: Error Code 404 :: Resource Not Found :: The requested resource could not be found. on 1858 in /var/www/vhosts/warmwishesflorist.com/httpdocs/wp-content/plugins/mailchimp-for-woocommerce/includes/api/class-mailchimp-api.php
2021-08-10T10:21:41+00:00 NOTICE action_scheduler.queue_job :: MailChimp_WooCommerce_User_Submit queued :: obj_id 15423
2021-08-10T10:23:41+00:00 NOTICE member.sync :: a.podhudovich@jodas.enersets.com has signed up to a lot of lists very recently; we're not allowing more signups for now
2021-08-10T13:55:59+00:00 NOTICE action_scheduler.queue_job :: MailChimp_WooCommerce_User_Submit queued :: obj_id 15424
2021-08-10T13:57:27+00:00 NOTICE member.sync :: michalkrlaurenc@gmail.com has signed up to a lot of lists very recently; we're not allowing more signups for now
2021-08-10T14:43:10+00:00 NOTICE action_scheduler.queue_job :: MailChimp_WooCommerce_Cart_Update queued :: obj_id 2433be7d58276be237aca543f7de3b7a
2021-08-10T14:43:12+00:00 ERROR abandoned_cart.error :: email: chermaine2020@gmail.com :: attempting product update :: Resource Not Found :: The requested resource could not be found.
2021-08-10T14:43:13+00:00 NOTICE product_submit.error :: addStoreProduct :: #22989 :: Error Code 404 :: Resource Not Found :: The requested resource could not be found. on 1858 in /var/www/vhosts/warmwishesflorist.com/httpdocs/wp-content/plugins/mailchimp-for-woocommerce/includes/api/class-mailchimp-api.php
2021-08-10T14:43:13+00:00 ERROR abandoned_cart.error :: Error Code 404 :: Resource Not Found :: The requested resource could not be found. on 1858 in /var/www/vhosts/warmwishesflorist.com/httpdocs/wp-content/plugins/mailchimp-for-woocommerce/includes/api/class-mailchimp-api.php
2021-08-10T14:44:57+00:00 NOTICE action_scheduler.queue_job :: MailChimp_WooCommerce_Cart_Update queued :: obj_id 2433be7d58276be237aca543f7de3b7a
2021-08-10T14:45:40+00:00 ERROR abandoned_cart.error :: email: chermaine2020@gmail.com :: attempting product update :: Resource Not Found :: The requested resource could not be found.
2021-08-10T14:45:41+00:00 NOTICE product_submit.error :: addStoreProduct :: #22989 :: Error Code 404 :: Resource Not Found :: The requested resource could not be found. on 1858 in /var/www/vhosts/warmwishesflorist.com/httpdocs/wp-content/plugins/mailchimp-for-woocommerce/includes/api/class-mailchimp-api.php
2021-08-10T14:45:41+00:00 ERROR abandoned_cart.error :: Error Code 404 :: Resource Not Found :: The requested resource could not be found. on 1858 in /var/www/vhosts/warmwishesflorist.com/httpdocs/wp-content/plugins/mailchimp-for-woocommerce/includes/api/class-mailchimp-api.php
2021-08-10T14:50:23+00:00 NOTICE action_scheduler.queue_job :: MailChimp_WooCommerce_Single_Order starts in 90 seconds :: obj_id 24112
2021-08-10T14:52:35+00:00 NOTICE order_sumbit :: #24112 has a financial status of pending and was skipped.
2021-08-10T14:52:44+00:00 NOTICE action_scheduler.queue_job :: MailChimp_WooCommerce_Single_Order starts in 90 seconds :: obj_id 24112
2021-08-10T14:52:45+00:00 NOTICE debug :: Order ID 24112 was pending and is now processing :: Array
(
    [new_order] => 1
    [tracking] => Array
        (
            [campaign_id] => 
            [landing_site] => https://warmwishesflorist.com/?wc-api=WC_Molpay_Gateway
        )

)

2021-08-10T14:52:45+00:00 NOTICE action_scheduler.queue_job :: MailChimp_WooCommerce_User_Submit queued :: obj_id 15425
2021-08-10T14:53:48+00:00 NOTICE member.sync :: Subscribed Member chermaine2020@gmail.com :: Array
(
    [status_if_new] => 1
    [merge_fields] => Array
        (
            [FNAME] => Chermaine
            [LNAME] => Chai
        )

)

2021-08-10T14:54:32+00:00 ERROR order_submit.error :: addStoreOrder :: #24112 :: Error Code 404 :: Resource Not Found :: The requested resource could not be found. on 1858 in /var/www/vhosts/warmwishesflorist.com/httpdocs/wp-content/plugins/mailchimp-for-woocommerce/includes/api/class-mailchimp-api.php
2021-08-10T14:55:47+00:00 NOTICE action_scheduler.queue_job :: MailChimp_WooCommerce_User_Submit queued :: obj_id 15425
2021-08-10T14:56:54+00:00 NOTICE member.sync :: Updated Member chermaine2020@gmail.com ( merge fields only ) :: Array
(
    [merge_fields] => Array
        (
            [FNAME] => Chermaine
            [LNAME] => Chai
        )

)

2021-08-10T15:16:29+00:00 NOTICE action_scheduler.queue_job :: MailChimp_WooCommerce_Cart_Update queued :: obj_id e5c8655929df71b0e7383fd50fe2d844
2021-08-10T15:16:31+00:00 ERROR abandoned_cart.error :: email: soonmeijing@gmail.com :: attempting product update :: Resource Not Found :: The requested resource could not be found.
2021-08-10T15:16:32+00:00 NOTICE product_submit.error :: addStoreProduct :: #22090 :: Error Code 404 :: Resource Not Found :: The requested resource could not be found. on 1858 in /var/www/vhosts/warmwishesflorist.com/httpdocs/wp-content/plugins/mailchimp-for-woocommerce/includes/api/class-mailchimp-api.php
2021-08-10T15:16:32+00:00 ERROR abandoned_cart.error :: Error Code 404 :: Resource Not Found :: The requested resource could not be found. on 1858 in /var/www/vhosts/warmwishesflorist.com/httpdocs/wp-content/plugins/mailchimp-for-woocommerce/includes/api/class-mailchimp-api.php
2021-08-10T15:31:55+00:00 NOTICE action_scheduler.queue_job :: MailChimp_WooCommerce_User_Submit queued :: obj_id 15427
2021-08-10T15:33:44+00:00 NOTICE member.sync :: daertr.frantz@yandex.com has signed up to a lot of lists very recently; we're not allowing more signups for now
2021-08-10T15:42:52+00:00 NOTICE action_scheduler.queue_job :: MailChimp_WooCommerce_User_Submit queued :: obj_id 15428
2021-08-10T15:43:36+00:00 NOTICE member.sync :: valenv5@yandex.ru has signed up to a lot of lists very recently; we're not allowing more signups for now
2021-08-10T15:58:40+00:00 NOTICE action_scheduler.queue_job :: MailChimp_WooCommerce_Single_Order starts in 90 seconds :: obj_id 24111
2021-08-10T15:58:41+00:00 NOTICE debug :: Order ID 24111 was processing and is now completed :: Array
(
    [new_order] => 
    [tracking] => 
)

2021-08-10T15:58:50+00:00 NOTICE action_scheduler.queue_job :: MailChimp_WooCommerce_Single_Order starts in 90 seconds :: obj_id 24112
2021-08-10T15:58:51+00:00 NOTICE debug :: Order ID 24112 was processing and is now completed :: Array
(
    [new_order] => 
    [tracking] => 
)

2021-08-10T16:00:39+00:00 ERROR order_submit.error :: addStoreOrder :: #24112 :: Error Code 404 :: Resource Not Found :: The requested resource could not be found. on 1858 in /var/www/vhosts/warmwishesflorist.com/httpdocs/wp-content/plugins/mailchimp-for-woocommerce/includes/api/class-mailchimp-api.php
2021-08-10T16:00:42+00:00 ERROR order_submit.error :: addStoreOrder :: #24111 :: Error Code 404 :: Resource Not Found :: The requested resource could not be found. on 1858 in /var/www/vhosts/warmwishesflorist.com/httpdocs/wp-content/plugins/mailchimp-for-woocommerce/includes/api/class-mailchimp-api.php
2021-08-10T20:11:10+00:00 NOTICE action_scheduler.queue_job :: MailChimp_WooCommerce_User_Submit queued :: obj_id 15429
2021-08-10T20:12:11+00:00 NOTICE member.sync :: amadey33shcheglov@gmail.com has signed up to a lot of lists very recently; we're not allowing more signups for now
2021-08-10T22:00:07+00:00 NOTICE action_scheduler.queue_job :: MailChimp_WooCommerce_User_Submit queued :: obj_id 15430
2021-08-10T22:01:07+00:00 NOTICE member.sync :: ansdna.frkijin@yandex.com has signed up to a lot of lists very recently; we're not allowing more signups for now
2021-08-10T22:43:14+00:00 NOTICE action_scheduler.queue_job :: MailChimp_WooCommerce_User_Submit queued :: obj_id 15431
2021-08-10T22:43:36+00:00 NOTICE member.sync :: Subscribed Member amalialb2@hiraku4410.hideo82.sorataki.in.net :: Array
(
    [status_if_new] => 1
    [merge_fields] => Array
        (
        )

)

