2021-08-19T03:52:36+00:00 NOTICE action_scheduler.queue_job :: MailChimp_WooCommerce_User_Submit queued :: obj_id 15520
2021-08-19T03:53:39+00:00 NOTICE member.sync :: xbetigra@mailserp.com has signed up to a lot of lists very recently; we're not allowing more signups for now
2021-08-19T07:08:07+00:00 NOTICE action_scheduler.queue_job :: MailChimp_WooCommerce_User_Submit queued :: obj_id 15521
2021-08-19T07:09:28+00:00 NOTICE member.sync :: mksorbplg+adrfa9@gmail.com has signed up to a lot of lists very recently; we're not allowing more signups for now
2021-08-19T09:11:11+00:00 NOTICE action_scheduler.queue_job :: MailChimp_WooCommerce_User_Submit queued :: obj_id 15522
2021-08-19T09:11:32+00:00 NOTICE member.sync :: l.kondratev@a.avalins.com has signed up to a lot of lists very recently; we're not allowing more signups for now
2021-08-19T09:21:04+00:00 NOTICE action_scheduler.queue_job :: MailChimp_WooCommerce_User_Submit queued :: obj_id 15523
2021-08-19T09:21:49+00:00 NOTICE member.sync :: Subscribed Member bleedlo83@yandex.com :: Array
(
    [status_if_new] => 1
    [merge_fields] => Array
        (
        )

)

2021-08-19T09:27:12+00:00 NOTICE action_scheduler.queue_job :: MailChimp_WooCommerce_User_Submit queued :: obj_id 15524
2021-08-19T09:27:25+00:00 NOTICE member.sync :: Subscribed Member deloreshp3@rokuro75.kiyoakari.xyz :: Array
(
    [status_if_new] => 1
    [merge_fields] => Array
        (
        )

)

2021-08-19T09:27:44+00:00 NOTICE action_scheduler.queue_job :: MailChimp_WooCommerce_Cart_Update queued :: obj_id 88353112ed54e6ec796502b56be1585a
2021-08-19T09:30:32+00:00 ERROR abandoned_cart.error :: email: brianhew@panaharrison.com.my :: attempting product update :: Resource Not Found :: The requested resource could not be found.
2021-08-19T09:30:33+00:00 NOTICE product_submit.error :: addStoreProduct :: #11603 :: Error Code 404 :: Resource Not Found :: The requested resource could not be found. on 1858 in /var/www/vhosts/warmwishesflorist.com/httpdocs/wp-content/plugins/mailchimp-for-woocommerce/includes/api/class-mailchimp-api.php
2021-08-19T09:30:33+00:00 ERROR abandoned_cart.error :: Error Code 404 :: Resource Not Found :: The requested resource could not be found. on 1858 in /var/www/vhosts/warmwishesflorist.com/httpdocs/wp-content/plugins/mailchimp-for-woocommerce/includes/api/class-mailchimp-api.php
2021-08-19T09:33:12+00:00 NOTICE action_scheduler.queue_job :: MailChimp_WooCommerce_Cart_Update queued :: obj_id 88353112ed54e6ec796502b56be1585a
2021-08-19T09:33:14+00:00 ERROR abandoned_cart.error :: email: brianhew@panaharrison.com.my :: attempting product update :: Resource Not Found :: The requested resource could not be found.
2021-08-19T09:33:15+00:00 NOTICE product_submit.error :: addStoreProduct :: #11603 :: Error Code 404 :: Resource Not Found :: The requested resource could not be found. on 1858 in /var/www/vhosts/warmwishesflorist.com/httpdocs/wp-content/plugins/mailchimp-for-woocommerce/includes/api/class-mailchimp-api.php
2021-08-19T09:33:15+00:00 ERROR abandoned_cart.error :: Error Code 404 :: Resource Not Found :: The requested resource could not be found. on 1858 in /var/www/vhosts/warmwishesflorist.com/httpdocs/wp-content/plugins/mailchimp-for-woocommerce/includes/api/class-mailchimp-api.php
2021-08-19T10:08:26+00:00 NOTICE action_scheduler.queue_job :: MailChimp_WooCommerce_Single_Order starts in 90 seconds :: obj_id 24121
2021-08-19T10:10:46+00:00 NOTICE order_sumbit :: #24121 has a financial status of pending and was skipped.
2021-08-19T10:11:00+00:00 NOTICE action_scheduler.queue_job :: MailChimp_WooCommerce_Single_Order starts in 90 seconds :: obj_id 24121
2021-08-19T10:11:02+00:00 NOTICE debug :: Order ID 24121 was pending and is now processing :: Array
(
    [new_order] => 1
    [tracking] => Array
        (
            [campaign_id] => 
            [landing_site] => https://warmwishesflorist.com/?wc-api=WC_Molpay_Gateway
        )

)

2021-08-19T10:25:09+00:00 ERROR order_submit.error :: addStoreOrder :: #24121 :: Error Code 404 :: Resource Not Found :: The requested resource could not be found. on 1858 in /var/www/vhosts/warmwishesflorist.com/httpdocs/wp-content/plugins/mailchimp-for-woocommerce/includes/api/class-mailchimp-api.php
2021-08-19T10:56:55+00:00 NOTICE action_scheduler.queue_job :: MailChimp_WooCommerce_Cart_Update queued :: obj_id 88353112ed54e6ec796502b56be1585a
2021-08-19T10:59:48+00:00 ERROR abandoned_cart.error :: email: brianhew@panaharrison.com.my :: attempting product update :: Resource Not Found :: The requested resource could not be found.
2021-08-19T10:59:50+00:00 NOTICE product_submit.error :: addStoreProduct :: #23929 :: Error Code 404 :: Resource Not Found :: The requested resource could not be found. on 1858 in /var/www/vhosts/warmwishesflorist.com/httpdocs/wp-content/plugins/mailchimp-for-woocommerce/includes/api/class-mailchimp-api.php
2021-08-19T10:59:50+00:00 ERROR abandoned_cart.error :: Error Code 404 :: Resource Not Found :: The requested resource could not be found. on 1858 in /var/www/vhosts/warmwishesflorist.com/httpdocs/wp-content/plugins/mailchimp-for-woocommerce/includes/api/class-mailchimp-api.php
2021-08-19T11:00:42+00:00 NOTICE action_scheduler.queue_job :: MailChimp_WooCommerce_Single_Order starts in 90 seconds :: obj_id 24122
2021-08-19T11:03:00+00:00 NOTICE debug :: Order ID 24122 was pending and is now processing :: Array
(
    [new_order] => 1
    [tracking] => Array
        (
            [campaign_id] => 
            [landing_site] => https://warmwishesflorist.com/?wc-api=WC_Molpay_Gateway
        )

)

2021-08-19T11:04:36+00:00 ERROR order_submit.error :: addStoreOrder :: #24122 :: Error Code 404 :: Resource Not Found :: The requested resource could not be found. on 1858 in /var/www/vhosts/warmwishesflorist.com/httpdocs/wp-content/plugins/mailchimp-for-woocommerce/includes/api/class-mailchimp-api.php
2021-08-19T21:09:12+00:00 NOTICE action_scheduler.queue_job :: MailChimp_WooCommerce_User_Submit queued :: obj_id 15526
2021-08-19T21:09:40+00:00 NOTICE member.sync :: s.aee.d.ha.ss.an001.a@gmail.com has signed up to a lot of lists very recently; we're not allowing more signups for now
