2021-08-14T00:50:35+00:00 NOTICE action_scheduler.queue_job :: MailChimp_WooCommerce_User_Submit queued :: obj_id 15475
2021-08-14T00:50:45+00:00 NOTICE member.sync :: przeprowayui42@gmail.com has signed up to a lot of lists very recently; we're not allowing more signups for now
2021-08-14T01:05:56+00:00 NOTICE action_scheduler.queue_job :: MailChimp_WooCommerce_User_Submit queued :: obj_id 15476
2021-08-14T01:06:44+00:00 NOTICE member.sync :: pobfukdagiu@gmail.com has signed up to a lot of lists very recently; we're not allowing more signups for now
2021-08-14T02:27:00+00:00 NOTICE action_scheduler.queue_job :: MailChimp_WooCommerce_Single_Order starts in 90 seconds :: obj_id 24117
2021-08-14T02:27:02+00:00 NOTICE debug :: Order ID 24117 was processing and is now completed :: Array
(
    [new_order] => 
    [tracking] => 
)

2021-08-14T02:27:17+00:00 NOTICE action_scheduler.queue_job :: MailChimp_WooCommerce_Single_Order starts in 90 seconds :: obj_id 24118
2021-08-14T02:27:18+00:00 NOTICE debug :: Order ID 24118 was processing and is now completed :: Array
(
    [new_order] => 
    [tracking] => 
)

2021-08-14T02:28:56+00:00 ERROR order_submit.error :: addStoreOrder :: #24117 :: Error Code 404 :: Resource Not Found :: The requested resource could not be found. on 1858 in /var/www/vhosts/warmwishesflorist.com/httpdocs/wp-content/plugins/mailchimp-for-woocommerce/includes/api/class-mailchimp-api.php
2021-08-14T02:28:58+00:00 ERROR order_submit.error :: addStoreOrder :: #24118 :: Error Code 404 :: Resource Not Found :: The requested resource could not be found. on 1858 in /var/www/vhosts/warmwishesflorist.com/httpdocs/wp-content/plugins/mailchimp-for-woocommerce/includes/api/class-mailchimp-api.php
2021-08-14T03:04:09+00:00 NOTICE action_scheduler.queue_job :: MailChimp_WooCommerce_User_Submit queued :: obj_id 15477
2021-08-14T03:04:55+00:00 NOTICE member.sync :: ar.if.s.a.ad.0.0.1a@gmail.com has signed up to a lot of lists very recently; we're not allowing more signups for now
2021-08-14T08:11:09+00:00 NOTICE action_scheduler.queue_job :: MailChimp_WooCommerce_User_Submit queued :: obj_id 15478
2021-08-14T08:12:56+00:00 NOTICE member.sync :: Subscribed Member igorzhukovskya@gmail.com :: Array
(
    [status_if_new] => 1
    [merge_fields] => Array
        (
        )

)

2021-08-14T10:21:05+00:00 NOTICE action_scheduler.queue_job :: MailChimp_WooCommerce_User_Submit queued :: obj_id 15479
2021-08-14T10:21:44+00:00 NOTICE member.sync :: Subscribed Member zhanna.smirnova898@gmail.com :: Array
(
    [status_if_new] => 1
    [merge_fields] => Array
        (
        )

)

2021-08-14T12:00:51+00:00 NOTICE action_scheduler.queue_job :: MailChimp_WooCommerce_User_Submit queued :: obj_id 15480
2021-08-14T12:00:52+00:00 NOTICE action_scheduler.queue_job :: MailChimp_WooCommerce_User_Submit queued :: obj_id 15481
2021-08-14T12:00:53+00:00 NOTICE action_scheduler.queue_job :: MailChimp_WooCommerce_User_Submit queued :: obj_id 15482
2021-08-14T12:01:44+00:00 NOTICE member.sync :: jasha_ankudinov_1990@rambler.ru has signed up to a lot of lists very recently; we're not allowing more signups for now
2021-08-14T12:01:45+00:00 NOTICE member.sync :: ludis_chernakov_1988@rambler.ru has signed up to a lot of lists very recently; we're not allowing more signups for now
2021-08-14T12:01:46+00:00 NOTICE member.sync :: zenaida_shchyotkin_1982@rambler.ru has signed up to a lot of lists very recently; we're not allowing more signups for now
2021-08-14T13:18:22+00:00 NOTICE product.delete_fail :: Unable to deleted product 3233
2021-08-14T18:00:29+00:00 NOTICE action_scheduler.queue_job :: MailChimp_WooCommerce_User_Submit queued :: obj_id 15483
2021-08-14T18:00:38+00:00 NOTICE member.sync :: Subscribed Member timdm20@hiraku4410.hideo82.sorataki.in.net :: Array
(
    [status_if_new] => 1
    [merge_fields] => Array
        (
        )

)

2021-08-14T19:27:24+00:00 NOTICE action_scheduler.queue_job :: MailChimp_WooCommerce_User_Submit queued :: obj_id 15484
2021-08-14T19:27:46+00:00 NOTICE member.sync :: klement61anokhin@gmail.com has signed up to a lot of lists very recently; we're not allowing more signups for now
