2021-08-29T02:37:10+00:00 NOTICE action_scheduler.queue_job :: MailChimp_WooCommerce_User_Submit queued :: obj_id 15724
2021-08-29T02:38:11+00:00 NOTICE member.sync :: sgdfgsgsdfg@gmail.com has signed up to a lot of lists very recently; we're not allowing more signups for now
2021-08-29T02:48:40+00:00 NOTICE action_scheduler.queue_job :: MailChimp_WooCommerce_Single_Order starts in 90 seconds :: obj_id 24138
2021-08-29T02:48:41+00:00 NOTICE debug :: Order ID 24138 was processing and is now completed :: Array
(
    [new_order] => 
    [tracking] => 
)

2021-08-29T02:50:42+00:00 ERROR order_submit.error :: addStoreOrder :: #24138 :: Error Code 404 :: Resource Not Found :: The requested resource could not be found. on 1858 in /var/www/vhosts/warmwishesflorist.com/httpdocs/wp-content/plugins/mailchimp-for-woocommerce/includes/api/class-mailchimp-api.php
2021-08-29T04:13:24+00:00 NOTICE action_scheduler.queue_job :: MailChimp_WooCommerce_User_Submit queued :: obj_id 15725
2021-08-29T04:13:33+00:00 NOTICE member.sync :: Subscribed Member kristinarx4@rokuro75.kiyoakari.xyz :: Array
(
    [status_if_new] => 1
    [merge_fields] => Array
        (
        )

)

2021-08-29T04:20:44+00:00 NOTICE action_scheduler.queue_job :: MailChimp_WooCommerce_User_Submit queued :: obj_id 15726
2021-08-29T04:21:01+00:00 NOTICE action_scheduler.queue_job :: MailChimp_WooCommerce_User_Submit queued :: obj_id 15727
2021-08-29T04:21:47+00:00 NOTICE member.sync :: andrej_urbanovsky_1973@rambler.ru has signed up to a lot of lists very recently; we're not allowing more signups for now
2021-08-29T04:21:48+00:00 NOTICE member.sync :: damyon_sudlenkov_1995@rambler.ru has signed up to a lot of lists very recently; we're not allowing more signups for now
2021-08-29T04:30:18+00:00 NOTICE action_scheduler.queue_job :: MailChimp_WooCommerce_User_Submit queued :: obj_id 15728
2021-08-29T04:30:38+00:00 NOTICE member.sync :: sozdandonsayt@seoray.site has signed up to a lot of lists very recently; we're not allowing more signups for now
2021-08-29T07:25:49+00:00 NOTICE action_scheduler.queue_job :: MailChimp_WooCommerce_Cart_Update queued :: obj_id 441339d920f258cba4bdcdbe0e23db2f
2021-08-29T07:25:50+00:00 ERROR abandoned_cart.error :: email: ocshunz@gmail.com :: attempting product update :: Resource Not Found :: The requested resource could not be found.
2021-08-29T07:25:51+00:00 NOTICE product_submit.error :: addStoreProduct :: #21973 :: Error Code 404 :: Resource Not Found :: The requested resource could not be found. on 1858 in /var/www/vhosts/warmwishesflorist.com/httpdocs/wp-content/plugins/mailchimp-for-woocommerce/includes/api/class-mailchimp-api.php
2021-08-29T07:25:51+00:00 ERROR abandoned_cart.error :: Error Code 404 :: Resource Not Found :: The requested resource could not be found. on 1858 in /var/www/vhosts/warmwishesflorist.com/httpdocs/wp-content/plugins/mailchimp-for-woocommerce/includes/api/class-mailchimp-api.php
2021-08-29T07:31:25+00:00 NOTICE action_scheduler.queue_job :: MailChimp_WooCommerce_User_Submit queued :: obj_id 15729
2021-08-29T07:31:33+00:00 NOTICE member.sync :: Subscribed Member wasulameyv@gmail.com :: Array
(
    [status_if_new] => 1
    [merge_fields] => Array
        (
        )

)

2021-08-29T07:31:49+00:00 NOTICE action_scheduler.queue_job :: MailChimp_WooCommerce_Single_Order starts in 90 seconds :: obj_id 24139
2021-08-29T07:33:32+00:00 NOTICE order_sumbit :: #24139 has a financial status of pending and was skipped.
2021-08-29T07:33:51+00:00 NOTICE action_scheduler.queue_job :: MailChimp_WooCommerce_Single_Order starts in 90 seconds :: obj_id 24140
2021-08-29T07:34:59+00:00 NOTICE debug :: Order ID 24140 was pending and is now processing :: Array
(
    [new_order] => 1
    [tracking] => Array
        (
            [campaign_id] => 
            [landing_site] => https://warmwishesflorist.com/?wc-api=WC_Molpay_Gateway
        )

)

2021-08-29T07:37:19+00:00 ERROR order_submit.error :: addStoreOrder :: #24140 :: Error Code 404 :: Resource Not Found :: The requested resource could not be found. on 1858 in /var/www/vhosts/warmwishesflorist.com/httpdocs/wp-content/plugins/mailchimp-for-woocommerce/includes/api/class-mailchimp-api.php
2021-08-29T09:20:01+00:00 NOTICE action_scheduler.queue_job :: MailChimp_WooCommerce_Cart_Update queued :: obj_id 410ecf46464daaea9f1c53dbda57714f
2021-08-29T09:20:04+00:00 ERROR abandoned_cart.error :: email: jolene.waifen@gmail.com :: attempting product update :: Resource Not Found :: The requested resource could not be found.
2021-08-29T09:20:05+00:00 NOTICE product_submit.error :: addStoreProduct :: #23186 :: Error Code 404 :: Resource Not Found :: The requested resource could not be found. on 1858 in /var/www/vhosts/warmwishesflorist.com/httpdocs/wp-content/plugins/mailchimp-for-woocommerce/includes/api/class-mailchimp-api.php
2021-08-29T09:20:05+00:00 ERROR abandoned_cart.error :: Error Code 404 :: Resource Not Found :: The requested resource could not be found. on 1858 in /var/www/vhosts/warmwishesflorist.com/httpdocs/wp-content/plugins/mailchimp-for-woocommerce/includes/api/class-mailchimp-api.php
2021-08-29T09:20:37+00:00 NOTICE action_scheduler.queue_job :: MailChimp_WooCommerce_Cart_Update queued :: obj_id 410ecf46464daaea9f1c53dbda57714f
2021-08-29T09:21:20+00:00 ERROR abandoned_cart.error :: email: jolene.waifen@gmail.com :: attempting product update :: Resource Not Found :: The requested resource could not be found.
2021-08-29T09:21:20+00:00 NOTICE product_submit.error :: addStoreProduct :: #23186 :: Error Code 404 :: Resource Not Found :: The requested resource could not be found. on 1858 in /var/www/vhosts/warmwishesflorist.com/httpdocs/wp-content/plugins/mailchimp-for-woocommerce/includes/api/class-mailchimp-api.php
2021-08-29T09:21:20+00:00 ERROR abandoned_cart.error :: Error Code 404 :: Resource Not Found :: The requested resource could not be found. on 1858 in /var/www/vhosts/warmwishesflorist.com/httpdocs/wp-content/plugins/mailchimp-for-woocommerce/includes/api/class-mailchimp-api.php
2021-08-29T10:33:58+00:00 NOTICE action_scheduler.queue_job :: MailChimp_WooCommerce_User_Submit queued :: obj_id 15730
2021-08-29T10:33:59+00:00 NOTICE action_scheduler.queue_job :: MailChimp_WooCommerce_Cart_Update queued :: obj_id 4ef2e552ec0f5b709a5cb10e67f903b3
2021-08-29T10:34:01+00:00 NOTICE member.sync :: wesleychen97@hotnail.com looks fake or invalid, please enter a real email address.
2021-08-29T10:34:02+00:00 ERROR abandoned_cart.error :: email: wesleychen97@hotnail.com :: attempting product update :: Resource Not Found :: The requested resource could not be found.
2021-08-29T10:34:03+00:00 NOTICE product_submit.error :: addStoreProduct :: #21659 :: Error Code 404 :: Resource Not Found :: The requested resource could not be found. on 1858 in /var/www/vhosts/warmwishesflorist.com/httpdocs/wp-content/plugins/mailchimp-for-woocommerce/includes/api/class-mailchimp-api.php
2021-08-29T10:34:03+00:00 ERROR abandoned_cart.error :: Error Code 404 :: Resource Not Found :: The requested resource could not be found. on 1858 in /var/www/vhosts/warmwishesflorist.com/httpdocs/wp-content/plugins/mailchimp-for-woocommerce/includes/api/class-mailchimp-api.php
2021-08-29T11:06:07+00:00 NOTICE action_scheduler.queue_job :: MailChimp_WooCommerce_Cart_Update queued :: obj_id 4ef2e552ec0f5b709a5cb10e67f903b3
2021-08-29T11:06:34+00:00 ERROR abandoned_cart.error :: email: wesleychen97@hotnail.com :: attempting product update :: Resource Not Found :: The requested resource could not be found.
2021-08-29T11:06:36+00:00 NOTICE product_submit.error :: addStoreProduct :: #21659 :: Error Code 404 :: Resource Not Found :: The requested resource could not be found. on 1858 in /var/www/vhosts/warmwishesflorist.com/httpdocs/wp-content/plugins/mailchimp-for-woocommerce/includes/api/class-mailchimp-api.php
2021-08-29T11:06:36+00:00 ERROR abandoned_cart.error :: Error Code 404 :: Resource Not Found :: The requested resource could not be found. on 1858 in /var/www/vhosts/warmwishesflorist.com/httpdocs/wp-content/plugins/mailchimp-for-woocommerce/includes/api/class-mailchimp-api.php
2021-08-29T11:13:26+00:00 NOTICE action_scheduler.queue_job :: MailChimp_WooCommerce_User_Submit queued :: obj_id 15730
2021-08-29T11:13:27+00:00 NOTICE action_scheduler.queue_job :: MailChimp_WooCommerce_Single_Order starts in 90 seconds :: obj_id 24141
2021-08-29T11:13:40+00:00 NOTICE member.sync :: wesleychen97@hotnail.com looks fake or invalid, please enter a real email address.
2021-08-29T11:16:17+00:00 NOTICE debug :: Order ID 24141 was pending and is now processing :: Array
(
    [new_order] => 1
    [tracking] => Array
        (
            [campaign_id] => 
            [landing_site] => https://warmwishesflorist.com/?wc-api=WC_Molpay_Gateway
        )

)

2021-08-29T11:16:17+00:00 NOTICE action_scheduler.queue_job :: MailChimp_WooCommerce_User_Submit queued :: obj_id 15730
2021-08-29T11:17:00+00:00 NOTICE member.sync :: wesleychen97@hotnail.com looks fake or invalid, please enter a real email address.
2021-08-29T11:18:17+00:00 ERROR order_submit.error :: addStoreOrder :: #24141 :: Error Code 404 :: Resource Not Found :: The requested resource could not be found. on 1858 in /var/www/vhosts/warmwishesflorist.com/httpdocs/wp-content/plugins/mailchimp-for-woocommerce/includes/api/class-mailchimp-api.php
2021-08-29T11:51:00+00:00 NOTICE action_scheduler.queue_job :: MailChimp_WooCommerce_Single_Order starts in 90 seconds :: obj_id 24140
2021-08-29T11:51:01+00:00 NOTICE debug :: Order ID 24140 was processing and is now completed :: Array
(
    [new_order] => 
    [tracking] => 
)

2021-08-29T11:51:10+00:00 NOTICE action_scheduler.queue_job :: MailChimp_WooCommerce_Single_Order starts in 90 seconds :: obj_id 24141
2021-08-29T11:51:10+00:00 NOTICE debug :: Order ID 24141 was processing and is now completed :: Array
(
    [new_order] => 
    [tracking] => 
)

2021-08-29T11:52:54+00:00 ERROR order_submit.error :: addStoreOrder :: #24141 :: Error Code 404 :: Resource Not Found :: The requested resource could not be found. on 1858 in /var/www/vhosts/warmwishesflorist.com/httpdocs/wp-content/plugins/mailchimp-for-woocommerce/includes/api/class-mailchimp-api.php
2021-08-29T11:52:56+00:00 ERROR order_submit.error :: addStoreOrder :: #24140 :: Error Code 404 :: Resource Not Found :: The requested resource could not be found. on 1858 in /var/www/vhosts/warmwishesflorist.com/httpdocs/wp-content/plugins/mailchimp-for-woocommerce/includes/api/class-mailchimp-api.php
2021-08-29T15:21:37+00:00 NOTICE action_scheduler.queue_job :: MailChimp_WooCommerce_User_Submit queued :: obj_id 15731
2021-08-29T15:22:46+00:00 NOTICE member.sync :: mp2602478@gmail.com has signed up to a lot of lists very recently; we're not allowing more signups for now
2021-08-29T15:55:46+00:00 NOTICE action_scheduler.queue_job :: MailChimp_WooCommerce_User_Submit queued :: obj_id 15732
2021-08-29T15:56:52+00:00 NOTICE member.sync :: vacevicana@gmail.com has signed up to a lot of lists very recently; we're not allowing more signups for now
2021-08-29T16:18:36+00:00 NOTICE action_scheduler.queue_job :: MailChimp_WooCommerce_User_Submit queued :: obj_id 15733
2021-08-29T16:19:41+00:00 NOTICE member.sync :: btikorgnov@gmail.com has signed up to a lot of lists very recently; we're not allowing more signups for now
2021-08-29T20:53:31+00:00 NOTICE action_scheduler.queue_job :: MailChimp_WooCommerce_User_Submit queued :: obj_id 15734
2021-08-29T20:53:33+00:00 NOTICE action_scheduler.queue_job :: MailChimp_WooCommerce_Cart_Update queued :: obj_id 585c18f3f7644c0f5eef268e48caf7bc
2021-08-29T20:53:33+00:00 NOTICE member.sync :: Subscribed Member Gervientan.1004@gmail.com :: Array
(
    [status_if_new] => 1
    [merge_fields] => Array
        (
        )

)

2021-08-29T20:53:34+00:00 ERROR abandoned_cart.error :: email: gervientan.1004@gmail.com :: attempting product update :: Resource Not Found :: The requested resource could not be found.
2021-08-29T20:53:35+00:00 NOTICE product_submit.error :: addStoreProduct :: #23767 :: Error Code 404 :: Resource Not Found :: The requested resource could not be found. on 1858 in /var/www/vhosts/warmwishesflorist.com/httpdocs/wp-content/plugins/mailchimp-for-woocommerce/includes/api/class-mailchimp-api.php
2021-08-29T20:53:35+00:00 ERROR abandoned_cart.error :: Error Code 404 :: Resource Not Found :: The requested resource could not be found. on 1858 in /var/www/vhosts/warmwishesflorist.com/httpdocs/wp-content/plugins/mailchimp-for-woocommerce/includes/api/class-mailchimp-api.php
2021-08-29T20:53:47+00:00 NOTICE action_scheduler.queue_job :: MailChimp_WooCommerce_Cart_Update queued :: obj_id 585c18f3f7644c0f5eef268e48caf7bc
2021-08-29T20:54:05+00:00 NOTICE action_scheduler.queue_job :: MailChimp_WooCommerce_User_Submit queued :: obj_id 15734
2021-08-29T20:54:32+00:00 ERROR abandoned_cart.error :: email: gervientan.1004@gmail.com :: attempting product update :: Resource Not Found :: The requested resource could not be found.
2021-08-29T20:54:32+00:00 NOTICE product_submit.error :: addStoreProduct :: #23767 :: Error Code 404 :: Resource Not Found :: The requested resource could not be found. on 1858 in /var/www/vhosts/warmwishesflorist.com/httpdocs/wp-content/plugins/mailchimp-for-woocommerce/includes/api/class-mailchimp-api.php
2021-08-29T20:54:32+00:00 ERROR abandoned_cart.error :: Error Code 404 :: Resource Not Found :: The requested resource could not be found. on 1858 in /var/www/vhosts/warmwishesflorist.com/httpdocs/wp-content/plugins/mailchimp-for-woocommerce/includes/api/class-mailchimp-api.php
2021-08-29T20:54:34+00:00 NOTICE member.sync :: Updated Member Gervientan.1004@gmail.com ( merge fields only ) :: Array
(
    [merge_fields] => Array
        (
        )

)

2021-08-29T23:05:45+00:00 NOTICE action_scheduler.queue_job :: MailChimp_WooCommerce_User_Submit queued :: obj_id 15735
2021-08-29T23:07:29+00:00 NOTICE member.sync :: Subscribed Member alandt3@rokuro75.kiyoakari.xyz :: Array
(
    [status_if_new] => 1
    [merge_fields] => Array
        (
        )

)

