2021-01-28T03:47:16+00:00 NOTICE action_scheduler.queue_job :: MailChimp_WooCommerce_User_Submit queued :: obj_id 11117
2021-01-28T03:47:21+00:00 NOTICE action_scheduler.queue_job :: MailChimp_WooCommerce_User_Submit queued :: obj_id 11118
2021-01-28T03:56:45+00:00 NOTICE member.sync :: m.dzhonson@jodas.enersets.com has signed up to a lot of lists very recently; we're not allowing more signups for now
2021-01-28T03:56:46+00:00 NOTICE member.sync :: p.grigorin@denis.enersets.com has signed up to a lot of lists very recently; we're not allowing more signups for now
2021-01-28T04:07:15+00:00 NOTICE action_scheduler.queue_job :: MailChimp_WooCommerce_Single_Order starts in 90 seconds :: obj_id 23113
2021-01-28T04:07:16+00:00 NOTICE debug :: Order ID 23113 was processing and is now completed :: Array
(
    [new_order] => 
    [tracking] => 
)

2021-01-28T04:07:22+00:00 NOTICE action_scheduler.queue_job :: MailChimp_WooCommerce_Single_Order starts in 90 seconds :: obj_id 23071
2021-01-28T04:07:24+00:00 NOTICE debug :: Order ID 23071 was processing and is now completed :: Array
(
    [new_order] => 
    [tracking] => 
)

2021-01-28T04:31:08+00:00 NOTICE order.member.updated :: Updated charlesncc@jhu.edu subscriber status to transactional and language to 
2021-01-28T04:31:08+00:00 NOTICE order_submit.success :: updateStoreOrder :: #23071 :: email: charlesncc@jhu.edu
2021-01-28T04:31:12+00:00 NOTICE order.member.updated :: Updated jacy.d.life@gmail.com subscriber status to subscribed and language to 
2021-01-28T04:31:12+00:00 NOTICE order_submit.success :: updateStoreOrder :: #23113 :: email: jacy.d.life@gmail.com
2021-01-28T04:38:13+00:00 NOTICE action_scheduler.queue_job :: MailChimp_WooCommerce_Single_Product starts in 5 seconds :: obj_id 23116
2021-01-28T04:38:21+00:00 NOTICE action_scheduler.queue_job :: MailChimp_WooCommerce_Single_Product starts in 5 seconds :: obj_id 23106
2021-01-28T04:38:23+00:00 NOTICE product_submit.success :: updateStoreProduct :: #23116
2021-01-28T04:38:29+00:00 NOTICE product_submit.success :: updateStoreProduct :: #23106
2021-01-28T04:43:10+00:00 NOTICE action_scheduler.queue_job :: MailChimp_WooCommerce_Single_Product starts in 5 seconds :: obj_id 23116
2021-01-28T04:43:50+00:00 NOTICE product_submit.success :: updateStoreProduct :: #23116
2021-01-28T05:52:03+00:00 NOTICE action_scheduler.queue_job :: MailChimp_WooCommerce_User_Submit queued :: obj_id 11119
2021-01-28T05:57:10+00:00 NOTICE member.sync :: Subscribed Member free-centre@rcnika.biz.ua :: Array
(
    [status_if_new] => 1
    [merge_fields] => Array
        (
        )

)

2021-01-28T08:17:23+00:00 NOTICE action_scheduler.queue_job :: MailChimp_WooCommerce_User_Submit queued :: obj_id 4
2021-01-28T08:19:30+00:00 NOTICE member.sync :: Updated Member warmwishesflorist@gmail.com ( merge fields only ) :: Array
(
    [merge_fields] => Array
        (
            [FNAME] => Grab
            [LNAME] => Ho
        )

)

2021-01-28T23:50:55+00:00 NOTICE action_scheduler.queue_job :: MailChimp_WooCommerce_Single_Product starts in 5 seconds :: obj_id 23138
2021-01-28T23:52:00+00:00 NOTICE product_submit.success :: addStoreProduct :: #23138
2021-01-28T23:54:32+00:00 NOTICE action_scheduler.queue_job :: MailChimp_WooCommerce_Single_Product starts in 5 seconds :: obj_id 23138
2021-01-28T23:55:06+00:00 NOTICE product_submit.success :: updateStoreProduct :: #23138
