2021-08-12T01:23:52+00:00 NOTICE action_scheduler.queue_job :: MailChimp_WooCommerce_User_Submit queued :: obj_id 15440
2021-08-12T01:24:41+00:00 NOTICE member.sync :: Subscribed Member t.i.bedau.x.a@gmail.com :: Array
(
    [status_if_new] => 1
    [merge_fields] => Array
        (
        )

)

2021-08-12T01:55:19+00:00 NOTICE action_scheduler.queue_job :: MailChimp_WooCommerce_User_Submit queued :: obj_id 15441
2021-08-12T01:55:50+00:00 NOTICE member.sync :: zasplav@mail.ru has signed up to a lot of lists very recently; we're not allowing more signups for now
2021-08-12T02:50:26+00:00 NOTICE action_scheduler.queue_job :: MailChimp_WooCommerce_Cart_Update queued :: obj_id 88a2e1ec6108796afb8b2f951434945f
2021-08-12T02:50:34+00:00 ERROR abandoned_cart.error :: email: w3iloon_91@hotmail.com :: attempting product update :: Resource Not Found :: The requested resource could not be found.
2021-08-12T02:50:36+00:00 NOTICE product_submit.error :: addStoreProduct :: #23210 :: Error Code 404 :: Resource Not Found :: The requested resource could not be found. on 1858 in /var/www/vhosts/warmwishesflorist.com/httpdocs/wp-content/plugins/mailchimp-for-woocommerce/includes/api/class-mailchimp-api.php
2021-08-12T02:50:36+00:00 ERROR abandoned_cart.error :: Error Code 404 :: Resource Not Found :: The requested resource could not be found. on 1858 in /var/www/vhosts/warmwishesflorist.com/httpdocs/wp-content/plugins/mailchimp-for-woocommerce/includes/api/class-mailchimp-api.php
2021-08-12T02:50:39+00:00 NOTICE action_scheduler.queue_job :: MailChimp_WooCommerce_Cart_Update queued :: obj_id 88a2e1ec6108796afb8b2f951434945f
2021-08-12T02:50:43+00:00 ERROR abandoned_cart.error :: email: w3iloon_91@hotmail.com :: attempting product update :: Resource Not Found :: The requested resource could not be found.
2021-08-12T02:50:45+00:00 NOTICE product_submit.error :: addStoreProduct :: #23210 :: Error Code 404 :: Resource Not Found :: The requested resource could not be found. on 1858 in /var/www/vhosts/warmwishesflorist.com/httpdocs/wp-content/plugins/mailchimp-for-woocommerce/includes/api/class-mailchimp-api.php
2021-08-12T02:50:45+00:00 ERROR abandoned_cart.error :: Error Code 404 :: Resource Not Found :: The requested resource could not be found. on 1858 in /var/www/vhosts/warmwishesflorist.com/httpdocs/wp-content/plugins/mailchimp-for-woocommerce/includes/api/class-mailchimp-api.php
2021-08-12T02:57:12+00:00 NOTICE action_scheduler.queue_job :: MailChimp_WooCommerce_User_Submit queued :: obj_id 15407
2021-08-12T02:57:13+00:00 NOTICE action_scheduler.queue_job :: MailChimp_WooCommerce_Single_Order starts in 90 seconds :: obj_id 24113
2021-08-12T02:57:15+00:00 NOTICE member.sync :: Updated Member w3iloon_91@hotmail.com ( merge fields only ) :: Array
(
    [merge_fields] => Array
        (
            [FNAME] => Rick kow
        )

)

2021-08-12T02:58:40+00:00 NOTICE debug :: Order ID 24113 was pending and is now processing :: Array
(
    [new_order] => 1
    [tracking] => Array
        (
            [campaign_id] => 
            [landing_site] => https://warmwishesflorist.com/?wc-api=WC_Molpay_Gateway
        )

)

2021-08-12T02:58:40+00:00 NOTICE action_scheduler.queue_job :: MailChimp_WooCommerce_User_Submit queued :: obj_id 15407
2021-08-12T03:00:10+00:00 NOTICE member.sync :: Updated Member w3iloon_91@hotmail.com ( merge fields only ) :: Array
(
    [merge_fields] => Array
        (
            [FNAME] => Rick kow
        )

)

2021-08-12T03:00:13+00:00 ERROR order_submit.error :: addStoreOrder :: #24113 :: Error Code 404 :: Resource Not Found :: The requested resource could not be found. on 1858 in /var/www/vhosts/warmwishesflorist.com/httpdocs/wp-content/plugins/mailchimp-for-woocommerce/includes/api/class-mailchimp-api.php
2021-08-12T03:22:48+00:00 NOTICE action_scheduler.queue_job :: MailChimp_WooCommerce_User_Submit queued :: obj_id 15442
2021-08-12T03:23:04+00:00 NOTICE action_scheduler.queue_job :: MailChimp_WooCommerce_User_Submit queued :: obj_id 15443
2021-08-12T03:23:52+00:00 NOTICE member.sync :: garold_tsyyukov_1978@rambler.ru has signed up to a lot of lists very recently; we're not allowing more signups for now
2021-08-12T03:23:54+00:00 NOTICE member.sync :: evgen_shelyapin_1969@rambler.ru has signed up to a lot of lists very recently; we're not allowing more signups for now
2021-08-12T03:46:05+00:00 NOTICE action_scheduler.queue_job :: MailChimp_WooCommerce_User_Submit queued :: obj_id 15444
2021-08-12T03:46:51+00:00 NOTICE member.sync :: Subscribed Member pavel.kudriashov.9.8.1958@mail.ru :: Array
(
    [status_if_new] => 1
    [merge_fields] => Array
        (
        )

)

2021-08-12T04:21:27+00:00 NOTICE action_scheduler.queue_job :: MailChimp_WooCommerce_User_Submit queued :: obj_id 15445
2021-08-12T04:21:36+00:00 NOTICE member.sync :: Subscribed Member kira.dubinina.14.12.1966@mail.ru :: Array
(
    [status_if_new] => 1
    [merge_fields] => Array
        (
        )

)

2021-08-12T04:33:03+00:00 NOTICE action_scheduler.queue_job :: MailChimp_WooCommerce_Cart_Update queued :: obj_id 3f7528ef759cfb5f786ece1300298a0d
2021-08-12T04:33:44+00:00 ERROR abandoned_cart.error :: email: candyyen1215@gmail.com :: attempting product update :: Resource Not Found :: The requested resource could not be found.
2021-08-12T04:33:45+00:00 NOTICE product_submit.error :: addStoreProduct :: #23210 :: Error Code 404 :: Resource Not Found :: The requested resource could not be found. on 1858 in /var/www/vhosts/warmwishesflorist.com/httpdocs/wp-content/plugins/mailchimp-for-woocommerce/includes/api/class-mailchimp-api.php
2021-08-12T04:33:45+00:00 ERROR abandoned_cart.error :: Error Code 404 :: Resource Not Found :: The requested resource could not be found. on 1858 in /var/www/vhosts/warmwishesflorist.com/httpdocs/wp-content/plugins/mailchimp-for-woocommerce/includes/api/class-mailchimp-api.php
2021-08-12T04:44:34+00:00 NOTICE action_scheduler.queue_job :: MailChimp_WooCommerce_Cart_Update queued :: obj_id 3f7528ef759cfb5f786ece1300298a0d
2021-08-12T04:44:37+00:00 ERROR abandoned_cart.error :: email: candyyen1215@gmail.com :: attempting product update :: Resource Not Found :: The requested resource could not be found.
2021-08-12T04:44:38+00:00 NOTICE product_submit.error :: addStoreProduct :: #23210 :: Error Code 404 :: Resource Not Found :: The requested resource could not be found. on 1858 in /var/www/vhosts/warmwishesflorist.com/httpdocs/wp-content/plugins/mailchimp-for-woocommerce/includes/api/class-mailchimp-api.php
2021-08-12T04:44:38+00:00 ERROR abandoned_cart.error :: Error Code 404 :: Resource Not Found :: The requested resource could not be found. on 1858 in /var/www/vhosts/warmwishesflorist.com/httpdocs/wp-content/plugins/mailchimp-for-woocommerce/includes/api/class-mailchimp-api.php
2021-08-12T04:44:41+00:00 NOTICE action_scheduler.queue_job :: MailChimp_WooCommerce_Cart_Update queued :: obj_id 3f7528ef759cfb5f786ece1300298a0d
2021-08-12T04:44:43+00:00 ERROR abandoned_cart.error :: email: candyyen1215@gmail.com :: attempting product update :: Resource Not Found :: The requested resource could not be found.
2021-08-12T04:44:44+00:00 NOTICE product_submit.error :: addStoreProduct :: #23210 :: Error Code 404 :: Resource Not Found :: The requested resource could not be found. on 1858 in /var/www/vhosts/warmwishesflorist.com/httpdocs/wp-content/plugins/mailchimp-for-woocommerce/includes/api/class-mailchimp-api.php
2021-08-12T04:44:44+00:00 ERROR abandoned_cart.error :: Error Code 404 :: Resource Not Found :: The requested resource could not be found. on 1858 in /var/www/vhosts/warmwishesflorist.com/httpdocs/wp-content/plugins/mailchimp-for-woocommerce/includes/api/class-mailchimp-api.php
2021-08-12T04:44:50+00:00 NOTICE action_scheduler.queue_job :: MailChimp_WooCommerce_Cart_Update queued :: obj_id 3f7528ef759cfb5f786ece1300298a0d
2021-08-12T04:45:43+00:00 ERROR abandoned_cart.error :: email: candyyen1215@gmail.com :: attempting product update :: Resource Not Found :: The requested resource could not be found.
2021-08-12T04:45:44+00:00 NOTICE product_submit.error :: addStoreProduct :: #23210 :: Error Code 404 :: Resource Not Found :: The requested resource could not be found. on 1858 in /var/www/vhosts/warmwishesflorist.com/httpdocs/wp-content/plugins/mailchimp-for-woocommerce/includes/api/class-mailchimp-api.php
2021-08-12T04:45:44+00:00 ERROR abandoned_cart.error :: Error Code 404 :: Resource Not Found :: The requested resource could not be found. on 1858 in /var/www/vhosts/warmwishesflorist.com/httpdocs/wp-content/plugins/mailchimp-for-woocommerce/includes/api/class-mailchimp-api.php
2021-08-12T04:48:43+00:00 NOTICE action_scheduler.queue_job :: MailChimp_WooCommerce_Single_Order starts in 90 seconds :: obj_id 24114
2021-08-12T04:50:29+00:00 NOTICE order_sumbit :: #24114 has a financial status of pending and was skipped.
2021-08-12T04:51:03+00:00 NOTICE action_scheduler.queue_job :: MailChimp_WooCommerce_Single_Order starts in 90 seconds :: obj_id 24114
2021-08-12T04:51:05+00:00 NOTICE debug :: Order ID 24114 was pending and is now processing :: Array
(
    [new_order] => 1
    [tracking] => Array
        (
            [campaign_id] => 
            [landing_site] => https://warmwishesflorist.com/?wc-api=WC_Molpay_Gateway
        )

)

2021-08-12T04:52:46+00:00 ERROR order_submit.error :: addStoreOrder :: #24114 :: Error Code 404 :: Resource Not Found :: The requested resource could not be found. on 1858 in /var/www/vhosts/warmwishesflorist.com/httpdocs/wp-content/plugins/mailchimp-for-woocommerce/includes/api/class-mailchimp-api.php
2021-08-12T05:54:26+00:00 NOTICE action_scheduler.queue_job :: MailChimp_WooCommerce_User_Submit queued :: obj_id 15447
2021-08-12T05:54:32+00:00 NOTICE member.sync :: Subscribed Member temptest80301437@gmail.com :: Array
(
    [status_if_new] => 1
    [merge_fields] => Array
        (
        )

)

2021-08-12T08:15:07+00:00 NOTICE action_scheduler.queue_job :: MailChimp_WooCommerce_User_Submit queued :: obj_id 15448
2021-08-12T08:16:02+00:00 NOTICE member.sync :: Subscribed Member millicentfm6@hiraku4410.hideo82.sorataki.in.net :: Array
(
    [status_if_new] => 1
    [merge_fields] => Array
        (
        )

)

2021-08-12T08:22:45+00:00 NOTICE action_scheduler.queue_job :: MailChimp_WooCommerce_User_Submit queued :: obj_id 15449
2021-08-12T08:23:34+00:00 NOTICE member.sync :: zoia.alekseeva.5.5.1965@mail.ru has signed up to a lot of lists very recently; we're not allowing more signups for now
2021-08-12T08:31:32+00:00 NOTICE action_scheduler.queue_job :: MailChimp_WooCommerce_Single_Product starts in 5 seconds :: obj_id 22312
2021-08-12T08:33:19+00:00 NOTICE product_submit.error :: addStoreProduct :: #22312 :: Error Code 404 :: Resource Not Found :: The requested resource could not be found. on 1858 in /var/www/vhosts/warmwishesflorist.com/httpdocs/wp-content/plugins/mailchimp-for-woocommerce/includes/api/class-mailchimp-api.php
2021-08-12T09:26:27+00:00 NOTICE action_scheduler.queue_job :: MailChimp_WooCommerce_User_Submit queued :: obj_id 15450
2021-08-12T09:26:33+00:00 NOTICE member.sync :: mmilohina298@gmail.com has signed up to a lot of lists very recently; we're not allowing more signups for now
2021-08-12T09:46:41+00:00 NOTICE action_scheduler.queue_job :: MailChimp_WooCommerce_User_Submit queued :: obj_id 15451
2021-08-12T09:47:07+00:00 NOTICE member.sync :: astahovigor559@gmail.com has signed up to a lot of lists very recently; we're not allowing more signups for now
2021-08-12T09:47:31+00:00 NOTICE action_scheduler.queue_job :: MailChimp_WooCommerce_Single_Order starts in 90 seconds :: obj_id 24113
2021-08-12T09:47:33+00:00 NOTICE debug :: Order ID 24113 was processing and is now completed :: Array
(
    [new_order] => 
    [tracking] => 
)

2021-08-12T09:47:57+00:00 NOTICE action_scheduler.queue_job :: MailChimp_WooCommerce_Single_Order starts in 90 seconds :: obj_id 24114
2021-08-12T09:47:58+00:00 NOTICE debug :: Order ID 24114 was processing and is now completed :: Array
(
    [new_order] => 
    [tracking] => 
)

2021-08-12T09:49:10+00:00 ERROR order_submit.error :: addStoreOrder :: #24113 :: Error Code 404 :: Resource Not Found :: The requested resource could not be found. on 1858 in /var/www/vhosts/warmwishesflorist.com/httpdocs/wp-content/plugins/mailchimp-for-woocommerce/includes/api/class-mailchimp-api.php
2021-08-12T09:50:57+00:00 ERROR order_submit.error :: addStoreOrder :: #24114 :: Error Code 404 :: Resource Not Found :: The requested resource could not be found. on 1858 in /var/www/vhosts/warmwishesflorist.com/httpdocs/wp-content/plugins/mailchimp-for-woocommerce/includes/api/class-mailchimp-api.php
2021-08-12T09:53:04+00:00 NOTICE action_scheduler.queue_job :: MailChimp_WooCommerce_User_Submit queued :: obj_id 15452
2021-08-12T09:54:17+00:00 NOTICE member.sync :: holodkovamaja712@gmail.com has signed up to a lot of lists very recently; we're not allowing more signups for now
2021-08-12T10:36:28+00:00 NOTICE action_scheduler.queue_job :: MailChimp_WooCommerce_Cart_Update queued :: obj_id 60613f9a7f3da736300f6bc1f0349aa4
2021-08-12T10:36:30+00:00 ERROR abandoned_cart.error :: email: chalene8043@gmail.com :: attempting product update :: Resource Not Found :: The requested resource could not be found.
2021-08-12T10:36:31+00:00 NOTICE product_submit.error :: addStoreProduct :: #24013 :: Error Code 404 :: Resource Not Found :: The requested resource could not be found. on 1858 in /var/www/vhosts/warmwishesflorist.com/httpdocs/wp-content/plugins/mailchimp-for-woocommerce/includes/api/class-mailchimp-api.php
2021-08-12T10:36:31+00:00 ERROR abandoned_cart.error :: Error Code 404 :: Resource Not Found :: The requested resource could not be found. on 1858 in /var/www/vhosts/warmwishesflorist.com/httpdocs/wp-content/plugins/mailchimp-for-woocommerce/includes/api/class-mailchimp-api.php
2021-08-12T11:00:24+00:00 NOTICE action_scheduler.queue_job :: MailChimp_WooCommerce_User_Submit queued :: obj_id 15454
2021-08-12T11:00:35+00:00 NOTICE member.sync :: Subscribed Member andrewcrosthwaite@mymail24.xyz :: Array
(
    [status_if_new] => 1
    [merge_fields] => Array
        (
        )

)

2021-08-12T12:05:02+00:00 NOTICE action_scheduler.queue_job :: MailChimp_WooCommerce_User_Submit queued :: obj_id 15455
2021-08-12T12:05:41+00:00 NOTICE member.sync :: Subscribed Member bselenligka48@maillux.online :: Array
(
    [status_if_new] => 1
    [merge_fields] => Array
        (
        )

)

2021-08-12T12:29:11+00:00 NOTICE action_scheduler.queue_job :: MailChimp_WooCommerce_User_Submit queued :: obj_id 15456
2021-08-12T12:29:54+00:00 NOTICE member.sync :: Subscribed Member s.fikin@denis.enersets.com :: Array
(
    [status_if_new] => 1
    [merge_fields] => Array
        (
        )

)

2021-08-12T13:49:15+00:00 NOTICE action_scheduler.queue_job :: MailChimp_WooCommerce_User_Submit queued :: obj_id 15457
2021-08-12T13:50:01+00:00 NOTICE member.sync :: kjn1w@gc.ua has signed up to a lot of lists very recently; we're not allowing more signups for now
2021-08-12T15:34:26+00:00 NOTICE action_scheduler.queue_job :: MailChimp_WooCommerce_User_Submit queued :: obj_id 15459
2021-08-12T15:34:26+00:00 NOTICE action_scheduler.queue_job :: MailChimp_WooCommerce_User_Submit queued :: obj_id 15458
2021-08-12T15:34:32+00:00 NOTICE member.sync :: k.orlova@den.efastes.com has signed up to a lot of lists very recently; we're not allowing more signups for now
2021-08-12T15:34:34+00:00 NOTICE member.sync :: v.petrovich@info.avalins.com has signed up to a lot of lists very recently; we're not allowing more signups for now
2021-08-12T15:47:00+00:00 NOTICE action_scheduler.queue_job :: MailChimp_WooCommerce_User_Submit queued :: obj_id 15460
2021-08-12T15:47:57+00:00 NOTICE member.sync :: i.yakub@jodas.enersets.com has signed up to a lot of lists very recently; we're not allowing more signups for now
2021-08-12T17:04:52+00:00 NOTICE action_scheduler.queue_job :: MailChimp_WooCommerce_User_Submit queued :: obj_id 15461
2021-08-12T17:06:29+00:00 NOTICE member.sync :: t.k.v.stlru@gmail.com has signed up to a lot of lists very recently; we're not allowing more signups for now
2021-08-12T19:47:11+00:00 NOTICE action_scheduler.queue_job :: MailChimp_WooCommerce_User_Submit queued :: obj_id 15462
2021-08-12T19:47:48+00:00 NOTICE member.sync :: Subscribed Member tkqlqbe@mail.ru :: Array
(
    [status_if_new] => 1
    [merge_fields] => Array
        (
        )

)

2021-08-12T22:40:51+00:00 NOTICE action_scheduler.queue_job :: MailChimp_WooCommerce_User_Submit queued :: obj_id 15463
2021-08-12T22:42:53+00:00 NOTICE member.sync :: ulgowskalvors@gmail.com has signed up to a lot of lists very recently; we're not allowing more signups for now
