2021-08-05T00:46:09+00:00 NOTICE action_scheduler.queue_job :: MailChimp_WooCommerce_User_Submit queued :: obj_id 15333
2021-08-05T00:47:01+00:00 NOTICE member.sync :: shoosawfhq@hotmail.com has signed up to a lot of lists very recently; we're not allowing more signups for now
2021-08-05T01:48:29+00:00 NOTICE action_scheduler.queue_job :: MailChimp_WooCommerce_Cart_Update queued :: obj_id 812c8c7ac9d5d32d710777bdb4464aae
2021-08-05T01:48:52+00:00 ERROR abandoned_cart.error :: email: lance.lee_94@hotmail.com :: attempting product update :: Resource Not Found :: The requested resource could not be found.
2021-08-05T01:48:53+00:00 NOTICE product_submit.error :: addStoreProduct :: #23767 :: Error Code 404 :: Resource Not Found :: The requested resource could not be found. on 1858 in /var/www/vhosts/warmwishesflorist.com/httpdocs/wp-content/plugins/mailchimp-for-woocommerce/includes/api/class-mailchimp-api.php
2021-08-05T01:48:53+00:00 ERROR abandoned_cart.error :: Error Code 404 :: Resource Not Found :: The requested resource could not be found. on 1858 in /var/www/vhosts/warmwishesflorist.com/httpdocs/wp-content/plugins/mailchimp-for-woocommerce/includes/api/class-mailchimp-api.php
2021-08-05T01:53:41+00:00 NOTICE action_scheduler.queue_job :: MailChimp_WooCommerce_Single_Order starts in 90 seconds :: obj_id 24102
2021-08-05T01:55:53+00:00 NOTICE order_sumbit :: #24102 has a financial status of pending and was skipped.
2021-08-05T02:00:46+00:00 NOTICE action_scheduler.queue_job :: MailChimp_WooCommerce_Cart_Update queued :: obj_id cdecce6dc0a62ee6814defabacb7162c
2021-08-05T02:00:48+00:00 ERROR abandoned_cart.error :: email: shairahdzul.dpa17@gmail.com :: attempting product update :: Resource Not Found :: The requested resource could not be found.
2021-08-05T02:00:49+00:00 NOTICE product_submit.error :: addStoreProduct :: #22023 :: Error Code 404 :: Resource Not Found :: The requested resource could not be found. on 1858 in /var/www/vhosts/warmwishesflorist.com/httpdocs/wp-content/plugins/mailchimp-for-woocommerce/includes/api/class-mailchimp-api.php
2021-08-05T02:00:49+00:00 ERROR abandoned_cart.error :: Error Code 404 :: Resource Not Found :: The requested resource could not be found. on 1858 in /var/www/vhosts/warmwishesflorist.com/httpdocs/wp-content/plugins/mailchimp-for-woocommerce/includes/api/class-mailchimp-api.php
2021-08-05T02:10:29+00:00 NOTICE action_scheduler.queue_job :: MailChimp_WooCommerce_Cart_Update queued :: obj_id cdecce6dc0a62ee6814defabacb7162c
2021-08-05T02:10:31+00:00 ERROR abandoned_cart.error :: email: shairahdzul.dpa17@gmail.com :: attempting product update :: Resource Not Found :: The requested resource could not be found.
2021-08-05T02:10:32+00:00 NOTICE product_submit.error :: addStoreProduct :: #22023 :: Error Code 404 :: Resource Not Found :: The requested resource could not be found. on 1858 in /var/www/vhosts/warmwishesflorist.com/httpdocs/wp-content/plugins/mailchimp-for-woocommerce/includes/api/class-mailchimp-api.php
2021-08-05T02:10:32+00:00 ERROR abandoned_cart.error :: Error Code 404 :: Resource Not Found :: The requested resource could not be found. on 1858 in /var/www/vhosts/warmwishesflorist.com/httpdocs/wp-content/plugins/mailchimp-for-woocommerce/includes/api/class-mailchimp-api.php
2021-08-05T02:13:15+00:00 NOTICE action_scheduler.queue_job :: MailChimp_WooCommerce_User_Submit queued :: obj_id 15336
2021-08-05T02:14:57+00:00 NOTICE member.sync :: harrywilliams1367@gmail.com has signed up to a lot of lists very recently; we're not allowing more signups for now
2021-08-05T02:15:08+00:00 NOTICE action_scheduler.queue_job :: MailChimp_WooCommerce_Single_Order starts in 90 seconds :: obj_id 24103
2021-08-05T02:16:41+00:00 NOTICE debug :: Order ID 24103 was pending and is now processing :: Array
(
    [new_order] => 1
    [tracking] => Array
        (
            [campaign_id] => 
            [landing_site] => https://warmwishesflorist.com/?wc-api=WC_Molpay_Gateway
        )

)

2021-08-05T02:20:23+00:00 ERROR order_submit.error :: addStoreOrder :: #24103 :: Error Code 404 :: Resource Not Found :: The requested resource could not be found. on 1858 in /var/www/vhosts/warmwishesflorist.com/httpdocs/wp-content/plugins/mailchimp-for-woocommerce/includes/api/class-mailchimp-api.php
2021-08-05T02:24:22+00:00 NOTICE action_scheduler.queue_job :: MailChimp_WooCommerce_Single_Order starts in 90 seconds :: obj_id 24102
2021-08-05T02:25:27+00:00 NOTICE debug :: Order ID 24102 was pending and is now processing :: Array
(
    [new_order] => 1
    [tracking] => Array
        (
            [campaign_id] => 
            [landing_site] => https://warmwishesflorist.com/?wc-api=WC_Molpay_Gateway
        )

)

2021-08-05T02:25:27+00:00 NOTICE action_scheduler.queue_job :: MailChimp_WooCommerce_User_Submit queued :: obj_id 15334
2021-08-05T02:25:54+00:00 NOTICE member.sync :: Updated Member lance.lee_94@hotmail.com ( merge fields only ) :: Array
(
    [merge_fields] => Array
        (
            [FNAME] => lance
            [LNAME] => lee
        )

)

2021-08-05T02:28:12+00:00 ERROR order_submit.error :: addStoreOrder :: #24102 :: Error Code 404 :: Resource Not Found :: The requested resource could not be found. on 1858 in /var/www/vhosts/warmwishesflorist.com/httpdocs/wp-content/plugins/mailchimp-for-woocommerce/includes/api/class-mailchimp-api.php
2021-08-05T02:49:41+00:00 NOTICE action_scheduler.queue_job :: MailChimp_WooCommerce_Single_Order starts in 90 seconds :: obj_id 24102
2021-08-05T02:49:42+00:00 NOTICE debug :: Order ID 24102 was processing and is now completed :: Array
(
    [new_order] => 
    [tracking] => 
)

2021-08-05T02:49:51+00:00 NOTICE action_scheduler.queue_job :: MailChimp_WooCommerce_Single_Order starts in 90 seconds :: obj_id 24103
2021-08-05T02:49:51+00:00 NOTICE debug :: Order ID 24103 was processing and is now completed :: Array
(
    [new_order] => 
    [tracking] => 
)

2021-08-05T02:54:03+00:00 ERROR order_submit.error :: addStoreOrder :: #24102 :: Error Code 404 :: Resource Not Found :: The requested resource could not be found. on 1858 in /var/www/vhosts/warmwishesflorist.com/httpdocs/wp-content/plugins/mailchimp-for-woocommerce/includes/api/class-mailchimp-api.php
2021-08-05T02:54:06+00:00 ERROR order_submit.error :: addStoreOrder :: #24103 :: Error Code 404 :: Resource Not Found :: The requested resource could not be found. on 1858 in /var/www/vhosts/warmwishesflorist.com/httpdocs/wp-content/plugins/mailchimp-for-woocommerce/includes/api/class-mailchimp-api.php
2021-08-05T05:41:13+00:00 NOTICE action_scheduler.queue_job :: MailChimp_WooCommerce_User_Submit queued :: obj_id 11333
2021-08-05T05:41:13+00:00 NOTICE action_scheduler.queue_job :: MailChimp_WooCommerce_Single_Order starts in 90 seconds :: obj_id 24104
2021-08-05T05:41:22+00:00 NOTICE action_scheduler.queue_job :: MailChimp_WooCommerce_Cart_Update queued :: obj_id 3aafb20b8e17eb897686eb31ae207114
2021-08-05T05:41:24+00:00 ERROR abandoned_cart.error :: email: farhahf92@gmail.com :: attempting product update :: Resource Not Found :: The requested resource could not be found.
2021-08-05T05:41:25+00:00 NOTICE product_submit.error :: addStoreProduct :: #23059 :: Error Code 404 :: Resource Not Found :: The requested resource could not be found. on 1858 in /var/www/vhosts/warmwishesflorist.com/httpdocs/wp-content/plugins/mailchimp-for-woocommerce/includes/api/class-mailchimp-api.php
2021-08-05T05:41:25+00:00 ERROR abandoned_cart.error :: Error Code 404 :: Resource Not Found :: The requested resource could not be found. on 1858 in /var/www/vhosts/warmwishesflorist.com/httpdocs/wp-content/plugins/mailchimp-for-woocommerce/includes/api/class-mailchimp-api.php
2021-08-05T05:41:26+00:00 NOTICE member.sync :: Updated Member nicvkh87@gmail.com ( merge fields only ) :: Array
(
    [merge_fields] => Array
        (
            [FNAME] => Nic
            [LNAME] => Wee
        )

)

2021-08-05T05:41:35+00:00 NOTICE action_scheduler.queue_job :: MailChimp_WooCommerce_Single_Order starts in 90 seconds :: obj_id 24105
2021-08-05T05:43:17+00:00 NOTICE order_sumbit :: #24105 has a financial status of pending and was skipped.
2021-08-05T05:43:18+00:00 NOTICE debug :: Order ID 24104 was pending and is now processing :: Array
(
    [new_order] => 1
    [tracking] => Array
        (
            [campaign_id] => 
            [landing_site] => https://warmwishesflorist.com/?wc-api=WC_Molpay_Gateway
        )

)

2021-08-05T05:45:57+00:00 ERROR order_submit.error :: addStoreOrder :: #24104 :: Error Code 404 :: Resource Not Found :: The requested resource could not be found. on 1858 in /var/www/vhosts/warmwishesflorist.com/httpdocs/wp-content/plugins/mailchimp-for-woocommerce/includes/api/class-mailchimp-api.php
2021-08-05T10:47:44+00:00 NOTICE action_scheduler.queue_job :: MailChimp_WooCommerce_Single_Order starts in 90 seconds :: obj_id 24104
2021-08-05T10:47:45+00:00 NOTICE debug :: Order ID 24104 was processing and is now completed :: Array
(
    [new_order] => 
    [tracking] => 
)

2021-08-05T10:51:02+00:00 ERROR order_submit.error :: addStoreOrder :: #24104 :: Error Code 404 :: Resource Not Found :: The requested resource could not be found. on 1858 in /var/www/vhosts/warmwishesflorist.com/httpdocs/wp-content/plugins/mailchimp-for-woocommerce/includes/api/class-mailchimp-api.php
2021-08-05T12:16:31+00:00 NOTICE action_scheduler.queue_job :: MailChimp_WooCommerce_User_Submit queued :: obj_id 15337
2021-08-05T12:17:05+00:00 NOTICE member.sync :: dearginger277@gmail.com has signed up to a lot of lists very recently; we're not allowing more signups for now
2021-08-05T14:57:57+00:00 NOTICE action_scheduler.queue_job :: MailChimp_WooCommerce_User_Submit queued :: obj_id 15338
2021-08-05T14:58:51+00:00 NOTICE member.sync :: Subscribed Member vernaxm4@rokuro75.kiyoakari.xyz :: Array
(
    [status_if_new] => 1
    [merge_fields] => Array
        (
        )

)

2021-08-05T15:52:46+00:00 NOTICE action_scheduler.queue_job :: MailChimp_WooCommerce_User_Submit queued :: obj_id 15339
2021-08-05T15:52:54+00:00 NOTICE member.sync :: Subscribed Member szdanseo@seoray.site :: Array
(
    [status_if_new] => 1
    [merge_fields] => Array
        (
        )

)

2021-08-05T18:15:27+00:00 NOTICE action_scheduler.queue_job :: MailChimp_WooCommerce_User_Submit queued :: obj_id 15340
2021-08-05T18:17:52+00:00 NOTICE member.sync :: Subscribed Member jason.perezzzzz52.5@gmail.com :: Array
(
    [status_if_new] => 1
    [merge_fields] => Array
        (
        )

)

2021-08-05T18:33:47+00:00 NOTICE action_scheduler.queue_job :: MailChimp_WooCommerce_User_Submit queued :: obj_id 15341
2021-08-05T18:33:53+00:00 NOTICE member.sync :: v.ik.a.s.e.r.vic.e202.0.21@gmail.com has signed up to a lot of lists very recently; we're not allowing more signups for now
