2021-02-14T00:17:51+00:00 NOTICE order.member.updated :: Updated hunter_tm@hotmail.com subscriber status to subscribed and language to en
2021-02-14T00:17:51+00:00 NOTICE order_submit.success :: addStoreOrder :: #23389 :: email: hunter_tm@hotmail.com :: landing site https://warmwishesflorist.com/ :: abandoned cart deleted [1101dd29dddba1e16dcc71778761d1fe]
2021-02-14T00:45:36+00:00 NOTICE action_scheduler.queue_job :: MailChimp_WooCommerce_Cart_Update queued :: obj_id 12cf11b31ce851997ffe6a6417e65820
2021-02-14T00:45:40+00:00 NOTICE abandoned_cart.success :: email: xinling_91@hotmail.com :: checkout_url: https://warmwishesflorist.com/checkout/?mc_cart_id=12cf11b31ce851997ffe6a6417e65820
2021-02-14T00:45:41+00:00 NOTICE cart.member.updated :: Updated xinling_91@hotmail.com subscriber status to transactional and language to en
2021-02-14T00:45:46+00:00 NOTICE action_scheduler.queue_job :: MailChimp_WooCommerce_Cart_Update queued :: obj_id 12cf11b31ce851997ffe6a6417e65820
2021-02-14T00:45:47+00:00 NOTICE abandoned_cart.success :: email: xinling_91@hotmail.com :: checkout_url: https://warmwishesflorist.com/checkout/?mc_cart_id=12cf11b31ce851997ffe6a6417e65820
2021-02-14T00:48:57+00:00 NOTICE action_scheduler.queue_job :: MailChimp_WooCommerce_Cart_Update queued :: obj_id 12cf11b31ce851997ffe6a6417e65820
2021-02-14T00:48:59+00:00 NOTICE abandoned_cart.success :: email: xinling_91@hotmail.com :: checkout_url: https://warmwishesflorist.com/checkout/?mc_cart_id=12cf11b31ce851997ffe6a6417e65820
2021-02-14T00:49:28+00:00 NOTICE action_scheduler.queue_job :: MailChimp_WooCommerce_Cart_Update queued :: obj_id 12cf11b31ce851997ffe6a6417e65820
2021-02-14T00:50:01+00:00 NOTICE abandoned_cart.success :: email: xinling_91@hotmail.com :: checkout_url: https://warmwishesflorist.com/checkout/?mc_cart_id=12cf11b31ce851997ffe6a6417e65820
2021-02-14T00:52:17+00:00 NOTICE action_scheduler.queue_job :: MailChimp_WooCommerce_Single_Order starts in 90 seconds :: obj_id 23390
2021-02-14T00:54:55+00:00 NOTICE action_scheduler.queue_job :: MailChimp_WooCommerce_User_Submit queued :: obj_id 11579
2021-02-14T00:55:18+00:00 NOTICE order_sumbit :: #23390 has a financial status of pending and was skipped.
2021-02-14T00:55:20+00:00 NOTICE member.sync :: Updated Member xinling_91@hotmail.com :: Array
(
    [previous_status] => transactional
    [status] => 1
    [merge_fields] => Array
        (
            [FNAME] => Xin Ling
            [LNAME] => Lim
        )

)

2021-02-14T00:57:12+00:00 NOTICE action_scheduler.queue_job :: MailChimp_WooCommerce_Single_Order starts in 90 seconds :: obj_id 23386
2021-02-14T00:57:13+00:00 NOTICE debug :: Order ID 23386 was processing and is now completed :: Array
(
    [new_order] => 
    [tracking] => 
)

2021-02-14T00:57:24+00:00 NOTICE action_scheduler.queue_job :: MailChimp_WooCommerce_User_Submit queued :: obj_id 11579
2021-02-14T00:57:24+00:00 NOTICE action_scheduler.queue_job :: MailChimp_WooCommerce_Single_Order starts in 90 seconds :: obj_id 23391
2021-02-14T00:58:28+00:00 NOTICE member.sync :: Updated Member xinling_91@hotmail.com ( merge fields only ) :: Array
(
    [merge_fields] => Array
        (
            [FNAME] => Xin Ling
            [LNAME] => Lim
        )

)

2021-02-14T00:59:35+00:00 NOTICE order.member.updated :: Updated ooi_nin@yahoo.com subscriber status to subscribed and language to 
2021-02-14T00:59:35+00:00 NOTICE order_submit.success :: updateStoreOrder :: #23386 :: email: ooi_nin@yahoo.com
2021-02-14T00:59:36+00:00 NOTICE order_sumbit :: #23391 has a financial status of pending and was skipped.
2021-02-14T01:00:58+00:00 NOTICE action_scheduler.queue_job :: MailChimp_WooCommerce_User_Submit queued :: obj_id 11579
2021-02-14T01:01:05+00:00 NOTICE action_scheduler.queue_job :: MailChimp_WooCommerce_Single_Product starts in 5 seconds :: obj_id 23059
2021-02-14T01:01:07+00:00 NOTICE member.sync :: Updated Member xinling_91@hotmail.com ( merge fields only ) :: Array
(
    [merge_fields] => Array
        (
            [FNAME] => Xin Ling
            [LNAME] => Lim
        )

)

2021-02-14T01:01:11+00:00 NOTICE action_scheduler.queue_job :: MailChimp_WooCommerce_Single_Product starts in 5 seconds :: obj_id 23062
2021-02-14T01:02:04+00:00 NOTICE product_submit.success :: updateStoreProduct :: #23059
2021-02-14T01:02:05+00:00 NOTICE product_submit.success :: updateStoreProduct :: #23062
2021-02-14T01:02:08+00:00 NOTICE action_scheduler.queue_job :: MailChimp_WooCommerce_Single_Order starts in 90 seconds :: obj_id 23388
2021-02-14T01:02:09+00:00 NOTICE debug :: Order ID 23388 was processing and is now completed :: Array
(
    [new_order] => 
    [tracking] => 
)

2021-02-14T01:03:42+00:00 NOTICE action_scheduler.queue_job :: MailChimp_WooCommerce_User_Submit queued :: obj_id 11579
2021-02-14T01:03:55+00:00 NOTICE action_scheduler.queue_job :: MailChimp_WooCommerce_Single_Order starts in 90 seconds :: obj_id 23389
2021-02-14T01:03:56+00:00 NOTICE debug :: Order ID 23389 was processing and is now completed :: Array
(
    [new_order] => 
    [tracking] => 
)

2021-02-14T01:04:19+00:00 NOTICE order.member.updated :: Updated lee.weejohn17@gmail.com subscriber status to subscribed and language to 
2021-02-14T01:04:19+00:00 NOTICE order_submit.success :: updateStoreOrder :: #23388 :: email: lee.weejohn17@gmail.com
2021-02-14T01:04:20+00:00 NOTICE member.sync :: Updated Member xinling_91@hotmail.com ( merge fields only ) :: Array
(
    [merge_fields] => Array
        (
            [FNAME] => Xin Ling
            [LNAME] => Lim
        )

)

2021-02-14T01:06:56+00:00 NOTICE order.member.updated :: Updated hunter_tm@hotmail.com subscriber status to subscribed and language to 
2021-02-14T01:06:56+00:00 NOTICE order_submit.success :: updateStoreOrder :: #23389 :: email: hunter_tm@hotmail.com
2021-02-14T01:08:26+00:00 NOTICE action_scheduler.queue_job :: MailChimp_WooCommerce_User_Submit queued :: obj_id 11579
2021-02-14T01:08:46+00:00 NOTICE member.sync :: Updated Member xinling_91@hotmail.com ( merge fields only ) :: Array
(
    [merge_fields] => Array
        (
            [FNAME] => Xin Ling
            [LNAME] => Lim
        )

)

2021-02-14T01:09:20+00:00 NOTICE action_scheduler.queue_job :: MailChimp_WooCommerce_Single_Order starts in 90 seconds :: obj_id 23391
2021-02-14T01:09:22+00:00 NOTICE debug :: Order ID 23391 was pending and is now processing :: Array
(
    [new_order] => 1
    [tracking] => Array
        (
            [campaign_id] => 
            [landing_site] => https://warmwishesflorist.com/?wc-ajax=get_refreshed_fragments
        )

)

2021-02-14T01:09:22+00:00 NOTICE action_scheduler.queue_job :: MailChimp_WooCommerce_User_Submit queued :: obj_id 11579
2021-02-14T01:09:43+00:00 NOTICE action_scheduler.queue_job :: MailChimp_WooCommerce_Single_Order starts in 90 seconds :: obj_id 23390
2021-02-14T01:09:43+00:00 NOTICE debug :: Order ID 23390 was pending and is now cancelled :: Array
(
    [new_order] => 
    [tracking] => 
)

2021-02-14T01:11:22+00:00 NOTICE order.member.updated :: Updated xinling_91@hotmail.com subscriber status to subscribed and language to 
2021-02-14T01:11:22+00:00 NOTICE order_submit.success :: addStoreOrder :: #23391 :: email: xinling_91@hotmail.com :: landing site https://warmwishesflorist.com/?wc-ajax=get_refreshed_fragments :: abandoned cart deleted [12cf11b31ce851997ffe6a6417e65820]
2021-02-14T01:11:24+00:00 NOTICE member.sync :: Updated Member xinling_91@hotmail.com ( merge fields only ) :: Array
(
    [merge_fields] => Array
        (
            [FNAME] => Xin Ling
            [LNAME] => Lim
        )

)

2021-02-14T01:11:25+00:00 NOTICE order_sumbit :: #23390 has a financial status of cancelled and was skipped.
2021-02-14T01:24:20+00:00 NOTICE action_scheduler.queue_job :: MailChimp_WooCommerce_Cart_Update queued :: obj_id d52748c57ab85df2d40468187f2b3a2a
2021-02-14T01:24:24+00:00 NOTICE abandoned_cart.success :: email: ciangoon99@gmail.com :: checkout_url: https://warmwishesflorist.com/checkout/?mc_cart_id=d52748c57ab85df2d40468187f2b3a2a
2021-02-14T01:24:25+00:00 NOTICE cart.member.updated :: Updated ciangoon99@gmail.com subscriber status to subscribed and language to en
2021-02-14T01:24:26+00:00 NOTICE action_scheduler.queue_job :: MailChimp_WooCommerce_Cart_Update queued :: obj_id d52748c57ab85df2d40468187f2b3a2a
2021-02-14T01:24:32+00:00 NOTICE abandoned_cart.success :: email: ciangoon99@gmail.com :: checkout_url: https://warmwishesflorist.com/checkout/?mc_cart_id=d52748c57ab85df2d40468187f2b3a2a
2021-02-14T01:24:43+00:00 NOTICE action_scheduler.queue_job :: MailChimp_WooCommerce_Cart_Update queued :: obj_id d52748c57ab85df2d40468187f2b3a2a
2021-02-14T01:29:01+00:00 NOTICE abandoned_cart.success :: email: ciangoon99@gmail.com :: checkout_url: https://warmwishesflorist.com/checkout/?mc_cart_id=d52748c57ab85df2d40468187f2b3a2a
2021-02-14T01:29:34+00:00 NOTICE action_scheduler.queue_job :: MailChimp_WooCommerce_Single_Order starts in 90 seconds :: obj_id 23392
2021-02-14T01:31:06+00:00 NOTICE order_sumbit :: #23392 has a financial status of pending and was skipped.
2021-02-14T01:31:30+00:00 NOTICE action_scheduler.queue_job :: MailChimp_WooCommerce_Single_Order starts in 90 seconds :: obj_id 23392
2021-02-14T01:31:33+00:00 NOTICE debug :: Order ID 23392 was pending and is now processing :: Array
(
    [new_order] => 1
    [tracking] => Array
        (
            [campaign_id] => 
            [landing_site] => https://warmwishesflorist.com/
        )

)

2021-02-14T01:33:39+00:00 NOTICE order.member.updated :: Updated ciangoon99@gmail.com subscriber status to subscribed and language to 
2021-02-14T01:33:39+00:00 NOTICE order_submit.success :: addStoreOrder :: #23392 :: email: ciangoon99@gmail.com :: landing site https://warmwishesflorist.com/ :: abandoned cart deleted [d52748c57ab85df2d40468187f2b3a2a]
2021-02-14T01:51:12+00:00 NOTICE action_scheduler.queue_job :: MailChimp_WooCommerce_Cart_Update queued :: obj_id f53a58a2ae14fe194096bce673f8f8ec
2021-02-14T01:51:25+00:00 NOTICE action_scheduler.queue_job :: MailChimp_WooCommerce_User_Submit queued :: obj_id 11582
2021-02-14T01:51:59+00:00 NOTICE abandoned_cart.success :: email: dinomin0033@hotmail.com :: checkout_url: https://warmwishesflorist.com/checkout/?mc_cart_id=f53a58a2ae14fe194096bce673f8f8ec
2021-02-14T01:52:00+00:00 NOTICE cart.member.updated :: Updated dinomin0033@hotmail.com subscriber status to subscribed and language to en
2021-02-14T01:52:01+00:00 NOTICE member.sync :: Updated Member dinomin0033@hotmail.com ( merge fields only ) :: Array
(
    [merge_fields] => Array
        (
        )

)

2021-02-14T01:53:30+00:00 NOTICE action_scheduler.queue_job :: MailChimp_WooCommerce_User_Submit queued :: obj_id 11582
2021-02-14T01:53:59+00:00 NOTICE member.sync :: Updated Member dinomin0033@hotmail.com ( merge fields only ) :: Array
(
    [merge_fields] => Array
        (
        )

)

2021-02-14T01:55:24+00:00 NOTICE action_scheduler.queue_job :: MailChimp_WooCommerce_Cart_Update queued :: obj_id f53a58a2ae14fe194096bce673f8f8ec
2021-02-14T01:55:26+00:00 NOTICE abandoned_cart.success :: email: dinomin0033@hotmail.com :: checkout_url: https://warmwishesflorist.com/checkout/?mc_cart_id=f53a58a2ae14fe194096bce673f8f8ec
2021-02-14T01:55:47+00:00 NOTICE action_scheduler.queue_job :: MailChimp_WooCommerce_User_Submit queued :: obj_id 11582
2021-02-14T01:55:47+00:00 NOTICE action_scheduler.queue_job :: MailChimp_WooCommerce_Single_Order starts in 90 seconds :: obj_id 23393
2021-02-14T01:57:32+00:00 NOTICE debug :: Order ID 23393 was pending and is now processing :: Array
(
    [new_order] => 1
    [tracking] => Array
        (
            [campaign_id] => 
            [landing_site] => https://warmwishesflorist.com/?wc-api=WC_Molpay_Gateway
        )

)

2021-02-14T01:58:07+00:00 NOTICE member.sync :: Updated Member dinomin0033@hotmail.com ( merge fields only ) :: Array
(
    [merge_fields] => Array
        (
            [FNAME] => Marcus
            [LNAME] => Wong
        )

)

2021-02-14T01:59:22+00:00 NOTICE order.member.updated :: Updated dinomin0033@hotmail.com subscriber status to subscribed and language to en
2021-02-14T01:59:22+00:00 NOTICE order_submit.success :: addStoreOrder :: #23393 :: email: dinomin0033@hotmail.com :: landing site https://warmwishesflorist.com/ :: abandoned cart deleted [f53a58a2ae14fe194096bce673f8f8ec]
2021-02-14T02:12:40+00:00 NOTICE action_scheduler.queue_job :: MailChimp_WooCommerce_Cart_Update queued :: obj_id 2b9097259d6ea4813b75db0f569a4340
2021-02-14T02:12:41+00:00 NOTICE action_scheduler.queue_job :: MailChimp_WooCommerce_User_Submit queued :: obj_id 11583
2021-02-14T02:12:45+00:00 NOTICE abandoned_cart.success :: email: waili_1010@hotmail.com :: checkout_url: https://warmwishesflorist.com/checkout/?mc_cart_id=2b9097259d6ea4813b75db0f569a4340
2021-02-14T02:12:46+00:00 NOTICE cart.member.updated :: Updated waili_1010@hotmail.com subscriber status to transactional and language to en
2021-02-14T02:12:47+00:00 NOTICE member.sync :: Updated Member waili_1010@hotmail.com :: Array
(
    [previous_status] => transactional
    [status] => 1
    [merge_fields] => Array
        (
        )

)

2021-02-14T02:15:04+00:00 NOTICE action_scheduler.queue_job :: MailChimp_WooCommerce_User_Submit queued :: obj_id 11583
2021-02-14T02:31:21+00:00 NOTICE member.sync :: Updated Member waili_1010@hotmail.com ( merge fields only ) :: Array
(
    [merge_fields] => Array
        (
            [FNAME] => Leona
            [LNAME] => Chun
        )

)

2021-02-14T03:11:17+00:00 NOTICE action_scheduler.queue_job :: MailChimp_WooCommerce_Single_Order starts in 90 seconds :: obj_id 23393
2021-02-14T03:11:18+00:00 NOTICE debug :: Order ID 23393 was processing and is now completed :: Array
(
    [new_order] => 
    [tracking] => 
)

2021-02-14T03:12:27+00:00 NOTICE action_scheduler.queue_job :: MailChimp_WooCommerce_Single_Order starts in 90 seconds :: obj_id 23392
2021-02-14T03:12:29+00:00 NOTICE debug :: Order ID 23392 was processing and is now completed :: Array
(
    [new_order] => 
    [tracking] => 
)

2021-02-14T03:12:34+00:00 NOTICE action_scheduler.queue_job :: MailChimp_WooCommerce_Single_Order starts in 90 seconds :: obj_id 23391
2021-02-14T03:12:35+00:00 NOTICE debug :: Order ID 23391 was processing and is now completed :: Array
(
    [new_order] => 
    [tracking] => 
)

2021-02-14T03:13:11+00:00 NOTICE order.member.updated :: Updated dinomin0033@hotmail.com subscriber status to subscribed and language to 
2021-02-14T03:13:11+00:00 NOTICE order_submit.success :: updateStoreOrder :: #23393 :: email: dinomin0033@hotmail.com
2021-02-14T03:15:01+00:00 NOTICE order.member.updated :: Updated ciangoon99@gmail.com subscriber status to subscribed and language to 
2021-02-14T03:15:01+00:00 NOTICE order_submit.success :: updateStoreOrder :: #23392 :: email: ciangoon99@gmail.com
2021-02-14T03:15:11+00:00 NOTICE order.member.updated :: Updated xinling_91@hotmail.com subscriber status to subscribed and language to 
2021-02-14T03:15:11+00:00 NOTICE order_submit.success :: updateStoreOrder :: #23391 :: email: xinling_91@hotmail.com
2021-02-14T03:29:46+00:00 NOTICE action_scheduler.queue_job :: MailChimp_WooCommerce_User_Submit queued :: obj_id 11480
2021-02-14T03:30:51+00:00 NOTICE member.sync :: Updated Member yewjin.hor@gmail.com ( merge fields only ) :: Array
(
    [merge_fields] => Array
        (
            [FNAME] => Yew Jin
            [LNAME] => Hor
        )

)

2021-02-14T03:49:22+00:00 NOTICE action_scheduler.queue_job :: MailChimp_WooCommerce_User_Submit queued :: obj_id 11569
2021-02-14T03:52:05+00:00 NOTICE member.sync :: Updated Member tomlwh94@gmail.com ( merge fields only ) :: Array
(
    [merge_fields] => Array
        (
        )

)

2021-02-14T04:15:54+00:00 NOTICE action_scheduler.queue_job :: MailChimp_WooCommerce_Single_Product starts in 5 seconds :: obj_id 23354
2021-02-14T04:16:05+00:00 NOTICE action_scheduler.queue_job :: MailChimp_WooCommerce_Single_Product starts in 5 seconds :: obj_id 23210
2021-02-14T04:16:14+00:00 NOTICE action_scheduler.queue_job :: MailChimp_WooCommerce_Single_Product starts in 5 seconds :: obj_id 23205
2021-02-14T04:16:28+00:00 NOTICE action_scheduler.queue_job :: MailChimp_WooCommerce_Single_Product starts in 5 seconds :: obj_id 23024
2021-02-14T04:16:33+00:00 NOTICE action_scheduler.queue_job :: MailChimp_WooCommerce_Single_Product starts in 5 seconds :: obj_id 22987
2021-02-14T04:16:34+00:00 NOTICE product_submit.success :: updateStoreProduct :: #23354
2021-02-14T04:16:34+00:00 NOTICE product_submit.success :: updateStoreProduct :: #23210
2021-02-14T04:16:35+00:00 NOTICE product_submit.success :: updateStoreProduct :: #23205
2021-02-14T04:16:35+00:00 NOTICE product_submit.success :: updateStoreProduct :: #23024
2021-02-14T04:16:39+00:00 NOTICE action_scheduler.queue_job :: MailChimp_WooCommerce_Single_Product starts in 5 seconds :: obj_id 22947
2021-02-14T04:16:40+00:00 NOTICE product_submit.success :: updateStoreProduct :: #22987
2021-02-14T04:16:47+00:00 NOTICE product_submit.success :: updateStoreProduct :: #22947
2021-02-14T04:36:45+00:00 NOTICE action_scheduler.queue_job :: MailChimp_WooCommerce_User_Submit queued :: obj_id 11534
2021-02-14T04:42:16+00:00 NOTICE member.sync :: Updated Member noobmaster91@hotmail.com ( merge fields only ) :: Array
(
    [merge_fields] => Array
        (
            [FNAME] => CY
            [LNAME] => Hui
        )

)

2021-02-14T05:26:36+00:00 NOTICE action_scheduler.queue_job :: MailChimp_WooCommerce_Cart_Update queued :: obj_id faed9002fb31bd525d4ef0e8ca79fb3e
2021-02-14T05:26:39+00:00 NOTICE abandoned_cart.success :: email: humjulian0713@gmail.com :: checkout_url: https://warmwishesflorist.com/checkout/?mc_cart_id=faed9002fb31bd525d4ef0e8ca79fb3e
2021-02-14T05:26:39+00:00 NOTICE cart.member.updated :: Updated humjulian0713@gmail.com subscriber status to transactional and language to en
2021-02-14T06:16:57+00:00 NOTICE action_scheduler.queue_job :: MailChimp_WooCommerce_Cart_Update queued :: obj_id 2517a14ae5ca05e044025689d5f7275a
2021-02-14T06:17:13+00:00 NOTICE abandoned_cart.success :: email: joshuawongws@gmail.com :: checkout_url: https://warmwishesflorist.com/checkout/?mc_cart_id=2517a14ae5ca05e044025689d5f7275a
2021-02-14T06:17:14+00:00 NOTICE cart.member.updated :: Updated joshuawongws@gmail.com subscriber status to transactional and language to en
2021-02-14T06:21:26+00:00 NOTICE action_scheduler.queue_job :: MailChimp_WooCommerce_User_Submit queued :: obj_id 11585
2021-02-14T06:22:36+00:00 NOTICE member.sync :: j.ent.a.i.wo.r.ldpic.t.u.r.et5@o5o5.ru has signed up to a lot of lists very recently; we're not allowing more signups for now
2021-02-14T07:13:58+00:00 NOTICE action_scheduler.queue_job :: MailChimp_WooCommerce_Cart_Update queued :: obj_id 5ef0e7a15ab5bf64508147697711f581
2021-02-14T07:15:14+00:00 NOTICE abandoned_cart.success :: email: reeve95545@gmail.com :: checkout_url: https://warmwishesflorist.com/checkout/?mc_cart_id=5ef0e7a15ab5bf64508147697711f581
2021-02-14T07:15:15+00:00 NOTICE cart.member.updated :: Updated reeve95545@gmail.com subscriber status to transactional and language to en
2021-02-14T07:40:55+00:00 NOTICE action_scheduler.queue_job :: MailChimp_WooCommerce_Cart_Update queued :: obj_id 13a16958f5f954d0c12c96b6e1169398
2021-02-14T07:42:08+00:00 NOTICE abandoned_cart.success :: email: calvin_leekh@hotmail.com :: checkout_url: https://warmwishesflorist.com/checkout/?mc_cart_id=13a16958f5f954d0c12c96b6e1169398
2021-02-14T07:42:08+00:00 NOTICE cart.member.updated :: Updated calvin_leekh@hotmail.com subscriber status to transactional and language to en
2021-02-14T07:42:11+00:00 NOTICE action_scheduler.queue_job :: MailChimp_WooCommerce_Single_Order starts in 90 seconds :: obj_id 23394
2021-02-14T07:44:07+00:00 NOTICE debug :: Order ID 23394 was pending and is now processing :: Array
(
    [new_order] => 1
    [tracking] => Array
        (
            [campaign_id] => 
            [landing_site] => https://warmwishesflorist.com/?wc-api=WC_Molpay_Gateway
        )

)

2021-02-14T07:46:28+00:00 NOTICE order.member.updated :: Updated calvin_leekh@hotmail.com subscriber status to subscribed and language to en
2021-02-14T07:46:28+00:00 NOTICE order_submit.success :: addStoreOrder :: #23394 :: email: calvin_leekh@hotmail.com :: landing site https://warmwishesflorist.com/ :: abandoned cart deleted [13a16958f5f954d0c12c96b6e1169398]
2021-02-14T08:41:56+00:00 NOTICE action_scheduler.queue_job :: MailChimp_WooCommerce_Single_Order starts in 90 seconds :: obj_id 23394
2021-02-14T08:41:57+00:00 NOTICE debug :: Order ID 23394 was processing and is now completed :: Array
(
    [new_order] => 
    [tracking] => 
)

2021-02-14T08:44:22+00:00 NOTICE order.member.updated :: Updated calvin_leekh@hotmail.com subscriber status to subscribed and language to 
2021-02-14T08:44:22+00:00 NOTICE order_submit.success :: updateStoreOrder :: #23394 :: email: calvin_leekh@hotmail.com
2021-02-14T09:43:26+00:00 NOTICE action_scheduler.queue_job :: MailChimp_WooCommerce_Cart_Update queued :: obj_id 410ecf46464daaea9f1c53dbda57714f
2021-02-14T09:44:09+00:00 NOTICE abandoned_cart.success :: email: jolene.waifen@gmail.com :: checkout_url: https://warmwishesflorist.com/checkout/?mc_cart_id=410ecf46464daaea9f1c53dbda57714f
2021-02-14T09:44:09+00:00 NOTICE cart.member.updated :: Updated jolene.waifen@gmail.com subscriber status to subscribed and language to en
2021-02-14T09:49:31+00:00 NOTICE action_scheduler.queue_job :: MailChimp_WooCommerce_Single_Order starts in 90 seconds :: obj_id 23384
2021-02-14T09:49:32+00:00 NOTICE debug :: Order ID 23384 was processing and is now completed :: Array
(
    [new_order] => 
    [tracking] => 
)

2021-02-14T09:49:39+00:00 NOTICE action_scheduler.queue_job :: MailChimp_WooCommerce_Single_Order starts in 90 seconds :: obj_id 23382
2021-02-14T09:49:39+00:00 NOTICE debug :: Order ID 23382 was processing and is now completed :: Array
(
    [new_order] => 
    [tracking] => 
)

2021-02-14T10:01:10+00:00 NOTICE order.member.updated :: Updated belan2020@gmail.com subscriber status to subscribed and language to 
2021-02-14T10:01:10+00:00 NOTICE order_submit.success :: updateStoreOrder :: #23384 :: email: belan2020@gmail.com
2021-02-14T10:01:14+00:00 NOTICE order.member.updated :: Updated sweeloontan@gmail.com subscriber status to subscribed and language to 
2021-02-14T10:01:14+00:00 NOTICE order_submit.success :: updateStoreOrder :: #23382 :: email: sweeloontan@gmail.com
2021-02-14T12:20:48+00:00 NOTICE action_scheduler.queue_job :: MailChimp_WooCommerce_User_Submit queued :: obj_id 11588
2021-02-14T13:01:07+00:00 NOTICE member.sync :: andykoviguanta@gmail.com has signed up to a lot of lists very recently; we're not allowing more signups for now
2021-02-14T13:42:02+00:00 NOTICE action_scheduler.queue_job :: MailChimp_WooCommerce_Cart_Update queued :: obj_id 98913e8c01703b56eed336ee9531827e
2021-02-14T13:42:06+00:00 NOTICE abandoned_cart.success :: email: xe.elaine@hotmail.com :: checkout_url: https://warmwishesflorist.com/checkout/?mc_cart_id=98913e8c01703b56eed336ee9531827e
2021-02-14T13:42:06+00:00 NOTICE cart.member.updated :: Updated xe.elaine@hotmail.com subscriber status to transactional and language to en
2021-02-14T13:44:49+00:00 NOTICE action_scheduler.queue_job :: MailChimp_WooCommerce_Cart_Update queued :: obj_id 98913e8c01703b56eed336ee9531827e
2021-02-14T13:44:52+00:00 NOTICE abandoned_cart.success :: email: xe.elaine@hotmail.com :: checkout_url: https://warmwishesflorist.com/checkout/?mc_cart_id=98913e8c01703b56eed336ee9531827e
2021-02-14T13:45:47+00:00 NOTICE action_scheduler.queue_job :: MailChimp_WooCommerce_Cart_Update queued :: obj_id 98913e8c01703b56eed336ee9531827e
2021-02-14T14:09:55+00:00 NOTICE abandoned_cart.success :: email: xe.elaine@hotmail.com :: checkout_url: https://warmwishesflorist.com/checkout/?mc_cart_id=98913e8c01703b56eed336ee9531827e
2021-02-14T15:07:30+00:00 NOTICE action_scheduler.queue_job :: MailChimp_WooCommerce_User_Submit queued :: obj_id 11590
2021-02-14T15:17:55+00:00 NOTICE action_scheduler.queue_job :: MailChimp_WooCommerce_Cart_Update queued :: obj_id d2e47ddf523ea095de539fd222eca2c3
2021-02-14T15:17:58+00:00 NOTICE action_scheduler.queue_job :: MailChimp_WooCommerce_User_Submit queued :: obj_id 11591
2021-02-14T15:18:20+00:00 NOTICE member.sync :: plocbenlbolniho@mail.com has signed up to a lot of lists very recently; we're not allowing more signups for now
2021-02-14T15:18:21+00:00 NOTICE abandoned_cart.success :: email: pskhiu@hotmail.com :: checkout_url: https://warmwishesflorist.com/checkout/?mc_cart_id=d2e47ddf523ea095de539fd222eca2c3
2021-02-14T15:18:22+00:00 NOTICE cart.member.updated :: Updated pskhiu@hotmail.com subscriber status to transactional and language to en
2021-02-14T15:18:23+00:00 NOTICE member.sync :: Updated Member pskhiu@hotmail.com :: Array
(
    [previous_status] => transactional
    [status] => 1
    [merge_fields] => Array
        (
        )

)

2021-02-14T15:21:17+00:00 NOTICE action_scheduler.queue_job :: MailChimp_WooCommerce_User_Submit queued :: obj_id 11591
2021-02-14T15:23:22+00:00 NOTICE member.sync :: Updated Member pskhiu@hotmail.com ( merge fields only ) :: Array
(
    [merge_fields] => Array
        (
        )

)

2021-02-14T15:26:59+00:00 NOTICE action_scheduler.queue_job :: MailChimp_WooCommerce_User_Submit queued :: obj_id 11591
2021-02-14T15:31:06+00:00 NOTICE member.sync :: Updated Member pskhiu@hotmail.com ( merge fields only ) :: Array
(
    [merge_fields] => Array
        (
        )

)

2021-02-14T17:36:08+00:00 NOTICE action_scheduler.queue_job :: MailChimp_WooCommerce_Cart_Update queued :: obj_id 978685488603d879eeeae9e35a11ace5
2021-02-14T17:36:14+00:00 NOTICE abandoned_cart.success :: email: alicebock96@yahoo.com :: checkout_url: https://warmwishesflorist.com/checkout/?mc_cart_id=978685488603d879eeeae9e35a11ace5
2021-02-14T17:36:15+00:00 NOTICE cart.member.updated :: Updated alicebock96@yahoo.com subscriber status to transactional and language to en
2021-02-14T17:37:10+00:00 NOTICE action_scheduler.queue_job :: MailChimp_WooCommerce_Cart_Update queued :: obj_id 978685488603d879eeeae9e35a11ace5
2021-02-14T17:38:48+00:00 NOTICE abandoned_cart.success :: email: alicebock96@yahoo.com :: checkout_url: https://warmwishesflorist.com/checkout/?mc_cart_id=978685488603d879eeeae9e35a11ace5
2021-02-14T17:50:28+00:00 NOTICE action_scheduler.queue_job :: MailChimp_WooCommerce_User_Submit queued :: obj_id 11593
2021-02-14T17:54:52+00:00 NOTICE action_scheduler.queue_job :: MailChimp_WooCommerce_User_Submit queued :: obj_id 11594
2021-02-14T18:04:14+00:00 NOTICE action_scheduler.queue_job :: MailChimp_WooCommerce_User_Submit queued :: obj_id 11595
2021-02-14T18:13:15+00:00 NOTICE action_scheduler.queue_job :: MailChimp_WooCommerce_User_Submit queued :: obj_id 11596
2021-02-14T18:14:33+00:00 NOTICE action_scheduler.queue_job :: MailChimp_WooCommerce_User_Submit queued :: obj_id 11597
2021-02-14T18:18:07+00:00 NOTICE action_scheduler.queue_job :: MailChimp_WooCommerce_User_Submit queued :: obj_id 11598
2021-02-14T18:22:35+00:00 NOTICE action_scheduler.queue_job :: MailChimp_WooCommerce_User_Submit queued :: obj_id 11599
2021-02-14T18:23:20+00:00 NOTICE action_scheduler.queue_job :: MailChimp_WooCommerce_User_Submit queued :: obj_id 11600
2021-02-14T18:24:09+00:00 NOTICE action_scheduler.queue_job :: MailChimp_WooCommerce_User_Submit queued :: obj_id 11601
2021-02-14T18:27:03+00:00 NOTICE action_scheduler.queue_job :: MailChimp_WooCommerce_User_Submit queued :: obj_id 11602
2021-02-14T18:28:45+00:00 NOTICE action_scheduler.queue_job :: MailChimp_WooCommerce_User_Submit queued :: obj_id 11603
2021-02-14T18:31:05+00:00 NOTICE member.sync :: Subscribed Member amykloes@gmail.com :: Array
(
    [status_if_new] => 1
    [merge_fields] => Array
        (
        )

)

2021-02-14T18:31:07+00:00 NOTICE member.sync :: Subscribed Member donapex@seoray.site :: Array
(
    [status_if_new] => 1
    [merge_fields] => Array
        (
        )

)

2021-02-14T18:31:17+00:00 NOTICE member.sync :: Please provide a valid email address.
2021-02-14T18:31:18+00:00 NOTICE member.sync :: emma.trail16@gmail.com has signed up to a lot of lists very recently; we're not allowing more signups for now
2021-02-14T18:31:20+00:00 NOTICE member.sync :: Subscribed Member garymusgrave54@gmail.com :: Array
(
    [status_if_new] => 1
    [merge_fields] => Array
        (
        )

)

2021-02-14T18:31:21+00:00 NOTICE member.sync :: wycliffengunga@gmail.com has signed up to a lot of lists very recently; we're not allowing more signups for now
2021-02-14T18:31:22+00:00 NOTICE member.sync :: kevindavidcondor@yahoo.it has signed up to a lot of lists very recently; we're not allowing more signups for now
2021-02-14T18:31:24+00:00 NOTICE member.sync :: Subscribed Member mari_7280@yahoo.com :: Array
(
    [status_if_new] => 1
    [merge_fields] => Array
        (
        )

)

2021-02-14T18:31:25+00:00 NOTICE member.sync :: Subscribed Member sissi8702@gmail.com :: Array
(
    [status_if_new] => 1
    [merge_fields] => Array
        (
        )

)

2021-02-14T18:31:27+00:00 NOTICE member.sync :: Subscribed Member neil1961.morrison@virginmedia.com :: Array
(
    [status_if_new] => 1
    [merge_fields] => Array
        (
        )

)

2021-02-14T18:32:18+00:00 NOTICE action_scheduler.queue_job :: MailChimp_WooCommerce_User_Submit queued :: obj_id 11604
2021-02-14T18:33:56+00:00 NOTICE action_scheduler.queue_job :: MailChimp_WooCommerce_User_Submit queued :: obj_id 11605
2021-02-14T18:41:02+00:00 NOTICE action_scheduler.queue_job :: MailChimp_WooCommerce_User_Submit queued :: obj_id 11606
2021-02-14T18:46:22+00:00 NOTICE action_scheduler.queue_job :: MailChimp_WooCommerce_User_Submit queued :: obj_id 11607
2021-02-14T18:57:05+00:00 NOTICE action_scheduler.queue_job :: MailChimp_WooCommerce_User_Submit queued :: obj_id 11608
2021-02-14T18:58:30+00:00 NOTICE action_scheduler.queue_job :: MailChimp_WooCommerce_User_Submit queued :: obj_id 11609
2021-02-14T19:00:48+00:00 NOTICE action_scheduler.queue_job :: MailChimp_WooCommerce_User_Submit queued :: obj_id 11610
2021-02-14T19:01:06+00:00 NOTICE member.sync :: brunoorleans@hotmail.com has signed up to a lot of lists very recently; we're not allowing more signups for now
2021-02-14T19:03:07+00:00 NOTICE action_scheduler.queue_job :: MailChimp_WooCommerce_User_Submit queued :: obj_id 11611
2021-02-14T19:11:53+00:00 NOTICE action_scheduler.queue_job :: MailChimp_WooCommerce_User_Submit queued :: obj_id 11612
2021-02-14T19:11:53+00:00 NOTICE action_scheduler.queue_job :: MailChimp_WooCommerce_User_Submit queued :: obj_id 11613
2021-02-14T19:20:41+00:00 NOTICE action_scheduler.queue_job :: MailChimp_WooCommerce_User_Submit queued :: obj_id 11614
2021-02-14T19:23:50+00:00 NOTICE action_scheduler.queue_job :: MailChimp_WooCommerce_User_Submit queued :: obj_id 11615
2021-02-14T19:25:23+00:00 NOTICE action_scheduler.queue_job :: MailChimp_WooCommerce_User_Submit queued :: obj_id 11616
2021-02-14T19:31:04+00:00 NOTICE member.sync :: michele.bianchi@ecoconsult.va.it has signed up to a lot of lists very recently; we're not allowing more signups for now
2021-02-14T19:31:06+00:00 NOTICE member.sync :: solomonhur@yahoo.com has signed up to a lot of lists very recently; we're not allowing more signups for now
2021-02-14T19:31:07+00:00 NOTICE member.sync :: Subscribed Member brieemik13@yahoo.com :: Array
(
    [status_if_new] => 1
    [merge_fields] => Array
        (
        )

)

2021-02-14T19:31:08+00:00 NOTICE member.sync :: Subscribed Member barrilynkaa@hotmail.com :: Array
(
    [status_if_new] => 1
    [merge_fields] => Array
        (
        )

)

2021-02-14T19:31:10+00:00 NOTICE member.sync :: Subscribed Member ncflores12@gmail.com :: Array
(
    [status_if_new] => 1
    [merge_fields] => Array
        (
        )

)

2021-02-14T19:31:11+00:00 NOTICE member.sync :: Subscribed Member wu.grace13@gmail.com :: Array
(
    [status_if_new] => 1
    [merge_fields] => Array
        (
        )

)

2021-02-14T19:31:13+00:00 NOTICE member.sync :: Subscribed Member xixijiang0325@gmail.com :: Array
(
    [status_if_new] => 1
    [merge_fields] => Array
        (
        )

)

2021-02-14T19:31:23+00:00 NOTICE member.sync :: Subscribed Member ubexubai@gmail.com :: Array
(
    [status_if_new] => 1
    [merge_fields] => Array
        (
        )

)

2021-02-14T19:31:25+00:00 NOTICE member.sync :: Subscribed Member gabejnichols@gmail.com :: Array
(
    [status_if_new] => 1
    [merge_fields] => Array
        (
        )

)

2021-02-14T19:31:26+00:00 NOTICE member.sync :: Subscribed Member danielrjolley@gmail.com :: Array
(
    [status_if_new] => 1
    [merge_fields] => Array
        (
        )

)

2021-02-14T19:37:41+00:00 NOTICE action_scheduler.queue_job :: MailChimp_WooCommerce_User_Submit queued :: obj_id 11617
2021-02-14T19:45:15+00:00 NOTICE action_scheduler.queue_job :: MailChimp_WooCommerce_User_Submit queued :: obj_id 11618
2021-02-14T19:47:20+00:00 NOTICE action_scheduler.queue_job :: MailChimp_WooCommerce_User_Submit queued :: obj_id 11619
2021-02-14T19:47:22+00:00 NOTICE action_scheduler.queue_job :: MailChimp_WooCommerce_User_Submit queued :: obj_id 11620
2021-02-14T19:49:25+00:00 NOTICE action_scheduler.queue_job :: MailChimp_WooCommerce_User_Submit queued :: obj_id 11621
2021-02-14T19:50:45+00:00 NOTICE action_scheduler.queue_job :: MailChimp_WooCommerce_User_Submit queued :: obj_id 11622
2021-02-14T19:52:03+00:00 NOTICE action_scheduler.queue_job :: MailChimp_WooCommerce_User_Submit queued :: obj_id 11623
2021-02-14T19:53:44+00:00 NOTICE action_scheduler.queue_job :: MailChimp_WooCommerce_User_Submit queued :: obj_id 11624
2021-02-14T19:57:06+00:00 NOTICE action_scheduler.queue_job :: MailChimp_WooCommerce_User_Submit queued :: obj_id 11625
2021-02-14T19:59:35+00:00 NOTICE action_scheduler.queue_job :: MailChimp_WooCommerce_User_Submit queued :: obj_id 11626
2021-02-14T20:01:06+00:00 NOTICE member.sync :: Subscribed Member latrese430@yahoo.com :: Array
(
    [status_if_new] => 1
    [merge_fields] => Array
        (
        )

)

2021-02-14T20:01:07+00:00 NOTICE member.sync :: Subscribed Member rustymelon@gmail.com :: Array
(
    [status_if_new] => 1
    [merge_fields] => Array
        (
        )

)

2021-02-14T20:01:09+00:00 NOTICE member.sync :: Subscribed Member magicangel13@comcast.net :: Array
(
    [status_if_new] => 1
    [merge_fields] => Array
        (
        )

)

2021-02-14T20:01:19+00:00 NOTICE member.sync :: officecenter.morgese@gmail.com has signed up to a lot of lists very recently; we're not allowing more signups for now
2021-02-14T20:01:21+00:00 NOTICE member.sync :: Subscribed Member mouhammadbnm@gmail.com :: Array
(
    [status_if_new] => 1
    [merge_fields] => Array
        (
        )

)

2021-02-14T20:01:22+00:00 NOTICE member.sync :: Subscribed Member prfausey@yahoo.com :: Array
(
    [status_if_new] => 1
    [merge_fields] => Array
        (
        )

)

2021-02-14T20:01:24+00:00 NOTICE member.sync :: Subscribed Member nerdz@tiscalinet.it :: Array
(
    [status_if_new] => 1
    [merge_fields] => Array
        (
        )

)

2021-02-14T20:01:25+00:00 NOTICE member.sync :: Subscribed Member lionel.cioffi@gmail.com :: Array
(
    [status_if_new] => 1
    [merge_fields] => Array
        (
        )

)

2021-02-14T20:01:27+00:00 NOTICE member.sync :: Subscribed Member mosesefredetick@gmail.com :: Array
(
    [status_if_new] => 1
    [merge_fields] => Array
        (
        )

)

2021-02-14T20:02:22+00:00 NOTICE action_scheduler.queue_job :: MailChimp_WooCommerce_User_Submit queued :: obj_id 11627
2021-02-14T20:03:48+00:00 NOTICE action_scheduler.queue_job :: MailChimp_WooCommerce_User_Submit queued :: obj_id 11628
2021-02-14T20:08:54+00:00 NOTICE action_scheduler.queue_job :: MailChimp_WooCommerce_User_Submit queued :: obj_id 11629
2021-02-14T20:12:46+00:00 NOTICE action_scheduler.queue_job :: MailChimp_WooCommerce_User_Submit queued :: obj_id 11630
2021-02-14T20:13:35+00:00 NOTICE action_scheduler.queue_job :: MailChimp_WooCommerce_User_Submit queued :: obj_id 11631
2021-02-14T20:15:03+00:00 NOTICE action_scheduler.queue_job :: MailChimp_WooCommerce_User_Submit queued :: obj_id 11632
2021-02-14T20:18:59+00:00 NOTICE action_scheduler.queue_job :: MailChimp_WooCommerce_User_Submit queued :: obj_id 11633
2021-02-14T20:19:48+00:00 NOTICE action_scheduler.queue_job :: MailChimp_WooCommerce_User_Submit queued :: obj_id 11634
2021-02-14T20:21:14+00:00 NOTICE action_scheduler.queue_job :: MailChimp_WooCommerce_User_Submit queued :: obj_id 11635
2021-02-14T20:22:26+00:00 NOTICE action_scheduler.queue_job :: MailChimp_WooCommerce_User_Submit queued :: obj_id 11636
2021-02-14T20:26:23+00:00 NOTICE action_scheduler.queue_job :: MailChimp_WooCommerce_User_Submit queued :: obj_id 11637
2021-02-14T20:28:44+00:00 NOTICE action_scheduler.queue_job :: MailChimp_WooCommerce_User_Submit queued :: obj_id 11638
2021-02-14T20:31:06+00:00 NOTICE member.sync :: Subscribed Member park.alexsander.lhs2012@gmail.com :: Array
(
    [status_if_new] => 1
    [merge_fields] => Array
        (
        )

)

2021-02-14T20:31:08+00:00 NOTICE member.sync :: Subscribed Member poanna27@gmail.com :: Array
(
    [status_if_new] => 1
    [merge_fields] => Array
        (
        )

)

2021-02-14T20:31:10+00:00 NOTICE member.sync :: Subscribed Member wpetrini@gmail.com :: Array
(
    [status_if_new] => 1
    [merge_fields] => Array
        (
        )

)

2021-02-14T20:31:11+00:00 NOTICE member.sync :: bbarnes11@comcast.net has signed up to a lot of lists very recently; we're not allowing more signups for now
2021-02-14T20:31:17+00:00 NOTICE action_scheduler.queue_job :: MailChimp_WooCommerce_User_Submit queued :: obj_id 11639
2021-02-14T20:31:22+00:00 NOTICE member.sync :: Subscribed Member zdebs28@gmail.com :: Array
(
    [status_if_new] => 1
    [merge_fields] => Array
        (
        )

)

2021-02-14T20:31:24+00:00 NOTICE member.sync :: Subscribed Member slash2223456@gmail.com :: Array
(
    [status_if_new] => 1
    [merge_fields] => Array
        (
        )

)

2021-02-14T20:31:25+00:00 NOTICE member.sync :: Subscribed Member brigitte.bourdet@laposte.net :: Array
(
    [status_if_new] => 1
    [merge_fields] => Array
        (
        )

)

2021-02-14T20:31:26+00:00 NOTICE member.sync :: Subscribed Member andrea.kees@yahoo.com :: Array
(
    [status_if_new] => 1
    [merge_fields] => Array
        (
        )

)

2021-02-14T20:38:15+00:00 NOTICE action_scheduler.queue_job :: MailChimp_WooCommerce_User_Submit queued :: obj_id 11640
2021-02-14T20:41:46+00:00 NOTICE action_scheduler.queue_job :: MailChimp_WooCommerce_User_Submit queued :: obj_id 11641
2021-02-14T20:43:43+00:00 NOTICE action_scheduler.queue_job :: MailChimp_WooCommerce_User_Submit queued :: obj_id 11642
2021-02-14T20:46:48+00:00 NOTICE action_scheduler.queue_job :: MailChimp_WooCommerce_User_Submit queued :: obj_id 11643
2021-02-14T20:48:31+00:00 NOTICE action_scheduler.queue_job :: MailChimp_WooCommerce_User_Submit queued :: obj_id 11644
2021-02-14T20:51:44+00:00 NOTICE action_scheduler.queue_job :: MailChimp_WooCommerce_User_Submit queued :: obj_id 11645
2021-02-14T20:52:39+00:00 NOTICE action_scheduler.queue_job :: MailChimp_WooCommerce_User_Submit queued :: obj_id 11646
2021-02-14T20:54:16+00:00 NOTICE action_scheduler.queue_job :: MailChimp_WooCommerce_User_Submit queued :: obj_id 11647
2021-02-14T20:56:52+00:00 NOTICE action_scheduler.queue_job :: MailChimp_WooCommerce_User_Submit queued :: obj_id 11648
2021-02-14T21:01:06+00:00 NOTICE member.sync :: Subscribed Member lindsay.charest@gmail.com :: Array
(
    [status_if_new] => 1
    [merge_fields] => Array
        (
        )

)

2021-02-14T21:01:07+00:00 NOTICE member.sync :: BERNADETTEFWALKER@GMAIL.COM has signed up to a lot of lists very recently; we're not allowing more signups for now
2021-02-14T21:01:08+00:00 NOTICE member.sync :: Subscribed Member agronomobernardi@gmail.com :: Array
(
    [status_if_new] => 1
    [merge_fields] => Array
        (
        )

)

2021-02-14T21:01:10+00:00 NOTICE member.sync :: Subscribed Member dinkinsr404@gmail.com :: Array
(
    [status_if_new] => 1
    [merge_fields] => Array
        (
        )

)

2021-02-14T21:01:11+00:00 NOTICE member.sync :: BEVERELYFLINTON@YAHOO.COM has signed up to a lot of lists very recently; we're not allowing more signups for now
2021-02-14T21:01:12+00:00 NOTICE member.sync :: Subscribed Member derpyturtlelam@gmail.com :: Array
(
    [status_if_new] => 1
    [merge_fields] => Array
        (
        )

)

2021-02-14T21:01:14+00:00 NOTICE member.sync :: Subscribed Member jmkelly618@gmail.com :: Array
(
    [status_if_new] => 1
    [merge_fields] => Array
        (
        )

)

2021-02-14T21:01:15+00:00 NOTICE member.sync :: Subscribed Member llpence2@gmail.com :: Array
(
    [status_if_new] => 1
    [merge_fields] => Array
        (
        )

)

2021-02-14T21:01:17+00:00 NOTICE member.sync :: Subscribed Member mdugan100@yahoo.com :: Array
(
    [status_if_new] => 1
    [merge_fields] => Array
        (
        )

)

2021-02-14T21:08:35+00:00 NOTICE action_scheduler.queue_job :: MailChimp_WooCommerce_User_Submit queued :: obj_id 11649
2021-02-14T21:10:03+00:00 NOTICE action_scheduler.queue_job :: MailChimp_WooCommerce_User_Submit queued :: obj_id 11650
2021-02-14T21:10:24+00:00 NOTICE action_scheduler.queue_job :: MailChimp_WooCommerce_User_Submit queued :: obj_id 11651
2021-02-14T21:18:57+00:00 NOTICE action_scheduler.queue_job :: MailChimp_WooCommerce_User_Submit queued :: obj_id 11652
2021-02-14T21:26:16+00:00 NOTICE action_scheduler.queue_job :: MailChimp_WooCommerce_User_Submit queued :: obj_id 11653
2021-02-14T21:26:20+00:00 NOTICE action_scheduler.queue_job :: MailChimp_WooCommerce_User_Submit queued :: obj_id 11654
2021-02-14T21:27:59+00:00 NOTICE action_scheduler.queue_job :: MailChimp_WooCommerce_User_Submit queued :: obj_id 11655
2021-02-14T21:30:17+00:00 NOTICE action_scheduler.queue_job :: MailChimp_WooCommerce_User_Submit queued :: obj_id 11656
2021-02-14T21:31:07+00:00 NOTICE member.sync :: Subscribed Member john_hellinghausen@tachen.com :: Array
(
    [status_if_new] => 1
    [merge_fields] => Array
        (
        )

)

2021-02-14T21:31:08+00:00 NOTICE member.sync :: susan.marie.cashero@us.army.mil has signed up to a lot of lists very recently; we're not allowing more signups for now
2021-02-14T21:31:09+00:00 NOTICE member.sync :: Subscribed Member cris18672@gmail.com :: Array
(
    [status_if_new] => 1
    [merge_fields] => Array
        (
        )

)

2021-02-14T21:31:11+00:00 NOTICE member.sync :: Subscribed Member will1875@pnw.edu :: Array
(
    [status_if_new] => 1
    [merge_fields] => Array
        (
        )

)

2021-02-14T21:31:12+00:00 NOTICE member.sync :: Subscribed Member dwayneewilliams@yahoo.com :: Array
(
    [status_if_new] => 1
    [merge_fields] => Array
        (
        )

)

2021-02-14T21:31:13+00:00 NOTICE member.sync :: Subscribed Member javiergaraycruz@gmail.com :: Array
(
    [status_if_new] => 1
    [merge_fields] => Array
        (
        )

)

2021-02-14T21:31:15+00:00 NOTICE member.sync :: Subscribed Member sbossgolf@aol.com :: Array
(
    [status_if_new] => 1
    [merge_fields] => Array
        (
        )

)

2021-02-14T21:31:16+00:00 NOTICE member.sync :: Subscribed Member murphyb458@gmail.com :: Array
(
    [status_if_new] => 1
    [merge_fields] => Array
        (
        )

)

2021-02-14T21:31:18+00:00 NOTICE member.sync :: Subscribed Member brian.goens@gmail.com :: Array
(
    [status_if_new] => 1
    [merge_fields] => Array
        (
        )

)

2021-02-14T21:34:54+00:00 NOTICE action_scheduler.queue_job :: MailChimp_WooCommerce_User_Submit queued :: obj_id 11657
2021-02-14T21:47:04+00:00 NOTICE action_scheduler.queue_job :: MailChimp_WooCommerce_User_Submit queued :: obj_id 11658
2021-02-14T21:51:23+00:00 NOTICE action_scheduler.queue_job :: MailChimp_WooCommerce_User_Submit queued :: obj_id 11659
2021-02-14T21:52:55+00:00 NOTICE action_scheduler.queue_job :: MailChimp_WooCommerce_User_Submit queued :: obj_id 11660
2021-02-14T21:53:50+00:00 NOTICE action_scheduler.queue_job :: MailChimp_WooCommerce_User_Submit queued :: obj_id 11661
2021-02-14T21:58:57+00:00 NOTICE action_scheduler.queue_job :: MailChimp_WooCommerce_User_Submit queued :: obj_id 11662
2021-02-14T22:01:06+00:00 NOTICE member.sync :: Subscribed Member missy.blocker@gmail.com :: Array
(
    [status_if_new] => 1
    [merge_fields] => Array
        (
        )

)

2021-02-14T22:01:07+00:00 NOTICE member.sync :: JBMICKEYFANS52@GMAIL.COM has signed up to a lot of lists very recently; we're not allowing more signups for now
2021-02-14T22:01:09+00:00 NOTICE member.sync :: Subscribed Member limegreenloser@hotmail.com :: Array
(
    [status_if_new] => 1
    [merge_fields] => Array
        (
        )

)

2021-02-14T22:01:10+00:00 NOTICE member.sync :: Subscribed Member djspencer1986@gmail.com :: Array
(
    [status_if_new] => 1
    [merge_fields] => Array
        (
        )

)

2021-02-14T22:01:11+00:00 NOTICE member.sync :: Subscribed Member 1missmara@gmail.com :: Array
(
    [status_if_new] => 1
    [merge_fields] => Array
        (
        )

)

2021-02-14T22:01:13+00:00 NOTICE member.sync :: Subscribed Member scottjherman@gmail.com :: Array
(
    [status_if_new] => 1
    [merge_fields] => Array
        (
        )

)

2021-02-14T22:01:14+00:00 NOTICE member.sync :: Subscribed Member Kjsch9@aol.com :: Array
(
    [status_if_new] => 1
    [merge_fields] => Array
        (
        )

)

2021-02-14T22:01:16+00:00 NOTICE member.sync :: Subscribed Member slickwatts@netzero.net :: Array
(
    [status_if_new] => 1
    [merge_fields] => Array
        (
        )

)

2021-02-14T22:01:27+00:00 NOTICE member.sync :: Subscribed Member karengray977@bellsouth.net :: Array
(
    [status_if_new] => 1
    [merge_fields] => Array
        (
        )

)

2021-02-14T22:01:57+00:00 NOTICE action_scheduler.queue_job :: MailChimp_WooCommerce_User_Submit queued :: obj_id 11663
2021-02-14T22:06:07+00:00 NOTICE action_scheduler.queue_job :: MailChimp_WooCommerce_User_Submit queued :: obj_id 11664
2021-02-14T22:08:49+00:00 NOTICE action_scheduler.queue_job :: MailChimp_WooCommerce_User_Submit queued :: obj_id 11665
2021-02-14T22:13:28+00:00 NOTICE action_scheduler.queue_job :: MailChimp_WooCommerce_User_Submit queued :: obj_id 11666
2021-02-14T22:13:48+00:00 NOTICE action_scheduler.queue_job :: MailChimp_WooCommerce_User_Submit queued :: obj_id 11667
2021-02-14T22:26:14+00:00 NOTICE action_scheduler.queue_job :: MailChimp_WooCommerce_User_Submit queued :: obj_id 11668
2021-02-14T22:31:05+00:00 NOTICE member.sync :: Subscribed Member luv2ump@aol.com :: Array
(
    [status_if_new] => 1
    [merge_fields] => Array
        (
        )

)

2021-02-14T22:31:07+00:00 NOTICE member.sync :: Subscribed Member shawniedoyle@gmail.com :: Array
(
    [status_if_new] => 1
    [merge_fields] => Array
        (
        )

)

2021-02-14T22:31:08+00:00 NOTICE member.sync :: Subscribed Member myungjinho69@gmail.com :: Array
(
    [status_if_new] => 1
    [merge_fields] => Array
        (
        )

)

2021-02-14T22:31:10+00:00 NOTICE member.sync :: Subscribed Member tshadde@yahoo.com :: Array
(
    [status_if_new] => 1
    [merge_fields] => Array
        (
        )

)

2021-02-14T22:31:11+00:00 NOTICE member.sync :: Subscribed Member airlibby@aol.com :: Array
(
    [status_if_new] => 1
    [merge_fields] => Array
        (
        )

)

2021-02-14T22:40:31+00:00 NOTICE action_scheduler.queue_job :: MailChimp_WooCommerce_User_Submit queued :: obj_id 11669
2021-02-14T22:45:45+00:00 NOTICE action_scheduler.queue_job :: MailChimp_WooCommerce_User_Submit queued :: obj_id 11670
2021-02-14T22:51:13+00:00 NOTICE action_scheduler.queue_job :: MailChimp_WooCommerce_User_Submit queued :: obj_id 11671
2021-02-14T22:54:55+00:00 NOTICE action_scheduler.queue_job :: MailChimp_WooCommerce_User_Submit queued :: obj_id 11672
2021-02-14T22:55:48+00:00 NOTICE action_scheduler.queue_job :: MailChimp_WooCommerce_User_Submit queued :: obj_id 11673
2021-02-14T22:58:53+00:00 NOTICE action_scheduler.queue_job :: MailChimp_WooCommerce_User_Submit queued :: obj_id 11674
2021-02-14T23:01:07+00:00 NOTICE member.sync :: Subscribed Member mackenziedressler@yahoo.com :: Array
(
    [status_if_new] => 1
    [merge_fields] => Array
        (
        )

)

2021-02-14T23:01:08+00:00 NOTICE member.sync :: Subscribed Member djjones0813@gmail.com :: Array
(
    [status_if_new] => 1
    [merge_fields] => Array
        (
        )

)

2021-02-14T23:01:09+00:00 NOTICE member.sync :: Subscribed Member k_hoshan@yahoo.com :: Array
(
    [status_if_new] => 1
    [merge_fields] => Array
        (
        )

)

2021-02-14T23:01:11+00:00 NOTICE member.sync :: Subscribed Member okpcs@icloud.com :: Array
(
    [status_if_new] => 1
    [merge_fields] => Array
        (
        )

)

2021-02-14T23:01:12+00:00 NOTICE member.sync :: Subscribed Member latanyamjaxs@gmail.com :: Array
(
    [status_if_new] => 1
    [merge_fields] => Array
        (
        )

)

2021-02-14T23:01:14+00:00 NOTICE member.sync :: Subscribed Member mnunley1019@gmail.com :: Array
(
    [status_if_new] => 1
    [merge_fields] => Array
        (
        )

)

2021-02-14T23:01:25+00:00 NOTICE member.sync :: Subscribed Member audrey_chavis@yahoo.com :: Array
(
    [status_if_new] => 1
    [merge_fields] => Array
        (
        )

)

2021-02-14T23:01:27+00:00 NOTICE member.sync :: Subscribed Member heathtetrault@gmail.com :: Array
(
    [status_if_new] => 1
    [merge_fields] => Array
        (
        )

)

2021-02-14T23:05:18+00:00 NOTICE action_scheduler.queue_job :: MailChimp_WooCommerce_User_Submit queued :: obj_id 11675
2021-02-14T23:07:14+00:00 NOTICE action_scheduler.queue_job :: MailChimp_WooCommerce_User_Submit queued :: obj_id 11676
2021-02-14T23:09:00+00:00 NOTICE action_scheduler.queue_job :: MailChimp_WooCommerce_User_Submit queued :: obj_id 11677
2021-02-14T23:15:24+00:00 NOTICE action_scheduler.queue_job :: MailChimp_WooCommerce_User_Submit queued :: obj_id 11678
2021-02-14T23:20:08+00:00 NOTICE action_scheduler.queue_job :: MailChimp_WooCommerce_User_Submit queued :: obj_id 11679
2021-02-14T23:25:19+00:00 NOTICE action_scheduler.queue_job :: MailChimp_WooCommerce_User_Submit queued :: obj_id 11680
2021-02-14T23:31:05+00:00 NOTICE member.sync :: Subscribed Member ocaris77@gmail.com :: Array
(
    [status_if_new] => 1
    [merge_fields] => Array
        (
        )

)

2021-02-14T23:31:07+00:00 NOTICE member.sync :: Subscribed Member clrydin@hotmail.com :: Array
(
    [status_if_new] => 1
    [merge_fields] => Array
        (
        )

)

2021-02-14T23:31:08+00:00 NOTICE member.sync :: Subscribed Member mackreese93@gmail.com :: Array
(
    [status_if_new] => 1
    [merge_fields] => Array
        (
        )

)

2021-02-14T23:31:09+00:00 NOTICE member.sync :: Subscribed Member aliciamoreland41@yahoo.com :: Array
(
    [status_if_new] => 1
    [merge_fields] => Array
        (
        )

)

2021-02-14T23:31:21+00:00 NOTICE member.sync :: Subscribed Member jordynyoung803@gmail.com :: Array
(
    [status_if_new] => 1
    [merge_fields] => Array
        (
        )

)

2021-02-14T23:31:22+00:00 NOTICE member.sync :: Subscribed Member stevefall2004@yahoo.com :: Array
(
    [status_if_new] => 1
    [merge_fields] => Array
        (
        )

)

2021-02-14T23:31:23+00:00 NOTICE member.sync :: Subscribed Member midnightr25@gmail.com :: Array
(
    [status_if_new] => 1
    [merge_fields] => Array
        (
        )

)

2021-02-14T23:31:25+00:00 NOTICE member.sync :: Subscribed Member jack.kaiser@gmail.com :: Array
(
    [status_if_new] => 1
    [merge_fields] => Array
        (
        )

)

2021-02-14T23:33:41+00:00 NOTICE action_scheduler.queue_job :: MailChimp_WooCommerce_User_Submit queued :: obj_id 11681
2021-02-14T23:40:45+00:00 NOTICE action_scheduler.queue_job :: MailChimp_WooCommerce_User_Submit queued :: obj_id 11682
2021-02-14T23:51:23+00:00 NOTICE action_scheduler.queue_job :: MailChimp_WooCommerce_User_Submit queued :: obj_id 11683
2021-02-14T23:52:31+00:00 NOTICE action_scheduler.queue_job :: MailChimp_WooCommerce_User_Submit queued :: obj_id 11684
2021-02-14T23:57:01+00:00 NOTICE action_scheduler.queue_job :: MailChimp_WooCommerce_User_Submit queued :: obj_id 11685
2021-02-14T23:59:59+00:00 NOTICE action_scheduler.queue_job :: MailChimp_WooCommerce_User_Submit queued :: obj_id 11686
