2021-02-08T02:44:16+00:00 NOTICE action_scheduler.queue_job :: MailChimp_WooCommerce_Cart_Update queued :: obj_id 3a15c3dfea420e8f22f9a93ef8600ef9
2021-02-08T02:44:47+00:00 NOTICE abandoned_cart.success :: email: reza.fitri@hotmail.com :: checkout_url: https://warmwishesflorist.com/checkout/?mc_cart_id=3a15c3dfea420e8f22f9a93ef8600ef9
2021-02-08T02:44:47+00:00 NOTICE cart.member.updated :: Updated reza.fitri@hotmail.com subscriber status to transactional and language to en
2021-02-08T02:45:20+00:00 NOTICE action_scheduler.queue_job :: MailChimp_WooCommerce_Cart_Update queued :: obj_id e3e12c3e7b0f95b6e3010ff35b93f7c9
2021-02-08T02:49:03+00:00 NOTICE abandoned_cart.success :: email: alagu611@gmail.com :: checkout_url: https://warmwishesflorist.com/checkout/?mc_cart_id=e3e12c3e7b0f95b6e3010ff35b93f7c9
2021-02-08T02:49:04+00:00 NOTICE cart.member.updated :: Updated alagu611@gmail.com subscriber status to transactional and language to en
2021-02-08T02:50:53+00:00 NOTICE action_scheduler.queue_job :: MailChimp_WooCommerce_Single_Order starts in 90 seconds :: obj_id 23304
2021-02-08T02:51:07+00:00 NOTICE action_scheduler.queue_job :: MailChimp_WooCommerce_Single_Order starts in 90 seconds :: obj_id 23305
2021-02-08T02:52:53+00:00 NOTICE debug :: Order ID 23305 was pending and is now processing :: Array
(
    [new_order] => 1
    [tracking] => Array
        (
            [campaign_id] => 
            [landing_site] => https://warmwishesflorist.com/?wc-api=WC_Molpay_Gateway
        )

)

2021-02-08T02:52:53+00:00 NOTICE action_scheduler.queue_job :: MailChimp_WooCommerce_User_Submit queued :: obj_id 11366
2021-02-08T02:52:57+00:00 NOTICE debug :: Order ID 23304 was pending and is now processing :: Array
(
    [new_order] => 1
    [tracking] => Array
        (
            [campaign_id] => 
            [landing_site] => https://warmwishesflorist.com/product/leonie-preserved-in-glass-dome/?attribute_options=Pink+Theme&utm_source=IGShopping&utm_medium=Social
        )

)

2021-02-08T02:57:35+00:00 NOTICE order.member.updated :: Updated reza.fitri@hotmail.com subscriber status to transactional and language to en
2021-02-08T02:57:35+00:00 NOTICE order_submit.success :: addStoreOrder :: #23304 :: email: reza.fitri@hotmail.com :: landing site https://warmwishesflorist.com/product/leonie-preserved-in-glass-dome/?attribute_options=Pink+Theme&utm_source=IGShopping&utm_medium=Social :: abandoned cart deleted [3a15c3dfea420e8f22f9a93ef8600ef9]
2021-02-08T02:57:38+00:00 NOTICE order.member.updated :: Updated alagu611@gmail.com subscriber status to subscribed and language to en
2021-02-08T02:57:38+00:00 NOTICE order_submit.success :: addStoreOrder :: #23305 :: email: alagu611@gmail.com :: landing site https://warmwishesflorist.com/?wc-ajax=get_refreshed_fragments :: abandoned cart deleted [e3e12c3e7b0f95b6e3010ff35b93f7c9]
2021-02-08T02:57:40+00:00 NOTICE member.sync :: Updated Member alagu611@gmail.com ( merge fields only ) :: Array
(
    [merge_fields] => Array
        (
            [FNAME] => Alagu
            [LNAME] => S
        )

)

2021-02-08T03:46:50+00:00 NOTICE action_scheduler.queue_job :: MailChimp_WooCommerce_Cart_Update queued :: obj_id ecc4188afecdc3f075a6285f2abaa510
2021-02-08T03:46:54+00:00 NOTICE abandoned_cart.success :: email: elean_92@hotmail.com :: checkout_url: https://warmwishesflorist.com/checkout/?mc_cart_id=ecc4188afecdc3f075a6285f2abaa510
2021-02-08T03:46:55+00:00 NOTICE cart.member.updated :: Updated elean_92@hotmail.com subscriber status to transactional and language to en
2021-02-08T03:59:52+00:00 NOTICE action_scheduler.queue_job :: MailChimp_WooCommerce_Cart_Update queued :: obj_id d315832f25f7419c7c86b6f120073032
2021-02-08T03:59:56+00:00 NOTICE abandoned_cart.success :: email: keith.yang94@gmail.com :: checkout_url: https://warmwishesflorist.com/checkout/?mc_cart_id=d315832f25f7419c7c86b6f120073032
2021-02-08T03:59:57+00:00 NOTICE cart.member.updated :: Updated keith.yang94@gmail.com subscriber status to transactional and language to en
2021-02-08T04:14:41+00:00 NOTICE action_scheduler.queue_job :: MailChimp_WooCommerce_Cart_Update queued :: obj_id d315832f25f7419c7c86b6f120073032
2021-02-08T04:15:24+00:00 NOTICE abandoned_cart.success :: email: keith.yang94@gmail.com :: checkout_url: https://warmwishesflorist.com/checkout/?mc_cart_id=d315832f25f7419c7c86b6f120073032
2021-02-08T04:18:17+00:00 NOTICE ac.cart_swap :: Deleted cart [keith.yang94@gmail.com] :: ID [d315832f25f7419c7c86b6f120073032]
2021-02-08T04:19:21+00:00 NOTICE action_scheduler.queue_job :: MailChimp_WooCommerce_Cart_Update queued :: obj_id 20ea41ba9f0a06ff2dcdf92bd477a8a4
2021-02-08T04:20:20+00:00 NOTICE abandoned_cart.success :: email: keith_chew@hotmail.com :: checkout_url: https://warmwishesflorist.com/checkout/?mc_cart_id=20ea41ba9f0a06ff2dcdf92bd477a8a4
2021-02-08T04:20:21+00:00 NOTICE cart.member.updated :: Updated keith_chew@hotmail.com subscriber status to transactional and language to en
2021-02-08T04:21:40+00:00 NOTICE action_scheduler.queue_job :: MailChimp_WooCommerce_User_Submit queued :: obj_id 11370
2021-02-08T04:21:58+00:00 NOTICE action_scheduler.queue_job :: MailChimp_WooCommerce_Single_Order starts in 90 seconds :: obj_id 23306
2021-02-08T04:23:21+00:00 NOTICE debug :: Order ID 23306 was pending and is now processing :: Array
(
    [new_order] => 1
    [tracking] => Array
        (
            [campaign_id] => 
            [landing_site] => https://warmwishesflorist.com/?wc-api=WC_Molpay_Gateway
        )

)

2021-02-08T04:24:18+00:00 NOTICE member.sync :: semeneremeev.905@mail.ru has signed up to a lot of lists very recently; we're not allowing more signups for now
2021-02-08T04:25:40+00:00 NOTICE order.member.updated :: Updated keith_chew@hotmail.com subscriber status to transactional and language to en
2021-02-08T04:25:40+00:00 NOTICE order_submit.success :: addStoreOrder :: #23306 :: email: keith_chew@hotmail.com :: landing site https://warmwishesflorist.com/product-category/valentines-day/ :: abandoned cart deleted [20ea41ba9f0a06ff2dcdf92bd477a8a4]
2021-02-08T04:32:49+00:00 NOTICE action_scheduler.queue_job :: MailChimp_WooCommerce_Cart_Update queued :: obj_id 0bfcdbc1557bf7515d20aaf1ca2e7a47
2021-02-08T04:32:51+00:00 NOTICE action_scheduler.queue_job :: MailChimp_WooCommerce_User_Submit queued :: obj_id 11371
2021-02-08T04:32:52+00:00 NOTICE abandoned_cart.success :: email: azammr@gmail.com :: checkout_url: https://warmwishesflorist.com/checkout/?mc_cart_id=0bfcdbc1557bf7515d20aaf1ca2e7a47
2021-02-08T04:32:52+00:00 NOTICE cart.member.updated :: Updated azammr@gmail.com subscriber status to transactional and language to en
2021-02-08T04:32:54+00:00 NOTICE member.sync :: Updated Member azammr@gmail.com :: Array
(
    [previous_status] => transactional
    [status] => 1
    [merge_fields] => Array
        (
        )

)

2021-02-08T04:35:50+00:00 NOTICE action_scheduler.queue_job :: MailChimp_WooCommerce_Cart_Update queued :: obj_id 0bfcdbc1557bf7515d20aaf1ca2e7a47
2021-02-08T04:37:18+00:00 NOTICE abandoned_cart.success :: email: azammr@gmail.com :: checkout_url: https://warmwishesflorist.com/checkout/?mc_cart_id=0bfcdbc1557bf7515d20aaf1ca2e7a47
2021-02-08T04:48:03+00:00 NOTICE action_scheduler.queue_job :: MailChimp_WooCommerce_User_Submit queued :: obj_id 11371
2021-02-08T04:48:55+00:00 NOTICE member.sync :: Updated Member azammr@gmail.com ( merge fields only ) :: Array
(
    [merge_fields] => Array
        (
            [FNAME] => nor
            [LNAME] => Azam
        )

)

2021-02-08T04:52:31+00:00 NOTICE action_scheduler.queue_job :: MailChimp_WooCommerce_Cart_Update queued :: obj_id 0bfcdbc1557bf7515d20aaf1ca2e7a47
2021-02-08T04:52:33+00:00 NOTICE abandoned_cart.success :: email: azammr@gmail.com :: checkout_url: https://warmwishesflorist.com/checkout/?mc_cart_id=0bfcdbc1557bf7515d20aaf1ca2e7a47
2021-02-08T04:53:13+00:00 NOTICE action_scheduler.queue_job :: MailChimp_WooCommerce_User_Submit queued :: obj_id 11371
2021-02-08T04:53:13+00:00 NOTICE action_scheduler.queue_job :: MailChimp_WooCommerce_Single_Order starts in 90 seconds :: obj_id 23307
2021-02-08T04:54:31+00:00 NOTICE member.sync :: Updated Member azammr@gmail.com ( merge fields only ) :: Array
(
    [merge_fields] => Array
        (
            [FNAME] => nor
            [LNAME] => Azam
        )

)

2021-02-08T04:55:31+00:00 NOTICE debug :: Order ID 23307 was pending and is now processing :: Array
(
    [new_order] => 1
    [tracking] => Array
        (
            [campaign_id] => 
            [landing_site] => https://warmwishesflorist.com/product-category/valentines-day/
        )

)

2021-02-08T04:55:31+00:00 NOTICE action_scheduler.queue_job :: MailChimp_WooCommerce_User_Submit queued :: obj_id 11371
2021-02-08T04:56:31+00:00 NOTICE member.sync :: Updated Member azammr@gmail.com ( merge fields only ) :: Array
(
    [merge_fields] => Array
        (
            [FNAME] => nor
            [LNAME] => Azam
        )

)

2021-02-08T04:58:34+00:00 NOTICE order.member.updated :: Updated azammr@gmail.com subscriber status to subscribed and language to en
2021-02-08T04:58:34+00:00 NOTICE order_submit.success :: addStoreOrder :: #23307 :: email: azammr@gmail.com :: landing site https://warmwishesflorist.com/product-category/valentines-day/ :: abandoned cart deleted [0bfcdbc1557bf7515d20aaf1ca2e7a47]
2021-02-08T05:32:57+00:00 NOTICE action_scheduler.queue_job :: MailChimp_WooCommerce_Cart_Update queued :: obj_id 3354f8a23c7b7fbd4a394e8e907daa6d
2021-02-08T05:34:36+00:00 NOTICE abandoned_cart.success :: email: choonheng507@gmail.com :: checkout_url: https://warmwishesflorist.com/checkout/?mc_cart_id=3354f8a23c7b7fbd4a394e8e907daa6d
2021-02-08T05:34:37+00:00 NOTICE cart.member.updated :: Updated choonheng507@gmail.com subscriber status to subscribed and language to en
2021-02-08T05:36:03+00:00 NOTICE action_scheduler.queue_job :: MailChimp_WooCommerce_Cart_Update queued :: obj_id 3354f8a23c7b7fbd4a394e8e907daa6d
2021-02-08T05:36:07+00:00 NOTICE abandoned_cart.success :: email: choonheng507@gmail.com :: checkout_url: https://warmwishesflorist.com/checkout/?mc_cart_id=3354f8a23c7b7fbd4a394e8e907daa6d
2021-02-08T05:48:32+00:00 NOTICE action_scheduler.queue_job :: MailChimp_WooCommerce_Single_Order starts in 90 seconds :: obj_id 23308
2021-02-08T05:51:24+00:00 NOTICE order_sumbit :: #23308 has a financial status of pending and was skipped.
2021-02-08T05:51:48+00:00 NOTICE action_scheduler.queue_job :: MailChimp_WooCommerce_Single_Order starts in 90 seconds :: obj_id 23308
2021-02-08T05:51:49+00:00 NOTICE debug :: Order ID 23308 was pending and is now processing :: Array
(
    [new_order] => 1
    [tracking] => Array
        (
            [campaign_id] => 
            [landing_site] => https://warmwishesflorist.com/?wc-api=WC_Molpay_Gateway
        )

)

2021-02-08T05:55:19+00:00 NOTICE action_scheduler.queue_job :: MailChimp_WooCommerce_Cart_Update queued :: obj_id f210f228044e1173f780d72279be0c39
2021-02-08T05:55:25+00:00 NOTICE order.member.updated :: Updated choonheng507@gmail.com subscriber status to subscribed and language to 
2021-02-08T05:55:25+00:00 NOTICE order_submit.success :: addStoreOrder :: #23308 :: email: choonheng507@gmail.com :: landing site https://warmwishesflorist.com/?wc-api=WC_Molpay_Gateway :: abandoned cart deleted [3354f8a23c7b7fbd4a394e8e907daa6d]
2021-02-08T05:55:26+00:00 NOTICE abandoned_cart.success :: email: leanne.auyeong@dhl.com :: checkout_url: https://warmwishesflorist.com/checkout/?mc_cart_id=f210f228044e1173f780d72279be0c39
2021-02-08T05:55:27+00:00 NOTICE cart.member.updated :: Updated leanne.auyeong@dhl.com subscriber status to transactional and language to en
2021-02-08T06:01:54+00:00 NOTICE action_scheduler.queue_job :: MailChimp_WooCommerce_Single_Order starts in 90 seconds :: obj_id 23309
2021-02-08T06:04:06+00:00 NOTICE debug :: Order ID 23309 was pending and is now processing :: Array
(
    [new_order] => 1
    [tracking] => Array
        (
            [campaign_id] => 
            [landing_site] => https://warmwishesflorist.com/wp-admin/admin-ajax.php
        )

)

2021-02-08T06:06:08+00:00 NOTICE order.member.updated :: Updated leanne.auyeong@dhl.com subscriber status to subscribed and language to en
2021-02-08T06:06:08+00:00 NOTICE order_submit.success :: addStoreOrder :: #23309 :: email: leanne.auyeong@dhl.com :: landing site https://warmwishesflorist.com/wp-admin/admin-ajax.php :: abandoned cart deleted [f210f228044e1173f780d72279be0c39]
2021-02-08T08:14:29+00:00 NOTICE action_scheduler.queue_job :: MailChimp_WooCommerce_Cart_Update queued :: obj_id 7c08d3ffff1eb661df606656620c3297
2021-02-08T08:14:31+00:00 NOTICE abandoned_cart.success :: email: nickedh91@gmail.com :: checkout_url: https://warmwishesflorist.com/checkout/?mc_cart_id=7c08d3ffff1eb661df606656620c3297
2021-02-08T08:14:32+00:00 NOTICE cart.member.updated :: Updated nickedh91@gmail.com subscriber status to transactional and language to en
2021-02-08T08:14:42+00:00 NOTICE action_scheduler.queue_job :: MailChimp_WooCommerce_Cart_Update queued :: obj_id 7c08d3ffff1eb661df606656620c3297
2021-02-08T08:16:26+00:00 NOTICE abandoned_cart.success :: email: nickedh91@gmail.com :: checkout_url: https://warmwishesflorist.com/checkout/?mc_cart_id=7c08d3ffff1eb661df606656620c3297
2021-02-08T08:16:45+00:00 NOTICE action_scheduler.queue_job :: MailChimp_WooCommerce_Cart_Update queued :: obj_id 7c08d3ffff1eb661df606656620c3297
2021-02-08T08:18:33+00:00 NOTICE abandoned_cart.success :: email: nickedh91@gmail.com :: checkout_url: https://warmwishesflorist.com/checkout/?mc_cart_id=7c08d3ffff1eb661df606656620c3297
2021-02-08T08:18:44+00:00 NOTICE action_scheduler.queue_job :: MailChimp_WooCommerce_Cart_Update queued :: obj_id 7c08d3ffff1eb661df606656620c3297
2021-02-08T08:19:00+00:00 NOTICE action_scheduler.queue_job :: MailChimp_WooCommerce_User_Submit queued :: obj_id 8289
2021-02-08T08:20:27+00:00 NOTICE member.sync :: Updated Member nickedh91@gmail.com :: Array
(
    [previous_status] => transactional
    [status] => 1
    [merge_fields] => Array
        (
            [FNAME] => Chung
            [LNAME] => Szu fhan
        )

)

2021-02-08T08:20:28+00:00 NOTICE abandoned_cart.success :: email: nickedh91@gmail.com :: checkout_url: https://warmwishesflorist.com/checkout/?mc_cart_id=7c08d3ffff1eb661df606656620c3297
2021-02-08T08:20:33+00:00 NOTICE action_scheduler.queue_job :: MailChimp_WooCommerce_Cart_Update queued :: obj_id 7c08d3ffff1eb661df606656620c3297
2021-02-08T08:20:36+00:00 NOTICE abandoned_cart.success :: email: nickedh91@gmail.com :: checkout_url: https://warmwishesflorist.com/checkout/?mc_cart_id=7c08d3ffff1eb661df606656620c3297
2021-02-08T08:26:40+00:00 NOTICE action_scheduler.queue_job :: MailChimp_WooCommerce_User_Submit queued :: obj_id 8289
2021-02-08T08:26:40+00:00 NOTICE action_scheduler.queue_job :: MailChimp_WooCommerce_Single_Order starts in 90 seconds :: obj_id 23310
2021-02-08T08:28:14+00:00 NOTICE debug :: Order ID 23310 was pending and is now processing :: Array
(
    [new_order] => 1
    [tracking] => Array
        (
            [campaign_id] => 
            [landing_site] => https://warmwishesflorist.com/?wc-api=WC_Molpay_Gateway
        )

)

2021-02-08T08:31:05+00:00 NOTICE member.sync :: Updated Member nickedh91@gmail.com ( merge fields only ) :: Array
(
    [merge_fields] => Array
        (
            [FNAME] => Chung
            [LNAME] => Szu fhan
        )

)

2021-02-08T08:31:09+00:00 NOTICE order.member.updated :: Updated nickedh91@gmail.com subscriber status to subscribed and language to en
2021-02-08T08:31:09+00:00 NOTICE order_submit.success :: addStoreOrder :: #23310 :: email: nickedh91@gmail.com :: landing site https://warmwishesflorist.com/ :: abandoned cart deleted [7c08d3ffff1eb661df606656620c3297]
2021-02-08T08:52:55+00:00 NOTICE action_scheduler.queue_job :: MailChimp_WooCommerce_Cart_Update queued :: obj_id b1540c304a26865f9bd76f4ffb7c4471
2021-02-08T08:52:58+00:00 NOTICE abandoned_cart.success :: email: shennie_yyl@hotmail.com :: checkout_url: https://warmwishesflorist.com/checkout/?mc_cart_id=b1540c304a26865f9bd76f4ffb7c4471
2021-02-08T08:52:59+00:00 NOTICE cart.member.updated :: Updated shennie_yyl@hotmail.com subscriber status to transactional and language to en
2021-02-08T09:00:04+00:00 NOTICE action_scheduler.queue_job :: MailChimp_WooCommerce_Cart_Update queued :: obj_id ae54c07b354334724558769f0c5b95de
2021-02-08T09:00:09+00:00 NOTICE abandoned_cart.success :: email: babyeilee@hotmail.com :: checkout_url: https://warmwishesflorist.com/checkout/?mc_cart_id=ae54c07b354334724558769f0c5b95de
2021-02-08T09:00:10+00:00 NOTICE cart.member.updated :: Updated babyeilee@hotmail.com subscriber status to transactional and language to en
2021-02-08T09:00:46+00:00 NOTICE action_scheduler.queue_job :: MailChimp_WooCommerce_Cart_Update queued :: obj_id ae54c07b354334724558769f0c5b95de
2021-02-08T09:01:05+00:00 NOTICE abandoned_cart.success :: email: babyeilee@hotmail.com :: checkout_url: https://warmwishesflorist.com/checkout/?mc_cart_id=ae54c07b354334724558769f0c5b95de
2021-02-08T09:06:40+00:00 NOTICE action_scheduler.queue_job :: MailChimp_WooCommerce_Cart_Update queued :: obj_id ae54c07b354334724558769f0c5b95de
2021-02-08T09:12:10+00:00 NOTICE abandoned_cart.success :: email: babyeilee@hotmail.com :: checkout_url: https://warmwishesflorist.com/checkout/?mc_cart_id=ae54c07b354334724558769f0c5b95de
2021-02-08T09:13:08+00:00 NOTICE action_scheduler.queue_job :: MailChimp_WooCommerce_Cart_Update queued :: obj_id ae54c07b354334724558769f0c5b95de
2021-02-08T09:13:28+00:00 NOTICE abandoned_cart.success :: email: babyeilee@hotmail.com :: checkout_url: https://warmwishesflorist.com/checkout/?mc_cart_id=ae54c07b354334724558769f0c5b95de
2021-02-08T09:14:13+00:00 NOTICE action_scheduler.queue_job :: MailChimp_WooCommerce_Cart_Update queued :: obj_id ae54c07b354334724558769f0c5b95de
2021-02-08T09:17:58+00:00 NOTICE abandoned_cart.success :: email: babyeilee@hotmail.com :: checkout_url: https://warmwishesflorist.com/checkout/?mc_cart_id=ae54c07b354334724558769f0c5b95de
2021-02-08T09:36:58+00:00 NOTICE action_scheduler.queue_job :: MailChimp_WooCommerce_Cart_Update queued :: obj_id 5e720b504657409e0b53e8ba128c2210
2021-02-08T09:37:01+00:00 NOTICE abandoned_cart.success :: email: yeelurbbs23@gmail.com :: checkout_url: https://warmwishesflorist.com/checkout/?mc_cart_id=5e720b504657409e0b53e8ba128c2210
2021-02-08T09:37:01+00:00 NOTICE cart.member.updated :: Updated yeelurbbs23@gmail.com subscriber status to transactional and language to en
2021-02-08T09:47:46+00:00 NOTICE action_scheduler.queue_job :: MailChimp_WooCommerce_User_Submit queued :: obj_id 11376
2021-02-08T09:58:22+00:00 NOTICE action_scheduler.queue_job :: MailChimp_WooCommerce_Cart_Update queued :: obj_id bba7e652f100bb56da5302a91256f2a8
2021-02-08T09:58:38+00:00 NOTICE member.sync :: kydriavtsevildar354@mail.ru has signed up to a lot of lists very recently; we're not allowing more signups for now
2021-02-08T09:58:39+00:00 NOTICE abandoned_cart.success :: email: irwinyong@gmail.com :: checkout_url: https://warmwishesflorist.com/checkout/?mc_cart_id=bba7e652f100bb56da5302a91256f2a8
2021-02-08T09:58:40+00:00 NOTICE cart.member.updated :: Updated irwinyong@gmail.com subscriber status to transactional and language to en
2021-02-08T10:02:08+00:00 NOTICE action_scheduler.queue_job :: MailChimp_WooCommerce_Single_Order starts in 90 seconds :: obj_id 23311
2021-02-08T10:02:27+00:00 NOTICE action_scheduler.queue_job :: MailChimp_WooCommerce_Cart_Update queued :: obj_id ae54c07b354334724558769f0c5b95de
2021-02-08T10:04:15+00:00 NOTICE debug :: Order ID 23311 was pending and is now processing :: Array
(
    [new_order] => 1
    [tracking] => Array
        (
            [campaign_id] => 
            [landing_site] => https://warmwishesflorist.com/?wc-api=WC_Molpay_Gateway
        )

)

2021-02-08T10:05:35+00:00 NOTICE abandoned_cart.success :: email: babyeilee@hotmail.com :: checkout_url: https://warmwishesflorist.com/checkout/?mc_cart_id=ae54c07b354334724558769f0c5b95de
2021-02-08T10:05:36+00:00 NOTICE cart.member.updated :: Updated babyeilee@hotmail.com subscriber status to transactional and language to en
2021-02-08T10:12:33+00:00 NOTICE order.member.updated :: Updated irwinyong@gmail.com subscriber status to transactional and language to en
2021-02-08T10:12:33+00:00 NOTICE order_submit.success :: addStoreOrder :: #23311 :: email: irwinyong@gmail.com :: landing site https://warmwishesflorist.com/product-category/valentines-day/
2021-02-08T11:44:41+00:00 NOTICE action_scheduler.queue_job :: MailChimp_WooCommerce_Cart_Update queued :: obj_id ffd8c9bde70749f6618982c42fe4acb0
2021-02-08T11:44:50+00:00 NOTICE abandoned_cart.success :: email: nicholasshe1991@rocketmail.com :: checkout_url: https://warmwishesflorist.com/checkout/?mc_cart_id=ffd8c9bde70749f6618982c42fe4acb0
2021-02-08T11:44:50+00:00 NOTICE cart.member.updated :: Updated nicholasshe1991@rocketmail.com subscriber status to transactional and language to en
2021-02-08T11:45:32+00:00 NOTICE action_scheduler.queue_job :: MailChimp_WooCommerce_Cart_Update queued :: obj_id ffd8c9bde70749f6618982c42fe4acb0
2021-02-08T11:47:56+00:00 NOTICE abandoned_cart.success :: email: nicholasshe1991@rocketmail.com :: checkout_url: https://warmwishesflorist.com/checkout/?mc_cart_id=ffd8c9bde70749f6618982c42fe4acb0
2021-02-08T11:48:36+00:00 NOTICE action_scheduler.queue_job :: MailChimp_WooCommerce_Cart_Update queued :: obj_id ffd8c9bde70749f6618982c42fe4acb0
2021-02-08T11:48:51+00:00 NOTICE abandoned_cart.success :: email: nicholasshe1991@rocketmail.com :: checkout_url: https://warmwishesflorist.com/checkout/?mc_cart_id=ffd8c9bde70749f6618982c42fe4acb0
2021-02-08T11:48:52+00:00 NOTICE action_scheduler.queue_job :: MailChimp_WooCommerce_Cart_Update queued :: obj_id ffd8c9bde70749f6618982c42fe4acb0
2021-02-08T11:48:57+00:00 NOTICE abandoned_cart.success :: email: nicholasshe1991@rocketmail.com :: checkout_url: https://warmwishesflorist.com/checkout/?mc_cart_id=ffd8c9bde70749f6618982c42fe4acb0
2021-02-08T11:54:17+00:00 NOTICE action_scheduler.queue_job :: MailChimp_WooCommerce_Cart_Update queued :: obj_id ffd8c9bde70749f6618982c42fe4acb0
2021-02-08T11:54:24+00:00 NOTICE abandoned_cart.success :: email: nicholasshe1991@rocketmail.com :: checkout_url: https://warmwishesflorist.com/checkout/?mc_cart_id=ffd8c9bde70749f6618982c42fe4acb0
2021-02-08T12:07:49+00:00 NOTICE ac.cart_swap :: Deleted cart [nicholasshe1991@rocketmail.com] :: ID [ffd8c9bde70749f6618982c42fe4acb0]
2021-02-08T12:07:50+00:00 NOTICE action_scheduler.queue_job :: MailChimp_WooCommerce_Cart_Update queued :: obj_id 7287dd09e73744f69e1fec91033f9b21
2021-02-08T12:08:20+00:00 NOTICE abandoned_cart.success :: email: apacs2009@gmail.com :: checkout_url: https://warmwishesflorist.com/checkout/?mc_cart_id=7287dd09e73744f69e1fec91033f9b21
2021-02-08T12:08:21+00:00 NOTICE cart.member.updated :: Updated apacs2009@gmail.com subscriber status to transactional and language to en
2021-02-08T12:08:28+00:00 NOTICE ac.cart_swap :: Deleted cart [apacs2009@gmail.com] :: ID [7287dd09e73744f69e1fec91033f9b21]
2021-02-08T12:08:29+00:00 NOTICE action_scheduler.queue_job :: MailChimp_WooCommerce_Cart_Update queued :: obj_id ffd8c9bde70749f6618982c42fe4acb0
2021-02-08T12:11:58+00:00 NOTICE action_scheduler.queue_job :: MailChimp_WooCommerce_Single_Order starts in 90 seconds :: obj_id 23312
2021-02-08T12:17:58+00:00 NOTICE debug :: Order ID 23312 was pending and is now processing :: Array
(
    [new_order] => 1
    [tracking] => Array
        (
            [campaign_id] => 
            [landing_site] => https://warmwishesflorist.com/?wc-api=WC_Molpay_Gateway
        )

)

2021-02-08T12:23:36+00:00 NOTICE action_scheduler.queue_job :: MailChimp_WooCommerce_User_Submit queued :: obj_id 11378
2021-02-08T13:01:05+00:00 NOTICE member.sync :: filipprakov623@mail.ru has signed up to a lot of lists very recently; we're not allowing more signups for now
2021-02-08T13:01:11+00:00 NOTICE order.member.updated :: Updated nicholasshe1991@rocketmail.com subscriber status to subscribed and language to en
2021-02-08T13:01:11+00:00 NOTICE order_submit.success :: addStoreOrder :: #23312 :: email: nicholasshe1991@rocketmail.com :: landing site https://warmwishesflorist.com/
2021-02-08T13:01:12+00:00 NOTICE abandoned_cart.success :: email: nicholasshe1991@rocketmail.com :: checkout_url: https://warmwishesflorist.com/checkout/?mc_cart_id=ffd8c9bde70749f6618982c42fe4acb0
2021-02-08T13:01:12+00:00 NOTICE cart.member.updated :: Updated nicholasshe1991@rocketmail.com subscriber status to subscribed and language to en
2021-02-08T13:24:33+00:00 NOTICE action_scheduler.queue_job :: MailChimp_WooCommerce_Cart_Update queued :: obj_id 4124f8d828c6b999181dfc7672947a18
2021-02-08T13:24:39+00:00 NOTICE action_scheduler.queue_job :: MailChimp_WooCommerce_User_Submit queued :: obj_id 11379
2021-02-08T13:24:42+00:00 NOTICE member.sync :: Updated Member heymah.chaloraju@gmail.com :: Array
(
    [previous_status] => transactional
    [status] => 1
    [merge_fields] => Array
        (
        )

)

2021-02-08T13:25:02+00:00 NOTICE abandoned_cart.success :: email: heymah.chaloraju@gmail.com :: checkout_url: https://warmwishesflorist.com/checkout/?mc_cart_id=4124f8d828c6b999181dfc7672947a18
2021-02-08T13:25:02+00:00 NOTICE cart.member.updated :: Updated heymah.chaloraju@gmail.com subscriber status to subscribed and language to en
2021-02-08T13:25:05+00:00 NOTICE action_scheduler.queue_job :: MailChimp_WooCommerce_Cart_Update queued :: obj_id 4124f8d828c6b999181dfc7672947a18
2021-02-08T13:25:10+00:00 NOTICE abandoned_cart.success :: email: heymah.chaloraju@gmail.com :: checkout_url: https://warmwishesflorist.com/checkout/?mc_cart_id=4124f8d828c6b999181dfc7672947a18
2021-02-08T13:29:03+00:00 NOTICE action_scheduler.queue_job :: MailChimp_WooCommerce_User_Submit queued :: obj_id 11379
2021-02-08T13:29:03+00:00 NOTICE action_scheduler.queue_job :: MailChimp_WooCommerce_Single_Order starts in 90 seconds :: obj_id 23313
2021-02-08T13:30:38+00:00 NOTICE debug :: Order ID 23313 was pending and is now processing :: Array
(
    [new_order] => 1
    [tracking] => Array
        (
            [campaign_id] => 
            [landing_site] => https://warmwishesflorist.com/checkout/order-pay/23313/?key=wc_order_nr4XF6WyBqMRV
        )

)

2021-02-08T13:31:05+00:00 NOTICE member.sync :: Updated Member heymah.chaloraju@gmail.com ( merge fields only ) :: Array
(
    [merge_fields] => Array
        (
            [FNAME] => Heymah
            [LNAME] => Chaloraju
        )

)

2021-02-08T13:54:29+00:00 NOTICE order.member.updated :: Updated heymah.chaloraju@gmail.com subscriber status to subscribed and language to en
2021-02-08T13:54:29+00:00 NOTICE order_submit.success :: addStoreOrder :: #23313 :: email: heymah.chaloraju@gmail.com :: landing site https://warmwishesflorist.com/ :: abandoned cart deleted [4124f8d828c6b999181dfc7672947a18]
2021-02-08T14:32:53+00:00 NOTICE action_scheduler.queue_job :: MailChimp_WooCommerce_Single_Order starts in 90 seconds :: obj_id 23309
2021-02-08T14:32:55+00:00 NOTICE debug :: Order ID 23309 was processing and is now completed :: Array
(
    [new_order] => 
    [tracking] => 
)

2021-02-08T14:35:18+00:00 NOTICE order.member.updated :: Updated leanne.auyeong@dhl.com subscriber status to subscribed and language to 
2021-02-08T14:35:18+00:00 NOTICE order_submit.success :: updateStoreOrder :: #23309 :: email: leanne.auyeong@dhl.com
2021-02-08T14:39:34+00:00 NOTICE action_scheduler.queue_job :: MailChimp_WooCommerce_Single_Order starts in 90 seconds :: obj_id 23307
2021-02-08T14:39:36+00:00 NOTICE debug :: Order ID 23307 was processing and is now completed :: Array
(
    [new_order] => 
    [tracking] => 
)

2021-02-08T14:39:42+00:00 NOTICE action_scheduler.queue_job :: MailChimp_WooCommerce_Single_Order starts in 90 seconds :: obj_id 23304
2021-02-08T14:39:43+00:00 NOTICE debug :: Order ID 23304 was processing and is now completed :: Array
(
    [new_order] => 
    [tracking] => 
)

2021-02-08T14:39:54+00:00 NOTICE action_scheduler.queue_job :: MailChimp_WooCommerce_Single_Order starts in 90 seconds :: obj_id 23303
2021-02-08T14:39:55+00:00 NOTICE debug :: Order ID 23303 was processing and is now completed :: Array
(
    [new_order] => 
    [tracking] => 
)

2021-02-08T14:42:50+00:00 NOTICE order.member.updated :: Updated azammr@gmail.com subscriber status to subscribed and language to 
2021-02-08T14:42:50+00:00 NOTICE order_submit.success :: updateStoreOrder :: #23307 :: email: azammr@gmail.com
2021-02-08T14:42:54+00:00 NOTICE order.member.updated :: Updated darienwong96@gmail.com subscriber status to subscribed and language to 
2021-02-08T14:42:54+00:00 NOTICE order_submit.success :: updateStoreOrder :: #23303 :: email: darienwong96@gmail.com
2021-02-08T14:42:58+00:00 NOTICE order.member.updated :: Updated reza.fitri@hotmail.com subscriber status to transactional and language to 
2021-02-08T14:42:58+00:00 NOTICE order_submit.success :: updateStoreOrder :: #23304 :: email: reza.fitri@hotmail.com
2021-02-08T15:48:58+00:00 NOTICE action_scheduler.queue_job :: MailChimp_WooCommerce_Cart_Update queued :: obj_id 421acc91a3e4b6e9fbc76ff460dd6224
2021-02-08T15:49:04+00:00 NOTICE abandoned_cart.success :: email: happyonglow@hotmail.com :: checkout_url: https://warmwishesflorist.com/checkout/?mc_cart_id=421acc91a3e4b6e9fbc76ff460dd6224
2021-02-08T15:49:05+00:00 NOTICE cart.member.updated :: Updated happyonglow@hotmail.com subscriber status to subscribed and language to en
2021-02-08T15:49:13+00:00 NOTICE action_scheduler.queue_job :: MailChimp_WooCommerce_Cart_Update queued :: obj_id 421acc91a3e4b6e9fbc76ff460dd6224
2021-02-08T15:49:24+00:00 NOTICE abandoned_cart.success :: email: happyonglow@hotmail.com :: checkout_url: https://warmwishesflorist.com/checkout/?mc_cart_id=421acc91a3e4b6e9fbc76ff460dd6224
2021-02-08T16:31:30+00:00 NOTICE action_scheduler.queue_job :: MailChimp_WooCommerce_Single_Product starts in 5 seconds :: obj_id 23272
2021-02-08T16:32:13+00:00 NOTICE product_submit.success :: updateStoreProduct :: #23272
2021-02-08T16:33:52+00:00 NOTICE action_scheduler.queue_job :: MailChimp_WooCommerce_Single_Product starts in 5 seconds :: obj_id 23210
2021-02-08T16:34:24+00:00 NOTICE product_submit.success :: updateStoreProduct :: #23210
2021-02-08T16:44:12+00:00 NOTICE action_scheduler.queue_job :: MailChimp_WooCommerce_Single_Product starts in 5 seconds :: obj_id 23272
2021-02-08T17:02:28+00:00 NOTICE product_submit.success :: updateStoreProduct :: #23272
2021-02-08T17:21:29+00:00 NOTICE action_scheduler.queue_job :: MailChimp_WooCommerce_Single_Product starts in 5 seconds :: obj_id 23272
2021-02-08T17:22:08+00:00 NOTICE product_submit.success :: updateStoreProduct :: #23272
2021-02-08T17:22:48+00:00 NOTICE action_scheduler.queue_job :: MailChimp_WooCommerce_Single_Product starts in 5 seconds :: obj_id 23272
2021-02-08T17:23:17+00:00 NOTICE product_submit.success :: updateStoreProduct :: #23272
2021-02-08T17:28:17+00:00 NOTICE action_scheduler.queue_job :: MailChimp_WooCommerce_Single_Product starts in 5 seconds :: obj_id 23015
2021-02-08T17:30:35+00:00 NOTICE product_submit.success :: updateStoreProduct :: #23015
2021-02-08T17:40:36+00:00 NOTICE action_scheduler.queue_job :: MailChimp_WooCommerce_Single_Product starts in 5 seconds :: obj_id 23314
2021-02-08T17:41:16+00:00 NOTICE product_submit.success :: addStoreProduct :: #23314
2021-02-08T17:41:56+00:00 NOTICE product.deleted :: deleted product 23015
2021-02-08T17:46:05+00:00 NOTICE action_scheduler.queue_job :: MailChimp_WooCommerce_Single_Product starts in 5 seconds :: obj_id 23318
2021-02-08T17:46:30+00:00 NOTICE product_submit.success :: addStoreProduct :: #23318
2021-02-08T17:46:47+00:00 NOTICE product.deleted :: deleted product 22953
2021-02-08T18:36:19+00:00 NOTICE action_scheduler.queue_job :: MailChimp_WooCommerce_User_Submit queued :: obj_id 11380
2021-02-08T19:31:05+00:00 NOTICE member.sync :: Subscribed Member garyalcorn@bellsouth.net :: Array
(
    [status_if_new] => 1
    [merge_fields] => Array
        (
        )

)

2021-02-08T20:50:03+00:00 NOTICE action_scheduler.queue_job :: MailChimp_WooCommerce_Cart_Update queued :: obj_id fbb4504eb673ba656623fe4be14ebad9
2021-02-08T20:50:16+00:00 NOTICE action_scheduler.queue_job :: MailChimp_WooCommerce_User_Submit queued :: obj_id 11381
2021-02-08T20:50:19+00:00 NOTICE member.sync :: Subscribed Member darrenleongtk@gmail.com :: Array
(
    [status_if_new] => 1
    [merge_fields] => Array
        (
        )

)

2021-02-08T20:50:28+00:00 NOTICE abandoned_cart.success :: email: darrenleongtk@gmail.com :: checkout_url: https://warmwishesflorist.com/checkout/?mc_cart_id=fbb4504eb673ba656623fe4be14ebad9
2021-02-08T20:50:29+00:00 NOTICE cart.member.updated :: Updated darrenleongtk@gmail.com subscriber status to subscribed and language to en
2021-02-08T20:50:38+00:00 NOTICE action_scheduler.queue_job :: MailChimp_WooCommerce_Cart_Update queued :: obj_id fbb4504eb673ba656623fe4be14ebad9
2021-02-08T20:50:46+00:00 NOTICE abandoned_cart.success :: email: darrenleongtk@gmail.com :: checkout_url: https://warmwishesflorist.com/checkout/?mc_cart_id=fbb4504eb673ba656623fe4be14ebad9
2021-02-08T20:52:34+00:00 NOTICE action_scheduler.queue_job :: MailChimp_WooCommerce_User_Submit queued :: obj_id 11381
2021-02-08T20:52:35+00:00 NOTICE action_scheduler.queue_job :: MailChimp_WooCommerce_Single_Order starts in 90 seconds :: obj_id 23319
2021-02-08T20:53:31+00:00 NOTICE debug :: Order ID 23319 was pending and is now processing :: Array
(
    [new_order] => 1
    [tracking] => Array
        (
            [campaign_id] => 
            [landing_site] => https://warmwishesflorist.com/checkout/order-pay/23319/?key=wc_order_I5MeQfqDByULN
        )

)

2021-02-08T21:01:10+00:00 NOTICE order.member.updated :: Updated darrenleongtk@gmail.com subscriber status to subscribed and language to en
2021-02-08T21:01:10+00:00 NOTICE order_submit.success :: addStoreOrder :: #23319 :: email: darrenleongtk@gmail.com :: landing site https://warmwishesflorist.com/ :: abandoned cart deleted [fbb4504eb673ba656623fe4be14ebad9]
2021-02-08T21:01:12+00:00 NOTICE member.sync :: Updated Member darrenleongtk@gmail.com ( merge fields only ) :: Array
(
    [merge_fields] => Array
        (
            [FNAME] => Darren
            [LNAME] => Leong
        )

)

2021-02-08T22:05:39+00:00 NOTICE action_scheduler.queue_job :: MailChimp_WooCommerce_User_Submit queued :: obj_id 11382
2021-02-08T22:06:49+00:00 NOTICE action_scheduler.queue_job :: MailChimp_WooCommerce_User_Submit queued :: obj_id 11383
2021-02-08T22:08:44+00:00 NOTICE action_scheduler.queue_job :: MailChimp_WooCommerce_User_Submit queued :: obj_id 11384
2021-02-08T22:11:02+00:00 NOTICE action_scheduler.queue_job :: MailChimp_WooCommerce_User_Submit queued :: obj_id 11385
2021-02-08T22:11:44+00:00 NOTICE action_scheduler.queue_job :: MailChimp_WooCommerce_User_Submit queued :: obj_id 11386
2021-02-08T22:12:57+00:00 NOTICE action_scheduler.queue_job :: MailChimp_WooCommerce_User_Submit queued :: obj_id 11387
2021-02-08T22:14:46+00:00 NOTICE action_scheduler.queue_job :: MailChimp_WooCommerce_User_Submit queued :: obj_id 11388
2021-02-08T22:17:31+00:00 NOTICE action_scheduler.queue_job :: MailChimp_WooCommerce_User_Submit queued :: obj_id 11389
2021-02-08T22:18:39+00:00 NOTICE action_scheduler.queue_job :: MailChimp_WooCommerce_User_Submit queued :: obj_id 11390
2021-02-08T22:18:53+00:00 NOTICE action_scheduler.queue_job :: MailChimp_WooCommerce_User_Submit queued :: obj_id 11391
2021-02-08T22:20:33+00:00 NOTICE action_scheduler.queue_job :: MailChimp_WooCommerce_User_Submit queued :: obj_id 11392
2021-02-08T22:23:21+00:00 NOTICE action_scheduler.queue_job :: MailChimp_WooCommerce_User_Submit queued :: obj_id 11393
2021-02-08T22:24:44+00:00 NOTICE action_scheduler.queue_job :: MailChimp_WooCommerce_User_Submit queued :: obj_id 11394
2021-02-08T22:25:00+00:00 NOTICE action_scheduler.queue_job :: MailChimp_WooCommerce_User_Submit queued :: obj_id 11395
2021-02-08T22:26:29+00:00 NOTICE action_scheduler.queue_job :: MailChimp_WooCommerce_User_Submit queued :: obj_id 11396
2021-02-08T22:30:57+00:00 NOTICE action_scheduler.queue_job :: MailChimp_WooCommerce_User_Submit queued :: obj_id 11397
2021-02-08T22:31:05+00:00 NOTICE member.sync :: Subscribed Member blackburn@carolina.rr.com :: Array
(
    [status_if_new] => 1
    [merge_fields] => Array
        (
        )

)

2021-02-08T22:31:06+00:00 NOTICE member.sync :: simonfuerst@gmx.net has signed up to a lot of lists very recently; we're not allowing more signups for now
2021-02-08T22:31:16+00:00 NOTICE member.sync :: Subscribed Member mikeb2829@netins.net :: Array
(
    [status_if_new] => 1
    [merge_fields] => Array
        (
        )

)

2021-02-08T22:31:17+00:00 NOTICE member.sync :: leo@learproperties.ca has signed up to a lot of lists very recently; we're not allowing more signups for now
2021-02-08T22:31:19+00:00 NOTICE member.sync :: Subscribed Member bgonzalezcastillo@gmail.com :: Array
(
    [status_if_new] => 1
    [merge_fields] => Array
        (
        )

)

2021-02-08T22:31:20+00:00 NOTICE member.sync :: alexandra.haupt@gmx.de has signed up to a lot of lists very recently; we're not allowing more signups for now
2021-02-08T22:31:21+00:00 NOTICE member.sync :: Subscribed Member kevinkrg2@aol.com :: Array
(
    [status_if_new] => 1
    [merge_fields] => Array
        (
        )

)

2021-02-08T22:31:23+00:00 NOTICE member.sync :: Subscribed Member pontadecima1@hotmail.com :: Array
(
    [status_if_new] => 1
    [merge_fields] => Array
        (
        )

)

2021-02-08T22:31:24+00:00 NOTICE member.sync :: Subscribed Member kihaengcho@gmail.com :: Array
(
    [status_if_new] => 1
    [merge_fields] => Array
        (
        )

)

2021-02-08T22:31:25+00:00 NOTICE member.sync :: bayyinahr@gmail.com has signed up to a lot of lists very recently; we're not allowing more signups for now
2021-02-08T22:32:19+00:00 NOTICE action_scheduler.queue_job :: MailChimp_WooCommerce_User_Submit queued :: obj_id 11398
2021-02-08T22:34:58+00:00 NOTICE action_scheduler.queue_job :: MailChimp_WooCommerce_User_Submit queued :: obj_id 11399
2021-02-08T22:42:51+00:00 NOTICE action_scheduler.queue_job :: MailChimp_WooCommerce_User_Submit queued :: obj_id 11400
2021-02-08T22:45:33+00:00 NOTICE action_scheduler.queue_job :: MailChimp_WooCommerce_User_Submit queued :: obj_id 11401
2021-02-08T22:48:40+00:00 NOTICE action_scheduler.queue_job :: MailChimp_WooCommerce_User_Submit queued :: obj_id 11402
2021-02-08T22:49:45+00:00 NOTICE action_scheduler.queue_job :: MailChimp_WooCommerce_User_Submit queued :: obj_id 11403
2021-02-08T22:52:19+00:00 NOTICE action_scheduler.queue_job :: MailChimp_WooCommerce_User_Submit queued :: obj_id 11404
2021-02-08T22:52:40+00:00 NOTICE action_scheduler.queue_job :: MailChimp_WooCommerce_User_Submit queued :: obj_id 11405
2021-02-08T22:53:30+00:00 NOTICE action_scheduler.queue_job :: MailChimp_WooCommerce_User_Submit queued :: obj_id 11406
2021-02-08T22:54:54+00:00 NOTICE action_scheduler.queue_job :: MailChimp_WooCommerce_User_Submit queued :: obj_id 11407
2021-02-08T22:56:02+00:00 NOTICE action_scheduler.queue_job :: MailChimp_WooCommerce_User_Submit queued :: obj_id 11408
2021-02-08T22:58:30+00:00 NOTICE action_scheduler.queue_job :: MailChimp_WooCommerce_User_Submit queued :: obj_id 11409
2021-02-08T23:00:36+00:00 NOTICE action_scheduler.queue_job :: MailChimp_WooCommerce_User_Submit queued :: obj_id 11410
2021-02-08T23:01:06+00:00 NOTICE member.sync :: Subscribed Member keriann_ross@hotmail.com :: Array
(
    [status_if_new] => 1
    [merge_fields] => Array
        (
        )

)

2021-02-08T23:01:09+00:00 NOTICE member.sync :: Subscribed Member rwbobathome@aol.com :: Array
(
    [status_if_new] => 1
    [merge_fields] => Array
        (
        )

)

2021-02-08T23:01:10+00:00 NOTICE member.sync :: VICPIC@GMAIL.COM has signed up to a lot of lists very recently; we're not allowing more signups for now
2021-02-08T23:01:11+00:00 NOTICE member.sync :: heather_snowden@yahoo.com has signed up to a lot of lists very recently; we're not allowing more signups for now
2021-02-08T23:01:13+00:00 NOTICE member.sync :: ebay123@itguardian.space has signed up to a lot of lists very recently; we're not allowing more signups for now
2021-02-08T23:01:15+00:00 NOTICE member.sync :: Subscribed Member gmt913@yahoo.com :: Array
(
    [status_if_new] => 1
    [merge_fields] => Array
        (
        )

)

2021-02-08T23:01:17+00:00 NOTICE member.sync :: plb@thamsurvey.ca has signed up to a lot of lists very recently; we're not allowing more signups for now
2021-02-08T23:01:18+00:00 NOTICE member.sync :: Subscribed Member Anyblue21t@gmail.com :: Array
(
    [status_if_new] => 1
    [merge_fields] => Array
        (
        )

)

2021-02-08T23:02:46+00:00 NOTICE action_scheduler.queue_job :: MailChimp_WooCommerce_User_Submit queued :: obj_id 11411
2021-02-08T23:06:35+00:00 NOTICE action_scheduler.queue_job :: MailChimp_WooCommerce_User_Submit queued :: obj_id 11412
2021-02-08T23:06:38+00:00 NOTICE action_scheduler.queue_job :: MailChimp_WooCommerce_User_Submit queued :: obj_id 11413
2021-02-08T23:07:02+00:00 NOTICE action_scheduler.queue_job :: MailChimp_WooCommerce_User_Submit queued :: obj_id 11414
2021-02-08T23:08:44+00:00 NOTICE action_scheduler.queue_job :: MailChimp_WooCommerce_User_Submit queued :: obj_id 11415
2021-02-08T23:12:32+00:00 NOTICE action_scheduler.queue_job :: MailChimp_WooCommerce_User_Submit queued :: obj_id 11416
2021-02-08T23:14:33+00:00 NOTICE action_scheduler.queue_job :: MailChimp_WooCommerce_User_Submit queued :: obj_id 11417
2021-02-08T23:15:25+00:00 NOTICE action_scheduler.queue_job :: MailChimp_WooCommerce_User_Submit queued :: obj_id 11418
2021-02-08T23:16:48+00:00 NOTICE action_scheduler.queue_job :: MailChimp_WooCommerce_User_Submit queued :: obj_id 11419
2021-02-08T23:17:48+00:00 NOTICE action_scheduler.queue_job :: MailChimp_WooCommerce_User_Submit queued :: obj_id 11420
2021-02-08T23:21:01+00:00 NOTICE action_scheduler.queue_job :: MailChimp_WooCommerce_User_Submit queued :: obj_id 11421
2021-02-08T23:28:23+00:00 NOTICE action_scheduler.queue_job :: MailChimp_WooCommerce_User_Submit queued :: obj_id 11422
2021-02-08T23:29:55+00:00 NOTICE action_scheduler.queue_job :: MailChimp_WooCommerce_User_Submit queued :: obj_id 11423
2021-02-08T23:31:05+00:00 NOTICE member.sync :: Subscribed Member archerjon3@gmail.com :: Array
(
    [status_if_new] => 1
    [merge_fields] => Array
        (
        )

)

2021-02-08T23:31:06+00:00 NOTICE member.sync :: whl493@yahoo.com has signed up to a lot of lists very recently; we're not allowing more signups for now
2021-02-08T23:31:07+00:00 NOTICE member.sync :: Subscribed Member kiraxnexus@gmail.com :: Array
(
    [status_if_new] => 1
    [merge_fields] => Array
        (
        )

)

2021-02-08T23:31:09+00:00 NOTICE member.sync :: Subscribed Member jillccmc@gmail.com :: Array
(
    [status_if_new] => 1
    [merge_fields] => Array
        (
        )

)

2021-02-08T23:31:10+00:00 NOTICE member.sync :: Subscribed Member 3522564122@vzwpix.com :: Array
(
    [status_if_new] => 1
    [merge_fields] => Array
        (
        )

)

2021-02-08T23:31:11+00:00 NOTICE member.sync :: mzpartsmiami@yahoo.com has signed up to a lot of lists very recently; we're not allowing more signups for now
2021-02-08T23:31:12+00:00 NOTICE member.sync :: p3bbl3s27@gmail.com has signed up to a lot of lists very recently; we're not allowing more signups for now
2021-02-08T23:31:14+00:00 NOTICE member.sync :: Subscribed Member jesbannister@gmail.com :: Array
(
    [status_if_new] => 1
    [merge_fields] => Array
        (
        )

)

2021-02-08T23:31:16+00:00 NOTICE member.sync :: Subscribed Member Barstis601@gmail.com :: Array
(
    [status_if_new] => 1
    [merge_fields] => Array
        (
        )

)

2021-02-08T23:31:17+00:00 NOTICE member.sync :: Subscribed Member sdeelee@yahoo.com :: Array
(
    [status_if_new] => 1
    [merge_fields] => Array
        (
        )

)

2021-02-08T23:31:18+00:00 NOTICE member.sync :: Subscribed Member ELEZOVIC.EDVARD@GMAIL.COM :: Array
(
    [status_if_new] => 1
    [merge_fields] => Array
        (
        )

)

2021-02-08T23:31:20+00:00 NOTICE member.sync :: Subscribed Member campbel8@gmail.com :: Array
(
    [status_if_new] => 1
    [merge_fields] => Array
        (
        )

)

2021-02-08T23:31:21+00:00 NOTICE member.sync :: 7862776016@txt.att.net looks fake or invalid, please enter a real email address.
2021-02-08T23:31:42+00:00 NOTICE action_scheduler.queue_job :: MailChimp_WooCommerce_User_Submit queued :: obj_id 11424
2021-02-08T23:35:00+00:00 NOTICE action_scheduler.queue_job :: MailChimp_WooCommerce_User_Submit queued :: obj_id 11425
2021-02-08T23:43:27+00:00 NOTICE action_scheduler.queue_job :: MailChimp_WooCommerce_User_Submit queued :: obj_id 11426
2021-02-08T23:46:57+00:00 NOTICE action_scheduler.queue_job :: MailChimp_WooCommerce_User_Submit queued :: obj_id 11427
2021-02-08T23:47:22+00:00 NOTICE action_scheduler.queue_job :: MailChimp_WooCommerce_User_Submit queued :: obj_id 11428
2021-02-08T23:49:09+00:00 NOTICE action_scheduler.queue_job :: MailChimp_WooCommerce_User_Submit queued :: obj_id 11429
2021-02-08T23:50:14+00:00 NOTICE action_scheduler.queue_job :: MailChimp_WooCommerce_User_Submit queued :: obj_id 11430
2021-02-08T23:50:23+00:00 NOTICE action_scheduler.queue_job :: MailChimp_WooCommerce_User_Submit queued :: obj_id 11431
2021-02-08T23:51:35+00:00 NOTICE action_scheduler.queue_job :: MailChimp_WooCommerce_User_Submit queued :: obj_id 11432
2021-02-08T23:52:43+00:00 NOTICE action_scheduler.queue_job :: MailChimp_WooCommerce_User_Submit queued :: obj_id 11433
2021-02-08T23:53:02+00:00 NOTICE action_scheduler.queue_job :: MailChimp_WooCommerce_User_Submit queued :: obj_id 11434
2021-02-08T23:55:53+00:00 NOTICE action_scheduler.queue_job :: MailChimp_WooCommerce_User_Submit queued :: obj_id 11435
