2021-08-18T00:28:03+00:00 NOTICE action_scheduler.queue_job :: MailChimp_WooCommerce_User_Submit queued :: obj_id 15508
2021-08-18T00:28:46+00:00 NOTICE member.sync :: isichinnerakinadams@gmail.com has signed up to a lot of lists very recently; we're not allowing more signups for now
2021-08-18T00:49:39+00:00 NOTICE action_scheduler.queue_job :: MailChimp_WooCommerce_User_Submit queued :: obj_id 15509
2021-08-18T00:50:37+00:00 NOTICE member.sync :: temptest464576447@gmail.com has signed up to a lot of lists very recently; we're not allowing more signups for now
2021-08-18T01:22:07+00:00 NOTICE action_scheduler.queue_job :: MailChimp_WooCommerce_User_Submit queued :: obj_id 15510
2021-08-18T01:22:28+00:00 NOTICE action_scheduler.queue_job :: MailChimp_WooCommerce_User_Submit queued :: obj_id 15511
2021-08-18T01:22:35+00:00 NOTICE member.sync :: krugan_runov_1991@rambler.ru has signed up to a lot of lists very recently; we're not allowing more signups for now
2021-08-18T01:22:36+00:00 NOTICE member.sync :: valery_poda_1979@rambler.ru has signed up to a lot of lists very recently; we're not allowing more signups for now
2021-08-18T03:55:53+00:00 NOTICE action_scheduler.queue_job :: MailChimp_WooCommerce_User_Submit queued :: obj_id 15512
2021-08-18T03:56:38+00:00 NOTICE member.sync :: chelseafaccenda@lenta.ru has signed up to a lot of lists very recently; we're not allowing more signups for now
2021-08-18T06:10:00+00:00 NOTICE action_scheduler.queue_job :: MailChimp_WooCommerce_User_Submit queued :: obj_id 15513
2021-08-18T06:10:38+00:00 NOTICE member.sync :: rtshava@3c.pl has signed up to a lot of lists very recently; we're not allowing more signups for now
2021-08-18T13:03:40+00:00 NOTICE action_scheduler.queue_job :: MailChimp_WooCommerce_User_Submit queued :: obj_id 15514
2021-08-18T13:04:45+00:00 NOTICE member.sync :: alexei_zakharov_1984@rambler.ru has signed up to a lot of lists very recently; we're not allowing more signups for now
2021-08-18T15:27:28+00:00 NOTICE action_scheduler.queue_job :: MailChimp_WooCommerce_User_Submit queued :: obj_id 15515
2021-08-18T15:27:33+00:00 NOTICE member.sync :: genaarood123@gmail.com has signed up to a lot of lists very recently; we're not allowing more signups for now
2021-08-18T16:20:53+00:00 NOTICE action_scheduler.queue_job :: MailChimp_WooCommerce_User_Submit queued :: obj_id 15516
2021-08-18T16:21:42+00:00 NOTICE member.sync :: Subscribed Member carlro6@hiraku4410.hideo82.sorataki.in.net :: Array
(
    [status_if_new] => 1
    [merge_fields] => Array
        (
        )

)

2021-08-18T16:58:14+00:00 NOTICE action_scheduler.queue_job :: MailChimp_WooCommerce_User_Submit queued :: obj_id 15517
2021-08-18T16:58:43+00:00 NOTICE member.sync :: Subscribed Member rodriguesbeverly@newpochta.com :: Array
(
    [status_if_new] => 1
    [merge_fields] => Array
        (
        )

)

2021-08-18T21:38:07+00:00 NOTICE action_scheduler.queue_job :: MailChimp_WooCommerce_User_Submit queued :: obj_id 15518
2021-08-18T21:38:38+00:00 NOTICE member.sync :: dimastanevitch@yandex.com has signed up to a lot of lists very recently; we're not allowing more signups for now
2021-08-18T23:42:32+00:00 NOTICE action_scheduler.queue_job :: MailChimp_WooCommerce_User_Submit queued :: obj_id 15519
2021-08-18T23:45:01+00:00 NOTICE member.sync :: zasplav2020@mail.ru has signed up to a lot of lists very recently; we're not allowing more signups for now
