2021-09-03T00:06:26+00:00 NOTICE action_scheduler.queue_job :: MailChimp_WooCommerce_User_Submit queued :: obj_id 16055
2021-09-03T00:06:32+00:00 NOTICE member.sync :: ajzinskimia@gmail.com has signed up to a lot of lists very recently; we're not allowing more signups for now
2021-09-03T00:08:50+00:00 NOTICE action_scheduler.queue_job :: MailChimp_WooCommerce_User_Submit queued :: obj_id 16056
2021-09-03T00:09:47+00:00 NOTICE member.sync :: livin4me11@yahoo.com has signed up to a lot of lists very recently; we're not allowing more signups for now
2021-09-03T00:29:05+00:00 NOTICE action_scheduler.queue_job :: MailChimp_WooCommerce_User_Submit queued :: obj_id 16057
2021-09-03T00:29:33+00:00 NOTICE member.sync :: Subscribed Member jazpeewee@aol.com :: Array
(
    [status_if_new] => 1
    [merge_fields] => Array
        (
        )

)

2021-09-03T00:29:34+00:00 NOTICE action_scheduler.queue_job :: MailChimp_WooCommerce_User_Submit queued :: obj_id 16058
2021-09-03T00:30:57+00:00 NOTICE member.sync :: Subscribed Member jrdreesen@gmail.com :: Array
(
    [status_if_new] => 1
    [merge_fields] => Array
        (
        )

)

2021-09-03T00:32:40+00:00 NOTICE action_scheduler.queue_job :: MailChimp_WooCommerce_User_Submit queued :: obj_id 16059
2021-09-03T00:33:46+00:00 NOTICE member.sync :: casino-x@mailserp.com has signed up to a lot of lists very recently; we're not allowing more signups for now
2021-09-03T01:11:38+00:00 NOTICE action_scheduler.queue_job :: MailChimp_WooCommerce_User_Submit queued :: obj_id 16060
2021-09-03T01:12:33+00:00 NOTICE member.sync :: tricia.cheek@hotmail.com has signed up to a lot of lists very recently; we're not allowing more signups for now
2021-09-03T01:22:25+00:00 NOTICE action_scheduler.queue_job :: MailChimp_WooCommerce_User_Submit queued :: obj_id 16061
2021-09-03T01:22:34+00:00 NOTICE member.sync :: Subscribed Member bryanpa1982@outlook.com :: Array
(
    [status_if_new] => 1
    [merge_fields] => Array
        (
        )

)

2021-09-03T01:35:04+00:00 NOTICE action_scheduler.queue_job :: MailChimp_WooCommerce_User_Submit queued :: obj_id 16062
2021-09-03T01:36:11+00:00 NOTICE member.sync :: Subscribed Member batrapnell@bigpond.com :: Array
(
    [status_if_new] => 1
    [merge_fields] => Array
        (
        )

)

2021-09-03T02:10:53+00:00 NOTICE action_scheduler.queue_job :: MailChimp_WooCommerce_User_Submit queued :: obj_id 16063
2021-09-03T02:12:01+00:00 NOTICE member.sync :: Subscribed Member ppeinatikytoi@hotmail.it :: Array
(
    [status_if_new] => 1
    [merge_fields] => Array
        (
        )

)

2021-09-03T02:50:17+00:00 NOTICE action_scheduler.queue_job :: MailChimp_WooCommerce_User_Submit queued :: obj_id 16064
2021-09-03T02:50:39+00:00 NOTICE member.sync :: Subscribed Member danvido@libero.it :: Array
(
    [status_if_new] => 1
    [merge_fields] => Array
        (
        )

)

2021-09-03T03:52:56+00:00 NOTICE action_scheduler.queue_job :: MailChimp_WooCommerce_Single_Order starts in 90 seconds :: obj_id 24158
2021-09-03T03:52:57+00:00 NOTICE debug :: Order ID 24158 was processing and is now completed :: Array
(
    [new_order] => 
    [tracking] => 
)

2021-09-03T03:54:35+00:00 ERROR order_submit.error :: addStoreOrder :: #24158 :: Error Code 404 :: Resource Not Found :: The requested resource could not be found. on 1858 in /var/www/vhosts/warmwishesflorist.com/httpdocs/wp-content/plugins/mailchimp-for-woocommerce/includes/api/class-mailchimp-api.php
2021-09-03T04:21:27+00:00 NOTICE action_scheduler.queue_job :: MailChimp_WooCommerce_Cart_Update queued :: obj_id 4a1973c360d04bbc91b033676fa46f19
2021-09-03T04:21:29+00:00 ERROR abandoned_cart.error :: email: christinelow10@gmail.com :: attempting product update :: Resource Not Found :: The requested resource could not be found.
2021-09-03T04:21:30+00:00 NOTICE product_submit.error :: addStoreProduct :: #23187 :: Error Code 404 :: Resource Not Found :: The requested resource could not be found. on 1858 in /var/www/vhosts/warmwishesflorist.com/httpdocs/wp-content/plugins/mailchimp-for-woocommerce/includes/api/class-mailchimp-api.php
2021-09-03T04:21:30+00:00 ERROR abandoned_cart.error :: Error Code 404 :: Resource Not Found :: The requested resource could not be found. on 1858 in /var/www/vhosts/warmwishesflorist.com/httpdocs/wp-content/plugins/mailchimp-for-woocommerce/includes/api/class-mailchimp-api.php
2021-09-03T04:28:51+00:00 NOTICE action_scheduler.queue_job :: MailChimp_WooCommerce_User_Submit queued :: obj_id 16066
2021-09-03T04:29:38+00:00 NOTICE member.sync :: r_s_michaud@yahoo.com has signed up to a lot of lists very recently; we're not allowing more signups for now
2021-09-03T04:43:43+00:00 NOTICE action_scheduler.queue_job :: MailChimp_WooCommerce_Single_Order starts in 90 seconds :: obj_id 24159
2021-09-03T04:46:11+00:00 NOTICE order_sumbit :: #24159 has a financial status of pending and was skipped.
2021-09-03T04:46:28+00:00 NOTICE action_scheduler.queue_job :: MailChimp_WooCommerce_Single_Order starts in 90 seconds :: obj_id 24159
2021-09-03T04:46:29+00:00 NOTICE debug :: Order ID 24159 was pending and is now processing :: Array
(
    [new_order] => 1
    [tracking] => Array
        (
            [campaign_id] => 
            [landing_site] => https://warmwishesflorist.com/?wc-api=WC_Molpay_Gateway
        )

)

2021-09-03T04:46:29+00:00 NOTICE action_scheduler.queue_job :: MailChimp_WooCommerce_User_Submit queued :: obj_id 16065
2021-09-03T04:46:32+00:00 NOTICE member.sync :: Subscribed Member christinelow10@gmail.com :: Array
(
    [status_if_new] => 1
    [merge_fields] => Array
        (
            [FNAME] => Christine
            [LNAME] => Low
        )

)

2021-09-03T04:47:28+00:00 NOTICE action_scheduler.queue_job :: MailChimp_WooCommerce_User_Submit queued :: obj_id 16065
2021-09-03T04:47:33+00:00 NOTICE member.sync :: Updated Member christinelow10@gmail.com ( merge fields only ) :: Array
(
    [merge_fields] => Array
        (
            [FNAME] => Christine
            [LNAME] => Low
        )

)

2021-09-03T04:48:05+00:00 ERROR order_submit.error :: addStoreOrder :: #24159 :: Error Code 404 :: Resource Not Found :: The requested resource could not be found. on 1858 in /var/www/vhosts/warmwishesflorist.com/httpdocs/wp-content/plugins/mailchimp-for-woocommerce/includes/api/class-mailchimp-api.php
2021-09-03T04:48:32+00:00 NOTICE action_scheduler.queue_job :: MailChimp_WooCommerce_User_Submit queued :: obj_id 16065
2021-09-03T04:49:34+00:00 NOTICE member.sync :: Updated Member christinelow10@gmail.com ( merge fields only ) :: Array
(
    [merge_fields] => Array
        (
            [FNAME] => Christine
            [LNAME] => Low
        )

)

2021-09-03T04:52:42+00:00 NOTICE action_scheduler.queue_job :: MailChimp_WooCommerce_Cart_Update queued :: obj_id 4a1973c360d04bbc91b033676fa46f19
2021-09-03T04:52:56+00:00 ERROR abandoned_cart.error :: email: christinelow10@gmail.com :: attempting product update :: Resource Not Found :: The requested resource could not be found.
2021-09-03T04:52:57+00:00 NOTICE product_submit.error :: addStoreProduct :: #23187 :: Error Code 404 :: Resource Not Found :: The requested resource could not be found. on 1858 in /var/www/vhosts/warmwishesflorist.com/httpdocs/wp-content/plugins/mailchimp-for-woocommerce/includes/api/class-mailchimp-api.php
2021-09-03T04:52:57+00:00 ERROR abandoned_cart.error :: Error Code 404 :: Resource Not Found :: The requested resource could not be found. on 1858 in /var/www/vhosts/warmwishesflorist.com/httpdocs/wp-content/plugins/mailchimp-for-woocommerce/includes/api/class-mailchimp-api.php
2021-09-03T04:53:02+00:00 NOTICE action_scheduler.queue_job :: MailChimp_WooCommerce_Cart_Update queued :: obj_id 4a1973c360d04bbc91b033676fa46f19
2021-09-03T04:53:34+00:00 ERROR abandoned_cart.error :: email: christinelow10@gmail.com :: attempting product update :: Resource Not Found :: The requested resource could not be found.
2021-09-03T04:53:35+00:00 NOTICE product_submit.error :: addStoreProduct :: #23187 :: Error Code 404 :: Resource Not Found :: The requested resource could not be found. on 1858 in /var/www/vhosts/warmwishesflorist.com/httpdocs/wp-content/plugins/mailchimp-for-woocommerce/includes/api/class-mailchimp-api.php
2021-09-03T04:53:35+00:00 ERROR abandoned_cart.error :: Error Code 404 :: Resource Not Found :: The requested resource could not be found. on 1858 in /var/www/vhosts/warmwishesflorist.com/httpdocs/wp-content/plugins/mailchimp-for-woocommerce/includes/api/class-mailchimp-api.php
2021-09-03T05:00:24+00:00 NOTICE action_scheduler.queue_job :: MailChimp_WooCommerce_Cart_Update queued :: obj_id 4a1973c360d04bbc91b033676fa46f19
2021-09-03T05:00:26+00:00 ERROR abandoned_cart.error :: email: christinelow10@gmail.com :: attempting product update :: Resource Not Found :: The requested resource could not be found.
2021-09-03T05:00:27+00:00 NOTICE product_submit.error :: addStoreProduct :: #23187 :: Error Code 404 :: Resource Not Found :: The requested resource could not be found. on 1858 in /var/www/vhosts/warmwishesflorist.com/httpdocs/wp-content/plugins/mailchimp-for-woocommerce/includes/api/class-mailchimp-api.php
2021-09-03T05:00:27+00:00 ERROR abandoned_cart.error :: Error Code 404 :: Resource Not Found :: The requested resource could not be found. on 1858 in /var/www/vhosts/warmwishesflorist.com/httpdocs/wp-content/plugins/mailchimp-for-woocommerce/includes/api/class-mailchimp-api.php
2021-09-03T05:23:03+00:00 NOTICE action_scheduler.queue_job :: MailChimp_WooCommerce_Cart_Update queued :: obj_id b26a20ba6939789edecc373253df96ba
2021-09-03T05:23:49+00:00 ERROR abandoned_cart.error :: email: cngkarmen@gmail.com :: attempting product update :: Resource Not Found :: The requested resource could not be found.
2021-09-03T05:23:50+00:00 NOTICE product_submit.error :: addStoreProduct :: #22750 :: Error Code 404 :: Resource Not Found :: The requested resource could not be found. on 1858 in /var/www/vhosts/warmwishesflorist.com/httpdocs/wp-content/plugins/mailchimp-for-woocommerce/includes/api/class-mailchimp-api.php
2021-09-03T05:23:50+00:00 ERROR abandoned_cart.error :: Error Code 404 :: Resource Not Found :: The requested resource could not be found. on 1858 in /var/www/vhosts/warmwishesflorist.com/httpdocs/wp-content/plugins/mailchimp-for-woocommerce/includes/api/class-mailchimp-api.php
2021-09-03T05:29:56+00:00 NOTICE action_scheduler.queue_job :: MailChimp_WooCommerce_User_Submit queued :: obj_id 16067
2021-09-03T05:30:40+00:00 NOTICE member.sync :: Subscribed Member xalumap@yahoo.com :: Array
(
    [status_if_new] => 1
    [merge_fields] => Array
        (
        )

)

2021-09-03T05:59:24+00:00 NOTICE action_scheduler.queue_job :: MailChimp_WooCommerce_User_Submit queued :: obj_id 16068
2021-09-03T05:59:33+00:00 NOTICE member.sync :: gcounts3@gmail.com has signed up to a lot of lists very recently; we're not allowing more signups for now
2021-09-03T06:31:14+00:00 NOTICE action_scheduler.queue_job :: MailChimp_WooCommerce_User_Submit queued :: obj_id 16069
2021-09-03T06:34:06+00:00 NOTICE member.sync :: Subscribed Member yingxq1222@163.com :: Array
(
    [status_if_new] => 1
    [merge_fields] => Array
        (
        )

)

2021-09-03T06:44:03+00:00 NOTICE action_scheduler.queue_job :: MailChimp_WooCommerce_User_Submit queued :: obj_id 16070
2021-09-03T06:46:13+00:00 NOTICE member.sync :: Subscribed Member claytonwgilbert@gmail.com :: Array
(
    [status_if_new] => 1
    [merge_fields] => Array
        (
        )

)

2021-09-03T06:49:09+00:00 NOTICE action_scheduler.queue_job :: MailChimp_WooCommerce_User_Submit queued :: obj_id 16071
2021-09-03T06:50:12+00:00 NOTICE member.sync :: Subscribed Member cristinaguerra@yahoo.com :: Array
(
    [status_if_new] => 1
    [merge_fields] => Array
        (
        )

)

2021-09-03T06:52:28+00:00 NOTICE action_scheduler.queue_job :: MailChimp_WooCommerce_User_Submit queued :: obj_id 16072
2021-09-03T06:52:33+00:00 NOTICE member.sync :: Subscribed Member davefowler2@sbcglobal.net :: Array
(
    [status_if_new] => 1
    [merge_fields] => Array
        (
        )

)

2021-09-03T07:00:45+00:00 NOTICE action_scheduler.queue_job :: MailChimp_WooCommerce_User_Submit queued :: obj_id 16073
2021-09-03T07:01:44+00:00 NOTICE member.sync :: Subscribed Member christoph.knauer@gmail.com :: Array
(
    [status_if_new] => 1
    [merge_fields] => Array
        (
        )

)

2021-09-03T07:22:31+00:00 NOTICE action_scheduler.queue_job :: MailChimp_WooCommerce_User_Submit queued :: obj_id 16074
2021-09-03T07:23:50+00:00 NOTICE member.sync :: Subscribed Member jamiethoben@hotmail.com :: Array
(
    [status_if_new] => 1
    [merge_fields] => Array
        (
        )

)

2021-09-03T07:35:09+00:00 NOTICE action_scheduler.queue_job :: MailChimp_WooCommerce_User_Submit queued :: obj_id 16075
2021-09-03T07:35:36+00:00 NOTICE member.sync :: bakhrashkandaurov1988861gib+3433@inbox.ru has signed up to a lot of lists very recently; we're not allowing more signups for now
2021-09-03T08:09:25+00:00 NOTICE action_scheduler.queue_job :: MailChimp_WooCommerce_User_Submit queued :: obj_id 16076
2021-09-03T08:09:34+00:00 NOTICE member.sync :: Subscribed Member marco-kromer@outlook.de :: Array
(
    [status_if_new] => 1
    [merge_fields] => Array
        (
        )

)

2021-09-03T08:13:34+00:00 NOTICE action_scheduler.queue_job :: MailChimp_WooCommerce_User_Submit queued :: obj_id 16077
2021-09-03T08:15:39+00:00 NOTICE member.sync :: s.telling@hotmail.com has signed up to a lot of lists very recently; we're not allowing more signups for now
2021-09-03T08:17:23+00:00 NOTICE action_scheduler.queue_job :: MailChimp_WooCommerce_User_Submit queued :: obj_id 16078
2021-09-03T08:17:31+00:00 NOTICE member.sync :: ladyd6931@yahoo.com has signed up to a lot of lists very recently; we're not allowing more signups for now
2021-09-03T08:23:42+00:00 NOTICE action_scheduler.queue_job :: MailChimp_WooCommerce_User_Submit queued :: obj_id 16079
2021-09-03T08:24:44+00:00 NOTICE member.sync :: Subscribed Member a.ziegler@t-online.de :: Array
(
    [status_if_new] => 1
    [merge_fields] => Array
        (
        )

)

2021-09-03T08:36:45+00:00 NOTICE action_scheduler.queue_job :: MailChimp_WooCommerce_User_Submit queued :: obj_id 16080
2021-09-03T08:37:05+00:00 NOTICE action_scheduler.queue_job :: MailChimp_WooCommerce_User_Submit queued :: obj_id 16081
2021-09-03T08:37:52+00:00 NOTICE member.sync :: info@abwassertechnik-strauss.de has signed up to a lot of lists very recently; we're not allowing more signups for now
2021-09-03T08:37:53+00:00 NOTICE member.sync :: avill001@fiu.edu has signed up to a lot of lists very recently; we're not allowing more signups for now
2021-09-03T08:48:51+00:00 NOTICE action_scheduler.queue_job :: MailChimp_WooCommerce_User_Submit queued :: obj_id 16082
2021-09-03T08:50:11+00:00 NOTICE member.sync :: Subscribed Member Drjohngremmels@gmail.com :: Array
(
    [status_if_new] => 1
    [merge_fields] => Array
        (
        )

)

2021-09-03T08:55:11+00:00 NOTICE action_scheduler.queue_job :: MailChimp_WooCommerce_User_Submit queued :: obj_id 16083
2021-09-03T08:55:38+00:00 NOTICE member.sync :: carlajkv7@gmail.com has signed up to a lot of lists very recently; we're not allowing more signups for now
2021-09-03T08:55:46+00:00 NOTICE action_scheduler.queue_job :: MailChimp_WooCommerce_User_Submit queued :: obj_id 16084
2021-09-03T08:57:45+00:00 NOTICE member.sync :: Subscribed Member peteyjay88@yahoo.com :: Array
(
    [status_if_new] => 1
    [merge_fields] => Array
        (
        )

)

2021-09-03T09:00:41+00:00 NOTICE action_scheduler.queue_job :: MailChimp_WooCommerce_User_Submit queued :: obj_id 16085
2021-09-03T09:01:57+00:00 NOTICE member.sync :: Subscribed Member ggonzalez630@yahoo.com :: Array
(
    [status_if_new] => 1
    [merge_fields] => Array
        (
        )

)

2021-09-03T09:07:10+00:00 NOTICE action_scheduler.queue_job :: MailChimp_WooCommerce_User_Submit queued :: obj_id 16086
2021-09-03T09:07:37+00:00 NOTICE member.sync :: Subscribed Member rajandbela@yahoo.com :: Array
(
    [status_if_new] => 1
    [merge_fields] => Array
        (
        )

)

2021-09-03T09:14:41+00:00 NOTICE action_scheduler.queue_job :: MailChimp_WooCommerce_User_Submit queued :: obj_id 16087
2021-09-03T09:15:35+00:00 NOTICE member.sync :: Subscribed Member lilifimbres16@yahoo.com :: Array
(
    [status_if_new] => 1
    [merge_fields] => Array
        (
        )

)

2021-09-03T09:18:25+00:00 NOTICE action_scheduler.queue_job :: MailChimp_WooCommerce_User_Submit queued :: obj_id 16088
2021-09-03T09:18:34+00:00 NOTICE member.sync :: Subscribed Member estherchan920@gmail.com :: Array
(
    [status_if_new] => 1
    [merge_fields] => Array
        (
        )

)

2021-09-03T09:20:35+00:00 NOTICE action_scheduler.queue_job :: MailChimp_WooCommerce_User_Submit queued :: obj_id 16089
2021-09-03T09:24:19+00:00 NOTICE member.sync :: percell0421@gmail.com has signed up to a lot of lists very recently; we're not allowing more signups for now
2021-09-03T09:33:02+00:00 NOTICE action_scheduler.queue_job :: MailChimp_WooCommerce_User_Submit queued :: obj_id 16090
2021-09-03T09:33:54+00:00 NOTICE member.sync :: Subscribed Member pintarichmatt.bchs@gmail.com :: Array
(
    [status_if_new] => 1
    [merge_fields] => Array
        (
        )

)

2021-09-03T09:37:23+00:00 NOTICE action_scheduler.queue_job :: MailChimp_WooCommerce_User_Submit queued :: obj_id 16091
2021-09-03T09:37:52+00:00 NOTICE member.sync :: Subscribed Member sherpa.navin@yahoo.com :: Array
(
    [status_if_new] => 1
    [merge_fields] => Array
        (
        )

)

2021-09-03T09:55:40+00:00 NOTICE action_scheduler.queue_job :: MailChimp_WooCommerce_User_Submit queued :: obj_id 16092
2021-09-03T09:55:52+00:00 NOTICE action_scheduler.queue_job :: MailChimp_WooCommerce_User_Submit queued :: obj_id 16093
2021-09-03T09:56:42+00:00 NOTICE member.sync :: Subscribed Member susie.kepler@gmail.com :: Array
(
    [status_if_new] => 1
    [merge_fields] => Array
        (
        )

)

2021-09-03T09:56:43+00:00 NOTICE member.sync :: markh2345@googlemail.com has signed up to a lot of lists very recently; we're not allowing more signups for now
2021-09-03T09:56:45+00:00 NOTICE action_scheduler.queue_job :: MailChimp_WooCommerce_User_Submit queued :: obj_id 16094
2021-09-03T09:57:42+00:00 NOTICE member.sync :: Subscribed Member gregnlorishaw@aol.com :: Array
(
    [status_if_new] => 1
    [merge_fields] => Array
        (
        )

)

2021-09-03T10:02:23+00:00 NOTICE action_scheduler.queue_job :: MailChimp_WooCommerce_User_Submit queued :: obj_id 16095
2021-09-03T10:02:33+00:00 NOTICE member.sync :: Subscribed Member mrgiardina@msn.com :: Array
(
    [status_if_new] => 1
    [merge_fields] => Array
        (
        )

)

2021-09-03T10:04:27+00:00 NOTICE action_scheduler.queue_job :: MailChimp_WooCommerce_User_Submit queued :: obj_id 16096
2021-09-03T10:04:34+00:00 NOTICE member.sync :: dimasrod2002@yahoo.com has signed up to a lot of lists very recently; we're not allowing more signups for now
2021-09-03T10:08:31+00:00 NOTICE action_scheduler.queue_job :: MailChimp_WooCommerce_User_Submit queued :: obj_id 16097
2021-09-03T10:08:35+00:00 NOTICE member.sync :: ELLIOTT2E@YAHOO.COM has signed up to a lot of lists very recently; we're not allowing more signups for now
2021-09-03T12:27:14+00:00 NOTICE action_scheduler.queue_job :: MailChimp_WooCommerce_User_Submit queued :: obj_id 16098
2021-09-03T12:27:39+00:00 NOTICE member.sync :: alexismarkuso@gmail.com has signed up to a lot of lists very recently; we're not allowing more signups for now
2021-09-03T15:34:10+00:00 NOTICE action_scheduler.queue_job :: MailChimp_WooCommerce_User_Submit queued :: obj_id 15926
2021-09-03T15:34:10+00:00 NOTICE action_scheduler.queue_job :: MailChimp_WooCommerce_Single_Order starts in 90 seconds :: obj_id 24161
2021-09-03T15:34:35+00:00 NOTICE member.sync :: Updated Member cngkarmen@gmail.com ( merge fields only ) :: Array
(
    [merge_fields] => Array
        (
            [FNAME] => Carmen
            [LNAME] => Ng
        )

)

2021-09-03T15:35:48+00:00 NOTICE order_sumbit :: #24161 has a financial status of pending and was skipped.
2021-09-03T15:58:30+00:00 NOTICE action_scheduler.queue_job :: MailChimp_WooCommerce_User_Submit queued :: obj_id 16099
2021-09-03T15:58:38+00:00 NOTICE member.sync :: Subscribed Member karlci60@rokuro75.kiyoakari.xyz :: Array
(
    [status_if_new] => 1
    [merge_fields] => Array
        (
        )

)

2021-09-03T16:24:00+00:00 NOTICE action_scheduler.queue_job :: MailChimp_WooCommerce_User_Submit queued :: obj_id 16100
2021-09-03T16:25:20+00:00 NOTICE member.sync :: Please provide a valid email address.
2021-09-03T19:58:35+00:00 NOTICE action_scheduler.queue_job :: MailChimp_WooCommerce_User_Submit queued :: obj_id 16101
2021-09-03T20:00:29+00:00 NOTICE member.sync :: Subscribed Member vefareSt@g.fsmodshub.com :: Array
(
    [status_if_new] => 1
    [merge_fields] => Array
        (
        )

)

