2021-02-04T02:59:04+00:00 NOTICE action_scheduler.queue_job :: MailChimp_WooCommerce_Cart_Update queued :: obj_id 8c1c2960dbf039fccd0774a7038ab9a5
2021-02-04T02:59:06+00:00 NOTICE abandoned_cart.success :: email: racheltsui613@gmail.com :: checkout_url: https://warmwishesflorist.com/checkout/?mc_cart_id=8c1c2960dbf039fccd0774a7038ab9a5
2021-02-04T02:59:07+00:00 NOTICE cart.member.updated :: Updated racheltsui613@gmail.com subscriber status to transactional and language to en
2021-02-04T03:06:01+00:00 NOTICE action_scheduler.queue_job :: MailChimp_WooCommerce_Single_Order starts in 90 seconds :: obj_id 23274
2021-02-04T03:12:57+00:00 NOTICE debug :: Order ID 23274 was pending and is now processing :: Array
(
    [new_order] => 1
    [tracking] => Array
        (
            [campaign_id] => 
            [landing_site] => https://warmwishesflorist.com/?wc-api=WC_Molpay_Gateway
        )

)

2021-02-04T03:16:56+00:00 NOTICE order.member.updated :: Updated racheltsui613@gmail.com subscriber status to transactional and language to en
2021-02-04T03:16:56+00:00 NOTICE order_submit.success :: addStoreOrder :: #23274 :: email: racheltsui613@gmail.com :: landing site https://warmwishesflorist.com/?wc-ajax=get_refreshed_fragments :: abandoned cart deleted [8c1c2960dbf039fccd0774a7038ab9a5]
2021-02-04T04:42:09+00:00 NOTICE action_scheduler.queue_job :: MailChimp_WooCommerce_Cart_Update queued :: obj_id 41aa504eb068fef00b74582774d88c74
2021-02-04T04:42:10+00:00 NOTICE action_scheduler.queue_job :: MailChimp_WooCommerce_User_Submit queued :: obj_id 11338
2021-02-04T04:42:14+00:00 NOTICE abandoned_cart.success :: email: wehlong88@gmail.com :: checkout_url: https://warmwishesflorist.com/checkout/?mc_cart_id=41aa504eb068fef00b74582774d88c74
2021-02-04T04:42:14+00:00 NOTICE cart.member.updated :: Updated wehlong88@gmail.com subscriber status to transactional and language to en
2021-02-04T04:42:16+00:00 NOTICE member.sync :: Updated Member wehlong88@gmail.com :: Array
(
    [previous_status] => transactional
    [status] => 1
    [merge_fields] => Array
        (
        )

)

2021-02-04T04:50:18+00:00 NOTICE action_scheduler.queue_job :: MailChimp_WooCommerce_User_Submit queued :: obj_id 11338
2021-02-04T04:50:19+00:00 NOTICE action_scheduler.queue_job :: MailChimp_WooCommerce_Single_Order starts in 90 seconds :: obj_id 23275
2021-02-04T04:52:21+00:00 NOTICE order_sumbit :: #23275 has a financial status of pending and was skipped.
2021-02-04T04:52:23+00:00 NOTICE member.sync :: Updated Member wehlong88@gmail.com ( merge fields only ) :: Array
(
    [merge_fields] => Array
        (
            [FNAME] => weh long
            [LNAME] => tan
        )

)

2021-02-04T04:52:30+00:00 NOTICE action_scheduler.queue_job :: MailChimp_WooCommerce_Single_Order starts in 90 seconds :: obj_id 23275
2021-02-04T04:52:33+00:00 NOTICE debug :: Order ID 23275 was pending and is now processing :: Array
(
    [new_order] => 1
    [tracking] => Array
        (
            [campaign_id] => 
            [landing_site] => https://warmwishesflorist.com/?wc-api=WC_Molpay_Gateway
        )

)

2021-02-04T04:52:33+00:00 NOTICE action_scheduler.queue_job :: MailChimp_WooCommerce_User_Submit queued :: obj_id 11338
2021-02-04T04:53:31+00:00 NOTICE member.sync :: Updated Member wehlong88@gmail.com ( merge fields only ) :: Array
(
    [merge_fields] => Array
        (
            [FNAME] => weh long
            [LNAME] => tan
        )

)

2021-02-04T05:01:09+00:00 NOTICE order.member.updated :: Updated wehlong88@gmail.com subscriber status to subscribed and language to 
2021-02-04T05:01:09+00:00 NOTICE order_submit.success :: addStoreOrder :: #23275 :: email: wehlong88@gmail.com :: landing site https://warmwishesflorist.com/?wc-api=WC_Molpay_Gateway :: abandoned cart deleted [41aa504eb068fef00b74582774d88c74]
2021-02-04T05:11:16+00:00 NOTICE action_scheduler.queue_job :: MailChimp_WooCommerce_Cart_Update queued :: obj_id d22db15203d9a97490184ba1a40f2596
2021-02-04T05:11:19+00:00 NOTICE abandoned_cart.success :: email: matthew.embtm@gmail.com :: checkout_url: https://warmwishesflorist.com/checkout/?mc_cart_id=d22db15203d9a97490184ba1a40f2596
2021-02-04T05:11:20+00:00 NOTICE cart.member.updated :: Updated matthew.embtm@gmail.com subscriber status to transactional and language to en
2021-02-04T06:20:12+00:00 NOTICE action_scheduler.queue_job :: MailChimp_WooCommerce_Single_Order starts in 90 seconds :: obj_id 23276
2021-02-04T06:26:08+00:00 NOTICE order_sumbit :: #23276 has a financial status of pending and was skipped.
2021-02-04T06:29:31+00:00 NOTICE action_scheduler.queue_job :: MailChimp_WooCommerce_Single_Order starts in 90 seconds :: obj_id 23276
2021-02-04T06:29:33+00:00 NOTICE debug :: Order ID 23276 was pending and is now processing :: Array
(
    [new_order] => 1
    [tracking] => Array
        (
            [campaign_id] => 
            [landing_site] => https://warmwishesflorist.com/?wc-api=WC_Molpay_Gateway
        )

)

2021-02-04T06:31:07+00:00 NOTICE order.member.updated :: Updated matthew.embtm@gmail.com subscriber status to subscribed and language to 
2021-02-04T06:31:07+00:00 NOTICE order_submit.success :: addStoreOrder :: #23276 :: email: matthew.embtm@gmail.com :: landing site https://warmwishesflorist.com/?wc-api=WC_Molpay_Gateway :: abandoned cart deleted [d22db15203d9a97490184ba1a40f2596]
2021-02-04T06:34:41+00:00 NOTICE action_scheduler.queue_job :: MailChimp_WooCommerce_Cart_Update queued :: obj_id f6f17a7f5c471bffa35d74013b5f7238
2021-02-04T06:35:06+00:00 NOTICE action_scheduler.queue_job :: MailChimp_WooCommerce_User_Submit queued :: obj_id 11142
2021-02-04T06:36:23+00:00 NOTICE member.sync :: Updated Member galvinwong87@gmail.com ( merge fields only ) :: Array
(
    [merge_fields] => Array
        (
        )

)

2021-02-04T06:36:29+00:00 NOTICE abandoned_cart.success :: email: galvinwong87@gmail.com :: checkout_url: https://warmwishesflorist.com/checkout/?mc_cart_id=f6f17a7f5c471bffa35d74013b5f7238
2021-02-04T06:36:29+00:00 NOTICE cart.member.updated :: Updated galvinwong87@gmail.com subscriber status to subscribed and language to en
2021-02-04T06:37:20+00:00 NOTICE action_scheduler.queue_job :: MailChimp_WooCommerce_Cart_Update queued :: obj_id f6f17a7f5c471bffa35d74013b5f7238
2021-02-04T06:37:28+00:00 NOTICE abandoned_cart.success :: email: galvinwong87@gmail.com :: checkout_url: https://warmwishesflorist.com/checkout/?mc_cart_id=f6f17a7f5c471bffa35d74013b5f7238
2021-02-04T06:37:34+00:00 NOTICE action_scheduler.queue_job :: MailChimp_WooCommerce_Cart_Update queued :: obj_id f6f17a7f5c471bffa35d74013b5f7238
2021-02-04T06:38:43+00:00 NOTICE abandoned_cart.success :: email: galvinwong87@gmail.com :: checkout_url: https://warmwishesflorist.com/checkout/?mc_cart_id=f6f17a7f5c471bffa35d74013b5f7238
2021-02-04T06:57:56+00:00 NOTICE action_scheduler.queue_job :: MailChimp_WooCommerce_Cart_Update queued :: obj_id f6f17a7f5c471bffa35d74013b5f7238
2021-02-04T06:58:01+00:00 NOTICE abandoned_cart.success :: email: galvinwong87@gmail.com :: checkout_url: https://warmwishesflorist.com/checkout/?mc_cart_id=f6f17a7f5c471bffa35d74013b5f7238
2021-02-04T06:59:38+00:00 NOTICE action_scheduler.queue_job :: MailChimp_WooCommerce_User_Submit queued :: obj_id 11142
2021-02-04T06:59:38+00:00 NOTICE action_scheduler.queue_job :: MailChimp_WooCommerce_Single_Order starts in 90 seconds :: obj_id 23277
2021-02-04T07:00:31+00:00 NOTICE member.sync :: Updated Member galvinwong87@gmail.com ( merge fields only ) :: Array
(
    [merge_fields] => Array
        (
            [FNAME] => Galvin
            [LNAME] => Wong
        )

)

2021-02-04T07:02:25+00:00 NOTICE action_scheduler.queue_job :: MailChimp_WooCommerce_User_Submit queued :: obj_id 11142
2021-02-04T07:03:51+00:00 NOTICE debug :: Order ID 23277 was pending and is now processing :: Array
(
    [new_order] => 1
    [tracking] => Array
        (
            [campaign_id] => 
            [landing_site] => https://warmwishesflorist.com/
        )

)

2021-02-04T07:08:51+00:00 NOTICE order.member.updated :: Updated galvinwong87@gmail.com subscriber status to subscribed and language to en
2021-02-04T07:08:51+00:00 NOTICE order_submit.success :: addStoreOrder :: #23277 :: email: galvinwong87@gmail.com :: landing site https://warmwishesflorist.com/ :: abandoned cart deleted [f6f17a7f5c471bffa35d74013b5f7238]
2021-02-04T07:08:53+00:00 NOTICE member.sync :: Updated Member galvinwong87@gmail.com ( merge fields only ) :: Array
(
    [merge_fields] => Array
        (
            [FNAME] => Galvin
            [LNAME] => Wong
        )

)

2021-02-04T11:00:12+00:00 NOTICE action_scheduler.queue_job :: MailChimp_WooCommerce_User_Submit queued :: obj_id 11339
2021-02-04T11:01:06+00:00 NOTICE member.sync :: Updated Member matthew.embtm@gmail.com ( merge fields only ) :: Array
(
    [merge_fields] => Array
        (
        )

)

2021-02-04T11:34:01+00:00 NOTICE action_scheduler.queue_job :: MailChimp_WooCommerce_User_Submit queued :: obj_id 11340
2021-02-04T11:34:32+00:00 NOTICE member.sync :: Subscribed Member diamond6344@yahoo.com :: Array
(
    [status_if_new] => 1
    [merge_fields] => Array
        (
        )

)

2021-02-04T13:38:14+00:00 NOTICE action_scheduler.queue_job :: MailChimp_WooCommerce_User_Submit queued :: obj_id 11340
2021-02-04T13:38:24+00:00 NOTICE member.sync :: Updated Member diamond6344@yahoo.com ( merge fields only ) :: Array
(
    [merge_fields] => Array
        (
        )

)

2021-02-04T15:11:27+00:00 NOTICE action_scheduler.queue_job :: MailChimp_WooCommerce_Single_Order starts in 90 seconds :: obj_id 23276
2021-02-04T15:11:29+00:00 NOTICE debug :: Order ID 23276 was processing and is now completed :: Array
(
    [new_order] => 
    [tracking] => 
)

2021-02-04T15:11:34+00:00 NOTICE action_scheduler.queue_job :: MailChimp_WooCommerce_Single_Order starts in 90 seconds :: obj_id 23275
2021-02-04T15:11:35+00:00 NOTICE debug :: Order ID 23275 was processing and is now completed :: Array
(
    [new_order] => 
    [tracking] => 
)

2021-02-04T15:11:39+00:00 NOTICE action_scheduler.queue_job :: MailChimp_WooCommerce_Single_Order starts in 90 seconds :: obj_id 23274
2021-02-04T15:11:40+00:00 NOTICE debug :: Order ID 23274 was processing and is now completed :: Array
(
    [new_order] => 
    [tracking] => 
)

2021-02-04T15:11:54+00:00 NOTICE action_scheduler.queue_job :: MailChimp_WooCommerce_Single_Order starts in 90 seconds :: obj_id 23263
2021-02-04T15:11:54+00:00 NOTICE debug :: Order ID 23263 was processing and is now completed :: Array
(
    [new_order] => 
    [tracking] => 
)

2021-02-04T15:14:20+00:00 NOTICE order.member.updated :: Updated racheltsui613@gmail.com subscriber status to transactional and language to 
2021-02-04T15:14:20+00:00 NOTICE order_submit.success :: updateStoreOrder :: #23274 :: email: racheltsui613@gmail.com
2021-02-04T15:14:25+00:00 NOTICE order.member.updated :: Updated tomlwh94@gmail.com subscriber status to subscribed and language to 
2021-02-04T15:14:25+00:00 NOTICE order_submit.success :: updateStoreOrder :: #23263 :: email: tomlwh94@gmail.com
2021-02-04T15:14:29+00:00 NOTICE order.member.updated :: Updated wehlong88@gmail.com subscriber status to subscribed and language to 
2021-02-04T15:14:29+00:00 NOTICE order_submit.success :: updateStoreOrder :: #23275 :: email: wehlong88@gmail.com
2021-02-04T15:14:39+00:00 NOTICE order.member.updated :: Updated matthew.embtm@gmail.com subscriber status to subscribed and language to 
2021-02-04T15:14:39+00:00 NOTICE order_submit.success :: updateStoreOrder :: #23276 :: email: matthew.embtm@gmail.com
2021-02-04T15:19:05+00:00 NOTICE action_scheduler.queue_job :: MailChimp_WooCommerce_Single_Order starts in 90 seconds :: obj_id 23277
2021-02-04T15:19:05+00:00 NOTICE debug :: Order ID 23277 was processing and is now completed :: Array
(
    [new_order] => 
    [tracking] => 
)

2021-02-04T15:26:55+00:00 NOTICE order.member.updated :: Updated galvinwong87@gmail.com subscriber status to subscribed and language to 
2021-02-04T15:26:55+00:00 NOTICE order_submit.success :: updateStoreOrder :: #23277 :: email: galvinwong87@gmail.com
2021-02-04T16:13:35+00:00 NOTICE product.delete_fail :: Unable to deleted product 23264
2021-02-04T16:13:39+00:00 NOTICE product.delete_fail :: Unable to deleted product 23265
2021-02-04T16:55:45+00:00 NOTICE action_scheduler.queue_job :: MailChimp_WooCommerce_User_Submit queued :: obj_id 11341
2021-02-04T16:57:13+00:00 NOTICE member.sync :: Subscribed Member urevicviktor140@gmail.com :: Array
(
    [status_if_new] => 1
    [merge_fields] => Array
        (
        )

)

2021-02-04T16:58:28+00:00 NOTICE action_scheduler.queue_job :: MailChimp_WooCommerce_Single_Product starts in 5 seconds :: obj_id 22905
2021-02-04T17:01:14+00:00 NOTICE product_submit.success :: updateStoreProduct :: #22905
