2021-08-27T02:52:01+00:00 NOTICE action_scheduler.queue_job :: MailChimp_WooCommerce_Cart_Update queued :: obj_id cda2777ffaf2c5dc3a104a1e37e0613b
2021-08-27T02:52:03+00:00 ERROR abandoned_cart.error :: email: cheryl_3336@hotmail.com :: attempting product update :: Resource Not Found :: The requested resource could not be found.
2021-08-27T02:52:04+00:00 NOTICE product_submit.error :: addStoreProduct :: #9231 :: Error Code 404 :: Resource Not Found :: The requested resource could not be found. on 1858 in /var/www/vhosts/warmwishesflorist.com/httpdocs/wp-content/plugins/mailchimp-for-woocommerce/includes/api/class-mailchimp-api.php
2021-08-27T02:52:04+00:00 ERROR abandoned_cart.error :: Error Code 404 :: Resource Not Found :: The requested resource could not be found. on 1858 in /var/www/vhosts/warmwishesflorist.com/httpdocs/wp-content/plugins/mailchimp-for-woocommerce/includes/api/class-mailchimp-api.php
2021-08-27T02:52:18+00:00 NOTICE action_scheduler.queue_job :: MailChimp_WooCommerce_Cart_Update queued :: obj_id cda2777ffaf2c5dc3a104a1e37e0613b
2021-08-27T02:52:33+00:00 ERROR abandoned_cart.error :: email: cheryl_3336@hotmail.com :: attempting product update :: Resource Not Found :: The requested resource could not be found.
2021-08-27T02:52:34+00:00 NOTICE product_submit.error :: addStoreProduct :: #9231 :: Error Code 404 :: Resource Not Found :: The requested resource could not be found. on 1858 in /var/www/vhosts/warmwishesflorist.com/httpdocs/wp-content/plugins/mailchimp-for-woocommerce/includes/api/class-mailchimp-api.php
2021-08-27T02:52:34+00:00 ERROR abandoned_cart.error :: Error Code 404 :: Resource Not Found :: The requested resource could not be found. on 1858 in /var/www/vhosts/warmwishesflorist.com/httpdocs/wp-content/plugins/mailchimp-for-woocommerce/includes/api/class-mailchimp-api.php
2021-08-27T02:55:27+00:00 NOTICE action_scheduler.queue_job :: MailChimp_WooCommerce_Cart_Update queued :: obj_id cda2777ffaf2c5dc3a104a1e37e0613b
2021-08-27T02:55:41+00:00 ERROR abandoned_cart.error :: email: cheryl_3336@hotmail.com :: attempting product update :: Resource Not Found :: The requested resource could not be found.
2021-08-27T02:55:42+00:00 NOTICE product_submit.error :: addStoreProduct :: #24013 :: Error Code 404 :: Resource Not Found :: The requested resource could not be found. on 1858 in /var/www/vhosts/warmwishesflorist.com/httpdocs/wp-content/plugins/mailchimp-for-woocommerce/includes/api/class-mailchimp-api.php
2021-08-27T02:55:42+00:00 ERROR abandoned_cart.error :: Error Code 404 :: Resource Not Found :: The requested resource could not be found. on 1858 in /var/www/vhosts/warmwishesflorist.com/httpdocs/wp-content/plugins/mailchimp-for-woocommerce/includes/api/class-mailchimp-api.php
2021-08-27T02:56:25+00:00 NOTICE action_scheduler.queue_job :: MailChimp_WooCommerce_Cart_Update queued :: obj_id cda2777ffaf2c5dc3a104a1e37e0613b
2021-08-27T02:56:27+00:00 ERROR abandoned_cart.error :: email: cheryl_3336@hotmail.com :: attempting product update :: Resource Not Found :: The requested resource could not be found.
2021-08-27T02:56:28+00:00 NOTICE product_submit.error :: addStoreProduct :: #24013 :: Error Code 404 :: Resource Not Found :: The requested resource could not be found. on 1858 in /var/www/vhosts/warmwishesflorist.com/httpdocs/wp-content/plugins/mailchimp-for-woocommerce/includes/api/class-mailchimp-api.php
2021-08-27T02:56:28+00:00 ERROR abandoned_cart.error :: Error Code 404 :: Resource Not Found :: The requested resource could not be found. on 1858 in /var/www/vhosts/warmwishesflorist.com/httpdocs/wp-content/plugins/mailchimp-for-woocommerce/includes/api/class-mailchimp-api.php
2021-08-27T03:00:43+00:00 NOTICE action_scheduler.queue_job :: MailChimp_WooCommerce_Single_Order starts in 90 seconds :: obj_id 24135
2021-08-27T03:01:48+00:00 NOTICE debug :: Order ID 24135 was pending and is now processing :: Array
(
    [new_order] => 1
    [tracking] => Array
        (
            [campaign_id] => 
            [landing_site] => https://warmwishesflorist.com/?wc-api=WC_Molpay_Gateway
        )

)

2021-08-27T03:04:26+00:00 ERROR order_submit.error :: addStoreOrder :: #24135 :: Error Code 404 :: Resource Not Found :: The requested resource could not be found. on 1858 in /var/www/vhosts/warmwishesflorist.com/httpdocs/wp-content/plugins/mailchimp-for-woocommerce/includes/api/class-mailchimp-api.php
2021-08-27T05:36:29+00:00 NOTICE action_scheduler.queue_job :: MailChimp_WooCommerce_Cart_Update queued :: obj_id 5112517c1f5db19780959387c7c40c71
2021-08-27T05:36:32+00:00 ERROR abandoned_cart.error :: email: debbie_deborah12@hotmail.com :: attempting product update :: Resource Not Found :: The requested resource could not be found.
2021-08-27T05:36:33+00:00 NOTICE product_submit.error :: addStoreProduct :: #23059 :: Error Code 404 :: Resource Not Found :: The requested resource could not be found. on 1858 in /var/www/vhosts/warmwishesflorist.com/httpdocs/wp-content/plugins/mailchimp-for-woocommerce/includes/api/class-mailchimp-api.php
2021-08-27T05:36:33+00:00 ERROR abandoned_cart.error :: Error Code 404 :: Resource Not Found :: The requested resource could not be found. on 1858 in /var/www/vhosts/warmwishesflorist.com/httpdocs/wp-content/plugins/mailchimp-for-woocommerce/includes/api/class-mailchimp-api.php
2021-08-27T15:15:58+00:00 NOTICE action_scheduler.queue_job :: MailChimp_WooCommerce_User_Submit queued :: obj_id 15601
2021-08-27T15:16:46+00:00 NOTICE member.sync :: tianaj@comcast.net has signed up to a lot of lists very recently; we're not allowing more signups for now
2021-08-27T15:21:22+00:00 NOTICE action_scheduler.queue_job :: MailChimp_WooCommerce_User_Submit queued :: obj_id 15602
2021-08-27T15:21:36+00:00 NOTICE member.sync :: Subscribed Member trinals60@hiraku4410.hideo82.sorataki.in.net :: Array
(
    [status_if_new] => 1
    [merge_fields] => Array
        (
        )

)

2021-08-27T15:30:10+00:00 NOTICE action_scheduler.queue_job :: MailChimp_WooCommerce_User_Submit queued :: obj_id 15603
2021-08-27T15:31:54+00:00 NOTICE member.sync :: baader@conmoto.de has signed up to a lot of lists very recently; we're not allowing more signups for now
2021-08-27T15:33:37+00:00 NOTICE action_scheduler.queue_job :: MailChimp_WooCommerce_User_Submit queued :: obj_id 15604
2021-08-27T15:34:32+00:00 NOTICE member.sync :: Subscribed Member becoycoops@yahoo.com :: Array
(
    [status_if_new] => 1
    [merge_fields] => Array
        (
        )

)

2021-08-27T15:36:12+00:00 NOTICE action_scheduler.queue_job :: MailChimp_WooCommerce_User_Submit queued :: obj_id 15605
2021-08-27T15:37:58+00:00 NOTICE member.sync :: Subscribed Member bakerde24@gmail.com :: Array
(
    [status_if_new] => 1
    [merge_fields] => Array
        (
        )

)

2021-08-27T15:38:01+00:00 NOTICE action_scheduler.queue_job :: MailChimp_WooCommerce_User_Submit queued :: obj_id 15606
2021-08-27T15:39:46+00:00 NOTICE member.sync :: piccolor@icloud.com has signed up to a lot of lists very recently; we're not allowing more signups for now
2021-08-27T15:43:49+00:00 NOTICE action_scheduler.queue_job :: MailChimp_WooCommerce_User_Submit queued :: obj_id 15607
2021-08-27T15:46:34+00:00 NOTICE member.sync :: sam@campbell-landscape.com has signed up to a lot of lists very recently; we're not allowing more signups for now
2021-08-27T15:46:36+00:00 NOTICE action_scheduler.queue_job :: MailChimp_WooCommerce_User_Submit queued :: obj_id 15608
2021-08-27T15:49:14+00:00 NOTICE member.sync :: Subscribed Member todd.nadeau@prestigetkd.com :: Array
(
    [status_if_new] => 1
    [merge_fields] => Array
        (
        )

)

2021-08-27T15:51:10+00:00 NOTICE action_scheduler.queue_job :: MailChimp_WooCommerce_User_Submit queued :: obj_id 15609
2021-08-27T15:51:45+00:00 NOTICE member.sync :: jaredkahl22@gmail.com has signed up to a lot of lists very recently; we're not allowing more signups for now
2021-08-27T15:54:46+00:00 NOTICE action_scheduler.queue_job :: MailChimp_WooCommerce_User_Submit queued :: obj_id 15610
2021-08-27T15:57:21+00:00 NOTICE member.sync :: Subscribed Member hallyson.nascimento@live.com :: Array
(
    [status_if_new] => 1
    [merge_fields] => Array
        (
        )

)

2021-08-27T15:57:28+00:00 NOTICE action_scheduler.queue_job :: MailChimp_WooCommerce_User_Submit queued :: obj_id 15611
2021-08-27T15:57:32+00:00 NOTICE member.sync :: Subscribed Member morrison.italia@gmail.com :: Array
(
    [status_if_new] => 1
    [merge_fields] => Array
        (
        )

)

2021-08-27T15:57:38+00:00 NOTICE action_scheduler.queue_job :: MailChimp_WooCommerce_User_Submit queued :: obj_id 15612
2021-08-27T15:59:18+00:00 NOTICE member.sync :: lainekinney7@gmail.com has signed up to a lot of lists very recently; we're not allowing more signups for now
2021-08-27T15:59:57+00:00 NOTICE action_scheduler.queue_job :: MailChimp_WooCommerce_User_Submit queued :: obj_id 15613
2021-08-27T16:01:41+00:00 NOTICE member.sync :: Subscribed Member merkle196@gmail.com :: Array
(
    [status_if_new] => 1
    [merge_fields] => Array
        (
        )

)

2021-08-27T16:04:14+00:00 NOTICE action_scheduler.queue_job :: MailChimp_WooCommerce_User_Submit queued :: obj_id 15614
2021-08-27T16:04:21+00:00 NOTICE action_scheduler.queue_job :: MailChimp_WooCommerce_User_Submit queued :: obj_id 15615
2021-08-27T16:04:36+00:00 NOTICE member.sync :: Subscribed Member lmoraites@yahoo.com :: Array
(
    [status_if_new] => 1
    [merge_fields] => Array
        (
        )

)

2021-08-27T16:04:37+00:00 NOTICE member.sync :: Subscribed Member cln202@verizon.net :: Array
(
    [status_if_new] => 1
    [merge_fields] => Array
        (
        )

)

2021-08-27T16:10:48+00:00 NOTICE action_scheduler.queue_job :: MailChimp_WooCommerce_User_Submit queued :: obj_id 15616
2021-08-27T16:12:54+00:00 NOTICE member.sync :: Subscribed Member thalverson@cox.net :: Array
(
    [status_if_new] => 1
    [merge_fields] => Array
        (
        )

)

2021-08-27T16:14:47+00:00 NOTICE action_scheduler.queue_job :: MailChimp_WooCommerce_User_Submit queued :: obj_id 15617
2021-08-27T16:16:06+00:00 NOTICE member.sync :: Subscribed Member tkyra75@yahoo.com :: Array
(
    [status_if_new] => 1
    [merge_fields] => Array
        (
        )

)

2021-08-27T16:16:14+00:00 NOTICE action_scheduler.queue_job :: MailChimp_WooCommerce_User_Submit queued :: obj_id 15618
2021-08-27T16:16:35+00:00 NOTICE member.sync :: Subscribed Member tsant48@gmail.com :: Array
(
    [status_if_new] => 1
    [merge_fields] => Array
        (
        )

)

2021-08-27T16:16:59+00:00 NOTICE action_scheduler.queue_job :: MailChimp_WooCommerce_User_Submit queued :: obj_id 15619
2021-08-27T16:17:58+00:00 NOTICE member.sync :: Subscribed Member robert.j.miller9@gmail.com :: Array
(
    [status_if_new] => 1
    [merge_fields] => Array
        (
        )

)

2021-08-27T16:22:35+00:00 NOTICE action_scheduler.queue_job :: MailChimp_WooCommerce_User_Submit queued :: obj_id 15620
2021-08-27T16:23:43+00:00 NOTICE member.sync :: xangelvalera@hotmail.com has signed up to a lot of lists very recently; we're not allowing more signups for now
2021-08-27T16:27:41+00:00 NOTICE action_scheduler.queue_job :: MailChimp_WooCommerce_User_Submit queued :: obj_id 15621
2021-08-27T16:28:57+00:00 NOTICE member.sync :: Subscribed Member bhannig1@maine.rr.com :: Array
(
    [status_if_new] => 1
    [merge_fields] => Array
        (
        )

)

2021-08-27T16:29:34+00:00 NOTICE action_scheduler.queue_job :: MailChimp_WooCommerce_User_Submit queued :: obj_id 15622
2021-08-27T16:31:42+00:00 NOTICE member.sync :: soulcraftgoods@gmail.com has signed up to a lot of lists very recently; we're not allowing more signups for now
2021-08-27T16:34:48+00:00 NOTICE action_scheduler.queue_job :: MailChimp_WooCommerce_User_Submit queued :: obj_id 15623
2021-08-27T16:36:02+00:00 NOTICE member.sync :: Subscribed Member noahyzracer4@gmail.com :: Array
(
    [status_if_new] => 1
    [merge_fields] => Array
        (
        )

)

2021-08-27T16:37:06+00:00 NOTICE action_scheduler.queue_job :: MailChimp_WooCommerce_User_Submit queued :: obj_id 15624
2021-08-27T16:37:50+00:00 NOTICE member.sync :: Subscribed Member cecil50@att.net :: Array
(
    [status_if_new] => 1
    [merge_fields] => Array
        (
        )

)

2021-08-27T16:40:46+00:00 NOTICE action_scheduler.queue_job :: MailChimp_WooCommerce_User_Submit queued :: obj_id 15625
2021-08-27T16:42:33+00:00 NOTICE member.sync :: apricetsu@yahoo.com has signed up to a lot of lists very recently; we're not allowing more signups for now
2021-08-27T16:48:06+00:00 NOTICE action_scheduler.queue_job :: MailChimp_WooCommerce_User_Submit queued :: obj_id 15626
2021-08-27T16:48:35+00:00 NOTICE member.sync :: dmcswainpa@bellsouth.net has signed up to a lot of lists very recently; we're not allowing more signups for now
2021-08-27T16:55:17+00:00 NOTICE action_scheduler.queue_job :: MailChimp_WooCommerce_User_Submit queued :: obj_id 15627
2021-08-27T16:56:11+00:00 NOTICE member.sync :: Subscribed Member mkahak@kahak.com :: Array
(
    [status_if_new] => 1
    [merge_fields] => Array
        (
        )

)

2021-08-27T16:56:14+00:00 NOTICE action_scheduler.queue_job :: MailChimp_WooCommerce_User_Submit queued :: obj_id 15628
2021-08-27T16:57:05+00:00 NOTICE member.sync :: jeanknapprentals@yorkmaine.com has signed up to a lot of lists very recently; we're not allowing more signups for now
2021-08-27T17:00:40+00:00 NOTICE action_scheduler.queue_job :: MailChimp_WooCommerce_User_Submit queued :: obj_id 15629
2021-08-27T17:02:14+00:00 NOTICE member.sync :: Subscribed Member cynthia.bernis@hotmail.com :: Array
(
    [status_if_new] => 1
    [merge_fields] => Array
        (
        )

)

2021-08-27T17:05:11+00:00 NOTICE action_scheduler.queue_job :: MailChimp_WooCommerce_User_Submit queued :: obj_id 15630
2021-08-27T17:05:47+00:00 NOTICE member.sync :: jasonhopfner@gmail.com has signed up to a lot of lists very recently; we're not allowing more signups for now
2021-08-27T17:14:54+00:00 NOTICE action_scheduler.queue_job :: MailChimp_WooCommerce_User_Submit queued :: obj_id 15631
2021-08-27T17:16:14+00:00 NOTICE member.sync :: tbh0@aol.com has signed up to a lot of lists very recently; we're not allowing more signups for now
2021-08-27T17:17:46+00:00 NOTICE action_scheduler.queue_job :: MailChimp_WooCommerce_User_Submit queued :: obj_id 15632
2021-08-27T17:18:47+00:00 NOTICE member.sync :: manost33@hotmail.com has signed up to a lot of lists very recently; we're not allowing more signups for now
2021-08-27T17:26:08+00:00 NOTICE action_scheduler.queue_job :: MailChimp_WooCommerce_User_Submit queued :: obj_id 15633
2021-08-27T17:26:33+00:00 NOTICE member.sync :: Subscribed Member Chazzi22@aol.com :: Array
(
    [status_if_new] => 1
    [merge_fields] => Array
        (
        )

)

2021-08-27T17:27:23+00:00 NOTICE action_scheduler.queue_job :: MailChimp_WooCommerce_User_Submit queued :: obj_id 15634
2021-08-27T17:30:14+00:00 NOTICE member.sync :: john.quinn@cox.net has signed up to a lot of lists very recently; we're not allowing more signups for now
2021-08-27T17:38:13+00:00 NOTICE action_scheduler.queue_job :: MailChimp_WooCommerce_User_Submit queued :: obj_id 15635
2021-08-27T17:39:01+00:00 NOTICE member.sync :: Subscribed Member jahmirahnicole@gmail.com :: Array
(
    [status_if_new] => 1
    [merge_fields] => Array
        (
        )

)

2021-08-27T17:40:16+00:00 NOTICE action_scheduler.queue_job :: MailChimp_WooCommerce_User_Submit queued :: obj_id 15636
2021-08-27T17:40:57+00:00 NOTICE member.sync :: Subscribed Member memeplus1@gmail.com :: Array
(
    [status_if_new] => 1
    [merge_fields] => Array
        (
        )

)

2021-08-27T17:45:27+00:00 NOTICE action_scheduler.queue_job :: MailChimp_WooCommerce_User_Submit queued :: obj_id 15637
2021-08-27T17:45:33+00:00 NOTICE member.sync :: manager@kahak.com has signed up to a lot of lists very recently; we're not allowing more signups for now
2021-08-27T17:47:59+00:00 NOTICE action_scheduler.queue_job :: MailChimp_WooCommerce_User_Submit queued :: obj_id 15638
2021-08-27T17:48:37+00:00 NOTICE member.sync :: Subscribed Member drfarzanmd@hotmail.com :: Array
(
    [status_if_new] => 1
    [merge_fields] => Array
        (
        )

)

2021-08-27T17:52:21+00:00 NOTICE action_scheduler.queue_job :: MailChimp_WooCommerce_User_Submit queued :: obj_id 15639
2021-08-27T17:52:34+00:00 NOTICE member.sync :: Subscribed Member rana350790@gmail.com :: Array
(
    [status_if_new] => 1
    [merge_fields] => Array
        (
        )

)

2021-08-27T17:56:36+00:00 NOTICE action_scheduler.queue_job :: MailChimp_WooCommerce_User_Submit queued :: obj_id 15640
2021-08-27T17:58:12+00:00 NOTICE member.sync :: Subscribed Member teemerkelly@gmail.com :: Array
(
    [status_if_new] => 1
    [merge_fields] => Array
        (
        )

)

2021-08-27T17:59:13+00:00 NOTICE action_scheduler.queue_job :: MailChimp_WooCommerce_User_Submit queued :: obj_id 15641
2021-08-27T18:00:28+00:00 NOTICE member.sync :: wewinans@gmail.com has signed up to a lot of lists very recently; we're not allowing more signups for now
2021-08-27T18:00:31+00:00 NOTICE action_scheduler.queue_job :: MailChimp_WooCommerce_User_Submit queued :: obj_id 15642
2021-08-27T18:00:36+00:00 NOTICE member.sync :: Subscribed Member lorieanne@verizon.net :: Array
(
    [status_if_new] => 1
    [merge_fields] => Array
        (
        )

)

2021-08-27T18:03:28+00:00 NOTICE action_scheduler.queue_job :: MailChimp_WooCommerce_User_Submit queued :: obj_id 15643
2021-08-27T18:03:35+00:00 NOTICE member.sync :: Subscribed Member ej2549@swbell.net :: Array
(
    [status_if_new] => 1
    [merge_fields] => Array
        (
        )

)

2021-08-27T18:05:11+00:00 NOTICE action_scheduler.queue_job :: MailChimp_WooCommerce_User_Submit queued :: obj_id 15644
2021-08-27T18:06:02+00:00 NOTICE member.sync :: Subscribed Member joel@hillierstudio.com :: Array
(
    [status_if_new] => 1
    [merge_fields] => Array
        (
        )

)

2021-08-27T18:06:06+00:00 NOTICE action_scheduler.queue_job :: MailChimp_WooCommerce_User_Submit queued :: obj_id 15645
2021-08-27T18:07:05+00:00 NOTICE member.sync :: sales@twistedironshop.com has signed up to a lot of lists very recently; we're not allowing more signups for now
2021-08-27T18:10:03+00:00 NOTICE action_scheduler.queue_job :: MailChimp_WooCommerce_Cart_Update queued :: obj_id 5112517c1f5db19780959387c7c40c71
2021-08-27T18:10:05+00:00 ERROR abandoned_cart.error :: email: debbie_deborah12@hotmail.com :: attempting product update :: Resource Not Found :: The requested resource could not be found.
2021-08-27T18:10:06+00:00 NOTICE product_submit.error :: addStoreProduct :: #23059 :: Error Code 404 :: Resource Not Found :: The requested resource could not be found. on 1858 in /var/www/vhosts/warmwishesflorist.com/httpdocs/wp-content/plugins/mailchimp-for-woocommerce/includes/api/class-mailchimp-api.php
2021-08-27T18:10:06+00:00 ERROR abandoned_cart.error :: Error Code 404 :: Resource Not Found :: The requested resource could not be found. on 1858 in /var/www/vhosts/warmwishesflorist.com/httpdocs/wp-content/plugins/mailchimp-for-woocommerce/includes/api/class-mailchimp-api.php
2021-08-27T18:11:31+00:00 NOTICE action_scheduler.queue_job :: MailChimp_WooCommerce_Cart_Update queued :: obj_id 5112517c1f5db19780959387c7c40c71
2021-08-27T18:11:33+00:00 ERROR abandoned_cart.error :: email: debbie_deborah12@hotmail.com :: attempting product update :: Resource Not Found :: The requested resource could not be found.
2021-08-27T18:11:34+00:00 NOTICE product_submit.error :: addStoreProduct :: #22023 :: Error Code 404 :: Resource Not Found :: The requested resource could not be found. on 1858 in /var/www/vhosts/warmwishesflorist.com/httpdocs/wp-content/plugins/mailchimp-for-woocommerce/includes/api/class-mailchimp-api.php
2021-08-27T18:11:34+00:00 ERROR abandoned_cart.error :: Error Code 404 :: Resource Not Found :: The requested resource could not be found. on 1858 in /var/www/vhosts/warmwishesflorist.com/httpdocs/wp-content/plugins/mailchimp-for-woocommerce/includes/api/class-mailchimp-api.php
2021-08-27T18:13:00+00:00 NOTICE action_scheduler.queue_job :: MailChimp_WooCommerce_User_Submit queued :: obj_id 15646
2021-08-27T18:13:33+00:00 NOTICE member.sync :: Subscribed Member sten0328@gmail.com :: Array
(
    [status_if_new] => 1
    [merge_fields] => Array
        (
        )

)

2021-08-27T18:14:34+00:00 NOTICE action_scheduler.queue_job :: MailChimp_WooCommerce_User_Submit queued :: obj_id 15647
2021-08-27T18:15:44+00:00 NOTICE member.sync :: nikolakostyukov@yandex.kz has signed up to a lot of lists very recently; we're not allowing more signups for now
2021-08-27T18:17:49+00:00 NOTICE action_scheduler.queue_job :: MailChimp_WooCommerce_User_Submit queued :: obj_id 15648
2021-08-27T18:18:33+00:00 NOTICE member.sync :: Subscribed Member jgarauz1016@gmail.com :: Array
(
    [status_if_new] => 1
    [merge_fields] => Array
        (
        )

)

2021-08-27T18:26:38+00:00 NOTICE action_scheduler.queue_job :: MailChimp_WooCommerce_Single_Order starts in 90 seconds :: obj_id 24136
2021-08-27T18:30:23+00:00 NOTICE order_sumbit :: #24136 has a financial status of pending and was skipped.
2021-08-27T18:34:35+00:00 NOTICE action_scheduler.queue_job :: MailChimp_WooCommerce_Single_Order starts in 90 seconds :: obj_id 24136
2021-08-27T18:36:29+00:00 NOTICE order_sumbit :: #24136 has a financial status of pending and was skipped.
2021-08-27T18:36:33+00:00 NOTICE action_scheduler.queue_job :: MailChimp_WooCommerce_User_Submit queued :: obj_id 15649
2021-08-27T18:37:43+00:00 NOTICE member.sync :: goek78@gmx.de has signed up to a lot of lists very recently; we're not allowing more signups for now
2021-08-27T18:38:40+00:00 NOTICE action_scheduler.queue_job :: MailChimp_WooCommerce_Cart_Update queued :: obj_id 5112517c1f5db19780959387c7c40c71
2021-08-27T18:38:42+00:00 ERROR abandoned_cart.error :: email: debbie_deborah12@hotmail.com :: attempting product update :: Resource Not Found :: The requested resource could not be found.
2021-08-27T18:38:43+00:00 NOTICE product_submit.error :: addStoreProduct :: #22023 :: Error Code 404 :: Resource Not Found :: The requested resource could not be found. on 1858 in /var/www/vhosts/warmwishesflorist.com/httpdocs/wp-content/plugins/mailchimp-for-woocommerce/includes/api/class-mailchimp-api.php
2021-08-27T18:38:43+00:00 ERROR abandoned_cart.error :: Error Code 404 :: Resource Not Found :: The requested resource could not be found. on 1858 in /var/www/vhosts/warmwishesflorist.com/httpdocs/wp-content/plugins/mailchimp-for-woocommerce/includes/api/class-mailchimp-api.php
2021-08-27T18:39:35+00:00 NOTICE action_scheduler.queue_job :: MailChimp_WooCommerce_User_Submit queued :: obj_id 15650
2021-08-27T18:40:37+00:00 NOTICE member.sync :: Subscribed Member Jhimy0@gmail.com :: Array
(
    [status_if_new] => 1
    [merge_fields] => Array
        (
        )

)

2021-08-27T18:40:42+00:00 NOTICE action_scheduler.queue_job :: MailChimp_WooCommerce_User_Submit queued :: obj_id 15651
2021-08-27T18:41:40+00:00 NOTICE member.sync :: Subscribed Member anton_zezin@me.com :: Array
(
    [status_if_new] => 1
    [merge_fields] => Array
        (
        )

)

2021-08-27T18:43:57+00:00 NOTICE action_scheduler.queue_job :: MailChimp_WooCommerce_Single_Order starts in 90 seconds :: obj_id 24137
2021-08-27T18:46:16+00:00 NOTICE order_sumbit :: #24137 has a financial status of pending and was skipped.
2021-08-27T18:46:19+00:00 NOTICE action_scheduler.queue_job :: MailChimp_WooCommerce_User_Submit queued :: obj_id 15652
2021-08-27T18:48:14+00:00 NOTICE member.sync :: Subscribed Member jarobb77@gmail.com :: Array
(
    [status_if_new] => 1
    [merge_fields] => Array
        (
        )

)

2021-08-27T18:49:19+00:00 NOTICE action_scheduler.queue_job :: MailChimp_WooCommerce_User_Submit queued :: obj_id 15653
2021-08-27T18:49:48+00:00 NOTICE member.sync :: Subscribed Member xierber@163.com :: Array
(
    [status_if_new] => 1
    [merge_fields] => Array
        (
        )

)

2021-08-27T18:53:36+00:00 NOTICE action_scheduler.queue_job :: MailChimp_WooCommerce_Single_Order starts in 90 seconds :: obj_id 24137
2021-08-27T18:53:37+00:00 NOTICE debug :: Order ID 24137 was pending and is now processing :: Array
(
    [new_order] => 1
    [tracking] => Array
        (
            [campaign_id] => 
            [landing_site] => https://warmwishesflorist.com/?wc-api=WC_Molpay_Gateway
        )

)

2021-08-27T18:53:50+00:00 NOTICE action_scheduler.queue_job :: MailChimp_WooCommerce_User_Submit queued :: obj_id 15654
2021-08-27T18:54:58+00:00 NOTICE member.sync :: Subscribed Member connie-barry@att.net :: Array
(
    [status_if_new] => 1
    [merge_fields] => Array
        (
        )

)

2021-08-27T18:55:15+00:00 NOTICE action_scheduler.queue_job :: MailChimp_WooCommerce_Single_Order starts in 90 seconds :: obj_id 24136
2021-08-27T18:55:15+00:00 NOTICE debug :: Order ID 24136 was pending and is now cancelled :: Array
(
    [new_order] => 
    [tracking] => 
)

2021-08-27T18:55:48+00:00 ERROR order_submit.error :: addStoreOrder :: #24137 :: Error Code 404 :: Resource Not Found :: The requested resource could not be found. on 1858 in /var/www/vhosts/warmwishesflorist.com/httpdocs/wp-content/plugins/mailchimp-for-woocommerce/includes/api/class-mailchimp-api.php
2021-08-27T18:57:41+00:00 NOTICE order_sumbit :: #24136 has a financial status of cancelled and was skipped.
2021-08-27T19:01:45+00:00 NOTICE action_scheduler.queue_job :: MailChimp_WooCommerce_User_Submit queued :: obj_id 15655
2021-08-27T19:04:25+00:00 NOTICE member.sync :: Subscribed Member tome@peoplepc.com :: Array
(
    [status_if_new] => 1
    [merge_fields] => Array
        (
        )

)

2021-08-27T19:16:22+00:00 NOTICE action_scheduler.queue_job :: MailChimp_WooCommerce_User_Submit queued :: obj_id 15656
2021-08-27T19:16:51+00:00 NOTICE member.sync :: Emily.fitzgerald@taylorjames.com has signed up to a lot of lists very recently; we're not allowing more signups for now
2021-08-27T19:19:04+00:00 NOTICE action_scheduler.queue_job :: MailChimp_WooCommerce_User_Submit queued :: obj_id 15657
2021-08-27T19:19:56+00:00 NOTICE member.sync :: Subscribed Member drew2colleen@yahoo.com :: Array
(
    [status_if_new] => 1
    [merge_fields] => Array
        (
        )

)

2021-08-27T19:20:02+00:00 NOTICE action_scheduler.queue_job :: MailChimp_WooCommerce_User_Submit queued :: obj_id 15658
2021-08-27T19:23:16+00:00 NOTICE member.sync :: Subscribed Member erling.ostgard@adresseavisen.no :: Array
(
    [status_if_new] => 1
    [merge_fields] => Array
        (
        )

)

2021-08-27T19:26:53+00:00 NOTICE action_scheduler.queue_job :: MailChimp_WooCommerce_User_Submit queued :: obj_id 15659
2021-08-27T19:28:32+00:00 NOTICE member.sync :: bonniet2010@gmail.com has signed up to a lot of lists very recently; we're not allowing more signups for now
2021-08-27T19:31:41+00:00 NOTICE action_scheduler.queue_job :: MailChimp_WooCommerce_User_Submit queued :: obj_id 15660
2021-08-27T19:32:43+00:00 NOTICE member.sync :: Subscribed Member jprice9456@hotmail.com :: Array
(
    [status_if_new] => 1
    [merge_fields] => Array
        (
        )

)

2021-08-27T19:41:35+00:00 NOTICE action_scheduler.queue_job :: MailChimp_WooCommerce_User_Submit queued :: obj_id 15661
2021-08-27T19:42:24+00:00 NOTICE action_scheduler.queue_job :: MailChimp_WooCommerce_User_Submit queued :: obj_id 15662
2021-08-27T19:43:07+00:00 NOTICE member.sync :: Subscribed Member harrdw@gmail.com :: Array
(
    [status_if_new] => 1
    [merge_fields] => Array
        (
        )

)

2021-08-27T19:43:08+00:00 NOTICE member.sync :: Subscribed Member beverliemilius@gmail.com :: Array
(
    [status_if_new] => 1
    [merge_fields] => Array
        (
        )

)

2021-08-27T19:45:00+00:00 NOTICE action_scheduler.queue_job :: MailChimp_WooCommerce_User_Submit queued :: obj_id 15663
2021-08-27T19:49:48+00:00 NOTICE member.sync :: STEELEKAELYN@GMAIL.COM has signed up to a lot of lists very recently; we're not allowing more signups for now
2021-08-27T19:50:30+00:00 NOTICE action_scheduler.queue_job :: MailChimp_WooCommerce_User_Submit queued :: obj_id 15664
2021-08-27T19:50:34+00:00 NOTICE member.sync :: Subscribed Member susan62jowers@yahoo.com :: Array
(
    [status_if_new] => 1
    [merge_fields] => Array
        (
        )

)

2021-08-27T20:01:29+00:00 NOTICE action_scheduler.queue_job :: MailChimp_WooCommerce_User_Submit queued :: obj_id 15665
2021-08-27T20:01:35+00:00 NOTICE member.sync :: Subscribed Member siv.sandvik@adresseavisen.no :: Array
(
    [status_if_new] => 1
    [merge_fields] => Array
        (
        )

)

2021-08-27T20:20:00+00:00 NOTICE action_scheduler.queue_job :: MailChimp_WooCommerce_User_Submit queued :: obj_id 15666
2021-08-27T20:20:22+00:00 NOTICE action_scheduler.queue_job :: MailChimp_WooCommerce_User_Submit queued :: obj_id 15667
2021-08-27T20:20:34+00:00 NOTICE member.sync :: Subscribed Member albertdos@gmail.com :: Array
(
    [status_if_new] => 1
    [merge_fields] => Array
        (
        )

)

2021-08-27T20:20:35+00:00 NOTICE member.sync :: Subscribed Member AFREDERICK2017@GMAIL.COM :: Array
(
    [status_if_new] => 1
    [merge_fields] => Array
        (
        )

)

2021-08-27T20:28:42+00:00 NOTICE action_scheduler.queue_job :: MailChimp_WooCommerce_User_Submit queued :: obj_id 15668
2021-08-27T20:30:54+00:00 NOTICE member.sync :: Subscribed Member jbc86@yahoo.com :: Array
(
    [status_if_new] => 1
    [merge_fields] => Array
        (
        )

)

2021-08-27T20:33:06+00:00 NOTICE action_scheduler.queue_job :: MailChimp_WooCommerce_User_Submit queued :: obj_id 15669
2021-08-27T20:33:34+00:00 NOTICE member.sync :: cdeben@sbcglobal.net has signed up to a lot of lists very recently; we're not allowing more signups for now
2021-08-27T20:41:14+00:00 NOTICE action_scheduler.queue_job :: MailChimp_WooCommerce_User_Submit queued :: obj_id 15670
2021-08-27T20:41:44+00:00 NOTICE member.sync :: Subscribed Member albertd@gmail.com :: Array
(
    [status_if_new] => 1
    [merge_fields] => Array
        (
        )

)

2021-08-27T20:43:25+00:00 NOTICE action_scheduler.queue_job :: MailChimp_WooCommerce_User_Submit queued :: obj_id 15671
2021-08-27T20:43:32+00:00 NOTICE member.sync :: Subscribed Member tla0302@gmail.com :: Array
(
    [status_if_new] => 1
    [merge_fields] => Array
        (
        )

)

2021-08-27T20:51:01+00:00 NOTICE action_scheduler.queue_job :: MailChimp_WooCommerce_User_Submit queued :: obj_id 15672
2021-08-27T20:53:27+00:00 NOTICE member.sync :: Subscribed Member arli_ny2008@hotmail.com :: Array
(
    [status_if_new] => 1
    [merge_fields] => Array
        (
        )

)

2021-08-27T20:53:56+00:00 NOTICE action_scheduler.queue_job :: MailChimp_WooCommerce_User_Submit queued :: obj_id 15673
2021-08-27T20:54:44+00:00 NOTICE member.sync :: Subscribed Member meganmorris615@gmail.com :: Array
(
    [status_if_new] => 1
    [merge_fields] => Array
        (
        )

)

2021-08-27T20:56:05+00:00 NOTICE action_scheduler.queue_job :: MailChimp_WooCommerce_User_Submit queued :: obj_id 15674
2021-08-27T20:57:17+00:00 NOTICE member.sync :: Subscribed Member stacierood@yahoo.com :: Array
(
    [status_if_new] => 1
    [merge_fields] => Array
        (
        )

)

2021-08-27T21:08:46+00:00 NOTICE action_scheduler.queue_job :: MailChimp_WooCommerce_User_Submit queued :: obj_id 15675
2021-08-27T21:09:53+00:00 NOTICE member.sync :: Subscribed Member myrnalidd@gmail.com :: Array
(
    [status_if_new] => 1
    [merge_fields] => Array
        (
        )

)

2021-08-27T21:34:05+00:00 NOTICE action_scheduler.queue_job :: MailChimp_WooCommerce_User_Submit queued :: obj_id 15676
2021-08-27T21:34:43+00:00 NOTICE member.sync :: Subscribed Member virginia@kahak.com :: Array
(
    [status_if_new] => 1
    [merge_fields] => Array
        (
        )

)

2021-08-27T21:43:17+00:00 NOTICE action_scheduler.queue_job :: MailChimp_WooCommerce_User_Submit queued :: obj_id 15677
2021-08-27T21:43:22+00:00 NOTICE action_scheduler.queue_job :: MailChimp_WooCommerce_User_Submit queued :: obj_id 15678
2021-08-27T21:43:34+00:00 NOTICE member.sync :: demyan_shkuratov_1998@rambler.ru has signed up to a lot of lists very recently; we're not allowing more signups for now
2021-08-27T21:43:35+00:00 NOTICE member.sync :: leonid_perminov_1980@rambler.ru has signed up to a lot of lists very recently; we're not allowing more signups for now
2021-08-27T21:44:22+00:00 NOTICE action_scheduler.queue_job :: MailChimp_WooCommerce_User_Submit queued :: obj_id 15679
2021-08-27T21:45:45+00:00 NOTICE member.sync :: Subscribed Member karlb1265@gmail.com :: Array
(
    [status_if_new] => 1
    [merge_fields] => Array
        (
        )

)

2021-08-27T21:48:42+00:00 NOTICE action_scheduler.queue_job :: MailChimp_WooCommerce_User_Submit queued :: obj_id 15680
2021-08-27T21:50:27+00:00 NOTICE member.sync :: Subscribed Member daniel.epstein@allenovery.com :: Array
(
    [status_if_new] => 1
    [merge_fields] => Array
        (
        )

)

2021-08-27T21:56:59+00:00 NOTICE action_scheduler.queue_job :: MailChimp_WooCommerce_User_Submit queued :: obj_id 15681
2021-08-27T22:00:05+00:00 NOTICE member.sync :: Subscribed Member dflwrs@outlook.com :: Array
(
    [status_if_new] => 1
    [merge_fields] => Array
        (
        )

)

2021-08-27T22:03:58+00:00 NOTICE action_scheduler.queue_job :: MailChimp_WooCommerce_User_Submit queued :: obj_id 15682
2021-08-27T22:06:20+00:00 NOTICE member.sync :: Subscribed Member danielepstein@gmx.com :: Array
(
    [status_if_new] => 1
    [merge_fields] => Array
        (
        )

)

2021-08-27T22:09:30+00:00 NOTICE action_scheduler.queue_job :: MailChimp_WooCommerce_User_Submit queued :: obj_id 15683
2021-08-27T22:09:34+00:00 NOTICE member.sync :: Subscribed Member fig1226@gmail.com :: Array
(
    [status_if_new] => 1
    [merge_fields] => Array
        (
        )

)

2021-08-27T22:16:21+00:00 NOTICE action_scheduler.queue_job :: MailChimp_WooCommerce_User_Submit queued :: obj_id 15684
2021-08-27T22:17:35+00:00 NOTICE member.sync :: Subscribed Member harrisoneatontx@gmail.com :: Array
(
    [status_if_new] => 1
    [merge_fields] => Array
        (
        )

)

2021-08-27T22:34:15+00:00 NOTICE action_scheduler.queue_job :: MailChimp_WooCommerce_User_Submit queued :: obj_id 15685
2021-08-27T22:35:42+00:00 NOTICE member.sync :: Subscribed Member d.vukobratovic91@gmail.com :: Array
(
    [status_if_new] => 1
    [merge_fields] => Array
        (
        )

)

2021-08-27T22:35:57+00:00 NOTICE action_scheduler.queue_job :: MailChimp_WooCommerce_User_Submit queued :: obj_id 15686
2021-08-27T22:37:34+00:00 NOTICE member.sync :: danielzepstein@gmail.com has signed up to a lot of lists very recently; we're not allowing more signups for now
2021-08-27T22:40:26+00:00 NOTICE action_scheduler.queue_job :: MailChimp_WooCommerce_User_Submit queued :: obj_id 15687
2021-08-27T22:40:33+00:00 NOTICE member.sync :: Subscribed Member nicolep98@hotmail.com :: Array
(
    [status_if_new] => 1
    [merge_fields] => Array
        (
        )

)

2021-08-27T22:43:16+00:00 NOTICE action_scheduler.queue_job :: MailChimp_WooCommerce_User_Submit queued :: obj_id 15688
2021-08-27T22:44:21+00:00 NOTICE member.sync :: Subscribed Member ian.r.atol@gmail.com :: Array
(
    [status_if_new] => 1
    [merge_fields] => Array
        (
        )

)

2021-08-27T22:52:55+00:00 NOTICE action_scheduler.queue_job :: MailChimp_WooCommerce_User_Submit queued :: obj_id 15689
2021-08-27T22:54:43+00:00 NOTICE member.sync :: Subscribed Member tabatha_carney@yahoo.com :: Array
(
    [status_if_new] => 1
    [merge_fields] => Array
        (
        )

)

2021-08-27T22:56:41+00:00 NOTICE action_scheduler.queue_job :: MailChimp_WooCommerce_User_Submit queued :: obj_id 15690
2021-08-27T22:57:41+00:00 NOTICE member.sync :: Subscribed Member virginia_dailey@yahoo.com :: Array
(
    [status_if_new] => 1
    [merge_fields] => Array
        (
        )

)

2021-08-27T23:00:50+00:00 NOTICE action_scheduler.queue_job :: MailChimp_WooCommerce_User_Submit queued :: obj_id 15691
2021-08-27T23:01:57+00:00 NOTICE member.sync :: Subscribed Member tluzz44@yahoo.com :: Array
(
    [status_if_new] => 1
    [merge_fields] => Array
        (
        )

)

2021-08-27T23:05:13+00:00 NOTICE action_scheduler.queue_job :: MailChimp_WooCommerce_User_Submit queued :: obj_id 15692
2021-08-27T23:06:43+00:00 NOTICE member.sync :: Subscribed Member saamazizzadeh@gmail.com :: Array
(
    [status_if_new] => 1
    [merge_fields] => Array
        (
        )

)

2021-08-27T23:08:05+00:00 NOTICE action_scheduler.queue_job :: MailChimp_WooCommerce_User_Submit queued :: obj_id 15693
2021-08-27T23:09:08+00:00 NOTICE member.sync :: tonya_smotrov_1961@rambler.ru has signed up to a lot of lists very recently; we're not allowing more signups for now
2021-08-27T23:21:23+00:00 NOTICE action_scheduler.queue_job :: MailChimp_WooCommerce_User_Submit queued :: obj_id 15694
2021-08-27T23:23:16+00:00 NOTICE member.sync :: Subscribed Member joshj2398@gmail.com :: Array
(
    [status_if_new] => 1
    [merge_fields] => Array
        (
        )

)

2021-08-27T23:23:20+00:00 NOTICE action_scheduler.queue_job :: MailChimp_WooCommerce_User_Submit queued :: obj_id 15695
2021-08-27T23:24:59+00:00 NOTICE member.sync :: Subscribed Member xsmok3xnukezz@gmail.com :: Array
(
    [status_if_new] => 1
    [merge_fields] => Array
        (
        )

)

2021-08-27T23:46:13+00:00 NOTICE action_scheduler.queue_job :: MailChimp_WooCommerce_User_Submit queued :: obj_id 15696
2021-08-27T23:47:04+00:00 NOTICE member.sync :: noah.dezmehn@gmail.com has signed up to a lot of lists very recently; we're not allowing more signups for now
