2021-08-09T01:07:29+00:00 NOTICE action_scheduler.queue_job :: MailChimp_WooCommerce_User_Submit queued :: obj_id 15396
2021-08-09T01:12:57+00:00 NOTICE member.sync :: Please provide a valid email address.
2021-08-09T02:02:07+00:00 NOTICE action_scheduler.queue_job :: MailChimp_WooCommerce_User_Submit queued :: obj_id 15397
2021-08-09T02:03:16+00:00 NOTICE member.sync :: myhomesoeasydogcatmytabl@gmail.com has signed up to a lot of lists very recently; we're not allowing more signups for now
2021-08-09T04:32:25+00:00 NOTICE action_scheduler.queue_job :: MailChimp_WooCommerce_User_Submit queued :: obj_id 15398
2021-08-09T04:32:35+00:00 NOTICE member.sync :: sushipraha@seoray.site has signed up to a lot of lists very recently; we're not allowing more signups for now
2021-08-09T05:31:17+00:00 NOTICE action_scheduler.queue_job :: MailChimp_WooCommerce_User_Submit queued :: obj_id 15399
2021-08-09T05:31:40+00:00 NOTICE member.sync :: evgenii.bogdanov.10.9.2000@mail.ru has signed up to a lot of lists very recently; we're not allowing more signups for now
2021-08-09T05:51:00+00:00 NOTICE action_scheduler.queue_job :: MailChimp_WooCommerce_User_Submit queued :: obj_id 15400
2021-08-09T05:55:51+00:00 NOTICE member.sync :: boris.vlasov.29.10.1960@mail.ru has signed up to a lot of lists very recently; we're not allowing more signups for now
2021-08-09T06:48:14+00:00 NOTICE action_scheduler.queue_job :: MailChimp_WooCommerce_User_Submit queued :: obj_id 15401
2021-08-09T06:48:40+00:00 NOTICE member.sync :: anfisa.nesterova.12.9.1957@mail.ru has signed up to a lot of lists very recently; we're not allowing more signups for now
2021-08-09T08:24:40+00:00 NOTICE action_scheduler.queue_job :: MailChimp_WooCommerce_User_Submit queued :: obj_id 15402
2021-08-09T08:25:47+00:00 NOTICE member.sync :: snezhana.gushchina.2.8.1961@mail.ru has signed up to a lot of lists very recently; we're not allowing more signups for now
2021-08-09T08:34:30+00:00 NOTICE action_scheduler.queue_job :: MailChimp_WooCommerce_User_Submit queued :: obj_id 15403
2021-08-09T08:34:35+00:00 NOTICE member.sync :: gennadii.markin.21.11.1986@mail.ru has signed up to a lot of lists very recently; we're not allowing more signups for now
2021-08-09T08:34:47+00:00 NOTICE action_scheduler.queue_job :: MailChimp_WooCommerce_User_Submit queued :: obj_id 15404
2021-08-09T08:35:50+00:00 NOTICE member.sync :: albina.fedotova.21.3.1978@mail.ru has signed up to a lot of lists very recently; we're not allowing more signups for now
2021-08-09T09:50:56+00:00 NOTICE action_scheduler.queue_job :: MailChimp_WooCommerce_User_Submit queued :: obj_id 15405
2021-08-09T09:51:55+00:00 NOTICE member.sync :: kondrat.sergeev.25.2.1987@mail.ru has signed up to a lot of lists very recently; we're not allowing more signups for now
2021-08-09T12:31:29+00:00 NOTICE action_scheduler.queue_job :: MailChimp_WooCommerce_User_Submit queued :: obj_id 15406
2021-08-09T12:31:35+00:00 NOTICE member.sync :: Subscribed Member lizce69@sora81.sorataki.in.net :: Array
(
    [status_if_new] => 1
    [merge_fields] => Array
        (
        )

)

2021-08-09T13:01:06+00:00 NOTICE action_scheduler.queue_job :: MailChimp_WooCommerce_User_Submit queued :: obj_id 15407
2021-08-09T13:01:07+00:00 NOTICE action_scheduler.queue_job :: MailChimp_WooCommerce_Cart_Update queued :: obj_id 88a2e1ec6108796afb8b2f951434945f
2021-08-09T13:01:10+00:00 NOTICE member.sync :: Subscribed Member w3iloon_91@hotmail.com :: Array
(
    [status_if_new] => 1
    [merge_fields] => Array
        (
        )

)

2021-08-09T13:01:11+00:00 ERROR abandoned_cart.error :: email: w3iloon_91@hotmail.com :: attempting product update :: Resource Not Found :: The requested resource could not be found.
2021-08-09T13:01:12+00:00 NOTICE product_submit.error :: addStoreProduct :: #23210 :: Error Code 404 :: Resource Not Found :: The requested resource could not be found. on 1858 in /var/www/vhosts/warmwishesflorist.com/httpdocs/wp-content/plugins/mailchimp-for-woocommerce/includes/api/class-mailchimp-api.php
2021-08-09T13:01:12+00:00 ERROR abandoned_cart.error :: Error Code 404 :: Resource Not Found :: The requested resource could not be found. on 1858 in /var/www/vhosts/warmwishesflorist.com/httpdocs/wp-content/plugins/mailchimp-for-woocommerce/includes/api/class-mailchimp-api.php
2021-08-09T14:31:14+00:00 NOTICE action_scheduler.queue_job :: MailChimp_WooCommerce_Single_Order starts in 90 seconds :: obj_id 24106
2021-08-09T14:31:15+00:00 NOTICE debug :: Order ID 24106 was processing and is now completed :: Array
(
    [new_order] => 
    [tracking] => 
)

2021-08-09T14:31:24+00:00 NOTICE action_scheduler.queue_job :: MailChimp_WooCommerce_Single_Order starts in 90 seconds :: obj_id 24107
2021-08-09T14:31:24+00:00 NOTICE debug :: Order ID 24107 was processing and is now completed :: Array
(
    [new_order] => 
    [tracking] => 
)

2021-08-09T14:31:32+00:00 NOTICE action_scheduler.queue_job :: MailChimp_WooCommerce_Single_Order starts in 90 seconds :: obj_id 24108
2021-08-09T14:31:33+00:00 NOTICE debug :: Order ID 24108 was processing and is now completed :: Array
(
    [new_order] => 
    [tracking] => 
)

2021-08-09T14:31:56+00:00 NOTICE action_scheduler.queue_job :: MailChimp_WooCommerce_User_Submit queued :: obj_id 15408
2021-08-09T14:33:14+00:00 ERROR order_submit.error :: addStoreOrder :: #24107 :: Error Code 404 :: Resource Not Found :: The requested resource could not be found. on 1858 in /var/www/vhosts/warmwishesflorist.com/httpdocs/wp-content/plugins/mailchimp-for-woocommerce/includes/api/class-mailchimp-api.php
2021-08-09T14:33:17+00:00 ERROR order_submit.error :: addStoreOrder :: #24108 :: Error Code 404 :: Resource Not Found :: The requested resource could not be found. on 1858 in /var/www/vhosts/warmwishesflorist.com/httpdocs/wp-content/plugins/mailchimp-for-woocommerce/includes/api/class-mailchimp-api.php
2021-08-09T14:33:18+00:00 NOTICE member.sync :: adelina.subbotina.11.10.1956@mail.ru has signed up to a lot of lists very recently; we're not allowing more signups for now
2021-08-09T14:33:20+00:00 ERROR order_submit.error :: addStoreOrder :: #24106 :: Error Code 404 :: Resource Not Found :: The requested resource could not be found. on 1858 in /var/www/vhosts/warmwishesflorist.com/httpdocs/wp-content/plugins/mailchimp-for-woocommerce/includes/api/class-mailchimp-api.php
2021-08-09T15:31:06+00:00 NOTICE action_scheduler.queue_job :: MailChimp_WooCommerce_User_Submit queued :: obj_id 15409
2021-08-09T15:31:40+00:00 NOTICE member.sync :: efim.krasnov.27.4.1981@mail.ru has signed up to a lot of lists very recently; we're not allowing more signups for now
2021-08-09T15:52:48+00:00 NOTICE action_scheduler.queue_job :: MailChimp_WooCommerce_Cart_Update queued :: obj_id a13580fe6053777f7de3dd2edcf4e983
2021-08-09T15:52:49+00:00 NOTICE action_scheduler.queue_job :: MailChimp_WooCommerce_User_Submit queued :: obj_id 15410
2021-08-09T15:53:21+00:00 ERROR abandoned_cart.error :: email: ic3.baby91@gmail.com :: attempting product update :: Resource Not Found :: The requested resource could not be found.
2021-08-09T15:53:22+00:00 NOTICE product_submit.error :: addStoreProduct :: #24013 :: Error Code 404 :: Resource Not Found :: The requested resource could not be found. on 1858 in /var/www/vhosts/warmwishesflorist.com/httpdocs/wp-content/plugins/mailchimp-for-woocommerce/includes/api/class-mailchimp-api.php
2021-08-09T15:53:22+00:00 ERROR abandoned_cart.error :: Error Code 404 :: Resource Not Found :: The requested resource could not be found. on 1858 in /var/www/vhosts/warmwishesflorist.com/httpdocs/wp-content/plugins/mailchimp-for-woocommerce/includes/api/class-mailchimp-api.php
2021-08-09T15:53:23+00:00 NOTICE member.sync :: Subscribed Member ic3.baby91@gmail.com :: Array
(
    [status_if_new] => 1
    [merge_fields] => Array
        (
        )

)

2021-08-09T15:55:34+00:00 NOTICE action_scheduler.queue_job :: MailChimp_WooCommerce_Cart_Update queued :: obj_id a13580fe6053777f7de3dd2edcf4e983
2021-08-09T15:55:35+00:00 NOTICE action_scheduler.queue_job :: MailChimp_WooCommerce_Cart_Update queued :: obj_id a13580fe6053777f7de3dd2edcf4e983
2021-08-09T15:55:36+00:00 ERROR abandoned_cart.error :: email: ic3.baby91@gmail.com :: attempting product update :: Resource Not Found :: The requested resource could not be found.
2021-08-09T15:55:37+00:00 NOTICE product_submit.error :: addStoreProduct :: #24013 :: Error Code 404 :: Resource Not Found :: The requested resource could not be found. on 1858 in /var/www/vhosts/warmwishesflorist.com/httpdocs/wp-content/plugins/mailchimp-for-woocommerce/includes/api/class-mailchimp-api.php
2021-08-09T15:55:37+00:00 ERROR abandoned_cart.error :: Error Code 404 :: Resource Not Found :: The requested resource could not be found. on 1858 in /var/www/vhosts/warmwishesflorist.com/httpdocs/wp-content/plugins/mailchimp-for-woocommerce/includes/api/class-mailchimp-api.php
2021-08-09T15:55:38+00:00 ERROR abandoned_cart.error :: email: ic3.baby91@gmail.com :: attempting product update :: Resource Not Found :: The requested resource could not be found.
2021-08-09T15:55:39+00:00 NOTICE product_submit.error :: addStoreProduct :: #24013 :: Error Code 404 :: Resource Not Found :: The requested resource could not be found. on 1858 in /var/www/vhosts/warmwishesflorist.com/httpdocs/wp-content/plugins/mailchimp-for-woocommerce/includes/api/class-mailchimp-api.php
2021-08-09T15:55:39+00:00 ERROR abandoned_cart.error :: Error Code 404 :: Resource Not Found :: The requested resource could not be found. on 1858 in /var/www/vhosts/warmwishesflorist.com/httpdocs/wp-content/plugins/mailchimp-for-woocommerce/includes/api/class-mailchimp-api.php
2021-08-09T16:01:02+00:00 NOTICE action_scheduler.queue_job :: MailChimp_WooCommerce_User_Submit queued :: obj_id 15410
2021-08-09T16:01:03+00:00 NOTICE action_scheduler.queue_job :: MailChimp_WooCommerce_Single_Order starts in 90 seconds :: obj_id 24110
2021-08-09T16:02:53+00:00 NOTICE debug :: Order ID 24110 was pending and is now processing :: Array
(
    [new_order] => 1
    [tracking] => Array
        (
            [campaign_id] => 
            [landing_site] => https://warmwishesflorist.com/?wc-api=WC_Molpay_Gateway
        )

)

2021-08-09T16:02:53+00:00 NOTICE action_scheduler.queue_job :: MailChimp_WooCommerce_User_Submit queued :: obj_id 15410
2021-08-09T16:02:54+00:00 NOTICE member.sync :: Updated Member ic3.baby91@gmail.com ( merge fields only ) :: Array
(
    [merge_fields] => Array
        (
            [FNAME] => YING CHEN
            [LNAME] => LOH
        )

)

2021-08-09T16:02:56+00:00 NOTICE member.sync :: Updated Member ic3.baby91@gmail.com ( merge fields only ) :: Array
(
    [merge_fields] => Array
        (
            [FNAME] => YING CHEN
            [LNAME] => LOH
        )

)

2021-08-09T16:05:43+00:00 ERROR order_submit.error :: addStoreOrder :: #24110 :: Error Code 404 :: Resource Not Found :: The requested resource could not be found. on 1858 in /var/www/vhosts/warmwishesflorist.com/httpdocs/wp-content/plugins/mailchimp-for-woocommerce/includes/api/class-mailchimp-api.php
2021-08-09T16:30:18+00:00 NOTICE action_scheduler.queue_job :: MailChimp_WooCommerce_Cart_Update queued :: obj_id 88a2e1ec6108796afb8b2f951434945f
2021-08-09T16:30:45+00:00 ERROR abandoned_cart.error :: email: w3iloon_91@hotmail.com :: attempting product update :: Resource Not Found :: The requested resource could not be found.
2021-08-09T16:30:46+00:00 NOTICE product_submit.error :: addStoreProduct :: #23210 :: Error Code 404 :: Resource Not Found :: The requested resource could not be found. on 1858 in /var/www/vhosts/warmwishesflorist.com/httpdocs/wp-content/plugins/mailchimp-for-woocommerce/includes/api/class-mailchimp-api.php
2021-08-09T16:30:46+00:00 ERROR abandoned_cart.error :: Error Code 404 :: Resource Not Found :: The requested resource could not be found. on 1858 in /var/www/vhosts/warmwishesflorist.com/httpdocs/wp-content/plugins/mailchimp-for-woocommerce/includes/api/class-mailchimp-api.php
2021-08-09T16:57:08+00:00 NOTICE action_scheduler.queue_job :: MailChimp_WooCommerce_User_Submit queued :: obj_id 15411
2021-08-09T16:58:58+00:00 NOTICE member.sync :: valentin.samoilov.16.12.1990@mail.ru has signed up to a lot of lists very recently; we're not allowing more signups for now
2021-08-09T18:16:05+00:00 NOTICE action_scheduler.queue_job :: MailChimp_WooCommerce_User_Submit queued :: obj_id 15412
2021-08-09T18:17:53+00:00 NOTICE member.sync :: rodion.kulakov.17.2.2001@mail.ru has signed up to a lot of lists very recently; we're not allowing more signups for now
