2021-08-20T04:32:23+00:00 NOTICE action_scheduler.queue_job :: MailChimp_WooCommerce_User_Submit queued :: obj_id 15527
2021-08-20T04:32:32+00:00 NOTICE member.sync :: mksorbplg+atzba8@gmail.com has signed up to a lot of lists very recently; we're not allowing more signups for now
2021-08-20T04:45:52+00:00 NOTICE action_scheduler.queue_job :: MailChimp_WooCommerce_User_Submit queued :: obj_id 15528
2021-08-20T04:46:48+00:00 NOTICE member.sync :: a.drenov@a.avalins.com has signed up to a lot of lists very recently; we're not allowing more signups for now
2021-08-20T04:49:50+00:00 NOTICE action_scheduler.queue_job :: MailChimp_WooCommerce_User_Submit queued :: obj_id 15529
2021-08-20T04:51:07+00:00 NOTICE member.sync :: Subscribed Member rosemaryzy3@hiraku4410.hideo82.sorataki.in.net :: Array
(
    [status_if_new] => 1
    [merge_fields] => Array
        (
        )

)

2021-08-20T05:59:42+00:00 NOTICE action_scheduler.queue_job :: MailChimp_WooCommerce_User_Submit queued :: obj_id 15530
2021-08-20T06:02:09+00:00 NOTICE member.sync :: Subscribed Member veto-5@yuristpro.xyz :: Array
(
    [status_if_new] => 1
    [merge_fields] => Array
        (
        )

)

2021-08-20T06:21:42+00:00 NOTICE action_scheduler.queue_job :: MailChimp_WooCommerce_User_Submit queued :: obj_id 15531
2021-08-20T06:23:10+00:00 NOTICE member.sync :: monserrerinpricalynch@gmail.com has signed up to a lot of lists very recently; we're not allowing more signups for now
2021-08-20T07:06:31+00:00 NOTICE action_scheduler.queue_job :: MailChimp_WooCommerce_User_Submit queued :: obj_id 15532
2021-08-20T07:06:37+00:00 NOTICE member.sync :: Subscribed Member kristina.sazonova9090@gmail.com :: Array
(
    [status_if_new] => 1
    [merge_fields] => Array
        (
        )

)

2021-08-20T10:23:32+00:00 NOTICE action_scheduler.queue_job :: MailChimp_WooCommerce_User_Submit queued :: obj_id 15533
2021-08-20T10:23:39+00:00 NOTICE member.sync :: qawsedg@yandex.ru has signed up to a lot of lists very recently; we're not allowing more signups for now
2021-08-20T12:02:38+00:00 NOTICE action_scheduler.queue_job :: MailChimp_WooCommerce_User_Submit queued :: obj_id 15534
2021-08-20T12:03:38+00:00 NOTICE member.sync :: przadasdsdyui42@gmail.com has signed up to a lot of lists very recently; we're not allowing more signups for now
2021-08-20T18:54:26+00:00 NOTICE action_scheduler.queue_job :: MailChimp_WooCommerce_User_Submit queued :: obj_id 15535
2021-08-20T18:54:35+00:00 NOTICE member.sync :: cv.et.az.zz5.9@gmail.com has signed up to a lot of lists very recently; we're not allowing more signups for now
2021-08-20T22:02:02+00:00 NOTICE action_scheduler.queue_job :: MailChimp_WooCommerce_User_Submit queued :: obj_id 15536
2021-08-20T22:02:57+00:00 NOTICE member.sync :: Subscribed Member mitzixf4@rokuro75.kiyoakari.xyz :: Array
(
    [status_if_new] => 1
    [merge_fields] => Array
        (
        )

)

