2021-09-01T02:23:27+00:00 NOTICE action_scheduler.queue_job :: MailChimp_WooCommerce_User_Submit queued :: obj_id 15905
2021-09-01T02:23:33+00:00 NOTICE member.sync :: Subscribed Member daniillf4c@inbox.ru :: Array
(
    [status_if_new] => 1
    [merge_fields] => Array
        (
        )

)

2021-09-01T02:58:39+00:00 NOTICE action_scheduler.queue_job :: MailChimp_WooCommerce_User_Submit queued :: obj_id 15906
2021-09-01T02:59:47+00:00 NOTICE member.sync :: Subscribed Member geoivanovbog@bk.ru :: Array
(
    [status_if_new] => 1
    [merge_fields] => Array
        (
        )

)

2021-09-01T07:12:50+00:00 NOTICE action_scheduler.queue_job :: MailChimp_WooCommerce_User_Submit queued :: obj_id 15907
2021-09-01T07:14:37+00:00 NOTICE member.sync :: antonlmba@bk.ru has signed up to a lot of lists very recently; we're not allowing more signups for now
2021-09-01T08:02:00+00:00 NOTICE action_scheduler.queue_job :: MailChimp_WooCommerce_User_Submit queued :: obj_id 15908
2021-09-01T08:02:04+00:00 NOTICE member.sync :: Subscribed Member merylyan4@gmail.com :: Array
(
    [status_if_new] => 1
    [merge_fields] => Array
        (
        )

)

2021-09-01T08:03:40+00:00 NOTICE action_scheduler.queue_job :: MailChimp_WooCommerce_Cart_Update queued :: obj_id 11ccd84e86ab5e2a8ebb9117adc60106
2021-09-01T08:04:35+00:00 ERROR abandoned_cart.error :: email: merylyan4@gmail.com :: attempting product update :: Resource Not Found :: The requested resource could not be found.
2021-09-01T08:04:36+00:00 NOTICE product_submit.error :: addStoreProduct :: #23729 :: Error Code 404 :: Resource Not Found :: The requested resource could not be found. on 1858 in /var/www/vhosts/warmwishesflorist.com/httpdocs/wp-content/plugins/mailchimp-for-woocommerce/includes/api/class-mailchimp-api.php
2021-09-01T08:04:36+00:00 ERROR abandoned_cart.error :: Error Code 404 :: Resource Not Found :: The requested resource could not be found. on 1858 in /var/www/vhosts/warmwishesflorist.com/httpdocs/wp-content/plugins/mailchimp-for-woocommerce/includes/api/class-mailchimp-api.php
2021-09-01T08:04:45+00:00 NOTICE action_scheduler.queue_job :: MailChimp_WooCommerce_Cart_Update queued :: obj_id 11ccd84e86ab5e2a8ebb9117adc60106
2021-09-01T08:04:57+00:00 ERROR abandoned_cart.error :: email: merylyan4@gmail.com :: attempting product update :: Resource Not Found :: The requested resource could not be found.
2021-09-01T08:04:59+00:00 NOTICE product_submit.error :: addStoreProduct :: #23729 :: Error Code 404 :: Resource Not Found :: The requested resource could not be found. on 1858 in /var/www/vhosts/warmwishesflorist.com/httpdocs/wp-content/plugins/mailchimp-for-woocommerce/includes/api/class-mailchimp-api.php
2021-09-01T08:04:59+00:00 ERROR abandoned_cart.error :: Error Code 404 :: Resource Not Found :: The requested resource could not be found. on 1858 in /var/www/vhosts/warmwishesflorist.com/httpdocs/wp-content/plugins/mailchimp-for-woocommerce/includes/api/class-mailchimp-api.php
2021-09-01T08:05:00+00:00 NOTICE action_scheduler.queue_job :: MailChimp_WooCommerce_Cart_Update queued :: obj_id 11ccd84e86ab5e2a8ebb9117adc60106
2021-09-01T08:05:09+00:00 NOTICE action_scheduler.queue_job :: MailChimp_WooCommerce_Cart_Update queued :: obj_id 11ccd84e86ab5e2a8ebb9117adc60106
2021-09-01T08:05:10+00:00 ERROR abandoned_cart.error :: email: merylyan4@gmail.com :: attempting product update :: Resource Not Found :: The requested resource could not be found.
2021-09-01T08:05:11+00:00 NOTICE product_submit.error :: addStoreProduct :: #23729 :: Error Code 404 :: Resource Not Found :: The requested resource could not be found. on 1858 in /var/www/vhosts/warmwishesflorist.com/httpdocs/wp-content/plugins/mailchimp-for-woocommerce/includes/api/class-mailchimp-api.php
2021-09-01T08:05:11+00:00 ERROR abandoned_cart.error :: Error Code 404 :: Resource Not Found :: The requested resource could not be found. on 1858 in /var/www/vhosts/warmwishesflorist.com/httpdocs/wp-content/plugins/mailchimp-for-woocommerce/includes/api/class-mailchimp-api.php
2021-09-01T08:05:12+00:00 ERROR abandoned_cart.error :: email: merylyan4@gmail.com :: attempting product update :: Resource Not Found :: The requested resource could not be found.
2021-09-01T08:05:13+00:00 NOTICE product_submit.error :: addStoreProduct :: #23729 :: Error Code 404 :: Resource Not Found :: The requested resource could not be found. on 1858 in /var/www/vhosts/warmwishesflorist.com/httpdocs/wp-content/plugins/mailchimp-for-woocommerce/includes/api/class-mailchimp-api.php
2021-09-01T08:05:13+00:00 ERROR abandoned_cart.error :: Error Code 404 :: Resource Not Found :: The requested resource could not be found. on 1858 in /var/www/vhosts/warmwishesflorist.com/httpdocs/wp-content/plugins/mailchimp-for-woocommerce/includes/api/class-mailchimp-api.php
2021-09-01T08:06:51+00:00 NOTICE action_scheduler.queue_job :: MailChimp_WooCommerce_Cart_Update queued :: obj_id 11ccd84e86ab5e2a8ebb9117adc60106
2021-09-01T08:07:20+00:00 ERROR abandoned_cart.error :: email: merylyan4@gmail.com :: attempting product update :: Resource Not Found :: The requested resource could not be found.
2021-09-01T08:07:21+00:00 NOTICE product_submit.error :: addStoreProduct :: #23729 :: Error Code 404 :: Resource Not Found :: The requested resource could not be found. on 1858 in /var/www/vhosts/warmwishesflorist.com/httpdocs/wp-content/plugins/mailchimp-for-woocommerce/includes/api/class-mailchimp-api.php
2021-09-01T08:07:21+00:00 ERROR abandoned_cart.error :: Error Code 404 :: Resource Not Found :: The requested resource could not be found. on 1858 in /var/www/vhosts/warmwishesflorist.com/httpdocs/wp-content/plugins/mailchimp-for-woocommerce/includes/api/class-mailchimp-api.php
2021-09-01T08:38:02+00:00 NOTICE action_scheduler.queue_job :: MailChimp_WooCommerce_Cart_Update queued :: obj_id f36cac9febe14b7e013380762a844678
2021-09-01T08:38:04+00:00 ERROR abandoned_cart.error :: email: ssan0104@gmail.com :: attempting product update :: Resource Not Found :: The requested resource could not be found.
2021-09-01T08:38:05+00:00 NOTICE product_submit.error :: addStoreProduct :: #23186 :: Error Code 404 :: Resource Not Found :: The requested resource could not be found. on 1858 in /var/www/vhosts/warmwishesflorist.com/httpdocs/wp-content/plugins/mailchimp-for-woocommerce/includes/api/class-mailchimp-api.php
2021-09-01T08:38:05+00:00 ERROR abandoned_cart.error :: Error Code 404 :: Resource Not Found :: The requested resource could not be found. on 1858 in /var/www/vhosts/warmwishesflorist.com/httpdocs/wp-content/plugins/mailchimp-for-woocommerce/includes/api/class-mailchimp-api.php
2021-09-01T08:39:06+00:00 NOTICE action_scheduler.queue_job :: MailChimp_WooCommerce_Cart_Update queued :: obj_id f36cac9febe14b7e013380762a844678
2021-09-01T08:39:09+00:00 ERROR abandoned_cart.error :: email: ssan0104@gmail.com :: attempting product update :: Resource Not Found :: The requested resource could not be found.
2021-09-01T08:39:10+00:00 NOTICE product_submit.error :: addStoreProduct :: #23186 :: Error Code 404 :: Resource Not Found :: The requested resource could not be found. on 1858 in /var/www/vhosts/warmwishesflorist.com/httpdocs/wp-content/plugins/mailchimp-for-woocommerce/includes/api/class-mailchimp-api.php
2021-09-01T08:39:10+00:00 ERROR abandoned_cart.error :: Error Code 404 :: Resource Not Found :: The requested resource could not be found. on 1858 in /var/www/vhosts/warmwishesflorist.com/httpdocs/wp-content/plugins/mailchimp-for-woocommerce/includes/api/class-mailchimp-api.php
2021-09-01T09:43:58+00:00 NOTICE action_scheduler.queue_job :: MailChimp_WooCommerce_User_Submit queued :: obj_id 15910
2021-09-01T09:44:41+00:00 NOTICE member.sync :: Subscribed Member ingetionxv@gmail.com :: Array
(
    [status_if_new] => 1
    [merge_fields] => Array
        (
        )

)

2021-09-01T09:45:06+00:00 NOTICE action_scheduler.queue_job :: MailChimp_WooCommerce_User_Submit queued :: obj_id 15911
2021-09-01T09:45:07+00:00 NOTICE action_scheduler.queue_job :: MailChimp_WooCommerce_Cart_Update queued :: obj_id 792d594697103bebc866e120471e8b14
2021-09-01T09:45:11+00:00 NOTICE member.sync :: Subscribed Member peggiezaii@live.com :: Array
(
    [status_if_new] => 1
    [merge_fields] => Array
        (
        )

)

2021-09-01T09:45:12+00:00 ERROR abandoned_cart.error :: email: peggiezaii@live.com :: attempting product update :: Resource Not Found :: The requested resource could not be found.
2021-09-01T09:45:13+00:00 NOTICE product_submit.error :: addStoreProduct :: #22736 :: Error Code 404 :: Resource Not Found :: The requested resource could not be found. on 1858 in /var/www/vhosts/warmwishesflorist.com/httpdocs/wp-content/plugins/mailchimp-for-woocommerce/includes/api/class-mailchimp-api.php
2021-09-01T09:45:13+00:00 ERROR abandoned_cart.error :: Error Code 404 :: Resource Not Found :: The requested resource could not be found. on 1858 in /var/www/vhosts/warmwishesflorist.com/httpdocs/wp-content/plugins/mailchimp-for-woocommerce/includes/api/class-mailchimp-api.php
2021-09-01T09:45:30+00:00 NOTICE action_scheduler.queue_job :: MailChimp_WooCommerce_Cart_Update queued :: obj_id 792d594697103bebc866e120471e8b14
2021-09-01T09:45:35+00:00 ERROR abandoned_cart.error :: email: peggiezaii@live.com :: attempting product update :: Resource Not Found :: The requested resource could not be found.
2021-09-01T09:45:36+00:00 NOTICE product_submit.error :: addStoreProduct :: #23767 :: Error Code 404 :: Resource Not Found :: The requested resource could not be found. on 1858 in /var/www/vhosts/warmwishesflorist.com/httpdocs/wp-content/plugins/mailchimp-for-woocommerce/includes/api/class-mailchimp-api.php
2021-09-01T09:45:36+00:00 ERROR abandoned_cart.error :: Error Code 404 :: Resource Not Found :: The requested resource could not be found. on 1858 in /var/www/vhosts/warmwishesflorist.com/httpdocs/wp-content/plugins/mailchimp-for-woocommerce/includes/api/class-mailchimp-api.php
2021-09-01T09:45:46+00:00 NOTICE action_scheduler.queue_job :: MailChimp_WooCommerce_Cart_Update queued :: obj_id 792d594697103bebc866e120471e8b14
2021-09-01T09:46:15+00:00 ERROR abandoned_cart.error :: email: peggiezaii@live.com :: attempting product update :: Resource Not Found :: The requested resource could not be found.
2021-09-01T09:46:16+00:00 NOTICE product_submit.error :: addStoreProduct :: #23767 :: Error Code 404 :: Resource Not Found :: The requested resource could not be found. on 1858 in /var/www/vhosts/warmwishesflorist.com/httpdocs/wp-content/plugins/mailchimp-for-woocommerce/includes/api/class-mailchimp-api.php
2021-09-01T09:46:16+00:00 ERROR abandoned_cart.error :: Error Code 404 :: Resource Not Found :: The requested resource could not be found. on 1858 in /var/www/vhosts/warmwishesflorist.com/httpdocs/wp-content/plugins/mailchimp-for-woocommerce/includes/api/class-mailchimp-api.php
2021-09-01T09:46:29+00:00 NOTICE action_scheduler.queue_job :: MailChimp_WooCommerce_User_Submit queued :: obj_id 15911
2021-09-01T09:46:33+00:00 NOTICE member.sync :: Updated Member peggiezaii@live.com ( merge fields only ) :: Array
(
    [merge_fields] => Array
        (
        )

)

2021-09-01T09:47:56+00:00 NOTICE action_scheduler.queue_job :: MailChimp_WooCommerce_Cart_Update queued :: obj_id 792d594697103bebc866e120471e8b14
2021-09-01T09:47:58+00:00 ERROR abandoned_cart.error :: email: peggiezaii@live.com :: attempting product update :: Resource Not Found :: The requested resource could not be found.
2021-09-01T09:47:59+00:00 NOTICE product_submit.error :: addStoreProduct :: #22736 :: Error Code 404 :: Resource Not Found :: The requested resource could not be found. on 1858 in /var/www/vhosts/warmwishesflorist.com/httpdocs/wp-content/plugins/mailchimp-for-woocommerce/includes/api/class-mailchimp-api.php
2021-09-01T09:47:59+00:00 ERROR abandoned_cart.error :: Error Code 404 :: Resource Not Found :: The requested resource could not be found. on 1858 in /var/www/vhosts/warmwishesflorist.com/httpdocs/wp-content/plugins/mailchimp-for-woocommerce/includes/api/class-mailchimp-api.php
2021-09-01T09:48:23+00:00 NOTICE action_scheduler.queue_job :: MailChimp_WooCommerce_Cart_Update queued :: obj_id 792d594697103bebc866e120471e8b14
2021-09-01T09:48:33+00:00 ERROR abandoned_cart.error :: email: peggiezaii@live.com :: attempting product update :: Resource Not Found :: The requested resource could not be found.
2021-09-01T09:48:34+00:00 NOTICE product_submit.error :: addStoreProduct :: #22736 :: Error Code 404 :: Resource Not Found :: The requested resource could not be found. on 1858 in /var/www/vhosts/warmwishesflorist.com/httpdocs/wp-content/plugins/mailchimp-for-woocommerce/includes/api/class-mailchimp-api.php
2021-09-01T09:48:34+00:00 ERROR abandoned_cart.error :: Error Code 404 :: Resource Not Found :: The requested resource could not be found. on 1858 in /var/www/vhosts/warmwishesflorist.com/httpdocs/wp-content/plugins/mailchimp-for-woocommerce/includes/api/class-mailchimp-api.php
2021-09-01T10:05:56+00:00 NOTICE action_scheduler.queue_job :: MailChimp_WooCommerce_User_Submit queued :: obj_id 15912
2021-09-01T10:06:46+00:00 NOTICE member.sync :: Subscribed Member margretev11@sora81.sorataki.in.net :: Array
(
    [status_if_new] => 1
    [merge_fields] => Array
        (
        )

)

2021-09-01T11:38:21+00:00 NOTICE action_scheduler.queue_job :: MailChimp_WooCommerce_User_Submit queued :: obj_id 15913
2021-09-01T11:38:56+00:00 NOTICE member.sync :: Subscribed Member arseniyfwlst@inbox.ru :: Array
(
    [status_if_new] => 1
    [merge_fields] => Array
        (
        )

)

2021-09-01T12:14:08+00:00 NOTICE action_scheduler.queue_job :: MailChimp_WooCommerce_User_Submit queued :: obj_id 15914
2021-09-01T12:14:56+00:00 NOTICE member.sync :: Subscribed Member denisqgokulov@inbox.ru :: Array
(
    [status_if_new] => 1
    [merge_fields] => Array
        (
        )

)

2021-09-01T15:10:26+00:00 NOTICE action_scheduler.queue_job :: MailChimp_WooCommerce_Cart_Update queued :: obj_id 077c072010947265b55211d8e93e1502
2021-09-01T15:10:29+00:00 ERROR abandoned_cart.error :: email: sandraleeym@gmail.com :: attempting product update :: Resource Not Found :: The requested resource could not be found.
2021-09-01T15:10:30+00:00 NOTICE product_submit.error :: addStoreProduct :: #21163 :: Error Code 404 :: Resource Not Found :: The requested resource could not be found. on 1858 in /var/www/vhosts/warmwishesflorist.com/httpdocs/wp-content/plugins/mailchimp-for-woocommerce/includes/api/class-mailchimp-api.php
2021-09-01T15:10:30+00:00 ERROR abandoned_cart.error :: Error Code 404 :: Resource Not Found :: The requested resource could not be found. on 1858 in /var/www/vhosts/warmwishesflorist.com/httpdocs/wp-content/plugins/mailchimp-for-woocommerce/includes/api/class-mailchimp-api.php
2021-09-01T15:22:03+00:00 NOTICE action_scheduler.queue_job :: MailChimp_WooCommerce_Single_Order starts in 90 seconds :: obj_id 24156
2021-09-01T15:25:27+00:00 NOTICE order_sumbit :: #24156 has a financial status of pending and was skipped.
2021-09-01T15:26:27+00:00 NOTICE action_scheduler.queue_job :: MailChimp_WooCommerce_Single_Order starts in 90 seconds :: obj_id 24156
2021-09-01T15:26:29+00:00 NOTICE debug :: Order ID 24156 was pending and is now processing :: Array
(
    [new_order] => 1
    [tracking] => Array
        (
            [campaign_id] => 
            [landing_site] => https://warmwishesflorist.com/?wc-api=WC_Molpay_Gateway
        )

)

2021-09-01T15:28:43+00:00 ERROR order_submit.error :: addStoreOrder :: #24156 :: Error Code 404 :: Resource Not Found :: The requested resource could not be found. on 1858 in /var/www/vhosts/warmwishesflorist.com/httpdocs/wp-content/plugins/mailchimp-for-woocommerce/includes/api/class-mailchimp-api.php
2021-09-01T16:29:50+00:00 NOTICE action_scheduler.queue_job :: MailChimp_WooCommerce_User_Submit queued :: obj_id 15915
2021-09-01T16:31:02+00:00 NOTICE member.sync :: rostislavmikk1cq@list.ru has signed up to a lot of lists very recently; we're not allowing more signups for now
2021-09-01T18:53:38+00:00 NOTICE action_scheduler.queue_job :: MailChimp_WooCommerce_User_Submit queued :: obj_id 15916
2021-09-01T18:54:37+00:00 NOTICE member.sync :: borislavzorikov582@gmail.com has signed up to a lot of lists very recently; we're not allowing more signups for now
2021-09-01T19:18:33+00:00 NOTICE action_scheduler.queue_job :: MailChimp_WooCommerce_User_Submit queued :: obj_id 15917
2021-09-01T19:20:49+00:00 NOTICE member.sync :: Subscribed Member slawek425@bankpln.com :: Array
(
    [status_if_new] => 1
    [merge_fields] => Array
        (
        )

)

2021-09-01T19:23:09+00:00 NOTICE action_scheduler.queue_job :: MailChimp_WooCommerce_User_Submit queued :: obj_id 15918
2021-09-01T19:24:00+00:00 NOTICE member.sync :: a.n.n.a.v.z.o.l.i.n.a@gmail.com has signed up to a lot of lists very recently; we're not allowing more signups for now
2021-09-01T19:24:56+00:00 NOTICE action_scheduler.queue_job :: MailChimp_WooCommerce_User_Submit queued :: obj_id 15919
2021-09-01T19:29:27+00:00 NOTICE member.sync :: hitorovikzina@gmail.com has signed up to a lot of lists very recently; we're not allowing more signups for now
2021-09-01T19:40:48+00:00 NOTICE action_scheduler.queue_job :: MailChimp_WooCommerce_User_Submit queued :: obj_id 15920
2021-09-01T19:43:09+00:00 NOTICE member.sync :: petinao884@gmail.com has signed up to a lot of lists very recently; we're not allowing more signups for now
2021-09-01T22:59:39+00:00 NOTICE action_scheduler.queue_job :: MailChimp_WooCommerce_User_Submit queued :: obj_id 15921
2021-09-01T23:02:22+00:00 NOTICE member.sync :: eutelacobiaquenba@gmail.com has signed up to a lot of lists very recently; we're not allowing more signups for now
