2021-02-15T00:01:06+00:00 NOTICE member.sync :: Subscribed Member faustyperez@yahoo.com :: Array
(
    [status_if_new] => 1
    [merge_fields] => Array
        (
        )

)

2021-02-15T00:01:07+00:00 NOTICE member.sync :: Subscribed Member nabzjemiy@yahoo.com :: Array
(
    [status_if_new] => 1
    [merge_fields] => Array
        (
        )

)

2021-02-15T00:01:19+00:00 NOTICE member.sync :: Subscribed Member holasoyrafa.ro@gmail.com :: Array
(
    [status_if_new] => 1
    [merge_fields] => Array
        (
        )

)

2021-02-15T00:01:21+00:00 NOTICE member.sync :: Subscribed Member raymond_ramsis@yahoo.com :: Array
(
    [status_if_new] => 1
    [merge_fields] => Array
        (
        )

)

2021-02-15T00:01:23+00:00 NOTICE member.sync :: Subscribed Member fgoodi666@gmail.com :: Array
(
    [status_if_new] => 1
    [merge_fields] => Array
        (
        )

)

2021-02-15T00:01:24+00:00 NOTICE member.sync :: Subscribed Member queen_lambtn@hotmail.com :: Array
(
    [status_if_new] => 1
    [merge_fields] => Array
        (
        )

)

2021-02-15T00:01:48+00:00 NOTICE action_scheduler.queue_job :: MailChimp_WooCommerce_User_Submit queued :: obj_id 11687
2021-02-15T00:02:13+00:00 NOTICE action_scheduler.queue_job :: MailChimp_WooCommerce_User_Submit queued :: obj_id 11688
2021-02-15T00:02:52+00:00 NOTICE action_scheduler.queue_job :: MailChimp_WooCommerce_User_Submit queued :: obj_id 11689
2021-02-15T00:08:30+00:00 NOTICE action_scheduler.queue_job :: MailChimp_WooCommerce_User_Submit queued :: obj_id 11690
2021-02-15T00:10:42+00:00 NOTICE action_scheduler.queue_job :: MailChimp_WooCommerce_User_Submit queued :: obj_id 11691
2021-02-15T00:10:53+00:00 NOTICE action_scheduler.queue_job :: MailChimp_WooCommerce_User_Submit queued :: obj_id 11692
2021-02-15T00:15:57+00:00 NOTICE action_scheduler.queue_job :: MailChimp_WooCommerce_User_Submit queued :: obj_id 11693
2021-02-15T00:18:25+00:00 NOTICE action_scheduler.queue_job :: MailChimp_WooCommerce_User_Submit queued :: obj_id 11694
2021-02-15T00:19:29+00:00 NOTICE action_scheduler.queue_job :: MailChimp_WooCommerce_User_Submit queued :: obj_id 11695
2021-02-15T00:25:05+00:00 NOTICE action_scheduler.queue_job :: MailChimp_WooCommerce_User_Submit queued :: obj_id 11696
2021-02-15T00:28:57+00:00 NOTICE action_scheduler.queue_job :: MailChimp_WooCommerce_User_Submit queued :: obj_id 11697
2021-02-15T00:31:06+00:00 NOTICE member.sync :: Subscribed Member bsromo1023@gmail.com :: Array
(
    [status_if_new] => 1
    [merge_fields] => Array
        (
        )

)

2021-02-15T00:31:07+00:00 NOTICE member.sync :: Subscribed Member brianedukes@gmail.com :: Array
(
    [status_if_new] => 1
    [merge_fields] => Array
        (
        )

)

2021-02-15T00:31:19+00:00 NOTICE member.sync :: Subscribed Member lovabletxmom@aol.com :: Array
(
    [status_if_new] => 1
    [merge_fields] => Array
        (
        )

)

2021-02-15T00:31:20+00:00 NOTICE member.sync :: Subscribed Member jeffreyterronez@gmail.com :: Array
(
    [status_if_new] => 1
    [merge_fields] => Array
        (
        )

)

2021-02-15T00:31:22+00:00 NOTICE member.sync :: Subscribed Member doug_hartman1@yahoo.com :: Array
(
    [status_if_new] => 1
    [merge_fields] => Array
        (
        )

)

2021-02-15T00:31:23+00:00 NOTICE member.sync :: Subscribed Member skyhawk703@hotmail.com :: Array
(
    [status_if_new] => 1
    [merge_fields] => Array
        (
        )

)

2021-02-15T00:31:25+00:00 NOTICE member.sync :: Subscribed Member ryandcasey13@gmail.com :: Array
(
    [status_if_new] => 1
    [merge_fields] => Array
        (
        )

)

2021-02-15T00:31:26+00:00 NOTICE member.sync :: Subscribed Member kaylinmartinjune@gmail.com :: Array
(
    [status_if_new] => 1
    [merge_fields] => Array
        (
        )

)

2021-02-15T00:33:34+00:00 NOTICE action_scheduler.queue_job :: MailChimp_WooCommerce_User_Submit queued :: obj_id 11698
2021-02-15T00:35:25+00:00 NOTICE member.sync :: Subscribed Member champion_01us@yahoo.com :: Array
(
    [status_if_new] => 1
    [merge_fields] => Array
        (
        )

)

2021-02-15T00:35:27+00:00 NOTICE member.sync :: Subscribed Member eugenev@outlook.com :: Array
(
    [status_if_new] => 1
    [merge_fields] => Array
        (
        )

)

2021-02-15T00:35:28+00:00 NOTICE member.sync :: Subscribed Member cmpalmares@aol.com :: Array
(
    [status_if_new] => 1
    [merge_fields] => Array
        (
        )

)

2021-02-15T00:35:30+00:00 NOTICE member.sync :: Subscribed Member vpjack3rd@gmail.com :: Array
(
    [status_if_new] => 1
    [merge_fields] => Array
        (
        )

)

2021-02-15T00:35:31+00:00 NOTICE member.sync :: Subscribed Member kendraderose@hotmail.com :: Array
(
    [status_if_new] => 1
    [merge_fields] => Array
        (
        )

)

2021-02-15T00:35:32+00:00 NOTICE member.sync :: Subscribed Member barrywhitejr@gmail.com :: Array
(
    [status_if_new] => 1
    [merge_fields] => Array
        (
        )

)

2021-02-15T00:45:50+00:00 NOTICE action_scheduler.queue_job :: MailChimp_WooCommerce_User_Submit queued :: obj_id 11699
2021-02-15T00:50:59+00:00 NOTICE action_scheduler.queue_job :: MailChimp_WooCommerce_User_Submit queued :: obj_id 11700
2021-02-15T00:55:46+00:00 NOTICE action_scheduler.queue_job :: MailChimp_WooCommerce_User_Submit queued :: obj_id 11701
2021-02-15T01:17:16+00:00 NOTICE action_scheduler.queue_job :: MailChimp_WooCommerce_User_Submit queued :: obj_id 11702
2021-02-15T01:17:17+00:00 NOTICE member.sync :: Subscribed Member jdpaynegin@gmail.com :: Array
(
    [status_if_new] => 1
    [merge_fields] => Array
        (
        )

)

2021-02-15T01:17:18+00:00 NOTICE member.sync :: Subscribed Member jkrow13@gmail.com :: Array
(
    [status_if_new] => 1
    [merge_fields] => Array
        (
        )

)

2021-02-15T01:17:19+00:00 NOTICE member.sync :: Subscribed Member kyle2331@yahoo.com :: Array
(
    [status_if_new] => 1
    [merge_fields] => Array
        (
        )

)

2021-02-15T01:17:32+00:00 NOTICE member.sync :: Subscribed Member meepmaster7@gmail.com :: Array
(
    [status_if_new] => 1
    [merge_fields] => Array
        (
        )

)

2021-02-15T01:18:48+00:00 NOTICE action_scheduler.queue_job :: MailChimp_WooCommerce_User_Submit queued :: obj_id 11703
2021-02-15T01:19:23+00:00 NOTICE member.sync :: Subscribed Member hannerboo99@gmail.com :: Array
(
    [status_if_new] => 1
    [merge_fields] => Array
        (
        )

)

2021-02-15T01:23:40+00:00 NOTICE action_scheduler.queue_job :: MailChimp_WooCommerce_User_Submit queued :: obj_id 11704
2021-02-15T01:25:36+00:00 NOTICE member.sync :: Subscribed Member curtisdlong@icloud.com :: Array
(
    [status_if_new] => 1
    [merge_fields] => Array
        (
        )

)

2021-02-15T01:30:02+00:00 NOTICE action_scheduler.queue_job :: MailChimp_WooCommerce_User_Submit queued :: obj_id 11705
2021-02-15T01:31:05+00:00 NOTICE member.sync :: Subscribed Member gerkhead@hotmail.com :: Array
(
    [status_if_new] => 1
    [merge_fields] => Array
        (
        )

)

2021-02-15T01:33:02+00:00 NOTICE action_scheduler.queue_job :: MailChimp_WooCommerce_User_Submit queued :: obj_id 11706
2021-02-15T01:34:04+00:00 NOTICE member.sync :: Subscribed Member cjalbair@yahoo.com :: Array
(
    [status_if_new] => 1
    [merge_fields] => Array
        (
        )

)

2021-02-15T01:34:14+00:00 NOTICE action_scheduler.queue_job :: MailChimp_WooCommerce_User_Submit queued :: obj_id 11707
2021-02-15T01:35:50+00:00 NOTICE member.sync :: Subscribed Member amydavis5@gmail.com :: Array
(
    [status_if_new] => 1
    [merge_fields] => Array
        (
        )

)

2021-02-15T01:44:30+00:00 NOTICE action_scheduler.queue_job :: MailChimp_WooCommerce_User_Submit queued :: obj_id 11708
2021-02-15T01:49:15+00:00 NOTICE action_scheduler.queue_job :: MailChimp_WooCommerce_User_Submit queued :: obj_id 11709
2021-02-15T01:58:22+00:00 NOTICE action_scheduler.queue_job :: MailChimp_WooCommerce_User_Submit queued :: obj_id 11710
2021-02-15T02:13:55+00:00 NOTICE member.sync :: Subscribed Member allwirelessllc@hotmail.com :: Array
(
    [status_if_new] => 1
    [merge_fields] => Array
        (
        )

)

2021-02-15T02:13:56+00:00 NOTICE member.sync :: Subscribed Member ebholschuh@gmail.com :: Array
(
    [status_if_new] => 1
    [merge_fields] => Array
        (
        )

)

2021-02-15T02:13:58+00:00 NOTICE member.sync :: Subscribed Member jasonperezzzzz525@gmail.com :: Array
(
    [status_if_new] => 1
    [merge_fields] => Array
        (
        )

)

2021-02-15T02:35:06+00:00 NOTICE action_scheduler.queue_job :: MailChimp_WooCommerce_User_Submit queued :: obj_id 11711
2021-02-15T02:36:06+00:00 NOTICE member.sync :: Subscribed Member tangli05@hotmail.com :: Array
(
    [status_if_new] => 1
    [merge_fields] => Array
        (
        )

)

2021-02-15T02:36:20+00:00 NOTICE action_scheduler.queue_job :: MailChimp_WooCommerce_User_Submit queued :: obj_id 11712
2021-02-15T02:38:07+00:00 NOTICE member.sync :: Subscribed Member grosse.roland@t-online.de :: Array
(
    [status_if_new] => 1
    [merge_fields] => Array
        (
        )

)

2021-02-15T02:43:10+00:00 NOTICE action_scheduler.queue_job :: MailChimp_WooCommerce_User_Submit queued :: obj_id 11713
2021-02-15T02:43:55+00:00 NOTICE member.sync :: Subscribed Member randy.touchstone@gmail.com :: Array
(
    [status_if_new] => 1
    [merge_fields] => Array
        (
        )

)

2021-02-15T02:50:23+00:00 NOTICE action_scheduler.queue_job :: MailChimp_WooCommerce_User_Submit queued :: obj_id 11714
2021-02-15T02:56:32+00:00 NOTICE member.sync :: Subscribed Member cmgreenman@gmail.com :: Array
(
    [status_if_new] => 1
    [merge_fields] => Array
        (
        )

)

2021-02-15T03:05:32+00:00 NOTICE action_scheduler.queue_job :: MailChimp_WooCommerce_User_Submit queued :: obj_id 4
2021-02-15T03:05:32+00:00 NOTICE action_scheduler.queue_job :: MailChimp_WooCommerce_Single_Order starts in 90 seconds :: obj_id 23395
2021-02-15T03:07:01+00:00 NOTICE action_scheduler.queue_job :: MailChimp_WooCommerce_Cart_Update queued :: obj_id afc14353768e338c8175216f639ef604
2021-02-15T03:07:06+00:00 NOTICE member.sync :: Updated Member warmwishesflorist@gmail.com ( merge fields only ) :: Array
(
    [merge_fields] => Array
        (
            [FNAME] => Grab
            [LNAME] => Ho
        )

)

2021-02-15T03:07:08+00:00 NOTICE order_sumbit :: #23395 has a financial status of pending and was skipped.
2021-02-15T03:07:09+00:00 NOTICE abandoned_cart.success :: email: gasdffg@gmail.com :: checkout_url: https://warmwishesflorist.com/checkout/?mc_cart_id=afc14353768e338c8175216f639ef604
2021-02-15T03:07:11+00:00 NOTICE cart.member.updated :: Updated gasdffg@gmail.com subscriber status to transactional and language to en
2021-02-15T03:07:45+00:00 NOTICE action_scheduler.queue_job :: MailChimp_WooCommerce_Cart_Update queued :: obj_id afc14353768e338c8175216f639ef604
2021-02-15T03:08:08+00:00 NOTICE abandoned_cart.success :: email: gasdffg@gmail.com :: checkout_url: https://warmwishesflorist.com/checkout/?mc_cart_id=afc14353768e338c8175216f639ef604
2021-02-15T03:08:15+00:00 NOTICE action_scheduler.queue_job :: MailChimp_WooCommerce_User_Submit queued :: obj_id 4
2021-02-15T03:09:47+00:00 NOTICE member.sync :: Updated Member warmwishesflorist@gmail.com ( merge fields only ) :: Array
(
    [merge_fields] => Array
        (
            [FNAME] => Grab
            [LNAME] => Ho
        )

)

2021-02-15T03:14:40+00:00 NOTICE action_scheduler.queue_job :: MailChimp_WooCommerce_User_Submit queued :: obj_id 11715
2021-02-15T03:14:45+00:00 NOTICE member.sync :: Subscribed Member ixy52299@gmail.com :: Array
(
    [status_if_new] => 1
    [merge_fields] => Array
        (
        )

)

2021-02-15T03:27:23+00:00 NOTICE action_scheduler.queue_job :: MailChimp_WooCommerce_User_Submit queued :: obj_id 11716
2021-02-15T03:27:41+00:00 NOTICE member.sync :: Subscribed Member natvalik@gmail.com :: Array
(
    [status_if_new] => 1
    [merge_fields] => Array
        (
        )

)

2021-02-15T03:32:26+00:00 NOTICE action_scheduler.queue_job :: MailChimp_WooCommerce_User_Submit queued :: obj_id 11717
2021-02-15T03:34:23+00:00 NOTICE member.sync :: Subscribed Member hexunyang159@gmail.com :: Array
(
    [status_if_new] => 1
    [merge_fields] => Array
        (
        )

)

2021-02-15T03:35:40+00:00 NOTICE action_scheduler.queue_job :: MailChimp_WooCommerce_User_Submit queued :: obj_id 11718
2021-02-15T03:36:53+00:00 NOTICE member.sync :: Subscribed Member rickdparker63@gmail.com :: Array
(
    [status_if_new] => 1
    [merge_fields] => Array
        (
        )

)

2021-02-15T03:43:23+00:00 NOTICE action_scheduler.queue_job :: MailChimp_WooCommerce_Cart_Update queued :: obj_id afc14353768e338c8175216f639ef604
2021-02-15T03:43:44+00:00 NOTICE abandoned_cart.success :: email: gasdffg@gmail.com :: checkout_url: https://warmwishesflorist.com/checkout/?mc_cart_id=afc14353768e338c8175216f639ef604
2021-02-15T03:58:20+00:00 NOTICE action_scheduler.queue_job :: MailChimp_WooCommerce_Cart_Update queued :: obj_id ba867dc8c45a2e89afb065f2be2478ef
2021-02-15T03:58:33+00:00 NOTICE abandoned_cart.success :: email: muzahidsar@gmail.com :: checkout_url: https://warmwishesflorist.com/checkout/?mc_cart_id=ba867dc8c45a2e89afb065f2be2478ef
2021-02-15T03:58:34+00:00 NOTICE cart.member.updated :: Updated muzahidsar@gmail.com subscriber status to transactional and language to en
2021-02-15T03:58:41+00:00 NOTICE ac.cart_swap :: Deleted cart [muzahidsar@gmail.com] :: ID [ba867dc8c45a2e89afb065f2be2478ef]
2021-02-15T03:58:42+00:00 NOTICE action_scheduler.queue_job :: MailChimp_WooCommerce_Cart_Update queued :: obj_id 3bc3861916abb35ee413c3105fd7be0a
2021-02-15T03:59:42+00:00 NOTICE abandoned_cart.success :: email: cescmy@yahoo.com :: checkout_url: https://warmwishesflorist.com/checkout/?mc_cart_id=3bc3861916abb35ee413c3105fd7be0a
2021-02-15T03:59:43+00:00 NOTICE cart.member.updated :: Updated cescmy@yahoo.com subscriber status to transactional and language to en
2021-02-15T04:00:06+00:00 NOTICE ac.cart_swap :: Deleted cart [cescmy@yahoo.com] :: ID [3bc3861916abb35ee413c3105fd7be0a]
2021-02-15T04:00:07+00:00 NOTICE action_scheduler.queue_job :: MailChimp_WooCommerce_Cart_Update queued :: obj_id ba867dc8c45a2e89afb065f2be2478ef
2021-02-15T04:01:02+00:00 NOTICE abandoned_cart.success :: email: muzahidsar@gmail.com :: checkout_url: https://warmwishesflorist.com/checkout/?mc_cart_id=ba867dc8c45a2e89afb065f2be2478ef
2021-02-15T04:02:43+00:00 NOTICE action_scheduler.queue_job :: MailChimp_WooCommerce_Cart_Update queued :: obj_id ba867dc8c45a2e89afb065f2be2478ef
2021-02-15T04:02:48+00:00 NOTICE abandoned_cart.success :: email: muzahidsar@gmail.com :: checkout_url: https://warmwishesflorist.com/checkout/?mc_cart_id=ba867dc8c45a2e89afb065f2be2478ef
2021-02-15T04:02:51+00:00 NOTICE action_scheduler.queue_job :: MailChimp_WooCommerce_User_Submit queued :: obj_id 11720
2021-02-15T04:02:54+00:00 NOTICE member.sync :: Subscribed Member ede2625@yahoo.com :: Array
(
    [status_if_new] => 1
    [merge_fields] => Array
        (
        )

)

2021-02-15T04:12:25+00:00 NOTICE action_scheduler.queue_job :: MailChimp_WooCommerce_User_Submit queued :: obj_id 11721
2021-02-15T04:13:33+00:00 NOTICE member.sync :: Subscribed Member pisankadesserts@gmail.com :: Array
(
    [status_if_new] => 1
    [merge_fields] => Array
        (
        )

)

2021-02-15T04:50:48+00:00 NOTICE action_scheduler.queue_job :: MailChimp_WooCommerce_Cart_Update queued :: obj_id 98913e8c01703b56eed336ee9531827e
2021-02-15T04:50:50+00:00 NOTICE abandoned_cart.success :: email: xe.elaine@hotmail.com :: checkout_url: https://warmwishesflorist.com/checkout/?mc_cart_id=98913e8c01703b56eed336ee9531827e
2021-02-15T04:50:51+00:00 NOTICE cart.member.updated :: Updated xe.elaine@hotmail.com subscriber status to transactional and language to en
2021-02-15T04:56:17+00:00 NOTICE action_scheduler.queue_job :: MailChimp_WooCommerce_User_Submit queued :: obj_id 11722
2021-02-15T04:57:30+00:00 NOTICE member.sync :: Subscribed Member cvondersitt@golin.com :: Array
(
    [status_if_new] => 1
    [merge_fields] => Array
        (
        )

)

2021-02-15T05:07:35+00:00 NOTICE action_scheduler.queue_job :: MailChimp_WooCommerce_Single_Product starts in 5 seconds :: obj_id 23318
2021-02-15T05:09:33+00:00 NOTICE product_submit.success :: updateStoreProduct :: #23318
2021-02-15T05:12:51+00:00 NOTICE action_scheduler.queue_job :: MailChimp_WooCommerce_User_Submit queued :: obj_id 11723
2021-02-15T05:15:36+00:00 NOTICE member.sync :: Subscribed Member rbodunov267@student.msjc.edu :: Array
(
    [status_if_new] => 1
    [merge_fields] => Array
        (
        )

)

2021-02-15T05:27:39+00:00 NOTICE action_scheduler.queue_job :: MailChimp_WooCommerce_Cart_Update queued :: obj_id e60718fde7159c1f6cbdb48580d9c18a
2021-02-15T05:27:39+00:00 NOTICE action_scheduler.queue_job :: MailChimp_WooCommerce_User_Submit queued :: obj_id 11724
2021-02-15T05:29:24+00:00 NOTICE action_scheduler.queue_job :: MailChimp_WooCommerce_User_Submit queued :: obj_id 11725
2021-02-15T05:29:26+00:00 NOTICE member.sync :: Subscribed Member hoeefong@hotmail.com :: Array
(
    [status_if_new] => 1
    [merge_fields] => Array
        (
        )

)

2021-02-15T05:29:27+00:00 NOTICE abandoned_cart.success :: email: hoeefong@hotmail.com :: checkout_url: https://warmwishesflorist.com/checkout/?mc_cart_id=e60718fde7159c1f6cbdb48580d9c18a
2021-02-15T05:29:28+00:00 NOTICE cart.member.updated :: Updated hoeefong@hotmail.com subscriber status to subscribed and language to en
2021-02-15T05:29:29+00:00 NOTICE member.sync :: Subscribed Member fei110123fei@gmail.com :: Array
(
    [status_if_new] => 1
    [merge_fields] => Array
        (
        )

)

2021-02-15T05:45:57+00:00 NOTICE action_scheduler.queue_job :: MailChimp_WooCommerce_User_Submit queued :: obj_id 11726
2021-02-15T05:46:34+00:00 NOTICE action_scheduler.queue_job :: MailChimp_WooCommerce_Cart_Update queued :: obj_id e60718fde7159c1f6cbdb48580d9c18a
2021-02-15T05:46:38+00:00 NOTICE member.sync :: Subscribed Member l.veracruz@yahoo.com :: Array
(
    [status_if_new] => 1
    [merge_fields] => Array
        (
        )

)

2021-02-15T05:46:39+00:00 NOTICE abandoned_cart.success :: email: hoeefong@hotmail.com :: checkout_url: https://warmwishesflorist.com/checkout/?mc_cart_id=e60718fde7159c1f6cbdb48580d9c18a
2021-02-15T05:47:09+00:00 NOTICE action_scheduler.queue_job :: MailChimp_WooCommerce_Cart_Update queued :: obj_id e60718fde7159c1f6cbdb48580d9c18a
2021-02-15T05:47:44+00:00 NOTICE abandoned_cart.success :: email: hoeefong@hotmail.com :: checkout_url: https://warmwishesflorist.com/checkout/?mc_cart_id=e60718fde7159c1f6cbdb48580d9c18a
2021-02-15T05:57:20+00:00 NOTICE action_scheduler.queue_job :: MailChimp_WooCommerce_User_Submit queued :: obj_id 11727
2021-02-15T05:57:47+00:00 NOTICE member.sync :: Subscribed Member njdevils3cups@yahoo.com :: Array
(
    [status_if_new] => 1
    [merge_fields] => Array
        (
        )

)

2021-02-15T05:58:43+00:00 NOTICE action_scheduler.queue_job :: MailChimp_WooCommerce_Single_Order starts in 90 seconds :: obj_id 23397
2021-02-15T05:59:04+00:00 NOTICE debug :: Order ID 23397 was pending and is now cancelled :: Array
(
    [new_order] => 
    [tracking] => 
)

2021-02-15T06:01:06+00:00 NOTICE order_sumbit :: #23397 has a financial status of cancelled and was skipped.
2021-02-15T06:02:48+00:00 NOTICE action_scheduler.queue_job :: MailChimp_WooCommerce_Single_Order starts in 90 seconds :: obj_id 23398
2021-02-15T06:03:54+00:00 NOTICE debug :: Order ID 23398 was pending and is now processing :: Array
(
    [new_order] => 1
    [tracking] => Array
        (
            [campaign_id] => 
            [landing_site] => https://warmwishesflorist.com/
        )

)

2021-02-15T06:05:50+00:00 NOTICE order.member.updated :: Updated hoeefong@hotmail.com subscriber status to subscribed and language to en
2021-02-15T06:05:50+00:00 NOTICE order_submit.success :: addStoreOrder :: #23398 :: email: hoeefong@hotmail.com :: landing site https://warmwishesflorist.com/?wc-ajax=get_refreshed_fragments
2021-02-15T06:13:16+00:00 NOTICE action_scheduler.queue_job :: MailChimp_WooCommerce_User_Submit queued :: obj_id 11728
2021-02-15T06:13:50+00:00 NOTICE member.sync :: Please provide a valid email address.
2021-02-15T06:15:35+00:00 NOTICE action_scheduler.queue_job :: MailChimp_WooCommerce_User_Submit queued :: obj_id 11729
2021-02-15T06:15:49+00:00 NOTICE member.sync :: erikramos59@hotmail.com has signed up to a lot of lists very recently; we're not allowing more signups for now
2021-02-15T06:36:14+00:00 NOTICE action_scheduler.queue_job :: MailChimp_WooCommerce_User_Submit queued :: obj_id 11730
2021-02-15T06:37:54+00:00 NOTICE member.sync :: Subscribed Member schier.peter@t-online.de :: Array
(
    [status_if_new] => 1
    [merge_fields] => Array
        (
        )

)

2021-02-15T06:58:23+00:00 NOTICE action_scheduler.queue_job :: MailChimp_WooCommerce_User_Submit queued :: obj_id 11731
2021-02-15T06:59:35+00:00 NOTICE member.sync :: Subscribed Member spay_your_dogma@yahoo.com :: Array
(
    [status_if_new] => 1
    [merge_fields] => Array
        (
        )

)

2021-02-15T07:14:25+00:00 NOTICE action_scheduler.queue_job :: MailChimp_WooCommerce_Cart_Update queued :: obj_id cfe22b16872674dddb1aebcaa180ca26
2021-02-15T07:14:30+00:00 NOTICE action_scheduler.queue_job :: MailChimp_WooCommerce_User_Submit queued :: obj_id 11732
2021-02-15T07:15:15+00:00 NOTICE action_scheduler.queue_job :: MailChimp_WooCommerce_User_Submit queued :: obj_id 11733
2021-02-15T07:16:01+00:00 NOTICE abandoned_cart.success :: email: tkl9578@gmail.com :: checkout_url: https://warmwishesflorist.com/checkout/?mc_cart_id=cfe22b16872674dddb1aebcaa180ca26
2021-02-15T07:16:02+00:00 NOTICE cart.member.updated :: Updated tkl9578@gmail.com subscriber status to transactional and language to en
2021-02-15T07:16:03+00:00 NOTICE member.sync :: Updated Member tkl9578@gmail.com :: Array
(
    [previous_status] => transactional
    [status] => 1
    [merge_fields] => Array
        (
        )

)

2021-02-15T07:16:05+00:00 NOTICE member.sync :: Subscribed Member knbberg@gmail.com :: Array
(
    [status_if_new] => 1
    [merge_fields] => Array
        (
        )

)

2021-02-15T07:23:46+00:00 NOTICE action_scheduler.queue_job :: MailChimp_WooCommerce_User_Submit queued :: obj_id 11734
2021-02-15T07:24:05+00:00 NOTICE member.sync :: Subscribed Member jlaux4@new.rr.com :: Array
(
    [status_if_new] => 1
    [merge_fields] => Array
        (
        )

)

2021-02-15T07:30:39+00:00 NOTICE action_scheduler.queue_job :: MailChimp_WooCommerce_User_Submit queued :: obj_id 11735
2021-02-15T07:31:05+00:00 NOTICE member.sync :: Subscribed Member layne.h.morgan@gmail.com :: Array
(
    [status_if_new] => 1
    [merge_fields] => Array
        (
        )

)

2021-02-15T07:40:53+00:00 NOTICE action_scheduler.queue_job :: MailChimp_WooCommerce_User_Submit queued :: obj_id 11736
2021-02-15T07:42:11+00:00 NOTICE member.sync :: Subscribed Member WHEELSD@BELLSOUTH.NeT :: Array
(
    [status_if_new] => 1
    [merge_fields] => Array
        (
        )

)

2021-02-15T07:45:30+00:00 NOTICE action_scheduler.queue_job :: MailChimp_WooCommerce_User_Submit queued :: obj_id 11737
2021-02-15T07:46:31+00:00 NOTICE member.sync :: Subscribed Member Jay.P.Gates@gmail.com :: Array
(
    [status_if_new] => 1
    [merge_fields] => Array
        (
        )

)

2021-02-15T07:58:49+00:00 NOTICE action_scheduler.queue_job :: MailChimp_WooCommerce_User_Submit queued :: obj_id 11738
2021-02-15T08:00:17+00:00 NOTICE member.sync :: Subscribed Member ebay.store@thetechguys.com :: Array
(
    [status_if_new] => 1
    [merge_fields] => Array
        (
        )

)

2021-02-15T08:24:09+00:00 NOTICE action_scheduler.queue_job :: MailChimp_WooCommerce_User_Submit queued :: obj_id 11739
2021-02-15T08:24:20+00:00 NOTICE member.sync :: Subscribed Member comedianjaygates@gmail.com :: Array
(
    [status_if_new] => 1
    [merge_fields] => Array
        (
        )

)

2021-02-15T08:32:43+00:00 NOTICE action_scheduler.queue_job :: MailChimp_WooCommerce_User_Submit queued :: obj_id 11740
2021-02-15T08:34:40+00:00 NOTICE member.sync :: Subscribed Member tietema@elite.nl :: Array
(
    [status_if_new] => 1
    [merge_fields] => Array
        (
        )

)

2021-02-15T15:16:20+00:00 NOTICE action_scheduler.queue_job :: MailChimp_WooCommerce_Cart_Update queued :: obj_id 0007e31cd3d884a2ef771c5b4b99227d
2021-02-15T15:17:26+00:00 NOTICE abandoned_cart.success :: email: jenny.cute@live.com.my :: checkout_url: https://warmwishesflorist.com/checkout/?mc_cart_id=0007e31cd3d884a2ef771c5b4b99227d
2021-02-15T15:17:27+00:00 NOTICE cart.member.updated :: Updated jenny.cute@live.com.my subscriber status to subscribed and language to en
2021-02-15T15:21:41+00:00 NOTICE action_scheduler.queue_job :: MailChimp_WooCommerce_Cart_Update queued :: obj_id 0007e31cd3d884a2ef771c5b4b99227d
2021-02-15T15:22:27+00:00 NOTICE abandoned_cart.success :: email: jenny.cute@live.com.my :: checkout_url: https://warmwishesflorist.com/checkout/?mc_cart_id=0007e31cd3d884a2ef771c5b4b99227d
2021-02-15T16:03:26+00:00 NOTICE action_scheduler.queue_job :: MailChimp_WooCommerce_User_Submit queued :: obj_id 11741
2021-02-15T16:04:29+00:00 NOTICE member.sync :: Subscribed Member pinupcasino111@gmail.com :: Array
(
    [status_if_new] => 1
    [merge_fields] => Array
        (
        )

)

2021-02-15T18:02:09+00:00 NOTICE action_scheduler.queue_job :: MailChimp_WooCommerce_Cart_Update queued :: obj_id 1b27a1287c476d0b6fd0bce4d64b091f
2021-02-15T18:02:10+00:00 NOTICE action_scheduler.queue_job :: MailChimp_WooCommerce_User_Submit queued :: obj_id 11742
2021-02-15T18:02:13+00:00 NOTICE abandoned_cart.success :: email: ycyong86@gmail.com :: checkout_url: https://warmwishesflorist.com/checkout/?mc_cart_id=1b27a1287c476d0b6fd0bce4d64b091f
2021-02-15T18:02:14+00:00 NOTICE cart.member.updated :: Updated ycyong86@gmail.com subscriber status to transactional and language to en
2021-02-15T18:02:16+00:00 NOTICE member.sync :: Updated Member ycyong86@gmail.com :: Array
(
    [previous_status] => transactional
    [status] => 1
    [merge_fields] => Array
        (
        )

)

2021-02-15T23:03:55+00:00 NOTICE action_scheduler.queue_job :: MailChimp_WooCommerce_User_Submit queued :: obj_id 11743
2021-02-15T23:09:29+00:00 NOTICE action_scheduler.queue_job :: MailChimp_WooCommerce_Cart_Update queued :: obj_id 9446041f4c0993eabfb5c648be9064ea
2021-02-15T23:09:45+00:00 NOTICE action_scheduler.queue_job :: MailChimp_WooCommerce_Single_Order starts in 90 seconds :: obj_id 23420
2021-02-15T23:09:48+00:00 NOTICE member.sync :: Subscribed Member m.voytenko@a.avalins.com :: Array
(
    [status_if_new] => 1
    [merge_fields] => Array
        (
        )

)

2021-02-15T23:09:49+00:00 NOTICE abandoned_cart.success :: email: valerie.ong788@gmail.com :: checkout_url: https://warmwishesflorist.com/checkout/?mc_cart_id=9446041f4c0993eabfb5c648be9064ea
2021-02-15T23:09:50+00:00 NOTICE cart.member.updated :: Updated valerie.ong788@gmail.com subscriber status to transactional and language to en
2021-02-15T23:11:10+00:00 NOTICE debug :: Order ID 23420 was pending and is now processing :: Array
(
    [new_order] => 1
    [tracking] => Array
        (
            [campaign_id] => 
            [landing_site] => https://warmwishesflorist.com/?wc-api=WC_Molpay_Gateway
        )

)

2021-02-15T23:36:24+00:00 NOTICE order.member.updated :: Updated valerie.ong788@gmail.com subscriber status to transactional and language to en
2021-02-15T23:36:24+00:00 NOTICE order_submit.success :: addStoreOrder :: #23420 :: email: valerie.ong788@gmail.com :: landing site https://warmwishesflorist.com/?wc-ajax=get_refreshed_fragments :: abandoned cart deleted [9446041f4c0993eabfb5c648be9064ea]
2021-02-15T23:43:56+00:00 NOTICE action_scheduler.queue_job :: MailChimp_WooCommerce_User_Submit queued :: obj_id 11744
2021-02-15T23:46:14+00:00 NOTICE member.sync :: Subscribed Member m.kosan722424@gmail.com :: Array
(
    [status_if_new] => 1
    [merge_fields] => Array
        (
        )

)

