2021-02-09T00:00:39+00:00 NOTICE action_scheduler.queue_job :: MailChimp_WooCommerce_User_Submit queued :: obj_id 11436
2021-02-09T00:01:06+00:00 NOTICE member.sync :: Subscribed Member Courtoffill@yahoo.com :: Array
(
    [status_if_new] => 1
    [merge_fields] => Array
        (
        )

)

2021-02-09T00:01:07+00:00 NOTICE member.sync :: Subscribed Member dbabraud4@sbcglobal.net :: Array
(
    [status_if_new] => 1
    [merge_fields] => Array
        (
        )

)

2021-02-09T00:01:09+00:00 NOTICE member.sync :: Subscribed Member scasanova1215@yahoo.com :: Array
(
    [status_if_new] => 1
    [merge_fields] => Array
        (
        )

)

2021-02-09T00:01:11+00:00 NOTICE member.sync :: Subscribed Member BBOYLE@BOYLECAPITAL.COM :: Array
(
    [status_if_new] => 1
    [merge_fields] => Array
        (
        )

)

2021-02-09T00:01:12+00:00 NOTICE member.sync :: Subscribed Member marcusallen1496@gmail.com :: Array
(
    [status_if_new] => 1
    [merge_fields] => Array
        (
        )

)

2021-02-09T00:01:14+00:00 NOTICE member.sync :: Subscribed Member andika1234@hotmail.com :: Array
(
    [status_if_new] => 1
    [merge_fields] => Array
        (
        )

)

2021-02-09T00:01:16+00:00 NOTICE member.sync :: Subscribed Member heathj21@gmail.com :: Array
(
    [status_if_new] => 1
    [merge_fields] => Array
        (
        )

)

2021-02-09T00:01:18+00:00 NOTICE member.sync :: ausaf.ahmad11@outlook.com has signed up to a lot of lists very recently; we're not allowing more signups for now
2021-02-09T00:01:20+00:00 NOTICE member.sync :: Subscribed Member scentsrme@gmail.com :: Array
(
    [status_if_new] => 1
    [merge_fields] => Array
        (
        )

)

2021-02-09T00:01:22+00:00 NOTICE member.sync :: Subscribed Member sbcards918@msn.com :: Array
(
    [status_if_new] => 1
    [merge_fields] => Array
        (
        )

)

2021-02-09T00:01:23+00:00 NOTICE member.sync :: jasdeep22@hotmail.com has signed up to a lot of lists very recently; we're not allowing more signups for now
2021-02-09T00:07:54+00:00 NOTICE action_scheduler.queue_job :: MailChimp_WooCommerce_User_Submit queued :: obj_id 11437
2021-02-09T00:09:50+00:00 NOTICE action_scheduler.queue_job :: MailChimp_WooCommerce_Single_Order starts in 90 seconds :: obj_id 23320
2021-02-09T00:11:14+00:00 NOTICE debug :: Order ID 23320 was pending and is now processing :: Array
(
    [new_order] => 1
    [tracking] => Array
        (
            [campaign_id] => 
            [landing_site] => https://warmwishesflorist.com/?wc-api=WC_Molpay_Gateway
        )

)

2021-02-09T00:18:04+00:00 NOTICE action_scheduler.queue_job :: MailChimp_WooCommerce_User_Submit queued :: obj_id 11438
2021-02-09T00:21:20+00:00 NOTICE action_scheduler.queue_job :: MailChimp_WooCommerce_User_Submit queued :: obj_id 11439
2021-02-09T00:27:17+00:00 NOTICE action_scheduler.queue_job :: MailChimp_WooCommerce_User_Submit queued :: obj_id 11440
2021-02-09T00:28:17+00:00 NOTICE action_scheduler.queue_job :: MailChimp_WooCommerce_User_Submit queued :: obj_id 11441
2021-02-09T00:28:27+00:00 NOTICE action_scheduler.queue_job :: MailChimp_WooCommerce_User_Submit queued :: obj_id 11442
2021-02-09T00:31:05+00:00 NOTICE member.sync :: Subscribed Member kblaker@mwitexas.com :: Array
(
    [status_if_new] => 1
    [merge_fields] => Array
        (
        )

)

2021-02-09T00:31:06+00:00 NOTICE member.sync :: Subscribed Member vaughnjm08@gmail.com :: Array
(
    [status_if_new] => 1
    [merge_fields] => Array
        (
        )

)

2021-02-09T00:31:08+00:00 NOTICE member.sync :: Subscribed Member jdb1959@comcast.net :: Array
(
    [status_if_new] => 1
    [merge_fields] => Array
        (
        )

)

2021-02-09T00:31:13+00:00 NOTICE order.member.updated :: Updated jonathan_goh95@hotmail.com subscriber status to transactional and language to en
2021-02-09T00:31:13+00:00 NOTICE order_submit.success :: addStoreOrder :: #23320 :: email: jonathan_goh95@hotmail.com :: landing site https://warmwishesflorist.com/ :: abandoned cart deleted [df0283d85ff1404a5bd5396c697cb77f]
2021-02-09T00:31:14+00:00 NOTICE member.sync :: Subscribed Member nina.chabek@gmail.com :: Array
(
    [status_if_new] => 1
    [merge_fields] => Array
        (
        )

)

2021-02-09T00:31:16+00:00 NOTICE member.sync :: Subscribed Member abrigaman@yahoo.com :: Array
(
    [status_if_new] => 1
    [merge_fields] => Array
        (
        )

)

2021-02-09T00:31:18+00:00 NOTICE member.sync :: Subscribed Member sbannister12@yahoo.com :: Array
(
    [status_if_new] => 1
    [merge_fields] => Array
        (
        )

)

2021-02-09T00:35:17+00:00 NOTICE action_scheduler.queue_job :: MailChimp_WooCommerce_User_Submit queued :: obj_id 11443
2021-02-09T00:46:07+00:00 NOTICE action_scheduler.queue_job :: MailChimp_WooCommerce_User_Submit queued :: obj_id 11444
2021-02-09T00:51:36+00:00 NOTICE action_scheduler.queue_job :: MailChimp_WooCommerce_User_Submit queued :: obj_id 11445
2021-02-09T00:53:55+00:00 NOTICE action_scheduler.queue_job :: MailChimp_WooCommerce_User_Submit queued :: obj_id 11446
2021-02-09T00:57:59+00:00 NOTICE action_scheduler.queue_job :: MailChimp_WooCommerce_User_Submit queued :: obj_id 11447
2021-02-09T00:59:08+00:00 NOTICE action_scheduler.queue_job :: MailChimp_WooCommerce_User_Submit queued :: obj_id 11448
2021-02-09T01:01:05+00:00 NOTICE member.sync :: Subscribed Member scar2866@yahoo.com :: Array
(
    [status_if_new] => 1
    [merge_fields] => Array
        (
        )

)

2021-02-09T01:01:06+00:00 NOTICE member.sync :: mikestephen@att.net has signed up to a lot of lists very recently; we're not allowing more signups for now
2021-02-09T01:01:07+00:00 NOTICE member.sync :: pqgold2005@msn.com has signed up to a lot of lists very recently; we're not allowing more signups for now
2021-02-09T01:01:09+00:00 NOTICE member.sync :: Subscribed Member zleah8ib@gmail.com :: Array
(
    [status_if_new] => 1
    [merge_fields] => Array
        (
        )

)

2021-02-09T01:01:10+00:00 NOTICE member.sync :: Subscribed Member jessie.ann25@gmail.com :: Array
(
    [status_if_new] => 1
    [merge_fields] => Array
        (
        )

)

2021-02-09T01:01:11+00:00 NOTICE member.sync :: melaniezepeda05@icloud.com has signed up to a lot of lists very recently; we're not allowing more signups for now
2021-02-09T01:01:12+00:00 NOTICE member.sync :: saracf1995@icloud.com has signed up to a lot of lists very recently; we're not allowing more signups for now
2021-02-09T01:01:14+00:00 NOTICE member.sync :: Subscribed Member rebughacktools@gmail.com :: Array
(
    [status_if_new] => 1
    [merge_fields] => Array
        (
        )

)

2021-02-09T01:01:15+00:00 NOTICE member.sync :: ericalongey@yahoo.com has signed up to a lot of lists very recently; we're not allowing more signups for now
2021-02-09T01:01:16+00:00 NOTICE member.sync :: rsan585@aol.com has signed up to a lot of lists very recently; we're not allowing more signups for now
2021-02-09T01:01:18+00:00 NOTICE member.sync :: Subscribed Member roselo13@sbcglobal.net :: Array
(
    [status_if_new] => 1
    [merge_fields] => Array
        (
        )

)

2021-02-09T01:01:19+00:00 NOTICE member.sync :: Subscribed Member grahamkl@sbcglobal.net :: Array
(
    [status_if_new] => 1
    [merge_fields] => Array
        (
        )

)

2021-02-09T01:01:20+00:00 NOTICE member.sync :: Subscribed Member alexeim561@gmail.com :: Array
(
    [status_if_new] => 1
    [merge_fields] => Array
        (
        )

)

2021-02-09T01:04:24+00:00 NOTICE action_scheduler.queue_job :: MailChimp_WooCommerce_User_Submit queued :: obj_id 11449
2021-02-09T01:07:58+00:00 NOTICE action_scheduler.queue_job :: MailChimp_WooCommerce_User_Submit queued :: obj_id 11450
2021-02-09T01:13:35+00:00 NOTICE action_scheduler.queue_job :: MailChimp_WooCommerce_User_Submit queued :: obj_id 11451
2021-02-09T01:13:51+00:00 NOTICE action_scheduler.queue_job :: MailChimp_WooCommerce_User_Submit queued :: obj_id 11452
2021-02-09T01:18:23+00:00 NOTICE action_scheduler.queue_job :: MailChimp_WooCommerce_User_Submit queued :: obj_id 11453
2021-02-09T01:23:43+00:00 NOTICE action_scheduler.queue_job :: MailChimp_WooCommerce_User_Submit queued :: obj_id 11454
2021-02-09T01:28:38+00:00 NOTICE action_scheduler.queue_job :: MailChimp_WooCommerce_User_Submit queued :: obj_id 11455
2021-02-09T01:31:05+00:00 NOTICE member.sync :: Subscribed Member carolyn_tedder@yahoo.com :: Array
(
    [status_if_new] => 1
    [merge_fields] => Array
        (
        )

)

2021-02-09T01:31:07+00:00 NOTICE member.sync :: Subscribed Member plumcreekprimitives@mchsi.com :: Array
(
    [status_if_new] => 1
    [merge_fields] => Array
        (
        )

)

2021-02-09T01:31:08+00:00 NOTICE member.sync :: Subscribed Member pkslp@aol.com :: Array
(
    [status_if_new] => 1
    [merge_fields] => Array
        (
        )

)

2021-02-09T01:31:10+00:00 NOTICE member.sync :: Subscribed Member jdunn1@sbcglobal.net :: Array
(
    [status_if_new] => 1
    [merge_fields] => Array
        (
        )

)

2021-02-09T01:31:11+00:00 NOTICE member.sync :: Subscribed Member beautifulbee17@gmail.com :: Array
(
    [status_if_new] => 1
    [merge_fields] => Array
        (
        )

)

2021-02-09T01:31:13+00:00 NOTICE member.sync :: Subscribed Member bei22000@yahoo.com :: Array
(
    [status_if_new] => 1
    [merge_fields] => Array
        (
        )

)

2021-02-09T01:31:24+00:00 NOTICE member.sync :: Subscribed Member darianlhunter@yahoo.com :: Array
(
    [status_if_new] => 1
    [merge_fields] => Array
        (
        )

)

2021-02-09T01:31:26+00:00 NOTICE member.sync :: Subscribed Member pugscout@outlook.com :: Array
(
    [status_if_new] => 1
    [merge_fields] => Array
        (
        )

)

2021-02-09T01:31:43+00:00 NOTICE action_scheduler.queue_job :: MailChimp_WooCommerce_User_Submit queued :: obj_id 11456
2021-02-09T01:38:29+00:00 NOTICE action_scheduler.queue_job :: MailChimp_WooCommerce_User_Submit queued :: obj_id 11457
2021-02-09T01:39:27+00:00 NOTICE action_scheduler.queue_job :: MailChimp_WooCommerce_User_Submit queued :: obj_id 11458
2021-02-09T02:01:06+00:00 NOTICE member.sync :: Subscribed Member jordan098654321@gmail.com :: Array
(
    [status_if_new] => 1
    [merge_fields] => Array
        (
        )

)

2021-02-09T02:01:07+00:00 NOTICE member.sync :: Subscribed Member filygirl@comcast.net :: Array
(
    [status_if_new] => 1
    [merge_fields] => Array
        (
        )

)

2021-02-09T02:01:08+00:00 NOTICE member.sync :: Subscribed Member mvhall@charter.net :: Array
(
    [status_if_new] => 1
    [merge_fields] => Array
        (
        )

)

2021-02-09T02:01:10+00:00 NOTICE member.sync :: w.wynn21@yahoo.com has signed up to a lot of lists very recently; we're not allowing more signups for now
2021-02-09T02:01:11+00:00 NOTICE member.sync :: Subscribed Member alterdn@aol.com :: Array
(
    [status_if_new] => 1
    [merge_fields] => Array
        (
        )

)

2021-02-09T02:01:24+00:00 NOTICE member.sync :: Subscribed Member e.filpo320@gmail.com :: Array
(
    [status_if_new] => 1
    [merge_fields] => Array
        (
        )

)

2021-02-09T02:01:25+00:00 NOTICE member.sync :: Subscribed Member viper2kw@aol.com :: Array
(
    [status_if_new] => 1
    [merge_fields] => Array
        (
        )

)

2021-02-09T02:09:07+00:00 NOTICE action_scheduler.queue_job :: MailChimp_WooCommerce_User_Submit queued :: obj_id 11459
2021-02-09T02:09:20+00:00 NOTICE action_scheduler.queue_job :: MailChimp_WooCommerce_User_Submit queued :: obj_id 11460
2021-02-09T02:16:32+00:00 NOTICE action_scheduler.queue_job :: MailChimp_WooCommerce_User_Submit queued :: obj_id 11461
2021-02-09T02:31:05+00:00 NOTICE member.sync :: Subscribed Member carleyz@ptd.net :: Array
(
    [status_if_new] => 1
    [merge_fields] => Array
        (
        )

)

2021-02-09T02:31:23+00:00 NOTICE member.sync :: Subscribed Member susanne.worrell@hotmail.co.uk :: Array
(
    [status_if_new] => 1
    [merge_fields] => Array
        (
        )

)

2021-02-09T02:31:24+00:00 NOTICE member.sync :: Subscribed Member davidmets@yahoo.com :: Array
(
    [status_if_new] => 1
    [merge_fields] => Array
        (
        )

)

2021-02-09T02:31:26+00:00 NOTICE member.sync :: Subscribed Member marvelyssosa76@gmail.com :: Array
(
    [status_if_new] => 1
    [merge_fields] => Array
        (
        )

)

2021-02-09T02:39:31+00:00 NOTICE action_scheduler.queue_job :: MailChimp_WooCommerce_User_Submit queued :: obj_id 11462
2021-02-09T02:40:05+00:00 NOTICE action_scheduler.queue_job :: MailChimp_WooCommerce_User_Submit queued :: obj_id 11463
2021-02-09T02:42:50+00:00 NOTICE action_scheduler.queue_job :: MailChimp_WooCommerce_Cart_Update queued :: obj_id 7790abda84cb8fa95869a5c59e1840f3
2021-02-09T02:42:53+00:00 NOTICE abandoned_cart.success :: email: chungchun@ifastfinancial.com :: checkout_url: https://warmwishesflorist.com/checkout/?mc_cart_id=7790abda84cb8fa95869a5c59e1840f3
2021-02-09T02:42:53+00:00 NOTICE cart.member.updated :: Updated chungchun@ifastfinancial.com subscriber status to transactional and language to en
2021-02-09T02:42:55+00:00 NOTICE member.sync :: Subscribed Member trae_hancock@yahoo.com :: Array
(
    [status_if_new] => 1
    [merge_fields] => Array
        (
        )

)

2021-02-09T02:42:56+00:00 NOTICE member.sync :: Subscribed Member harleyman103170@comcast.net :: Array
(
    [status_if_new] => 1
    [merge_fields] => Array
        (
        )

)

2021-02-09T02:45:06+00:00 NOTICE action_scheduler.queue_job :: MailChimp_WooCommerce_Cart_Update queued :: obj_id 7790abda84cb8fa95869a5c59e1840f3
2021-02-09T02:45:09+00:00 NOTICE abandoned_cart.success :: email: chungchun@ifastfinancial.com :: checkout_url: https://warmwishesflorist.com/checkout/?mc_cart_id=7790abda84cb8fa95869a5c59e1840f3
2021-02-09T02:45:10+00:00 NOTICE action_scheduler.queue_job :: MailChimp_WooCommerce_Cart_Update queued :: obj_id 7790abda84cb8fa95869a5c59e1840f3
2021-02-09T02:45:16+00:00 NOTICE abandoned_cart.success :: email: chungchun@ifastfinancial.com :: checkout_url: https://warmwishesflorist.com/checkout/?mc_cart_id=7790abda84cb8fa95869a5c59e1840f3
2021-02-09T02:45:40+00:00 NOTICE action_scheduler.queue_job :: MailChimp_WooCommerce_Cart_Update queued :: obj_id 7790abda84cb8fa95869a5c59e1840f3
2021-02-09T02:45:51+00:00 NOTICE action_scheduler.queue_job :: MailChimp_WooCommerce_Cart_Update queued :: obj_id 871f8193dc5e742f3cbd2b13a20bbc26
2021-02-09T02:47:48+00:00 NOTICE abandoned_cart.success :: email: lccmail68@gmail.com :: checkout_url: https://warmwishesflorist.com/checkout/?mc_cart_id=871f8193dc5e742f3cbd2b13a20bbc26
2021-02-09T02:47:48+00:00 NOTICE cart.member.updated :: Updated lccmail68@gmail.com subscriber status to transactional and language to en
2021-02-09T02:47:49+00:00 NOTICE abandoned_cart.success :: email: chungchun@ifastfinancial.com :: checkout_url: https://warmwishesflorist.com/checkout/?mc_cart_id=7790abda84cb8fa95869a5c59e1840f3
2021-02-09T02:51:29+00:00 NOTICE action_scheduler.queue_job :: MailChimp_WooCommerce_Cart_Update queued :: obj_id cff2e64e67cad3eaa6b7fd00c3169d5b
2021-02-09T02:51:56+00:00 NOTICE abandoned_cart.success :: email: weistudio@gmail.com :: checkout_url: https://warmwishesflorist.com/checkout/?mc_cart_id=cff2e64e67cad3eaa6b7fd00c3169d5b
2021-02-09T02:51:57+00:00 NOTICE cart.member.updated :: Updated weistudio@gmail.com subscriber status to transactional and language to en
2021-02-09T02:54:05+00:00 NOTICE action_scheduler.queue_job :: MailChimp_WooCommerce_Single_Order starts in 90 seconds :: obj_id 23321
2021-02-09T02:55:23+00:00 NOTICE debug :: Order ID 23321 was pending and is now processing :: Array
(
    [new_order] => 1
    [tracking] => Array
        (
            [campaign_id] => 
            [landing_site] => https://warmwishesflorist.com/?wc-api=WC_Molpay_Gateway
        )

)

2021-02-09T02:58:17+00:00 NOTICE order.member.updated :: Updated weistudio@gmail.com subscriber status to transactional and language to en
2021-02-09T02:58:17+00:00 NOTICE order_submit.success :: addStoreOrder :: #23321 :: email: weistudio@gmail.com :: landing site https://warmwishesflorist.com/?wc-ajax=update_order_review :: abandoned cart deleted [cff2e64e67cad3eaa6b7fd00c3169d5b]
2021-02-09T03:17:34+00:00 NOTICE action_scheduler.queue_job :: MailChimp_WooCommerce_User_Submit queued :: obj_id 11464
2021-02-09T03:20:09+00:00 NOTICE action_scheduler.queue_job :: MailChimp_WooCommerce_User_Submit queued :: obj_id 11465
2021-02-09T03:22:48+00:00 NOTICE action_scheduler.queue_job :: MailChimp_WooCommerce_User_Submit queued :: obj_id 11466
2021-02-09T03:23:39+00:00 NOTICE member.sync :: antala.j@post.sk has signed up to a lot of lists very recently; we're not allowing more signups for now
2021-02-09T03:23:41+00:00 NOTICE member.sync :: lhuillier.laurent1920@orange.fr has signed up to a lot of lists very recently; we're not allowing more signups for now
2021-02-09T03:23:50+00:00 NOTICE member.sync :: kiki120480@hotmail.it has signed up to a lot of lists very recently; we're not allowing more signups for now
2021-02-09T03:27:57+00:00 NOTICE action_scheduler.queue_job :: MailChimp_WooCommerce_User_Submit queued :: obj_id 11467
2021-02-09T03:30:18+00:00 NOTICE action_scheduler.queue_job :: MailChimp_WooCommerce_User_Submit queued :: obj_id 11468
2021-02-09T03:31:05+00:00 NOTICE member.sync :: Subscribed Member obdtechno@gmail.com :: Array
(
    [status_if_new] => 1
    [merge_fields] => Array
        (
        )

)

2021-02-09T03:31:06+00:00 NOTICE member.sync :: Subscribed Member jit.bose@gmail.com :: Array
(
    [status_if_new] => 1
    [merge_fields] => Array
        (
        )

)

2021-02-09T03:33:11+00:00 NOTICE action_scheduler.queue_job :: MailChimp_WooCommerce_User_Submit queued :: obj_id 11469
2021-02-09T03:37:24+00:00 NOTICE member.sync :: aviwan69@hotmail.com has signed up to a lot of lists very recently; we're not allowing more signups for now
2021-02-09T03:38:20+00:00 NOTICE action_scheduler.queue_job :: MailChimp_WooCommerce_User_Submit queued :: obj_id 11470
2021-02-09T03:40:54+00:00 NOTICE action_scheduler.queue_job :: MailChimp_WooCommerce_User_Submit queued :: obj_id 11472
2021-02-09T03:41:11+00:00 NOTICE member.sync :: jdslo.peixoto@outlook.com has signed up to a lot of lists very recently; we're not allowing more signups for now
2021-02-09T03:41:13+00:00 NOTICE member.sync :: Subscribed Member lanzetti1955@gmail.com :: Array
(
    [status_if_new] => 1
    [merge_fields] => Array
        (
        )

)

2021-02-09T03:41:46+00:00 NOTICE action_scheduler.queue_job :: MailChimp_WooCommerce_Cart_Update queued :: obj_id d55bb2295fac8ff78a2e8448a4490b22
2021-02-09T03:48:38+00:00 NOTICE action_scheduler.queue_job :: MailChimp_WooCommerce_User_Submit queued :: obj_id 11473
2021-02-09T04:00:56+00:00 NOTICE action_scheduler.queue_job :: MailChimp_WooCommerce_User_Submit queued :: obj_id 11474
2021-02-09T04:01:06+00:00 NOTICE member.sync :: Subscribed Member colleenbrumant@gmail.com :: Array
(
    [status_if_new] => 1
    [merge_fields] => Array
        (
        )

)

2021-02-09T04:01:07+00:00 NOTICE member.sync :: Subscribed Member diagtool75@gmail.com :: Array
(
    [status_if_new] => 1
    [merge_fields] => Array
        (
        )

)

2021-02-09T04:01:18+00:00 NOTICE abandoned_cart.success :: email: chungchunlim@yahoo.com.sg :: checkout_url: https://warmwishesflorist.com/checkout/?mc_cart_id=d55bb2295fac8ff78a2e8448a4490b22
2021-02-09T04:01:18+00:00 NOTICE cart.member.updated :: Updated chungchunlim@yahoo.com.sg subscriber status to subscribed and language to en
2021-02-09T04:06:30+00:00 NOTICE action_scheduler.queue_job :: MailChimp_WooCommerce_User_Submit queued :: obj_id 11475
2021-02-09T04:07:57+00:00 NOTICE member.sync :: Subscribed Member kchaplinsky3@gmail.com :: Array
(
    [status_if_new] => 1
    [merge_fields] => Array
        (
        )

)

2021-02-09T04:14:07+00:00 NOTICE action_scheduler.queue_job :: MailChimp_WooCommerce_Single_Product starts in 5 seconds :: obj_id 23047
2021-02-09T04:14:59+00:00 NOTICE product_submit.success :: updateStoreProduct :: #23047
2021-02-09T04:31:44+00:00 NOTICE action_scheduler.queue_job :: MailChimp_WooCommerce_User_Submit queued :: obj_id 11476
2021-02-09T04:42:06+00:00 NOTICE member.sync :: Subscribed Member russelllincoln86@live.com :: Array
(
    [status_if_new] => 1
    [merge_fields] => Array
        (
        )

)

2021-02-09T05:07:32+00:00 NOTICE action_scheduler.queue_job :: MailChimp_WooCommerce_User_Submit queued :: obj_id 11477
2021-02-09T05:08:27+00:00 NOTICE member.sync :: Subscribed Member stellroc@yahoo.com :: Array
(
    [status_if_new] => 1
    [merge_fields] => Array
        (
        )

)

2021-02-09T05:42:17+00:00 NOTICE action_scheduler.queue_job :: MailChimp_WooCommerce_User_Submit queued :: obj_id 11478
2021-02-09T05:48:35+00:00 NOTICE action_scheduler.queue_job :: MailChimp_WooCommerce_User_Submit queued :: obj_id 11479
2021-02-09T05:52:06+00:00 NOTICE action_scheduler.queue_job :: MailChimp_WooCommerce_User_Submit queued :: obj_id 11480
2021-02-09T05:52:08+00:00 NOTICE action_scheduler.queue_job :: MailChimp_WooCommerce_Cart_Update queued :: obj_id 171f32f800b953af478a2e59818ac74d
2021-02-09T05:52:27+00:00 NOTICE member.sync :: Subscribed Member gustavs180514@gmail.com :: Array
(
    [status_if_new] => 1
    [merge_fields] => Array
        (
        )

)

2021-02-09T05:52:28+00:00 NOTICE member.sync :: Subscribed Member drk@fixmyfoot.com :: Array
(
    [status_if_new] => 1
    [merge_fields] => Array
        (
        )

)

2021-02-09T05:52:29+00:00 NOTICE member.sync :: Subscribed Member yewjin.hor@gmail.com :: Array
(
    [status_if_new] => 1
    [merge_fields] => Array
        (
        )

)

2021-02-09T05:52:30+00:00 NOTICE abandoned_cart.success :: email: yewjin.hor@gmail.com :: checkout_url: https://warmwishesflorist.com/checkout/?mc_cart_id=171f32f800b953af478a2e59818ac74d
2021-02-09T05:52:32+00:00 NOTICE cart.member.updated :: Updated yewjin.hor@gmail.com subscriber status to subscribed and language to en
2021-02-09T05:52:41+00:00 NOTICE action_scheduler.queue_job :: MailChimp_WooCommerce_User_Submit queued :: obj_id 11481
2021-02-09T05:53:11+00:00 NOTICE action_scheduler.queue_job :: MailChimp_WooCommerce_Cart_Update queued :: obj_id 171f32f800b953af478a2e59818ac74d
2021-02-09T05:53:14+00:00 NOTICE member.sync :: Subscribed Member tobie1959@yahoo.com :: Array
(
    [status_if_new] => 1
    [merge_fields] => Array
        (
        )

)

2021-02-09T05:53:15+00:00 NOTICE abandoned_cart.success :: email: yewjin.hor@gmail.com :: checkout_url: https://warmwishesflorist.com/checkout/?mc_cart_id=171f32f800b953af478a2e59818ac74d
2021-02-09T05:54:55+00:00 NOTICE action_scheduler.queue_job :: MailChimp_WooCommerce_User_Submit queued :: obj_id 11480
2021-02-09T05:54:55+00:00 NOTICE action_scheduler.queue_job :: MailChimp_WooCommerce_Single_Order starts in 90 seconds :: obj_id 23323
2021-02-09T05:56:19+00:00 NOTICE debug :: Order ID 23323 was pending and is now processing :: Array
(
    [new_order] => 1
    [tracking] => Array
        (
            [campaign_id] => 
            [landing_site] => https://warmwishesflorist.com/?wc-ajax=get_refreshed_fragments
        )

)

2021-02-09T05:57:22+00:00 NOTICE member.sync :: Updated Member yewjin.hor@gmail.com ( merge fields only ) :: Array
(
    [merge_fields] => Array
        (
            [FNAME] => Yew Jin
            [LNAME] => Hor
        )

)

2021-02-09T06:01:10+00:00 NOTICE order.member.updated :: Updated yewjin.hor@gmail.com subscriber status to subscribed and language to en
2021-02-09T06:01:10+00:00 NOTICE order_submit.success :: addStoreOrder :: #23323 :: email: yewjin.hor@gmail.com :: landing site https://warmwishesflorist.com/?wc-ajax=get_refreshed_fragments :: abandoned cart deleted [171f32f800b953af478a2e59818ac74d]
2021-02-09T06:51:24+00:00 NOTICE action_scheduler.queue_job :: MailChimp_WooCommerce_User_Submit queued :: obj_id 11482
2021-02-09T06:52:50+00:00 NOTICE member.sync :: Subscribed Member goducksdavid@aol.com :: Array
(
    [status_if_new] => 1
    [merge_fields] => Array
        (
        )

)

2021-02-09T06:53:49+00:00 NOTICE action_scheduler.queue_job :: MailChimp_WooCommerce_User_Submit queued :: obj_id 11483
2021-02-09T06:56:40+00:00 NOTICE action_scheduler.queue_job :: MailChimp_WooCommerce_Cart_Update queued :: obj_id a9e190df3cbeb4b0b5ce839f6d248a1a
2021-02-09T07:01:06+00:00 NOTICE member.sync :: Subscribed Member kenwright45013@gmail.com :: Array
(
    [status_if_new] => 1
    [merge_fields] => Array
        (
        )

)

2021-02-09T07:01:08+00:00 NOTICE abandoned_cart.success :: email: ezc688@gmail.com :: checkout_url: https://warmwishesflorist.com/checkout/?mc_cart_id=a9e190df3cbeb4b0b5ce839f6d248a1a
2021-02-09T07:01:08+00:00 NOTICE cart.member.updated :: Updated ezc688@gmail.com subscriber status to transactional and language to en
2021-02-09T07:06:51+00:00 NOTICE action_scheduler.queue_job :: MailChimp_WooCommerce_User_Submit queued :: obj_id 11484
2021-02-09T07:13:50+00:00 NOTICE action_scheduler.queue_job :: MailChimp_WooCommerce_User_Submit queued :: obj_id 11485
2021-02-09T07:17:15+00:00 NOTICE member.sync :: Subscribed Member slsa3630@aol.com :: Array
(
    [status_if_new] => 1
    [merge_fields] => Array
        (
        )

)

2021-02-09T07:17:16+00:00 NOTICE member.sync :: Subscribed Member linzyp26@aim.com :: Array
(
    [status_if_new] => 1
    [merge_fields] => Array
        (
        )

)

2021-02-09T07:25:54+00:00 NOTICE action_scheduler.queue_job :: MailChimp_WooCommerce_Cart_Update queued :: obj_id ded1c8f01af91f4ef0ae8038d469592c
2021-02-09T07:25:56+00:00 NOTICE abandoned_cart.success :: email: boscojingkeong@gmail.com :: checkout_url: https://warmwishesflorist.com/checkout/?mc_cart_id=ded1c8f01af91f4ef0ae8038d469592c
2021-02-09T07:25:57+00:00 NOTICE cart.member.updated :: Updated boscojingkeong@gmail.com subscriber status to transactional and language to en
2021-02-09T07:26:54+00:00 NOTICE action_scheduler.queue_job :: MailChimp_WooCommerce_Cart_Update queued :: obj_id ded1c8f01af91f4ef0ae8038d469592c
2021-02-09T07:26:54+00:00 NOTICE action_scheduler.queue_job :: MailChimp_WooCommerce_User_Submit queued :: obj_id 11486
2021-02-09T07:27:37+00:00 NOTICE abandoned_cart.success :: email: boscojingkeong@gmail.com :: checkout_url: https://warmwishesflorist.com/checkout/?mc_cart_id=ded1c8f01af91f4ef0ae8038d469592c
2021-02-09T07:27:38+00:00 NOTICE member.sync :: Updated Member Boscojingkeong@gmail.com :: Array
(
    [previous_status] => transactional
    [status] => 1
    [merge_fields] => Array
        (
        )

)

2021-02-09T07:28:12+00:00 NOTICE action_scheduler.queue_job :: MailChimp_WooCommerce_Cart_Update queued :: obj_id ded1c8f01af91f4ef0ae8038d469592c
2021-02-09T07:28:27+00:00 NOTICE action_scheduler.queue_job :: MailChimp_WooCommerce_Cart_Update queued :: obj_id 2772bd0b97518873326ed5526a3226c6
2021-02-09T07:28:27+00:00 NOTICE action_scheduler.queue_job :: MailChimp_WooCommerce_User_Submit queued :: obj_id 11487
2021-02-09T07:31:05+00:00 NOTICE abandoned_cart.success :: email: boscojingkeong@gmail.com :: checkout_url: https://warmwishesflorist.com/checkout/?mc_cart_id=ded1c8f01af91f4ef0ae8038d469592c
2021-02-09T07:31:06+00:00 NOTICE abandoned_cart.success :: email: ben5011@yahoo.com :: checkout_url: https://warmwishesflorist.com/checkout/?mc_cart_id=2772bd0b97518873326ed5526a3226c6
2021-02-09T07:31:07+00:00 NOTICE cart.member.updated :: Updated ben5011@yahoo.com subscriber status to transactional and language to en
2021-02-09T07:31:08+00:00 NOTICE member.sync :: Updated Member ben5011@yahoo.com :: Array
(
    [previous_status] => transactional
    [status] => 1
    [merge_fields] => Array
        (
        )

)

2021-02-09T07:33:45+00:00 NOTICE action_scheduler.queue_job :: MailChimp_WooCommerce_User_Submit queued :: obj_id 11488
2021-02-09T07:38:56+00:00 NOTICE action_scheduler.queue_job :: MailChimp_WooCommerce_User_Submit queued :: obj_id 11487
2021-02-09T07:38:57+00:00 NOTICE action_scheduler.queue_job :: MailChimp_WooCommerce_Single_Order starts in 90 seconds :: obj_id 23324
2021-02-09T07:42:59+00:00 NOTICE debug :: Order ID 23324 was pending and is now processing :: Array
(
    [new_order] => 1
    [tracking] => Array
        (
            [campaign_id] => 
            [landing_site] => https://warmwishesflorist.com/
        )

)

2021-02-09T07:55:28+00:00 NOTICE member.sync :: Subscribed Member ronnaguidera@gmail.com :: Array
(
    [status_if_new] => 1
    [merge_fields] => Array
        (
        )

)

2021-02-09T07:55:32+00:00 NOTICE order.member.updated :: Updated ben5011@yahoo.com subscriber status to subscribed and language to en
2021-02-09T07:55:32+00:00 NOTICE order_submit.success :: addStoreOrder :: #23324 :: email: ben5011@yahoo.com :: landing site https://warmwishesflorist.com/ :: abandoned cart deleted [2772bd0b97518873326ed5526a3226c6]
2021-02-09T07:55:34+00:00 NOTICE member.sync :: Updated Member ben5011@yahoo.com ( merge fields only ) :: Array
(
    [merge_fields] => Array
        (
            [FNAME] => Benson
            [LNAME] => Loo
        )

)

2021-02-09T07:56:57+00:00 NOTICE action_scheduler.queue_job :: MailChimp_WooCommerce_User_Submit queued :: obj_id 11489
2021-02-09T08:01:06+00:00 NOTICE member.sync :: Subscribed Member nnewman@europe.com :: Array
(
    [status_if_new] => 1
    [merge_fields] => Array
        (
        )

)

2021-02-09T08:17:24+00:00 NOTICE action_scheduler.queue_job :: MailChimp_WooCommerce_User_Submit queued :: obj_id 11490
2021-02-09T08:23:23+00:00 NOTICE member.sync :: Subscribed Member alvagago@gmail.com :: Array
(
    [status_if_new] => 1
    [merge_fields] => Array
        (
        )

)

2021-02-09T08:35:49+00:00 NOTICE action_scheduler.queue_job :: MailChimp_WooCommerce_User_Submit queued :: obj_id 11491
2021-02-09T08:36:20+00:00 NOTICE member.sync :: Subscribed Member kahsoc3@aol.com :: Array
(
    [status_if_new] => 1
    [merge_fields] => Array
        (
        )

)

2021-02-09T08:45:15+00:00 NOTICE action_scheduler.queue_job :: MailChimp_WooCommerce_User_Submit queued :: obj_id 11492
2021-02-09T08:45:22+00:00 NOTICE member.sync :: Subscribed Member tjarrett86@hotmail.com :: Array
(
    [status_if_new] => 1
    [merge_fields] => Array
        (
        )

)

2021-02-09T08:55:51+00:00 NOTICE action_scheduler.queue_job :: MailChimp_WooCommerce_User_Submit queued :: obj_id 11493
2021-02-09T08:56:25+00:00 NOTICE action_scheduler.queue_job :: MailChimp_WooCommerce_User_Submit queued :: obj_id 11494
2021-02-09T09:02:48+00:00 NOTICE action_scheduler.queue_job :: MailChimp_WooCommerce_User_Submit queued :: obj_id 11495
2021-02-09T09:11:48+00:00 NOTICE action_scheduler.queue_job :: MailChimp_WooCommerce_User_Submit queued :: obj_id 11496
2021-02-09T09:13:01+00:00 NOTICE action_scheduler.queue_job :: MailChimp_WooCommerce_User_Submit queued :: obj_id 11497
2021-02-09T09:20:31+00:00 NOTICE member.sync :: bcpoley@yahoo.ca has signed up to a lot of lists very recently; we're not allowing more signups for now
2021-02-09T09:20:32+00:00 NOTICE member.sync :: boyd@christensenlumber.com has signed up to a lot of lists very recently; we're not allowing more signups for now
2021-02-09T09:20:54+00:00 NOTICE member.sync :: Subscribed Member jennifer.125@verizon.net :: Array
(
    [status_if_new] => 1
    [merge_fields] => Array
        (
        )

)

2021-02-09T09:20:55+00:00 NOTICE member.sync :: joanne171@aol.com has signed up to a lot of lists very recently; we're not allowing more signups for now
2021-02-09T09:20:57+00:00 NOTICE member.sync :: Subscribed Member m.weichert@rema-haustechnik.de :: Array
(
    [status_if_new] => 1
    [merge_fields] => Array
        (
        )

)

2021-02-09T09:23:44+00:00 NOTICE action_scheduler.queue_job :: MailChimp_WooCommerce_User_Submit queued :: obj_id 11498
2021-02-09T09:24:52+00:00 NOTICE member.sync :: Subscribed Member tmill132@aol.com :: Array
(
    [status_if_new] => 1
    [merge_fields] => Array
        (
        )

)

2021-02-09T09:34:20+00:00 NOTICE action_scheduler.queue_job :: MailChimp_WooCommerce_User_Submit queued :: obj_id 11499
2021-02-09T09:36:57+00:00 NOTICE action_scheduler.queue_job :: MailChimp_WooCommerce_User_Submit queued :: obj_id 11500
2021-02-09T09:46:43+00:00 NOTICE member.sync :: albert.cook@ohioimaging.com has signed up to a lot of lists very recently; we're not allowing more signups for now
2021-02-09T09:46:45+00:00 NOTICE member.sync :: Subscribed Member Chiefsipes01@yahoo.com :: Array
(
    [status_if_new] => 1
    [merge_fields] => Array
        (
        )

)

2021-02-09T10:19:26+00:00 NOTICE action_scheduler.queue_job :: MailChimp_WooCommerce_User_Submit queued :: obj_id 11501
2021-02-09T10:26:04+00:00 NOTICE member.sync :: Subscribed Member ctourbaf@verizon.net :: Array
(
    [status_if_new] => 1
    [merge_fields] => Array
        (
        )

)

2021-02-09T10:27:50+00:00 NOTICE action_scheduler.queue_job :: MailChimp_WooCommerce_User_Submit queued :: obj_id 11502
2021-02-09T10:30:33+00:00 NOTICE member.sync :: Subscribed Member smb@ottobon.com :: Array
(
    [status_if_new] => 1
    [merge_fields] => Array
        (
        )

)

2021-02-09T10:34:58+00:00 NOTICE action_scheduler.queue_job :: MailChimp_WooCommerce_User_Submit queued :: obj_id 11503
2021-02-09T10:38:06+00:00 NOTICE action_scheduler.queue_job :: MailChimp_WooCommerce_User_Submit queued :: obj_id 11504
2021-02-09T10:47:39+00:00 NOTICE action_scheduler.queue_job :: MailChimp_WooCommerce_User_Submit queued :: obj_id 11505
2021-02-09T11:07:59+00:00 NOTICE action_scheduler.queue_job :: MailChimp_WooCommerce_User_Submit queued :: obj_id 11506
2021-02-09T11:13:48+00:00 NOTICE action_scheduler.queue_job :: MailChimp_WooCommerce_User_Submit queued :: obj_id 11507
2021-02-09T11:18:05+00:00 NOTICE action_scheduler.queue_job :: MailChimp_WooCommerce_User_Submit queued :: obj_id 11508
2021-02-09T11:31:07+00:00 NOTICE member.sync :: Subscribed Member cibele@overboarddesigns.com :: Array
(
    [status_if_new] => 1
    [merge_fields] => Array
        (
        )

)

2021-02-09T11:31:09+00:00 NOTICE member.sync :: Subscribed Member twhite4@twcny.rr.com :: Array
(
    [status_if_new] => 1
    [merge_fields] => Array
        (
        )

)

2021-02-09T11:31:11+00:00 NOTICE member.sync :: Subscribed Member jerrykod@peoplepc.com :: Array
(
    [status_if_new] => 1
    [merge_fields] => Array
        (
        )

)

2021-02-09T11:31:21+00:00 NOTICE member.sync :: Subscribed Member sharonm4137@aol.com :: Array
(
    [status_if_new] => 1
    [merge_fields] => Array
        (
        )

)

2021-02-09T11:31:22+00:00 NOTICE member.sync :: tom@christensenlumber.com has signed up to a lot of lists very recently; we're not allowing more signups for now
2021-02-09T11:31:24+00:00 NOTICE member.sync :: Subscribed Member annepeters1973@yahoo.com :: Array
(
    [status_if_new] => 1
    [merge_fields] => Array
        (
        )

)

2021-02-09T11:35:53+00:00 NOTICE action_scheduler.queue_job :: MailChimp_WooCommerce_User_Submit queued :: obj_id 11509
2021-02-09T11:46:19+00:00 NOTICE action_scheduler.queue_job :: MailChimp_WooCommerce_User_Submit queued :: obj_id 11510
2021-02-09T11:56:42+00:00 NOTICE action_scheduler.queue_job :: MailChimp_WooCommerce_User_Submit queued :: obj_id 11511
2021-02-09T11:59:22+00:00 NOTICE action_scheduler.queue_job :: MailChimp_WooCommerce_User_Submit queued :: obj_id 11512
2021-02-09T12:07:26+00:00 NOTICE member.sync :: Subscribed Member johncavey@att.net :: Array
(
    [status_if_new] => 1
    [merge_fields] => Array
        (
        )

)

2021-02-09T12:07:28+00:00 NOTICE member.sync :: Subscribed Member gpaul_1269@yahoo.com :: Array
(
    [status_if_new] => 1
    [merge_fields] => Array
        (
        )

)

2021-02-09T12:07:29+00:00 NOTICE member.sync :: Subscribed Member alvagago@yahoo.es :: Array
(
    [status_if_new] => 1
    [merge_fields] => Array
        (
        )

)

2021-02-09T12:07:30+00:00 NOTICE member.sync :: Subscribed Member jucaroco2002@yahoo.es :: Array
(
    [status_if_new] => 1
    [merge_fields] => Array
        (
        )

)

2021-02-09T12:09:01+00:00 NOTICE action_scheduler.queue_job :: MailChimp_WooCommerce_User_Submit queued :: obj_id 11513
2021-02-09T12:19:09+00:00 NOTICE action_scheduler.queue_job :: MailChimp_WooCommerce_User_Submit queued :: obj_id 11514
2021-02-09T12:25:31+00:00 NOTICE member.sync :: Subscribed Member c6officialmedia@gmail.com :: Array
(
    [status_if_new] => 1
    [merge_fields] => Array
        (
        )

)

2021-02-09T12:25:47+00:00 NOTICE member.sync :: Subscribed Member chikaonuzo@gmail.com :: Array
(
    [status_if_new] => 1
    [merge_fields] => Array
        (
        )

)

2021-02-09T12:26:32+00:00 NOTICE action_scheduler.queue_job :: MailChimp_WooCommerce_User_Submit queued :: obj_id 11515
2021-02-09T12:27:30+00:00 NOTICE member.sync :: Subscribed Member roberthtaff@gmail.com :: Array
(
    [status_if_new] => 1
    [merge_fields] => Array
        (
        )

)

2021-02-09T12:42:17+00:00 NOTICE action_scheduler.queue_job :: MailChimp_WooCommerce_User_Submit queued :: obj_id 11516
2021-02-09T12:47:31+00:00 NOTICE action_scheduler.queue_job :: MailChimp_WooCommerce_User_Submit queued :: obj_id 11517
2021-02-09T12:53:11+00:00 NOTICE action_scheduler.queue_job :: MailChimp_WooCommerce_User_Submit queued :: obj_id 11518
2021-02-09T12:55:24+00:00 NOTICE member.sync :: Subscribed Member xmikebx1981@gmail.com :: Array
(
    [status_if_new] => 1
    [merge_fields] => Array
        (
        )

)

2021-02-09T12:55:25+00:00 NOTICE member.sync :: Subscribed Member lorene_oleskiewicz627ynl@outlook.com :: Array
(
    [status_if_new] => 1
    [merge_fields] => Array
        (
        )

)

2021-02-09T12:55:26+00:00 NOTICE member.sync :: Subscribed Member dearsorensen@gmail.com :: Array
(
    [status_if_new] => 1
    [merge_fields] => Array
        (
        )

)

2021-02-09T12:58:26+00:00 NOTICE action_scheduler.queue_job :: MailChimp_WooCommerce_User_Submit queued :: obj_id 11519
2021-02-09T12:58:54+00:00 NOTICE product_submit.success :: updateStoreProduct :: #11519
2021-02-09T12:59:32+00:00 NOTICE action_scheduler.queue_job :: MailChimp_WooCommerce_Cart_Update queued :: obj_id f6c3b660bf3fa92ab3d839e2e276257f
2021-02-09T13:00:09+00:00 NOTICE abandoned_cart.success :: email: tokikaiyo@gmail.com :: checkout_url: https://warmwishesflorist.com/checkout/?mc_cart_id=f6c3b660bf3fa92ab3d839e2e276257f
2021-02-09T13:00:10+00:00 NOTICE cart.member.updated :: Updated tokikaiyo@gmail.com subscriber status to transactional and language to en
2021-02-09T13:05:41+00:00 NOTICE action_scheduler.queue_job :: MailChimp_WooCommerce_Single_Order starts in 90 seconds :: obj_id 23324
2021-02-09T13:05:42+00:00 NOTICE debug :: Order ID 23324 was processing and is now completed :: Array
(
    [new_order] => 
    [tracking] => 
)

2021-02-09T13:05:47+00:00 NOTICE action_scheduler.queue_job :: MailChimp_WooCommerce_Single_Order starts in 90 seconds :: obj_id 23323
2021-02-09T13:05:48+00:00 NOTICE debug :: Order ID 23323 was processing and is now completed :: Array
(
    [new_order] => 
    [tracking] => 
)

2021-02-09T13:07:04+00:00 NOTICE action_scheduler.queue_job :: MailChimp_WooCommerce_Cart_Update queued :: obj_id f108b49691e15b98659164fd8d1deb3b
2021-02-09T13:07:10+00:00 NOTICE abandoned_cart.success :: email: hanshenlimhongshen@gmail.com :: checkout_url: https://warmwishesflorist.com/checkout/?mc_cart_id=f108b49691e15b98659164fd8d1deb3b
2021-02-09T13:07:10+00:00 NOTICE cart.member.updated :: Updated hanshenlimhongshen@gmail.com subscriber status to subscribed and language to en
2021-02-09T13:07:20+00:00 NOTICE order.member.updated :: Updated ben5011@yahoo.com subscriber status to subscribed and language to 
2021-02-09T13:07:20+00:00 NOTICE order_submit.success :: updateStoreOrder :: #23324 :: email: ben5011@yahoo.com
2021-02-09T13:07:24+00:00 NOTICE order.member.updated :: Updated yewjin.hor@gmail.com subscriber status to subscribed and language to 
2021-02-09T13:07:24+00:00 NOTICE order_submit.success :: updateStoreOrder :: #23323 :: email: yewjin.hor@gmail.com
2021-02-09T13:08:14+00:00 NOTICE action_scheduler.queue_job :: MailChimp_WooCommerce_Cart_Update queued :: obj_id f108b49691e15b98659164fd8d1deb3b
2021-02-09T13:08:22+00:00 NOTICE abandoned_cart.success :: email: hanshenlimhongshen@gmail.com :: checkout_url: https://warmwishesflorist.com/checkout/?mc_cart_id=f108b49691e15b98659164fd8d1deb3b
2021-02-09T13:09:00+00:00 NOTICE action_scheduler.queue_job :: MailChimp_WooCommerce_User_Submit queued :: obj_id 11522
2021-02-09T13:09:59+00:00 NOTICE member.sync :: denisefrail@yahoo.com has signed up to a lot of lists very recently; we're not allowing more signups for now
2021-02-09T13:14:11+00:00 NOTICE action_scheduler.queue_job :: MailChimp_WooCommerce_User_Submit queued :: obj_id 11523
2021-02-09T13:16:02+00:00 NOTICE member.sync :: Subscribed Member akpga2006@yahoo.com :: Array
(
    [status_if_new] => 1
    [merge_fields] => Array
        (
        )

)

2021-02-09T13:25:04+00:00 NOTICE action_scheduler.queue_job :: MailChimp_WooCommerce_User_Submit queued :: obj_id 11524
2021-02-09T13:25:14+00:00 NOTICE member.sync :: Subscribed Member cleolai@gmail.com :: Array
(
    [status_if_new] => 1
    [merge_fields] => Array
        (
        )

)

2021-02-09T13:33:49+00:00 NOTICE action_scheduler.queue_job :: MailChimp_WooCommerce_User_Submit queued :: obj_id 11525
2021-02-09T13:41:41+00:00 NOTICE action_scheduler.queue_job :: MailChimp_WooCommerce_User_Submit queued :: obj_id 11526
2021-02-09T13:47:11+00:00 NOTICE action_scheduler.queue_job :: MailChimp_WooCommerce_User_Submit queued :: obj_id 11527
2021-02-09T14:01:06+00:00 NOTICE member.sync :: Subscribed Member jwoodall@sbcglobal.net :: Array
(
    [status_if_new] => 1
    [merge_fields] => Array
        (
        )

)

2021-02-09T14:47:08+00:00 NOTICE action_scheduler.queue_job :: MailChimp_WooCommerce_Cart_Update queued :: obj_id e1641d1a9a57e2a038ad20023fda9c54
2021-02-09T14:47:09+00:00 NOTICE action_scheduler.queue_job :: MailChimp_WooCommerce_User_Submit queued :: obj_id 11528
2021-02-09T14:47:13+00:00 NOTICE member.sync :: Updated Member limzhenyi17@gmail.com ( merge fields only ) :: Array
(
    [merge_fields] => Array
        (
        )

)

2021-02-09T14:47:14+00:00 NOTICE abandoned_cart.success :: email: limzhenyi17@gmail.com :: checkout_url: https://warmwishesflorist.com/checkout/?mc_cart_id=e1641d1a9a57e2a038ad20023fda9c54
2021-02-09T14:47:16+00:00 NOTICE cart.member.updated :: Updated limzhenyi17@gmail.com subscriber status to subscribed and language to en
2021-02-09T14:47:36+00:00 NOTICE member.sync :: Subscribed Member dafychr@yahoo.com :: Array
(
    [status_if_new] => 1
    [merge_fields] => Array
        (
        )

)

2021-02-09T14:47:37+00:00 NOTICE member.sync :: parrothead67@comcast.net has signed up to a lot of lists very recently; we're not allowing more signups for now
2021-02-09T14:48:55+00:00 NOTICE action_scheduler.queue_job :: MailChimp_WooCommerce_Cart_Update queued :: obj_id e1641d1a9a57e2a038ad20023fda9c54
2021-02-09T14:48:58+00:00 NOTICE abandoned_cart.success :: email: limzhenyi17@gmail.com :: checkout_url: https://warmwishesflorist.com/checkout/?mc_cart_id=e1641d1a9a57e2a038ad20023fda9c54
2021-02-09T14:49:07+00:00 NOTICE action_scheduler.queue_job :: MailChimp_WooCommerce_Cart_Update queued :: obj_id e1641d1a9a57e2a038ad20023fda9c54
2021-02-09T14:50:14+00:00 NOTICE action_scheduler.queue_job :: MailChimp_WooCommerce_Cart_Update queued :: obj_id b75c9e737c597d4ecedeba5f0f693ea3
2021-02-09T14:50:15+00:00 NOTICE action_scheduler.queue_job :: MailChimp_WooCommerce_User_Submit queued :: obj_id 11529
2021-02-09T14:50:18+00:00 NOTICE abandoned_cart.success :: email: limzhenyi17@gmail.com :: checkout_url: https://warmwishesflorist.com/checkout/?mc_cart_id=e1641d1a9a57e2a038ad20023fda9c54
2021-02-09T14:50:19+00:00 NOTICE abandoned_cart.success :: email: limzhenyil@hotmail.com :: checkout_url: https://warmwishesflorist.com/checkout/?mc_cart_id=b75c9e737c597d4ecedeba5f0f693ea3
2021-02-09T14:50:20+00:00 NOTICE cart.member.updated :: Updated limzhenyil@hotmail.com subscriber status to transactional and language to en
2021-02-09T14:50:21+00:00 NOTICE member.sync :: Updated Member limzhenyil@hotmail.com :: Array
(
    [previous_status] => transactional
    [status] => 1
    [merge_fields] => Array
        (
        )

)

2021-02-09T14:52:43+00:00 NOTICE action_scheduler.queue_job :: MailChimp_WooCommerce_User_Submit queued :: obj_id 11529
2021-02-09T14:52:43+00:00 NOTICE action_scheduler.queue_job :: MailChimp_WooCommerce_Single_Order starts in 90 seconds :: obj_id 23325
2021-02-09T14:54:33+00:00 NOTICE debug :: Order ID 23325 was pending and is now processing :: Array
(
    [new_order] => 1
    [tracking] => Array
        (
            [campaign_id] => 
            [landing_site] => https://warmwishesflorist.com/?wc-ajax=get_refreshed_fragments
        )

)

2021-02-09T15:01:09+00:00 NOTICE order.member.updated :: Updated limzhenyil@hotmail.com subscriber status to subscribed and language to en
2021-02-09T15:01:09+00:00 NOTICE order_submit.success :: addStoreOrder :: #23325 :: email: limzhenyil@hotmail.com :: landing site https://warmwishesflorist.com/?wc-ajax=get_refreshed_fragments :: abandoned cart deleted [b75c9e737c597d4ecedeba5f0f693ea3]
2021-02-09T15:01:10+00:00 NOTICE member.sync :: Updated Member limzhenyil@hotmail.com ( merge fields only ) :: Array
(
    [merge_fields] => Array
        (
            [FNAME] => Zhen Yil
            [LNAME] => Lim
        )

)

2021-02-09T16:20:33+00:00 NOTICE action_scheduler.queue_job :: MailChimp_WooCommerce_User_Submit queued :: obj_id 11530
2021-02-09T16:31:06+00:00 NOTICE member.sync :: earnx2btc.com@gmail.com has signed up to a lot of lists very recently; we're not allowing more signups for now
2021-02-09T16:56:51+00:00 NOTICE action_scheduler.queue_job :: MailChimp_WooCommerce_User_Submit queued :: obj_id 11531
2021-02-09T16:56:56+00:00 NOTICE action_scheduler.queue_job :: MailChimp_WooCommerce_Cart_Update queued :: obj_id 63a87d69b58bd5f3af52fc9ca7bac23c
2021-02-09T16:57:26+00:00 NOTICE member.sync :: Subscribed Member breakj76@gmail.com :: Array
(
    [status_if_new] => 1
    [merge_fields] => Array
        (
        )

)

2021-02-09T16:57:27+00:00 NOTICE abandoned_cart.success :: email: breakj76@gmail.com :: checkout_url: https://warmwishesflorist.com/checkout/?mc_cart_id=63a87d69b58bd5f3af52fc9ca7bac23c
2021-02-09T16:57:28+00:00 NOTICE cart.member.updated :: Updated breakj76@gmail.com subscriber status to subscribed and language to en
2021-02-09T23:04:35+00:00 NOTICE action_scheduler.queue_job :: MailChimp_WooCommerce_Cart_Update queued :: obj_id 33643bb8e12127747929d0585a3987b6
2021-02-09T23:04:42+00:00 NOTICE abandoned_cart.success :: email: hongqingpua.2001@gmail.com :: checkout_url: https://warmwishesflorist.com/checkout/?mc_cart_id=33643bb8e12127747929d0585a3987b6
2021-02-09T23:04:43+00:00 NOTICE cart.member.updated :: Updated hongqingpua.2001@gmail.com subscriber status to subscribed and language to en
2021-02-09T23:04:56+00:00 NOTICE action_scheduler.queue_job :: MailChimp_WooCommerce_Cart_Update queued :: obj_id 33643bb8e12127747929d0585a3987b6
2021-02-09T23:05:13+00:00 NOTICE action_scheduler.queue_job :: MailChimp_WooCommerce_User_Submit queued :: obj_id 10458
2021-02-09T23:07:07+00:00 NOTICE abandoned_cart.success :: email: hongqingpua.2001@gmail.com :: checkout_url: https://warmwishesflorist.com/checkout/?mc_cart_id=33643bb8e12127747929d0585a3987b6
2021-02-09T23:07:09+00:00 NOTICE member.sync :: Updated Member hongqingpua.2001@gmail.com ( merge fields only ) :: Array
(
    [merge_fields] => Array
        (
            [FNAME] => Hong
            [LNAME] => Pua
        )

)

2021-02-09T23:07:41+00:00 NOTICE action_scheduler.queue_job :: MailChimp_WooCommerce_Cart_Update queued :: obj_id 33643bb8e12127747929d0585a3987b6
2021-02-09T23:09:17+00:00 NOTICE abandoned_cart.success :: email: hongqingpua.2001@gmail.com :: checkout_url: https://warmwishesflorist.com/checkout/?mc_cart_id=33643bb8e12127747929d0585a3987b6
2021-02-09T23:14:37+00:00 NOTICE action_scheduler.queue_job :: MailChimp_WooCommerce_User_Submit queued :: obj_id 11532
