2021-02-24T00:00:18+00:00 NOTICE action_scheduler.queue_job :: MailChimp_WooCommerce_User_Submit queued :: obj_id 12235
2021-02-24T00:00:27+00:00 NOTICE action_scheduler.queue_job :: MailChimp_WooCommerce_User_Submit queued :: obj_id 12236
2021-02-24T00:05:12+00:00 NOTICE action_scheduler.queue_job :: MailChimp_WooCommerce_User_Submit queued :: obj_id 12237
2021-02-24T00:05:14+00:00 NOTICE action_scheduler.queue_job :: MailChimp_WooCommerce_User_Submit queued :: obj_id 12238
2021-02-24T00:17:14+00:00 NOTICE action_scheduler.queue_job :: MailChimp_WooCommerce_User_Submit queued :: obj_id 12239
2021-02-24T00:18:05+00:00 NOTICE member.sync :: Subscribed Member jsuttles1096@gmail.com :: Array
(
    [status_if_new] => 1
    [merge_fields] => Array
        (
        )

)

2021-02-24T00:18:06+00:00 NOTICE member.sync :: Subscribed Member presleycarambelas@gmail.com :: Array
(
    [status_if_new] => 1
    [merge_fields] => Array
        (
        )

)

2021-02-24T00:18:08+00:00 NOTICE member.sync :: Subscribed Member sandz37@yahoo.com :: Array
(
    [status_if_new] => 1
    [merge_fields] => Array
        (
        )

)

2021-02-24T00:18:10+00:00 NOTICE member.sync :: Subscribed Member jillian.msol@gmail.com :: Array
(
    [status_if_new] => 1
    [merge_fields] => Array
        (
        )

)

2021-02-24T00:18:11+00:00 NOTICE member.sync :: Subscribed Member babytaz123@gmail.com :: Array
(
    [status_if_new] => 1
    [merge_fields] => Array
        (
        )

)

2021-02-24T00:18:22+00:00 NOTICE member.sync :: Subscribed Member abdullahalsalihi0@gmail.com :: Array
(
    [status_if_new] => 1
    [merge_fields] => Array
        (
        )

)

2021-02-24T00:18:23+00:00 NOTICE member.sync :: Subscribed Member sailer4@bis.midco.net :: Array
(
    [status_if_new] => 1
    [merge_fields] => Array
        (
        )

)

2021-02-24T00:20:25+00:00 NOTICE action_scheduler.queue_job :: MailChimp_WooCommerce_User_Submit queued :: obj_id 12240
2021-02-24T00:20:50+00:00 NOTICE action_scheduler.queue_job :: MailChimp_WooCommerce_User_Submit queued :: obj_id 12241
2021-02-24T00:21:38+00:00 NOTICE action_scheduler.queue_job :: MailChimp_WooCommerce_User_Submit queued :: obj_id 12242
2021-02-24T00:24:35+00:00 NOTICE member.sync :: Subscribed Member crparie@yahoo.com :: Array
(
    [status_if_new] => 1
    [merge_fields] => Array
        (
        )

)

2021-02-24T00:24:36+00:00 NOTICE member.sync :: Subscribed Member valeriemcbryde@bellsouth.net :: Array
(
    [status_if_new] => 1
    [merge_fields] => Array
        (
        )

)

2021-02-24T00:24:38+00:00 NOTICE member.sync :: Subscribed Member laschmidt17225@gmail.com :: Array
(
    [status_if_new] => 1
    [merge_fields] => Array
        (
        )

)

2021-02-24T00:25:32+00:00 NOTICE action_scheduler.queue_job :: MailChimp_WooCommerce_User_Submit queued :: obj_id 12243
2021-02-24T00:26:31+00:00 NOTICE action_scheduler.queue_job :: MailChimp_WooCommerce_User_Submit queued :: obj_id 12244
2021-02-24T00:31:08+00:00 NOTICE member.sync :: Subscribed Member robyn_3088@hotmail.com :: Array
(
    [status_if_new] => 1
    [merge_fields] => Array
        (
        )

)

2021-02-24T00:31:09+00:00 NOTICE member.sync :: Subscribed Member aaronjcaplan@gmail.com :: Array
(
    [status_if_new] => 1
    [merge_fields] => Array
        (
        )

)

2021-02-24T00:39:25+00:00 NOTICE action_scheduler.queue_job :: MailChimp_WooCommerce_User_Submit queued :: obj_id 12245
2021-02-24T00:41:03+00:00 NOTICE action_scheduler.queue_job :: MailChimp_WooCommerce_User_Submit queued :: obj_id 12246
2021-02-24T00:48:06+00:00 NOTICE member.sync :: Subscribed Member kiravens@yahoo.com :: Array
(
    [status_if_new] => 1
    [merge_fields] => Array
        (
        )

)

2021-02-24T00:48:08+00:00 NOTICE member.sync :: Subscribed Member sunshinestang@yahoo.com :: Array
(
    [status_if_new] => 1
    [merge_fields] => Array
        (
        )

)

2021-02-24T00:49:18+00:00 NOTICE action_scheduler.queue_job :: MailChimp_WooCommerce_User_Submit queued :: obj_id 12247
2021-02-24T00:53:45+00:00 NOTICE action_scheduler.queue_job :: MailChimp_WooCommerce_User_Submit queued :: obj_id 12248
2021-02-24T01:00:40+00:00 NOTICE action_scheduler.queue_job :: MailChimp_WooCommerce_User_Submit queued :: obj_id 12249
2021-02-24T01:01:06+00:00 NOTICE member.sync :: Subscribed Member vpatel0219@yahoo.com :: Array
(
    [status_if_new] => 1
    [merge_fields] => Array
        (
        )

)

2021-02-24T01:01:07+00:00 NOTICE member.sync :: Subscribed Member jrushing220@gmail.com :: Array
(
    [status_if_new] => 1
    [merge_fields] => Array
        (
        )

)

2021-02-24T01:01:09+00:00 NOTICE member.sync :: Subscribed Member Jwesley628@yahoo.com :: Array
(
    [status_if_new] => 1
    [merge_fields] => Array
        (
        )

)

2021-02-24T01:35:48+00:00 NOTICE action_scheduler.queue_job :: MailChimp_WooCommerce_User_Submit queued :: obj_id 12250
2021-02-24T01:41:50+00:00 NOTICE member.sync :: Subscribed Member kevin_salt@hotmail.com :: Array
(
    [status_if_new] => 1
    [merge_fields] => Array
        (
        )

)

2021-02-24T01:50:09+00:00 NOTICE action_scheduler.queue_job :: MailChimp_WooCommerce_User_Submit queued :: obj_id 12251
2021-02-24T01:53:06+00:00 NOTICE member.sync :: Subscribed Member ldd_palm@163.com :: Array
(
    [status_if_new] => 1
    [merge_fields] => Array
        (
        )

)

2021-02-24T02:17:20+00:00 NOTICE action_scheduler.queue_job :: MailChimp_WooCommerce_User_Submit queued :: obj_id 12252
2021-02-24T02:36:28+00:00 NOTICE member.sync :: Subscribed Member eliozashvili.irakli@gmail.com :: Array
(
    [status_if_new] => 1
    [merge_fields] => Array
        (
        )

)

2021-02-24T02:42:08+00:00 NOTICE action_scheduler.queue_job :: MailChimp_WooCommerce_User_Submit queued :: obj_id 12253
2021-02-24T02:48:32+00:00 NOTICE member.sync :: Subscribed Member lisat1122@yahoo.com :: Array
(
    [status_if_new] => 1
    [merge_fields] => Array
        (
        )

)

2021-02-24T03:51:13+00:00 NOTICE action_scheduler.queue_job :: MailChimp_WooCommerce_Cart_Update queued :: obj_id 2df89b73ae124a40de2afd745cd3728c
2021-02-24T03:51:15+00:00 NOTICE abandoned_cart.success :: email: hifzhul@gmail.com :: checkout_url: https://warmwishesflorist.com/checkout/?mc_cart_id=2df89b73ae124a40de2afd745cd3728c
2021-02-24T03:51:16+00:00 NOTICE cart.member.updated :: Updated hifzhul@gmail.com subscriber status to transactional and language to en
2021-02-24T03:52:20+00:00 NOTICE action_scheduler.queue_job :: MailChimp_WooCommerce_Cart_Update queued :: obj_id 2df89b73ae124a40de2afd745cd3728c
2021-02-24T03:52:22+00:00 NOTICE abandoned_cart.success :: email: hifzhul@gmail.com :: checkout_url: https://warmwishesflorist.com/checkout/?mc_cart_id=2df89b73ae124a40de2afd745cd3728c
2021-02-24T03:53:15+00:00 NOTICE action_scheduler.queue_job :: MailChimp_WooCommerce_User_Submit queued :: obj_id 12254
2021-02-24T03:55:38+00:00 NOTICE action_scheduler.queue_job :: MailChimp_WooCommerce_Single_Order starts in 90 seconds :: obj_id 23454
2021-02-24T03:57:36+00:00 NOTICE member.sync :: Subscribed Member grina@westnet.com.au :: Array
(
    [status_if_new] => 1
    [merge_fields] => Array
        (
        )

)

2021-02-24T03:57:37+00:00 NOTICE order_sumbit :: #23454 has a financial status of pending and was skipped.
2021-02-24T04:03:57+00:00 NOTICE action_scheduler.queue_job :: MailChimp_WooCommerce_Single_Order starts in 90 seconds :: obj_id 23454
2021-02-24T04:03:59+00:00 NOTICE debug :: Order ID 23454 was pending and is now processing :: Array
(
    [new_order] => 1
    [tracking] => Array
        (
            [campaign_id] => 
            [landing_site] => https://warmwishesflorist.com/?wc-api=WC_Molpay_Gateway
        )

)

2021-02-24T04:05:39+00:00 NOTICE order.member.updated :: Updated hifzhul@gmail.com subscriber status to transactional and language to 
2021-02-24T04:05:39+00:00 NOTICE order_submit.success :: addStoreOrder :: #23454 :: email: hifzhul@gmail.com :: landing site https://warmwishesflorist.com/?wc-api=WC_Molpay_Gateway :: abandoned cart deleted [2df89b73ae124a40de2afd745cd3728c]
2021-02-24T04:07:10+00:00 NOTICE action_scheduler.queue_job :: MailChimp_WooCommerce_User_Submit queued :: obj_id 12255
2021-02-24T04:26:51+00:00 NOTICE member.sync :: Subscribed Member nyamj001@umn.edu :: Array
(
    [status_if_new] => 1
    [merge_fields] => Array
        (
        )

)

2021-02-24T04:27:47+00:00 NOTICE action_scheduler.queue_job :: MailChimp_WooCommerce_User_Submit queued :: obj_id 12256
2021-02-24T04:30:48+00:00 NOTICE member.sync :: Subscribed Member bergm.c@web.de :: Array
(
    [status_if_new] => 1
    [merge_fields] => Array
        (
        )

)

2021-02-24T05:06:24+00:00 NOTICE action_scheduler.queue_job :: MailChimp_WooCommerce_User_Submit queued :: obj_id 12257
2021-02-24T05:09:31+00:00 NOTICE member.sync :: Subscribed Member cottonjoe71@gmail.com :: Array
(
    [status_if_new] => 1
    [merge_fields] => Array
        (
        )

)

2021-02-24T05:19:29+00:00 NOTICE action_scheduler.queue_job :: MailChimp_WooCommerce_Cart_Update queued :: obj_id 864b6edebacff951dd27ccf404c70559
2021-02-24T05:19:31+00:00 NOTICE abandoned_cart.success :: email: danieleylai@hotmail.com :: checkout_url: https://warmwishesflorist.com/checkout/?mc_cart_id=864b6edebacff951dd27ccf404c70559
2021-02-24T05:19:32+00:00 NOTICE cart.member.updated :: Updated danieleylai@hotmail.com subscriber status to subscribed and language to en
2021-02-24T05:23:50+00:00 NOTICE action_scheduler.queue_job :: MailChimp_WooCommerce_Single_Order starts in 90 seconds :: obj_id 23455
2021-02-24T05:26:04+00:00 NOTICE debug :: Order ID 23455 was pending and is now processing :: Array
(
    [new_order] => 1
    [tracking] => Array
        (
            [campaign_id] => 
            [landing_site] => https://warmwishesflorist.com/?wc-api=WC_Molpay_Gateway
        )

)

2021-02-24T05:34:54+00:00 NOTICE action_scheduler.queue_job :: MailChimp_WooCommerce_User_Submit queued :: obj_id 12258
2021-02-24T05:36:56+00:00 NOTICE action_scheduler.queue_job :: MailChimp_WooCommerce_User_Submit queued :: obj_id 12259
2021-02-24T05:48:18+00:00 NOTICE action_scheduler.queue_job :: MailChimp_WooCommerce_User_Submit queued :: obj_id 12260
2021-02-24T05:52:08+00:00 NOTICE member.sync :: Subscribed Member simonwheeler244@gmail.com :: Array
(
    [status_if_new] => 1
    [merge_fields] => Array
        (
        )

)

2021-02-24T05:52:12+00:00 NOTICE order.member.updated :: Updated danieleylai@hotmail.com subscriber status to subscribed and language to en
2021-02-24T05:52:12+00:00 NOTICE order_submit.success :: addStoreOrder :: #23455 :: email: danieleylai@hotmail.com :: landing site https://warmwishesflorist.com/ :: abandoned cart deleted [864b6edebacff951dd27ccf404c70559]
2021-02-24T05:52:23+00:00 NOTICE member.sync :: Subscribed Member dianna.georges241@hotmail.com :: Array
(
    [status_if_new] => 1
    [merge_fields] => Array
        (
        )

)

2021-02-24T05:52:24+00:00 NOTICE member.sync :: co.operal.exand.r.h.o.m.ew.o.r.k.848@gmail.com has signed up to a lot of lists very recently; we're not allowing more signups for now
2021-02-24T05:59:29+00:00 NOTICE action_scheduler.queue_job :: MailChimp_WooCommerce_User_Submit queued :: obj_id 12261
2021-02-24T06:01:06+00:00 NOTICE member.sync :: Subscribed Member darryl.milligan@virginmedia.com :: Array
(
    [status_if_new] => 1
    [merge_fields] => Array
        (
        )

)

2021-02-24T06:04:02+00:00 NOTICE action_scheduler.queue_job :: MailChimp_WooCommerce_User_Submit queued :: obj_id 12262
2021-02-24T06:08:03+00:00 NOTICE action_scheduler.queue_job :: MailChimp_WooCommerce_User_Submit queued :: obj_id 12263
2021-02-24T06:08:06+00:00 NOTICE action_scheduler.queue_job :: MailChimp_WooCommerce_User_Submit queued :: obj_id 12264
2021-02-24T06:12:51+00:00 NOTICE action_scheduler.queue_job :: MailChimp_WooCommerce_User_Submit queued :: obj_id 12265
2021-02-24T06:13:25+00:00 NOTICE member.sync :: Subscribed Member joe_14_18@hotmail.com :: Array
(
    [status_if_new] => 1
    [merge_fields] => Array
        (
        )

)

2021-02-24T06:13:26+00:00 NOTICE member.sync :: marekadinewelos@gmail.com has signed up to a lot of lists very recently; we're not allowing more signups for now
2021-02-24T06:13:28+00:00 NOTICE member.sync :: Subscribed Member davidbooth10@yahoo.co.uk :: Array
(
    [status_if_new] => 1
    [merge_fields] => Array
        (
        )

)

2021-02-24T06:13:29+00:00 NOTICE member.sync :: Subscribed Member Crawfordlouise880@googlemail.com :: Array
(
    [status_if_new] => 1
    [merge_fields] => Array
        (
        )

)

2021-02-24T06:18:21+00:00 NOTICE action_scheduler.queue_job :: MailChimp_WooCommerce_User_Submit queued :: obj_id 12266
2021-02-24T06:21:48+00:00 NOTICE member.sync :: Subscribed Member nmarquez@buin.cl :: Array
(
    [status_if_new] => 1
    [merge_fields] => Array
        (
        )

)

2021-02-24T06:31:11+00:00 NOTICE action_scheduler.queue_job :: MailChimp_WooCommerce_User_Submit queued :: obj_id 12267
2021-02-24T06:37:10+00:00 NOTICE action_scheduler.queue_job :: MailChimp_WooCommerce_User_Submit queued :: obj_id 12268
2021-02-24T06:43:17+00:00 NOTICE member.sync :: Subscribed Member lilliantrann@yahoo.com :: Array
(
    [status_if_new] => 1
    [merge_fields] => Array
        (
        )

)

2021-02-24T06:43:18+00:00 NOTICE member.sync :: David.thomas04@btinternet.com has signed up to a lot of lists very recently; we're not allowing more signups for now
2021-02-24T06:56:15+00:00 NOTICE action_scheduler.queue_job :: MailChimp_WooCommerce_User_Submit queued :: obj_id 12269
2021-02-24T07:00:44+00:00 NOTICE action_scheduler.queue_job :: MailChimp_WooCommerce_User_Submit queued :: obj_id 12270
2021-02-24T07:01:07+00:00 NOTICE member.sync :: Subscribed Member lori.miller1@student.neosho.edu :: Array
(
    [status_if_new] => 1
    [merge_fields] => Array
        (
        )

)

2021-02-24T07:01:08+00:00 NOTICE member.sync :: Subscribed Member ecomcoursesdealer@gmail.com :: Array
(
    [status_if_new] => 1
    [merge_fields] => Array
        (
        )

)

2021-02-24T07:24:49+00:00 NOTICE action_scheduler.queue_job :: MailChimp_WooCommerce_User_Submit queued :: obj_id 12271
2021-02-24T07:29:04+00:00 NOTICE member.sync :: Subscribed Member BCRUZ2000@BELLSOUTH.NET :: Array
(
    [status_if_new] => 1
    [merge_fields] => Array
        (
        )

)

2021-02-24T07:29:24+00:00 NOTICE action_scheduler.queue_job :: MailChimp_WooCommerce_User_Submit queued :: obj_id 12272
2021-02-24T07:43:33+00:00 NOTICE action_scheduler.queue_job :: MailChimp_WooCommerce_User_Submit queued :: obj_id 12273
2021-02-24T07:48:04+00:00 NOTICE action_scheduler.queue_job :: MailChimp_WooCommerce_User_Submit queued :: obj_id 12274
2021-02-24T07:48:10+00:00 NOTICE action_scheduler.queue_job :: MailChimp_WooCommerce_User_Submit queued :: obj_id 12275
2021-02-24T08:02:25+00:00 NOTICE action_scheduler.queue_job :: MailChimp_WooCommerce_User_Submit queued :: obj_id 12276
2021-02-24T08:05:56+00:00 NOTICE action_scheduler.queue_job :: MailChimp_WooCommerce_User_Submit queued :: obj_id 12277
2021-02-24T08:10:10+00:00 NOTICE action_scheduler.queue_job :: MailChimp_WooCommerce_User_Submit queued :: obj_id 12278
2021-02-24T08:14:55+00:00 NOTICE action_scheduler.queue_job :: MailChimp_WooCommerce_User_Submit queued :: obj_id 12279
2021-02-24T08:15:21+00:00 NOTICE action_scheduler.queue_job :: MailChimp_WooCommerce_User_Submit queued :: obj_id 12280
2021-02-24T08:24:05+00:00 NOTICE action_scheduler.queue_job :: MailChimp_WooCommerce_User_Submit queued :: obj_id 12281
2021-02-24T08:30:57+00:00 NOTICE action_scheduler.queue_job :: MailChimp_WooCommerce_User_Submit queued :: obj_id 12282
2021-02-24T08:32:53+00:00 NOTICE action_scheduler.queue_job :: MailChimp_WooCommerce_User_Submit queued :: obj_id 12283
2021-02-24T08:58:25+00:00 NOTICE member.sync :: Subscribed Member Jeremyjones06@btinternet.com :: Array
(
    [status_if_new] => 1
    [merge_fields] => Array
        (
        )

)

2021-02-24T08:58:27+00:00 NOTICE member.sync :: Subscribed Member brandonwildermuth@gmail.com :: Array
(
    [status_if_new] => 1
    [merge_fields] => Array
        (
        )

)

2021-02-24T08:58:29+00:00 NOTICE member.sync :: Subscribed Member malatesta584@gmail.com :: Array
(
    [status_if_new] => 1
    [merge_fields] => Array
        (
        )

)

2021-02-24T08:58:30+00:00 NOTICE member.sync :: Subscribed Member Chelley1980@googlemail.com :: Array
(
    [status_if_new] => 1
    [merge_fields] => Array
        (
        )

)

2021-02-24T08:58:31+00:00 NOTICE member.sync :: Subscribed Member diego@moonproject.it :: Array
(
    [status_if_new] => 1
    [merge_fields] => Array
        (
        )

)

2021-02-24T08:58:33+00:00 NOTICE member.sync :: Subscribed Member nikkiklogan@hotmail.com :: Array
(
    [status_if_new] => 1
    [merge_fields] => Array
        (
        )

)

2021-02-24T08:58:34+00:00 NOTICE member.sync :: Subscribed Member jm9647@gmail.com :: Array
(
    [status_if_new] => 1
    [merge_fields] => Array
        (
        )

)

2021-02-24T08:58:52+00:00 NOTICE member.sync :: Subscribed Member thomas.jeanclaude@wanadoo.fr :: Array
(
    [status_if_new] => 1
    [merge_fields] => Array
        (
        )

)

2021-02-24T08:58:54+00:00 NOTICE member.sync :: Subscribed Member brookelynn0626@gmail.com :: Array
(
    [status_if_new] => 1
    [merge_fields] => Array
        (
        )

)

2021-02-24T08:58:55+00:00 NOTICE member.sync :: Subscribed Member brichardson0331@yahoo.com :: Array
(
    [status_if_new] => 1
    [merge_fields] => Array
        (
        )

)

2021-02-24T08:58:57+00:00 NOTICE member.sync :: Subscribed Member dbcorr@bellsouth.net :: Array
(
    [status_if_new] => 1
    [merge_fields] => Array
        (
        )

)

2021-02-24T08:58:58+00:00 NOTICE member.sync :: Subscribed Member charlottewal98@hotmail.com :: Array
(
    [status_if_new] => 1
    [merge_fields] => Array
        (
        )

)

2021-02-24T11:50:46+00:00 NOTICE action_scheduler.queue_job :: MailChimp_WooCommerce_Single_Order starts in 90 seconds :: obj_id 23454
2021-02-24T11:50:48+00:00 NOTICE debug :: Order ID 23454 was processing and is now completed :: Array
(
    [new_order] => 
    [tracking] => 
)

2021-02-24T11:50:54+00:00 NOTICE action_scheduler.queue_job :: MailChimp_WooCommerce_Single_Order starts in 90 seconds :: obj_id 23455
2021-02-24T11:50:54+00:00 NOTICE debug :: Order ID 23455 was processing and is now completed :: Array
(
    [new_order] => 
    [tracking] => 
)

2021-02-24T11:59:11+00:00 NOTICE order.member.updated :: Updated hifzhul@gmail.com subscriber status to transactional and language to 
2021-02-24T11:59:11+00:00 NOTICE order_submit.success :: updateStoreOrder :: #23454 :: email: hifzhul@gmail.com
2021-02-24T11:59:15+00:00 NOTICE order.member.updated :: Updated danieleylai@hotmail.com subscriber status to subscribed and language to 
2021-02-24T11:59:15+00:00 NOTICE order_submit.success :: updateStoreOrder :: #23455 :: email: danieleylai@hotmail.com
2021-02-24T13:02:45+00:00 NOTICE action_scheduler.queue_job :: MailChimp_WooCommerce_Cart_Update queued :: obj_id 9cd605cd836fef679118828f224b87fd
2021-02-24T13:17:10+00:00 NOTICE abandoned_cart.success :: email: gary33ng@gmail.com :: checkout_url: https://warmwishesflorist.com/checkout/?mc_cart_id=9cd605cd836fef679118828f224b87fd
2021-02-24T13:17:11+00:00 NOTICE cart.member.updated :: Updated gary33ng@gmail.com subscriber status to subscribed and language to en
2021-02-24T14:53:37+00:00 NOTICE action_scheduler.queue_job :: MailChimp_WooCommerce_Cart_Update queued :: obj_id e89a9bcd8c06fa6c8d59fe7b1756745c
2021-02-24T15:01:41+00:00 NOTICE abandoned_cart.success :: email: fishy_ky@hotmail.com :: checkout_url: https://warmwishesflorist.com/checkout/?mc_cart_id=e89a9bcd8c06fa6c8d59fe7b1756745c
2021-02-24T15:01:42+00:00 NOTICE cart.member.updated :: Updated fishy_ky@hotmail.com subscriber status to subscribed and language to en
2021-02-24T15:16:17+00:00 NOTICE action_scheduler.queue_job :: MailChimp_WooCommerce_Cart_Update queued :: obj_id e89a9bcd8c06fa6c8d59fe7b1756745c
2021-02-24T15:21:12+00:00 NOTICE abandoned_cart.success :: email: fishy_ky@hotmail.com :: checkout_url: https://warmwishesflorist.com/checkout/?mc_cart_id=e89a9bcd8c06fa6c8d59fe7b1756745c
2021-02-24T15:21:26+00:00 NOTICE action_scheduler.queue_job :: MailChimp_WooCommerce_Cart_Update queued :: obj_id e89a9bcd8c06fa6c8d59fe7b1756745c
2021-02-24T15:22:54+00:00 NOTICE abandoned_cart.success :: email: fishy_ky@hotmail.com :: checkout_url: https://warmwishesflorist.com/checkout/?mc_cart_id=e89a9bcd8c06fa6c8d59fe7b1756745c
2021-02-24T15:23:09+00:00 NOTICE action_scheduler.queue_job :: MailChimp_WooCommerce_Cart_Update queued :: obj_id e89a9bcd8c06fa6c8d59fe7b1756745c
2021-02-24T15:31:57+00:00 NOTICE action_scheduler.queue_job :: MailChimp_WooCommerce_Cart_Update queued :: obj_id e89a9bcd8c06fa6c8d59fe7b1756745c
2021-02-24T15:31:57+00:00 NOTICE abandoned_cart.success :: email: fishy_ky@hotmail.com :: checkout_url: https://warmwishesflorist.com/checkout/?mc_cart_id=e89a9bcd8c06fa6c8d59fe7b1756745c
2021-02-24T15:31:59+00:00 NOTICE abandoned_cart.success :: email: fishy_ky@hotmail.com :: checkout_url: https://warmwishesflorist.com/checkout/?mc_cart_id=e89a9bcd8c06fa6c8d59fe7b1756745c
