2021-08-31T00:00:11+00:00 NOTICE member.sync :: Subscribed Member swerrrrveeeee@gmail.com :: Array
(
    [status_if_new] => 1
    [merge_fields] => Array
        (
        )

)

2021-08-31T00:08:36+00:00 NOTICE action_scheduler.queue_job :: MailChimp_WooCommerce_User_Submit queued :: obj_id 15862
2021-08-31T00:11:07+00:00 NOTICE member.sync :: Subscribed Member japura1@aol.com :: Array
(
    [status_if_new] => 1
    [merge_fields] => Array
        (
        )

)

2021-08-31T00:12:21+00:00 NOTICE action_scheduler.queue_job :: MailChimp_WooCommerce_User_Submit queued :: obj_id 15863
2021-08-31T00:14:12+00:00 NOTICE member.sync :: Subscribed Member henschelster@googlemail.com :: Array
(
    [status_if_new] => 1
    [merge_fields] => Array
        (
        )

)

2021-08-31T00:54:58+00:00 NOTICE action_scheduler.queue_job :: MailChimp_WooCommerce_User_Submit queued :: obj_id 15864
2021-08-31T00:55:33+00:00 NOTICE member.sync :: Subscribed Member bellevieny@gmail.com :: Array
(
    [status_if_new] => 1
    [merge_fields] => Array
        (
        )

)

2021-08-31T00:58:47+00:00 NOTICE action_scheduler.queue_job :: MailChimp_WooCommerce_User_Submit queued :: obj_id 15865
2021-08-31T00:58:54+00:00 NOTICE action_scheduler.queue_job :: MailChimp_WooCommerce_User_Submit queued :: obj_id 15866
2021-08-31T01:00:19+00:00 NOTICE member.sync :: michellecsanchez@comcast.net has signed up to a lot of lists very recently; we're not allowing more signups for now
2021-08-31T01:00:21+00:00 NOTICE member.sync :: Subscribed Member archibed.jp@wanadoo.fr :: Array
(
    [status_if_new] => 1
    [merge_fields] => Array
        (
        )

)

2021-08-31T01:00:52+00:00 NOTICE action_scheduler.queue_job :: MailChimp_WooCommerce_User_Submit queued :: obj_id 15867
2021-08-31T01:01:51+00:00 NOTICE member.sync :: Subscribed Member cocoa1230@msn.com :: Array
(
    [status_if_new] => 1
    [merge_fields] => Array
        (
        )

)

2021-08-31T01:02:45+00:00 NOTICE action_scheduler.queue_job :: MailChimp_WooCommerce_User_Submit queued :: obj_id 15868
2021-08-31T01:02:56+00:00 NOTICE action_scheduler.queue_job :: MailChimp_WooCommerce_User_Submit queued :: obj_id 15869
2021-08-31T01:04:01+00:00 NOTICE member.sync :: valentin_borodin_1962@rambler.ru has signed up to a lot of lists very recently; we're not allowing more signups for now
2021-08-31T01:04:03+00:00 NOTICE member.sync :: viktor_mukhin_1988@rambler.ru has signed up to a lot of lists very recently; we're not allowing more signups for now
2021-08-31T01:13:43+00:00 NOTICE action_scheduler.queue_job :: MailChimp_WooCommerce_User_Submit queued :: obj_id 15870
2021-08-31T01:14:34+00:00 NOTICE member.sync :: Subscribed Member wendy@dolcelaw.com :: Array
(
    [status_if_new] => 1
    [merge_fields] => Array
        (
        )

)

2021-08-31T01:21:20+00:00 NOTICE action_scheduler.queue_job :: MailChimp_WooCommerce_User_Submit queued :: obj_id 15871
2021-08-31T01:22:55+00:00 NOTICE member.sync :: Subscribed Member tlarva3000@msn.com :: Array
(
    [status_if_new] => 1
    [merge_fields] => Array
        (
        )

)

2021-08-31T01:45:33+00:00 NOTICE action_scheduler.queue_job :: MailChimp_WooCommerce_User_Submit queued :: obj_id 15872
2021-08-31T01:45:35+00:00 NOTICE member.sync :: dcain2011@gmail.com has signed up to a lot of lists very recently; we're not allowing more signups for now
2021-08-31T01:59:34+00:00 NOTICE action_scheduler.queue_job :: MailChimp_WooCommerce_User_Submit queued :: obj_id 15873
2021-08-31T02:01:13+00:00 NOTICE member.sync :: Subscribed Member matildagroup@yahoo.com :: Array
(
    [status_if_new] => 1
    [merge_fields] => Array
        (
        )

)

2021-08-31T02:01:16+00:00 NOTICE action_scheduler.queue_job :: MailChimp_WooCommerce_User_Submit queued :: obj_id 15874
2021-08-31T02:01:53+00:00 NOTICE member.sync :: timsolak@gmail.com has signed up to a lot of lists very recently; we're not allowing more signups for now
2021-08-31T02:25:07+00:00 NOTICE action_scheduler.queue_job :: MailChimp_WooCommerce_User_Submit queued :: obj_id 15875
2021-08-31T02:25:32+00:00 NOTICE member.sync :: tmerola89@gmail.com has signed up to a lot of lists very recently; we're not allowing more signups for now
2021-08-31T02:27:52+00:00 NOTICE action_scheduler.queue_job :: MailChimp_WooCommerce_User_Submit queued :: obj_id 15876
2021-08-31T02:28:32+00:00 NOTICE member.sync :: jeramy_shchavlev_1964@rambler.ru has signed up to a lot of lists very recently; we're not allowing more signups for now
2021-08-31T03:00:33+00:00 NOTICE action_scheduler.queue_job :: MailChimp_WooCommerce_User_Submit queued :: obj_id 15877
2021-08-31T03:01:34+00:00 NOTICE member.sync :: Subscribed Member tokyoman2003@gmail.com :: Array
(
    [status_if_new] => 1
    [merge_fields] => Array
        (
        )

)

2021-08-31T03:04:11+00:00 NOTICE action_scheduler.queue_job :: MailChimp_WooCommerce_Single_Product starts in 5 seconds :: obj_id 22090
2021-08-31T03:04:40+00:00 NOTICE product_submit.error :: addStoreProduct :: #22090 :: Error Code 404 :: Resource Not Found :: The requested resource could not be found. on 1858 in /var/www/vhosts/warmwishesflorist.com/httpdocs/wp-content/plugins/mailchimp-for-woocommerce/includes/api/class-mailchimp-api.php
2021-08-31T03:10:40+00:00 NOTICE action_scheduler.queue_job :: MailChimp_WooCommerce_User_Submit queued :: obj_id 15878
2021-08-31T03:11:38+00:00 NOTICE member.sync :: 8.0anna.g.er.m.a.n@gmail.com has signed up to a lot of lists very recently; we're not allowing more signups for now
2021-08-31T03:16:49+00:00 NOTICE action_scheduler.queue_job :: MailChimp_WooCommerce_User_Submit queued :: obj_id 15879
2021-08-31T03:17:43+00:00 NOTICE member.sync :: yt851@nyu.edu has signed up to a lot of lists very recently; we're not allowing more signups for now
2021-08-31T03:21:56+00:00 NOTICE action_scheduler.queue_job :: MailChimp_WooCommerce_User_Submit queued :: obj_id 15880
2021-08-31T03:23:45+00:00 NOTICE member.sync :: Subscribed Member trell1280@yahoo.com :: Array
(
    [status_if_new] => 1
    [merge_fields] => Array
        (
        )

)

2021-08-31T03:27:03+00:00 NOTICE action_scheduler.queue_job :: MailChimp_WooCommerce_User_Submit queued :: obj_id 15881
2021-08-31T03:28:08+00:00 NOTICE member.sync :: lirenchen12@gmail.com has signed up to a lot of lists very recently; we're not allowing more signups for now
2021-08-31T03:52:12+00:00 NOTICE action_scheduler.queue_job :: MailChimp_WooCommerce_Cart_Update queued :: obj_id f53a58a2ae14fe194096bce673f8f8ec
2021-08-31T03:52:14+00:00 ERROR abandoned_cart.error :: email: dinomin0033@hotmail.com :: attempting product update :: Resource Not Found :: The requested resource could not be found.
2021-08-31T03:52:16+00:00 NOTICE product_submit.error :: addStoreProduct :: #23059 :: Error Code 404 :: Resource Not Found :: The requested resource could not be found. on 1858 in /var/www/vhosts/warmwishesflorist.com/httpdocs/wp-content/plugins/mailchimp-for-woocommerce/includes/api/class-mailchimp-api.php
2021-08-31T03:52:16+00:00 ERROR abandoned_cart.error :: Error Code 404 :: Resource Not Found :: The requested resource could not be found. on 1858 in /var/www/vhosts/warmwishesflorist.com/httpdocs/wp-content/plugins/mailchimp-for-woocommerce/includes/api/class-mailchimp-api.php
2021-08-31T03:52:19+00:00 NOTICE action_scheduler.queue_job :: MailChimp_WooCommerce_Cart_Update queued :: obj_id f53a58a2ae14fe194096bce673f8f8ec
2021-08-31T03:52:23+00:00 ERROR abandoned_cart.error :: email: dinomin0033@hotmail.com :: attempting product update :: Resource Not Found :: The requested resource could not be found.
2021-08-31T03:52:23+00:00 NOTICE product_submit.error :: addStoreProduct :: #23059 :: Error Code 404 :: Resource Not Found :: The requested resource could not be found. on 1858 in /var/www/vhosts/warmwishesflorist.com/httpdocs/wp-content/plugins/mailchimp-for-woocommerce/includes/api/class-mailchimp-api.php
2021-08-31T03:52:23+00:00 ERROR abandoned_cart.error :: Error Code 404 :: Resource Not Found :: The requested resource could not be found. on 1858 in /var/www/vhosts/warmwishesflorist.com/httpdocs/wp-content/plugins/mailchimp-for-woocommerce/includes/api/class-mailchimp-api.php
2021-08-31T03:52:26+00:00 NOTICE action_scheduler.queue_job :: MailChimp_WooCommerce_User_Submit queued :: obj_id 11582
2021-08-31T03:52:31+00:00 NOTICE member.sync :: Updated Member dinomin0033@hotmail.com ( merge fields only ) :: Array
(
    [merge_fields] => Array
        (
            [FNAME] => Marcus
            [LNAME] => Wong
        )

)

2021-08-31T03:54:23+00:00 NOTICE action_scheduler.queue_job :: MailChimp_WooCommerce_Cart_Update queued :: obj_id f53a58a2ae14fe194096bce673f8f8ec
2021-08-31T03:54:25+00:00 ERROR abandoned_cart.error :: email: dinomin0033@hotmail.com :: attempting product update :: Resource Not Found :: The requested resource could not be found.
2021-08-31T03:54:26+00:00 NOTICE product_submit.error :: addStoreProduct :: #23059 :: Error Code 404 :: Resource Not Found :: The requested resource could not be found. on 1858 in /var/www/vhosts/warmwishesflorist.com/httpdocs/wp-content/plugins/mailchimp-for-woocommerce/includes/api/class-mailchimp-api.php
2021-08-31T03:54:26+00:00 ERROR abandoned_cart.error :: Error Code 404 :: Resource Not Found :: The requested resource could not be found. on 1858 in /var/www/vhosts/warmwishesflorist.com/httpdocs/wp-content/plugins/mailchimp-for-woocommerce/includes/api/class-mailchimp-api.php
2021-08-31T03:54:30+00:00 NOTICE action_scheduler.queue_job :: MailChimp_WooCommerce_Cart_Update queued :: obj_id f53a58a2ae14fe194096bce673f8f8ec
2021-08-31T03:54:32+00:00 ERROR abandoned_cart.error :: email: dinomin0033@hotmail.com :: attempting product update :: Resource Not Found :: The requested resource could not be found.
2021-08-31T03:54:33+00:00 NOTICE product_submit.error :: addStoreProduct :: #23059 :: Error Code 404 :: Resource Not Found :: The requested resource could not be found. on 1858 in /var/www/vhosts/warmwishesflorist.com/httpdocs/wp-content/plugins/mailchimp-for-woocommerce/includes/api/class-mailchimp-api.php
2021-08-31T03:54:33+00:00 ERROR abandoned_cart.error :: Error Code 404 :: Resource Not Found :: The requested resource could not be found. on 1858 in /var/www/vhosts/warmwishesflorist.com/httpdocs/wp-content/plugins/mailchimp-for-woocommerce/includes/api/class-mailchimp-api.php
2021-08-31T03:55:04+00:00 NOTICE action_scheduler.queue_job :: MailChimp_WooCommerce_Cart_Update queued :: obj_id f53a58a2ae14fe194096bce673f8f8ec
2021-08-31T03:55:46+00:00 ERROR abandoned_cart.error :: email: dinomin0033@hotmail.com :: attempting product update :: Resource Not Found :: The requested resource could not be found.
2021-08-31T03:55:46+00:00 NOTICE product_submit.error :: addStoreProduct :: #23059 :: Error Code 404 :: Resource Not Found :: The requested resource could not be found. on 1858 in /var/www/vhosts/warmwishesflorist.com/httpdocs/wp-content/plugins/mailchimp-for-woocommerce/includes/api/class-mailchimp-api.php
2021-08-31T03:55:46+00:00 ERROR abandoned_cart.error :: Error Code 404 :: Resource Not Found :: The requested resource could not be found. on 1858 in /var/www/vhosts/warmwishesflorist.com/httpdocs/wp-content/plugins/mailchimp-for-woocommerce/includes/api/class-mailchimp-api.php
2021-08-31T03:59:20+00:00 NOTICE action_scheduler.queue_job :: MailChimp_WooCommerce_Cart_Update queued :: obj_id f53a58a2ae14fe194096bce673f8f8ec
2021-08-31T03:59:22+00:00 ERROR abandoned_cart.error :: email: dinomin0033@hotmail.com :: attempting product update :: Resource Not Found :: The requested resource could not be found.
2021-08-31T03:59:23+00:00 NOTICE product_submit.error :: addStoreProduct :: #23059 :: Error Code 404 :: Resource Not Found :: The requested resource could not be found. on 1858 in /var/www/vhosts/warmwishesflorist.com/httpdocs/wp-content/plugins/mailchimp-for-woocommerce/includes/api/class-mailchimp-api.php
2021-08-31T03:59:23+00:00 ERROR abandoned_cart.error :: Error Code 404 :: Resource Not Found :: The requested resource could not be found. on 1858 in /var/www/vhosts/warmwishesflorist.com/httpdocs/wp-content/plugins/mailchimp-for-woocommerce/includes/api/class-mailchimp-api.php
2021-08-31T04:01:45+00:00 NOTICE action_scheduler.queue_job :: MailChimp_WooCommerce_User_Submit queued :: obj_id 15882
2021-08-31T04:02:59+00:00 NOTICE member.sync :: topgun22ice@gmail.com has signed up to a lot of lists very recently; we're not allowing more signups for now
2021-08-31T04:04:09+00:00 NOTICE action_scheduler.queue_job :: MailChimp_WooCommerce_User_Submit queued :: obj_id 15883
2021-08-31T04:05:54+00:00 NOTICE member.sync :: Subscribed Member kentallen730@yahoo.com :: Array
(
    [status_if_new] => 1
    [merge_fields] => Array
        (
        )

)

2021-08-31T04:31:22+00:00 NOTICE action_scheduler.queue_job :: MailChimp_WooCommerce_User_Submit queued :: obj_id 15884
2021-08-31T04:31:38+00:00 NOTICE member.sync :: Subscribed Member vivisun222@hotmail.com :: Array
(
    [status_if_new] => 1
    [merge_fields] => Array
        (
        )

)

2021-08-31T04:32:01+00:00 NOTICE action_scheduler.queue_job :: MailChimp_WooCommerce_User_Submit queued :: obj_id 15885
2021-08-31T04:32:40+00:00 NOTICE member.sync :: Subscribed Member undone56@gmail.com :: Array
(
    [status_if_new] => 1
    [merge_fields] => Array
        (
        )

)

2021-08-31T04:36:53+00:00 NOTICE action_scheduler.queue_job :: MailChimp_WooCommerce_User_Submit queued :: obj_id 15886
2021-08-31T04:37:43+00:00 NOTICE member.sync :: andrewtwalsh85@gmail.com has signed up to a lot of lists very recently; we're not allowing more signups for now
2021-08-31T04:41:40+00:00 NOTICE action_scheduler.queue_job :: MailChimp_WooCommerce_User_Submit queued :: obj_id 15887
2021-08-31T04:44:40+00:00 NOTICE member.sync :: Subscribed Member willdodich@gmail.com :: Array
(
    [status_if_new] => 1
    [merge_fields] => Array
        (
        )

)

2021-08-31T04:46:01+00:00 NOTICE action_scheduler.queue_job :: MailChimp_WooCommerce_User_Submit queued :: obj_id 15888
2021-08-31T04:47:17+00:00 NOTICE member.sync :: Subscribed Member verelyn@msn.com :: Array
(
    [status_if_new] => 1
    [merge_fields] => Array
        (
        )

)

2021-08-31T04:49:30+00:00 NOTICE action_scheduler.queue_job :: MailChimp_WooCommerce_User_Submit queued :: obj_id 15889
2021-08-31T04:49:35+00:00 NOTICE member.sync :: Subscribed Member garellis.nadia@gmail.com :: Array
(
    [status_if_new] => 1
    [merge_fields] => Array
        (
        )

)

2021-08-31T05:01:13+00:00 NOTICE action_scheduler.queue_job :: MailChimp_WooCommerce_User_Submit queued :: obj_id 15890
2021-08-31T05:01:31+00:00 NOTICE member.sync :: Subscribed Member lfamularo42@gmail.com :: Array
(
    [status_if_new] => 1
    [merge_fields] => Array
        (
        )

)

2021-08-31T05:04:37+00:00 NOTICE action_scheduler.queue_job :: MailChimp_WooCommerce_User_Submit queued :: obj_id 15891
2021-08-31T05:05:25+00:00 NOTICE member.sync :: Subscribed Member stacyspink@sbcglobal.net :: Array
(
    [status_if_new] => 1
    [merge_fields] => Array
        (
        )

)

2021-08-31T05:17:50+00:00 NOTICE action_scheduler.queue_job :: MailChimp_WooCommerce_User_Submit queued :: obj_id 15892
2021-08-31T05:18:37+00:00 NOTICE member.sync :: Subscribed Member wbailey6172@yahoo.com :: Array
(
    [status_if_new] => 1
    [merge_fields] => Array
        (
        )

)

2021-08-31T05:31:45+00:00 NOTICE action_scheduler.queue_job :: MailChimp_WooCommerce_Single_Product starts in 5 seconds :: obj_id 23646
2021-08-31T05:31:52+00:00 NOTICE action_scheduler.queue_job :: MailChimp_WooCommerce_Single_Product starts in 5 seconds :: obj_id 23722
2021-08-31T05:32:23+00:00 NOTICE action_scheduler.queue_job :: MailChimp_WooCommerce_User_Submit queued :: obj_id 15893
2021-08-31T05:33:26+00:00 NOTICE product_submit.error :: addStoreProduct :: #23646 :: Error Code 404 :: Resource Not Found :: The requested resource could not be found. on 1858 in /var/www/vhosts/warmwishesflorist.com/httpdocs/wp-content/plugins/mailchimp-for-woocommerce/includes/api/class-mailchimp-api.php
2021-08-31T05:33:27+00:00 NOTICE product_submit.error :: addStoreProduct :: #23722 :: Error Code 404 :: Resource Not Found :: The requested resource could not be found. on 1858 in /var/www/vhosts/warmwishesflorist.com/httpdocs/wp-content/plugins/mailchimp-for-woocommerce/includes/api/class-mailchimp-api.php
2021-08-31T05:33:28+00:00 NOTICE member.sync :: Subscribed Member faisal.ramoomar@gmail.com :: Array
(
    [status_if_new] => 1
    [merge_fields] => Array
        (
        )

)

2021-08-31T05:33:29+00:00 NOTICE action_scheduler.queue_job :: MailChimp_WooCommerce_User_Submit queued :: obj_id 15894
2021-08-31T05:33:34+00:00 NOTICE member.sync :: Subscribed Member whittakerm2015@gmail.com :: Array
(
    [status_if_new] => 1
    [merge_fields] => Array
        (
        )

)

2021-08-31T06:27:16+00:00 NOTICE action_scheduler.queue_job :: MailChimp_WooCommerce_User_Submit queued :: obj_id 15895
2021-08-31T06:28:04+00:00 NOTICE member.sync :: Subscribed Member onlinepenza@gmail.com :: Array
(
    [status_if_new] => 1
    [merge_fields] => Array
        (
        )

)

2021-08-31T06:32:36+00:00 NOTICE action_scheduler.queue_job :: MailChimp_WooCommerce_User_Submit queued :: obj_id 15896
2021-08-31T06:34:32+00:00 NOTICE member.sync :: Subscribed Member diego15784@gmail.com :: Array
(
    [status_if_new] => 1
    [merge_fields] => Array
        (
        )

)

2021-08-31T07:04:37+00:00 NOTICE action_scheduler.queue_job :: MailChimp_WooCommerce_User_Submit queued :: obj_id 15897
2021-08-31T07:06:10+00:00 NOTICE member.sync :: Subscribed Member veronicamarenco@sbcglobal.net :: Array
(
    [status_if_new] => 1
    [merge_fields] => Array
        (
        )

)

2021-08-31T07:33:57+00:00 NOTICE action_scheduler.queue_job :: MailChimp_WooCommerce_User_Submit queued :: obj_id 15898
2021-08-31T07:36:30+00:00 NOTICE member.sync :: s_knighton@yahoo.com has signed up to a lot of lists very recently; we're not allowing more signups for now
2021-08-31T07:49:06+00:00 NOTICE action_scheduler.queue_job :: MailChimp_WooCommerce_User_Submit queued :: obj_id 15899
2021-08-31T07:51:10+00:00 NOTICE member.sync :: THOMAS.STURGIS@SDHC.K12.FL.US has signed up to a lot of lists very recently; we're not allowing more signups for now
2021-08-31T10:04:09+00:00 NOTICE action_scheduler.queue_job :: MailChimp_WooCommerce_User_Submit queued :: obj_id 15900
2021-08-31T10:04:32+00:00 NOTICE member.sync :: tynkidyui42@gmail.com has signed up to a lot of lists very recently; we're not allowing more signups for now
2021-08-31T10:11:34+00:00 NOTICE action_scheduler.queue_job :: MailChimp_WooCommerce_Cart_Update queued :: obj_id debdb7aa489c70f2760262388cb86161
2021-08-31T10:12:20+00:00 ERROR abandoned_cart.error :: email: icelim0401@gmail.com :: attempting product update :: Resource Not Found :: The requested resource could not be found.
2021-08-31T10:12:21+00:00 NOTICE product_submit.error :: addStoreProduct :: #22179 :: Error Code 404 :: Resource Not Found :: The requested resource could not be found. on 1858 in /var/www/vhosts/warmwishesflorist.com/httpdocs/wp-content/plugins/mailchimp-for-woocommerce/includes/api/class-mailchimp-api.php
2021-08-31T10:12:21+00:00 ERROR abandoned_cart.error :: Error Code 404 :: Resource Not Found :: The requested resource could not be found. on 1858 in /var/www/vhosts/warmwishesflorist.com/httpdocs/wp-content/plugins/mailchimp-for-woocommerce/includes/api/class-mailchimp-api.php
2021-08-31T12:35:10+00:00 NOTICE action_scheduler.queue_job :: MailChimp_WooCommerce_Cart_Update queued :: obj_id f53a58a2ae14fe194096bce673f8f8ec
2021-08-31T12:35:35+00:00 ERROR abandoned_cart.error :: email: dinomin0033@hotmail.com :: attempting product update :: Resource Not Found :: The requested resource could not be found.
2021-08-31T12:35:36+00:00 NOTICE product_submit.error :: addStoreProduct :: #23059 :: Error Code 404 :: Resource Not Found :: The requested resource could not be found. on 1858 in /var/www/vhosts/warmwishesflorist.com/httpdocs/wp-content/plugins/mailchimp-for-woocommerce/includes/api/class-mailchimp-api.php
2021-08-31T12:35:36+00:00 ERROR abandoned_cart.error :: Error Code 404 :: Resource Not Found :: The requested resource could not be found. on 1858 in /var/www/vhosts/warmwishesflorist.com/httpdocs/wp-content/plugins/mailchimp-for-woocommerce/includes/api/class-mailchimp-api.php
2021-08-31T12:35:37+00:00 NOTICE action_scheduler.queue_job :: MailChimp_WooCommerce_Cart_Update queued :: obj_id f53a58a2ae14fe194096bce673f8f8ec
2021-08-31T12:36:01+00:00 NOTICE action_scheduler.queue_job :: MailChimp_WooCommerce_User_Submit queued :: obj_id 11582
2021-08-31T12:36:42+00:00 ERROR abandoned_cart.error :: email: dinomin0033@hotmail.com :: attempting product update :: Resource Not Found :: The requested resource could not be found.
2021-08-31T12:36:43+00:00 NOTICE product_submit.error :: addStoreProduct :: #23059 :: Error Code 404 :: Resource Not Found :: The requested resource could not be found. on 1858 in /var/www/vhosts/warmwishesflorist.com/httpdocs/wp-content/plugins/mailchimp-for-woocommerce/includes/api/class-mailchimp-api.php
2021-08-31T12:36:43+00:00 ERROR abandoned_cart.error :: Error Code 404 :: Resource Not Found :: The requested resource could not be found. on 1858 in /var/www/vhosts/warmwishesflorist.com/httpdocs/wp-content/plugins/mailchimp-for-woocommerce/includes/api/class-mailchimp-api.php
2021-08-31T12:36:44+00:00 NOTICE member.sync :: Updated Member dinomin0033@hotmail.com ( merge fields only ) :: Array
(
    [merge_fields] => Array
        (
            [FNAME] => Marcus
            [LNAME] => Wong
        )

)

2021-08-31T12:40:06+00:00 NOTICE action_scheduler.queue_job :: MailChimp_WooCommerce_Cart_Update queued :: obj_id f53a58a2ae14fe194096bce673f8f8ec
2021-08-31T12:40:08+00:00 ERROR abandoned_cart.error :: email: dinomin0033@hotmail.com :: attempting product update :: Resource Not Found :: The requested resource could not be found.
2021-08-31T12:40:10+00:00 NOTICE product_submit.error :: addStoreProduct :: #23059 :: Error Code 404 :: Resource Not Found :: The requested resource could not be found. on 1858 in /var/www/vhosts/warmwishesflorist.com/httpdocs/wp-content/plugins/mailchimp-for-woocommerce/includes/api/class-mailchimp-api.php
2021-08-31T12:40:10+00:00 ERROR abandoned_cart.error :: Error Code 404 :: Resource Not Found :: The requested resource could not be found. on 1858 in /var/www/vhosts/warmwishesflorist.com/httpdocs/wp-content/plugins/mailchimp-for-woocommerce/includes/api/class-mailchimp-api.php
2021-08-31T12:40:16+00:00 NOTICE action_scheduler.queue_job :: MailChimp_WooCommerce_Cart_Update queued :: obj_id f53a58a2ae14fe194096bce673f8f8ec
2021-08-31T12:41:48+00:00 ERROR abandoned_cart.error :: email: dinomin0033@hotmail.com :: attempting product update :: Resource Not Found :: The requested resource could not be found.
2021-08-31T12:41:49+00:00 NOTICE product_submit.error :: addStoreProduct :: #23059 :: Error Code 404 :: Resource Not Found :: The requested resource could not be found. on 1858 in /var/www/vhosts/warmwishesflorist.com/httpdocs/wp-content/plugins/mailchimp-for-woocommerce/includes/api/class-mailchimp-api.php
2021-08-31T12:41:49+00:00 ERROR abandoned_cart.error :: Error Code 404 :: Resource Not Found :: The requested resource could not be found. on 1858 in /var/www/vhosts/warmwishesflorist.com/httpdocs/wp-content/plugins/mailchimp-for-woocommerce/includes/api/class-mailchimp-api.php
2021-08-31T13:17:08+00:00 NOTICE action_scheduler.queue_job :: MailChimp_WooCommerce_Cart_Update queued :: obj_id 1c042f63511f0d3703b84878c98b3cd6
2021-08-31T13:18:03+00:00 ERROR abandoned_cart.error :: email: seelih@yahoo.com :: attempting product update :: Resource Not Found :: The requested resource could not be found.
2021-08-31T13:18:05+00:00 NOTICE product_submit.error :: addStoreProduct :: #23861 :: Error Code 404 :: Resource Not Found :: The requested resource could not be found. on 1858 in /var/www/vhosts/warmwishesflorist.com/httpdocs/wp-content/plugins/mailchimp-for-woocommerce/includes/api/class-mailchimp-api.php
2021-08-31T13:18:05+00:00 ERROR abandoned_cart.error :: Error Code 404 :: Resource Not Found :: The requested resource could not be found. on 1858 in /var/www/vhosts/warmwishesflorist.com/httpdocs/wp-content/plugins/mailchimp-for-woocommerce/includes/api/class-mailchimp-api.php
2021-08-31T15:30:08+00:00 NOTICE action_scheduler.queue_job :: MailChimp_WooCommerce_User_Submit queued :: obj_id 15903
2021-08-31T15:33:52+00:00 NOTICE member.sync :: Subscribed Member gracielawy20@rokuro75.kiyoakari.xyz :: Array
(
    [status_if_new] => 1
    [merge_fields] => Array
        (
        )

)

2021-08-31T18:44:04+00:00 NOTICE action_scheduler.queue_job :: MailChimp_WooCommerce_User_Submit queued :: obj_id 15904
2021-08-31T18:44:45+00:00 NOTICE member.sync :: Subscribed Member damirovdamir399@gmail.com :: Array
(
    [status_if_new] => 1
    [merge_fields] => Array
        (
        )

)

