2021-01-29T00:09:50+00:00 NOTICE action_scheduler.queue_job :: MailChimp_WooCommerce_Cart_Update queued :: obj_id 96aa8c6de55a48c602cd3a62fe9c2e4f
2021-01-29T00:09:51+00:00 NOTICE action_scheduler.queue_job :: MailChimp_WooCommerce_User_Submit queued :: obj_id 11120
2021-01-29T00:09:55+00:00 NOTICE member.sync :: Subscribed Member jessielimjiamin@gmail.com :: Array
(
    [status_if_new] => 1
    [merge_fields] => Array
        (
        )

)

2021-01-29T00:09:56+00:00 NOTICE abandoned_cart.success :: email: jessielimjiamin@gmail.com :: checkout_url: https://warmwishesflorist.com/checkout/?mc_cart_id=96aa8c6de55a48c602cd3a62fe9c2e4f
2021-01-29T00:09:56+00:00 NOTICE cart.member.updated :: Updated jessielimjiamin@gmail.com subscriber status to subscribed and language to en
2021-01-29T00:12:38+00:00 NOTICE action_scheduler.queue_job :: MailChimp_WooCommerce_Single_Order starts in 90 seconds :: obj_id 23141
2021-01-29T00:14:04+00:00 NOTICE debug :: Order ID 23141 was pending and is now processing :: Array
(
    [new_order] => 1
    [tracking] => Array
        (
            [campaign_id] => 
            [landing_site] => https://warmwishesflorist.com/?wc-api=WC_Molpay_Gateway
        )

)

2021-01-29T00:22:05+00:00 NOTICE order.member.updated :: Updated jessielimjiamin@gmail.com subscriber status to subscribed and language to en
2021-01-29T00:22:05+00:00 NOTICE order_submit.success :: addStoreOrder :: #23141 :: email: jessielimjiamin@gmail.com :: landing site https://warmwishesflorist.com/product-category/bloom-box/page/3/ :: abandoned cart deleted [96aa8c6de55a48c602cd3a62fe9c2e4f]
2021-01-29T00:25:39+00:00 NOTICE action_scheduler.queue_job :: MailChimp_WooCommerce_Cart_Update queued :: obj_id 2b93a12851e20ad1f4c8232f1e43c496
2021-01-29T00:25:43+00:00 NOTICE action_scheduler.queue_job :: MailChimp_WooCommerce_Cart_Update queued :: obj_id 2b93a12851e20ad1f4c8232f1e43c496
2021-01-29T00:25:44+00:00 NOTICE abandoned_cart.success :: email: gloria.gg.nwy@gmail.com :: checkout_url: https://warmwishesflorist.com/checkout/?mc_cart_id=2b93a12851e20ad1f4c8232f1e43c496
2021-01-29T00:25:45+00:00 NOTICE cart.member.updated :: Updated gloria.gg.nwy@gmail.com subscriber status to transactional and language to en
2021-01-29T00:25:46+00:00 NOTICE abandoned_cart.success :: email: gloria.gg.nwy@gmail.com :: checkout_url: https://warmwishesflorist.com/checkout/?mc_cart_id=2b93a12851e20ad1f4c8232f1e43c496
2021-01-29T00:27:06+00:00 NOTICE action_scheduler.queue_job :: MailChimp_WooCommerce_Cart_Update queued :: obj_id 2b93a12851e20ad1f4c8232f1e43c496
2021-01-29T00:27:11+00:00 NOTICE abandoned_cart.success :: email: gloria.gg.nwy@gmail.com :: checkout_url: https://warmwishesflorist.com/checkout/?mc_cart_id=2b93a12851e20ad1f4c8232f1e43c496
2021-01-29T01:11:16+00:00 NOTICE action_scheduler.queue_job :: MailChimp_WooCommerce_Single_Product starts in 5 seconds :: obj_id 23116
2021-01-29T01:11:39+00:00 NOTICE action_scheduler.queue_job :: MailChimp_WooCommerce_Single_Product starts in 5 seconds :: obj_id 23138
2021-01-29T01:14:00+00:00 NOTICE product_submit.success :: updateStoreProduct :: #23116
2021-01-29T01:14:01+00:00 NOTICE product_submit.success :: updateStoreProduct :: #23138
2021-01-29T01:20:54+00:00 NOTICE action_scheduler.queue_job :: MailChimp_WooCommerce_Single_Product starts in 5 seconds :: obj_id 23106
2021-01-29T01:21:12+00:00 NOTICE product_submit.success :: updateStoreProduct :: #23106
2021-01-29T01:24:58+00:00 NOTICE action_scheduler.queue_job :: MailChimp_WooCommerce_Single_Product starts in 5 seconds :: obj_id 23059
2021-01-29T01:25:24+00:00 NOTICE product_submit.success :: updateStoreProduct :: #23059
2021-01-29T01:26:54+00:00 NOTICE action_scheduler.queue_job :: MailChimp_WooCommerce_Single_Product starts in 5 seconds :: obj_id 23062
2021-01-29T01:27:32+00:00 NOTICE product_submit.success :: updateStoreProduct :: #23062
2021-01-29T01:30:39+00:00 NOTICE action_scheduler.queue_job :: MailChimp_WooCommerce_Single_Product starts in 5 seconds :: obj_id 23047
2021-01-29T01:31:04+00:00 NOTICE product_submit.success :: updateStoreProduct :: #23047
2021-01-29T01:31:59+00:00 NOTICE action_scheduler.queue_job :: MailChimp_WooCommerce_Single_Product starts in 5 seconds :: obj_id 23042
2021-01-29T01:34:09+00:00 NOTICE product_submit.success :: updateStoreProduct :: #23042
2021-01-29T01:37:31+00:00 NOTICE action_scheduler.queue_job :: MailChimp_WooCommerce_User_Submit queued :: obj_id 11122
2021-01-29T01:38:11+00:00 NOTICE member.sync :: yelena_malakhova_79@bk.ru has signed up to a lot of lists very recently; we're not allowing more signups for now
2021-01-29T01:43:02+00:00 NOTICE action_scheduler.queue_job :: MailChimp_WooCommerce_Single_Product starts in 5 seconds :: obj_id 22973
2021-01-29T01:43:22+00:00 NOTICE product_submit.success :: updateStoreProduct :: #22973
2021-01-29T01:49:48+00:00 NOTICE action_scheduler.queue_job :: MailChimp_WooCommerce_Single_Product starts in 5 seconds :: obj_id 23116
2021-01-29T01:49:56+00:00 NOTICE product_submit.success :: updateStoreProduct :: #23116
2021-01-29T01:57:25+00:00 NOTICE action_scheduler.queue_job :: MailChimp_WooCommerce_Single_Product starts in 5 seconds :: obj_id 23138
2021-01-29T01:57:35+00:00 NOTICE action_scheduler.queue_job :: MailChimp_WooCommerce_Single_Product starts in 5 seconds :: obj_id 23116
2021-01-29T02:00:07+00:00 NOTICE product_submit.success :: updateStoreProduct :: #23138
2021-01-29T02:00:07+00:00 NOTICE product_submit.success :: updateStoreProduct :: #23116
2021-01-29T02:00:11+00:00 NOTICE action_scheduler.queue_job :: MailChimp_WooCommerce_Single_Product starts in 5 seconds :: obj_id 23138
2021-01-29T02:01:05+00:00 NOTICE product_submit.success :: updateStoreProduct :: #23138
2021-01-29T02:26:33+00:00 NOTICE action_scheduler.queue_job :: MailChimp_WooCommerce_Single_Product starts in 5 seconds :: obj_id 23138
2021-01-29T02:27:18+00:00 NOTICE action_scheduler.queue_job :: MailChimp_WooCommerce_Single_Product starts in 5 seconds :: obj_id 23062
2021-01-29T02:27:28+00:00 NOTICE product_submit.success :: updateStoreProduct :: #23138
2021-01-29T02:27:29+00:00 NOTICE product_submit.success :: updateStoreProduct :: #23062
2021-01-29T02:27:50+00:00 NOTICE action_scheduler.queue_job :: MailChimp_WooCommerce_Single_Product starts in 5 seconds :: obj_id 23059
2021-01-29T02:28:32+00:00 NOTICE action_scheduler.queue_job :: MailChimp_WooCommerce_Single_Product starts in 5 seconds :: obj_id 23042
2021-01-29T02:28:34+00:00 NOTICE product_submit.success :: updateStoreProduct :: #23059
2021-01-29T02:28:39+00:00 NOTICE product_submit.success :: updateStoreProduct :: #23042
2021-01-29T03:21:00+00:00 NOTICE action_scheduler.queue_job :: MailChimp_WooCommerce_Single_Product starts in 5 seconds :: obj_id 23157
2021-01-29T03:21:42+00:00 NOTICE product_submit.success :: addStoreProduct :: #23157
2021-01-29T03:22:10+00:00 NOTICE action_scheduler.queue_job :: MailChimp_WooCommerce_Single_Product starts in 5 seconds :: obj_id 23157
2021-01-29T03:22:48+00:00 NOTICE product_submit.success :: updateStoreProduct :: #23157
2021-01-29T03:22:49+00:00 NOTICE action_scheduler.queue_job :: MailChimp_WooCommerce_Single_Product starts in 5 seconds :: obj_id 23157
2021-01-29T03:23:59+00:00 NOTICE product_submit.success :: updateStoreProduct :: #23157
2021-01-29T03:24:08+00:00 NOTICE action_scheduler.queue_job :: MailChimp_WooCommerce_Single_Product starts in 5 seconds :: obj_id 23158
2021-01-29T03:25:03+00:00 NOTICE product_submit.success :: addStoreProduct :: #23158
2021-01-29T03:25:25+00:00 NOTICE action_scheduler.queue_job :: MailChimp_WooCommerce_Single_Product starts in 5 seconds :: obj_id 23024
2021-01-29T03:26:05+00:00 NOTICE product_submit.success :: updateStoreProduct :: #23024
2021-01-29T03:26:37+00:00 NOTICE action_scheduler.queue_job :: MailChimp_WooCommerce_Single_Product starts in 5 seconds :: obj_id 22922
2021-01-29T03:27:31+00:00 NOTICE product_submit.success :: updateStoreProduct :: #22922
2021-01-29T05:35:37+00:00 NOTICE action_scheduler.queue_job :: MailChimp_WooCommerce_Single_Product starts in 5 seconds :: obj_id 23167
2021-01-29T05:36:30+00:00 NOTICE product_submit.success :: addStoreProduct :: #23167
2021-01-29T05:36:42+00:00 NOTICE action_scheduler.queue_job :: MailChimp_WooCommerce_Single_Product starts in 5 seconds :: obj_id 23167
2021-01-29T05:37:34+00:00 NOTICE product_submit.success :: updateStoreProduct :: #23167
2021-01-29T05:37:42+00:00 NOTICE action_scheduler.queue_job :: MailChimp_WooCommerce_Single_Product starts in 5 seconds :: obj_id 23167
2021-01-29T05:38:12+00:00 NOTICE product.delete_fail :: Unable to deleted product 23159
2021-01-29T05:38:44+00:00 NOTICE product_submit.success :: updateStoreProduct :: #23167
2021-01-29T05:41:50+00:00 NOTICE action_scheduler.queue_job :: MailChimp_WooCommerce_Single_Product starts in 5 seconds :: obj_id 23169
2021-01-29T05:42:26+00:00 NOTICE product_submit.success :: addStoreProduct :: #23169
2021-01-29T05:46:48+00:00 NOTICE action_scheduler.queue_job :: MailChimp_WooCommerce_Single_Product starts in 5 seconds :: obj_id 23170
2021-01-29T05:47:12+00:00 NOTICE action_scheduler.queue_job :: MailChimp_WooCommerce_Single_Product starts in 5 seconds :: obj_id 23169
2021-01-29T05:47:39+00:00 NOTICE action_scheduler.queue_job :: MailChimp_WooCommerce_Single_Product starts in 5 seconds :: obj_id 23167
2021-01-29T05:47:51+00:00 NOTICE product_submit.success :: addStoreProduct :: #23170
2021-01-29T05:47:51+00:00 NOTICE product_submit.success :: updateStoreProduct :: #23167
2021-01-29T05:47:52+00:00 NOTICE product_submit.success :: updateStoreProduct :: #23169
2021-01-29T05:49:36+00:00 NOTICE action_scheduler.queue_job :: MailChimp_WooCommerce_Single_Product starts in 5 seconds :: obj_id 23167
2021-01-29T05:51:39+00:00 NOTICE product_submit.success :: updateStoreProduct :: #23167
2021-01-29T06:06:11+00:00 NOTICE action_scheduler.queue_job :: MailChimp_WooCommerce_Single_Product starts in 5 seconds :: obj_id 23177
2021-01-29T06:06:52+00:00 NOTICE product_submit.success :: addStoreProduct :: #23177
2021-01-29T06:06:55+00:00 NOTICE action_scheduler.queue_job :: MailChimp_WooCommerce_Single_Product starts in 5 seconds :: obj_id 23170
2021-01-29T06:07:04+00:00 NOTICE action_scheduler.queue_job :: MailChimp_WooCommerce_Single_Product starts in 5 seconds :: obj_id 23169
2021-01-29T06:07:12+00:00 NOTICE action_scheduler.queue_job :: MailChimp_WooCommerce_Single_Product starts in 5 seconds :: obj_id 23167
2021-01-29T06:07:25+00:00 NOTICE action_scheduler.queue_job :: MailChimp_WooCommerce_Single_Product starts in 5 seconds :: obj_id 23158
2021-01-29T06:07:32+00:00 NOTICE action_scheduler.queue_job :: MailChimp_WooCommerce_Single_Product starts in 5 seconds :: obj_id 23157
2021-01-29T06:07:38+00:00 NOTICE action_scheduler.queue_job :: MailChimp_WooCommerce_Single_Product starts in 5 seconds :: obj_id 23138
2021-01-29T06:07:43+00:00 NOTICE action_scheduler.queue_job :: MailChimp_WooCommerce_Single_Product starts in 5 seconds :: obj_id 23116
2021-01-29T06:08:07+00:00 NOTICE product_submit.success :: updateStoreProduct :: #23170
2021-01-29T06:08:07+00:00 NOTICE product_submit.success :: updateStoreProduct :: #23138
2021-01-29T06:08:08+00:00 NOTICE product_submit.success :: updateStoreProduct :: #23169
2021-01-29T06:08:09+00:00 NOTICE product_submit.success :: updateStoreProduct :: #23116
2021-01-29T06:08:09+00:00 NOTICE product_submit.success :: updateStoreProduct :: #23167
2021-01-29T06:08:10+00:00 NOTICE product_submit.success :: updateStoreProduct :: #23158
2021-01-29T06:08:11+00:00 NOTICE product_submit.success :: updateStoreProduct :: #23157
2021-01-29T06:10:13+00:00 NOTICE action_scheduler.queue_job :: MailChimp_WooCommerce_Single_Product starts in 5 seconds :: obj_id 23042
2021-01-29T06:11:19+00:00 NOTICE product_submit.success :: updateStoreProduct :: #23042
2021-01-29T06:36:32+00:00 NOTICE action_scheduler.queue_job :: MailChimp_WooCommerce_Single_Order starts in 90 seconds :: obj_id 23141
2021-01-29T06:36:33+00:00 NOTICE debug :: Order ID 23141 was processing and is now completed :: Array
(
    [new_order] => 
    [tracking] => 
)

2021-01-29T06:36:45+00:00 NOTICE action_scheduler.queue_job :: MailChimp_WooCommerce_Single_Product starts in 5 seconds :: obj_id 23178
2021-01-29T06:37:15+00:00 NOTICE product_submit.success :: addStoreProduct :: #23178
2021-01-29T06:37:28+00:00 NOTICE action_scheduler.queue_job :: MailChimp_WooCommerce_Single_Product starts in 5 seconds :: obj_id 23178
2021-01-29T06:38:55+00:00 NOTICE product_submit.success :: updateStoreProduct :: #23178
2021-01-29T06:38:58+00:00 NOTICE order.member.updated :: Updated jessielimjiamin@gmail.com subscriber status to subscribed and language to 
2021-01-29T06:38:58+00:00 NOTICE order_submit.success :: updateStoreOrder :: #23141 :: email: jessielimjiamin@gmail.com
2021-01-29T06:46:26+00:00 NOTICE action_scheduler.queue_job :: MailChimp_WooCommerce_Single_Product starts in 5 seconds :: obj_id 23185
2021-01-29T06:47:03+00:00 NOTICE product.deleted :: deleted product 22969
2021-01-29T06:47:30+00:00 NOTICE product_submit.success :: addStoreProduct :: #23185
2021-01-29T06:48:10+00:00 NOTICE action_scheduler.queue_job :: MailChimp_WooCommerce_Single_Product starts in 5 seconds :: obj_id 23186
2021-01-29T06:48:31+00:00 NOTICE product_submit.success :: addStoreProduct :: #23186
2021-01-29T06:48:44+00:00 NOTICE product.deleted :: deleted product 22965
2021-01-29T06:49:29+00:00 NOTICE action_scheduler.queue_job :: MailChimp_WooCommerce_Single_Product starts in 5 seconds :: obj_id 23187
2021-01-29T06:50:22+00:00 NOTICE product.deleted :: deleted product 22962
2021-01-29T06:50:52+00:00 NOTICE product_submit.success :: addStoreProduct :: #23187
2021-01-29T07:03:44+00:00 NOTICE action_scheduler.queue_job :: MailChimp_WooCommerce_Single_Product starts in 5 seconds :: obj_id 23188
2021-01-29T07:04:18+00:00 NOTICE product_submit.success :: addStoreProduct :: #23188
2021-01-29T07:04:42+00:00 NOTICE action_scheduler.queue_job :: MailChimp_WooCommerce_Single_Product starts in 5 seconds :: obj_id 23191
2021-01-29T07:05:13+00:00 NOTICE product.deleted :: deleted product 22914
2021-01-29T07:05:21+00:00 NOTICE product_submit.success :: addStoreProduct :: #23191
2021-01-29T07:06:17+00:00 NOTICE product.deleted :: deleted product 22702
2021-01-29T07:13:47+00:00 NOTICE product.deleted :: deleted product 22856
2021-01-29T07:14:06+00:00 NOTICE product.delete_fail :: Unable to deleted product 23193
2021-01-29T07:17:48+00:00 NOTICE action_scheduler.queue_job :: MailChimp_WooCommerce_Single_Product starts in 5 seconds :: obj_id 23194
2021-01-29T07:19:18+00:00 NOTICE action_scheduler.queue_job :: MailChimp_WooCommerce_Single_Product starts in 5 seconds :: obj_id 23199
2021-01-29T07:19:25+00:00 NOTICE product_submit.success :: addStoreProduct :: #23194
2021-01-29T07:19:25+00:00 NOTICE product_submit.success :: addStoreProduct :: #23199
2021-01-29T07:19:34+00:00 NOTICE product.deleted :: deleted product 23191
2021-01-29T07:45:05+00:00 NOTICE action_scheduler.queue_job :: MailChimp_WooCommerce_Single_Product starts in 5 seconds :: obj_id 23138
2021-01-29T07:48:30+00:00 NOTICE product_submit.success :: updateStoreProduct :: #23138
2021-01-29T08:40:29+00:00 NOTICE action_scheduler.queue_job :: MailChimp_WooCommerce_User_Submit queued :: obj_id 11123
2021-01-29T08:47:52+00:00 NOTICE member.sync :: Subscribed Member germanheroes@gazeta.pl :: Array
(
    [status_if_new] => 1
    [merge_fields] => Array
        (
        )

)

2021-01-29T08:57:24+00:00 NOTICE product.deleted :: deleted product 12121
2021-01-29T08:58:22+00:00 NOTICE action_scheduler.queue_job :: MailChimp_WooCommerce_Single_Product starts in 5 seconds :: obj_id 23202
2021-01-29T08:59:20+00:00 NOTICE product_submit.success :: addStoreProduct :: #23202
2021-01-29T09:02:17+00:00 NOTICE action_scheduler.queue_job :: MailChimp_WooCommerce_Cart_Update queued :: obj_id 912b34db5583540c9ad6c74dbcbe188f
2021-01-29T09:02:19+00:00 NOTICE abandoned_cart.success :: email: nelson.wong.my@statron.com :: checkout_url: https://warmwishesflorist.com/checkout/?mc_cart_id=912b34db5583540c9ad6c74dbcbe188f
2021-01-29T09:02:20+00:00 NOTICE cart.member.updated :: Updated nelson.wong.my@statron.com subscriber status to transactional and language to en
2021-01-29T09:04:37+00:00 NOTICE action_scheduler.queue_job :: MailChimp_WooCommerce_Cart_Update queued :: obj_id 912b34db5583540c9ad6c74dbcbe188f
2021-01-29T09:04:40+00:00 NOTICE abandoned_cart.success :: email: nelson.wong.my@statron.com :: checkout_url: https://warmwishesflorist.com/checkout/?mc_cart_id=912b34db5583540c9ad6c74dbcbe188f
2021-01-29T09:05:05+00:00 NOTICE ac.cart_swap :: Deleted cart [nelson.wong.my@statron.com] :: ID [912b34db5583540c9ad6c74dbcbe188f]
2021-01-29T09:05:06+00:00 NOTICE action_scheduler.queue_job :: MailChimp_WooCommerce_Cart_Update queued :: obj_id 6cde84dbc4aa4568f094235888023c98
2021-01-29T09:06:34+00:00 NOTICE abandoned_cart.success :: email: nelson.wongts@gmail.com :: checkout_url: https://warmwishesflorist.com/checkout/?mc_cart_id=6cde84dbc4aa4568f094235888023c98
2021-01-29T09:06:35+00:00 NOTICE cart.member.updated :: Updated nelson.wongts@gmail.com subscriber status to transactional and language to en
2021-01-29T09:10:19+00:00 NOTICE action_scheduler.queue_job :: MailChimp_WooCommerce_Single_Order starts in 90 seconds :: obj_id 23203
2021-01-29T09:12:44+00:00 NOTICE debug :: Order ID 23203 was pending and is now processing :: Array
(
    [new_order] => 1
    [tracking] => Array
        (
            [campaign_id] => 
            [landing_site] => https://warmwishesflorist.com/?wc-api=WC_Molpay_Gateway
        )

)

2021-01-29T09:16:19+00:00 NOTICE order.member.updated :: Updated nelson.wongts@gmail.com subscriber status to transactional and language to en
2021-01-29T09:16:19+00:00 NOTICE order_submit.success :: addStoreOrder :: #23203 :: email: nelson.wongts@gmail.com :: landing site https://warmwishesflorist.com/ :: abandoned cart deleted [6cde84dbc4aa4568f094235888023c98]
2021-01-29T09:22:10+00:00 NOTICE product.deleted :: deleted product 7085
2021-01-29T09:24:58+00:00 NOTICE action_scheduler.queue_job :: MailChimp_WooCommerce_Single_Product starts in 5 seconds :: obj_id 23205
2021-01-29T09:25:08+00:00 NOTICE product_submit.success :: addStoreProduct :: #23205
2021-01-29T09:27:04+00:00 NOTICE product.delete_fail :: Unable to deleted product 23204
2021-01-29T09:32:46+00:00 NOTICE action_scheduler.queue_job :: MailChimp_WooCommerce_SingleCoupon queued :: obj_id 23206
2021-01-29T09:32:49+00:00 NOTICE promo_code_submit.success :: #23206 :: code: vday2021
2021-01-29T14:15:03+00:00 NOTICE action_scheduler.queue_job :: MailChimp_WooCommerce_Single_Order starts in 90 seconds :: obj_id 23203
2021-01-29T14:15:05+00:00 NOTICE debug :: Order ID 23203 was processing and is now completed :: Array
(
    [new_order] => 
    [tracking] => 
)

2021-01-29T14:16:55+00:00 NOTICE order.member.updated :: Updated nelson.wongts@gmail.com subscriber status to transactional and language to 
2021-01-29T14:16:55+00:00 NOTICE order_submit.success :: updateStoreOrder :: #23203 :: email: nelson.wongts@gmail.com
2021-01-29T16:38:01+00:00 NOTICE action_scheduler.queue_job :: MailChimp_WooCommerce_User_Submit queued :: obj_id 11125
2021-01-29T17:01:10+00:00 NOTICE member.sync :: Subscribed Member amirmazutov93@gmail.com :: Array
(
    [status_if_new] => 1
    [merge_fields] => Array
        (
        )

)

2021-01-29T17:25:49+00:00 NOTICE action_scheduler.queue_job :: MailChimp_WooCommerce_Cart_Update queued :: obj_id 1b3a4e15421fcf7a9f86f59a62ee6336
2021-01-29T17:25:51+00:00 NOTICE abandoned_cart.success :: email: chinmin_teoh@yahoo.com :: checkout_url: https://warmwishesflorist.com/checkout/?mc_cart_id=1b3a4e15421fcf7a9f86f59a62ee6336
2021-01-29T17:25:52+00:00 NOTICE cart.member.updated :: Updated chinmin_teoh@yahoo.com subscriber status to transactional and language to en
2021-01-29T17:26:52+00:00 NOTICE action_scheduler.queue_job :: MailChimp_WooCommerce_Cart_Update queued :: obj_id 1b3a4e15421fcf7a9f86f59a62ee6336
2021-01-29T17:26:55+00:00 NOTICE abandoned_cart.success :: email: chinmin_teoh@yahoo.com :: checkout_url: https://warmwishesflorist.com/checkout/?mc_cart_id=1b3a4e15421fcf7a9f86f59a62ee6336
2021-01-29T17:28:06+00:00 NOTICE action_scheduler.queue_job :: MailChimp_WooCommerce_Cart_Update queued :: obj_id 1b3a4e15421fcf7a9f86f59a62ee6336
2021-01-29T17:28:13+00:00 NOTICE abandoned_cart.success :: email: chinmin_teoh@yahoo.com :: checkout_url: https://warmwishesflorist.com/checkout/?mc_cart_id=1b3a4e15421fcf7a9f86f59a62ee6336
