2021-01-25T01:45:44+00:00 NOTICE action_scheduler.queue_job :: MailChimp_WooCommerce_User_Submit queued :: obj_id 11095
2021-01-25T01:47:05+00:00 NOTICE member.sync :: Subscribed Member as.k.i.a.t.e.a.m@gmail.com :: Array
(
    [status_if_new] => 1
    [merge_fields] => Array
        (
        )

)

2021-01-25T05:17:45+00:00 NOTICE action_scheduler.queue_job :: MailChimp_WooCommerce_Cart_Update queued :: obj_id c319493f420c7cb9a96b2a11c81c8da4
2021-01-25T05:17:47+00:00 NOTICE abandoned_cart.success :: email: cng26@alumni.jh.edu :: checkout_url: https://warmwishesflorist.com/checkout/?mc_cart_id=c319493f420c7cb9a96b2a11c81c8da4
2021-01-25T05:17:48+00:00 NOTICE cart.member.updated :: Updated cng26@alumni.jh.edu subscriber status to subscribed and language to en
2021-01-25T05:18:11+00:00 NOTICE ac.cart_swap :: Deleted cart [cng26@alumni.jh.edu] :: ID [c319493f420c7cb9a96b2a11c81c8da4]
2021-01-25T05:18:12+00:00 NOTICE action_scheduler.queue_job :: MailChimp_WooCommerce_Cart_Update queued :: obj_id c9c95fe4bae40764547be9184d7a05ea
2021-01-25T05:18:52+00:00 NOTICE action_scheduler.queue_job :: MailChimp_WooCommerce_User_Submit queued :: obj_id 9648
2021-01-25T05:22:47+00:00 NOTICE action_scheduler.queue_job :: MailChimp_WooCommerce_Cart_Update queued :: obj_id 2aa4e9a291e344ef0dddf1e3a1d742db
2021-01-25T05:22:49+00:00 NOTICE abandoned_cart.success :: email: charlesncc@jhu.edu :: checkout_url: https://warmwishesflorist.com/checkout/?mc_cart_id=c9c95fe4bae40764547be9184d7a05ea
2021-01-25T05:22:50+00:00 NOTICE cart.member.updated :: Updated charlesncc@jhu.edu subscriber status to transactional and language to en
2021-01-25T05:22:52+00:00 NOTICE member.sync :: Updated Member shadespike@gmail.com ( merge fields only ) :: Array
(
    [merge_fields] => Array
        (
            [FNAME] => Charles
            [LNAME] => Ng
        )

)

2021-01-25T05:22:53+00:00 NOTICE abandoned_cart.success :: email: shadespike@gmail.com :: checkout_url: https://warmwishesflorist.com/checkout/?mc_cart_id=2aa4e9a291e344ef0dddf1e3a1d742db
2021-01-25T05:22:53+00:00 NOTICE cart.member.updated :: Updated shadespike@gmail.com subscriber status to subscribed and language to en
2021-01-25T05:22:54+00:00 NOTICE action_scheduler.queue_job :: MailChimp_WooCommerce_Cart_Update queued :: obj_id 2aa4e9a291e344ef0dddf1e3a1d742db
2021-01-25T05:23:00+00:00 NOTICE abandoned_cart.success :: email: shadespike@gmail.com :: checkout_url: https://warmwishesflorist.com/checkout/?mc_cart_id=2aa4e9a291e344ef0dddf1e3a1d742db
2021-01-25T05:26:33+00:00 NOTICE action_scheduler.queue_job :: MailChimp_WooCommerce_Cart_Update queued :: obj_id 2aa4e9a291e344ef0dddf1e3a1d742db
2021-01-25T05:26:36+00:00 NOTICE abandoned_cart.success :: email: shadespike@gmail.com :: checkout_url: https://warmwishesflorist.com/checkout/?mc_cart_id=2aa4e9a291e344ef0dddf1e3a1d742db
2021-01-25T05:34:48+00:00 NOTICE action_scheduler.queue_job :: MailChimp_WooCommerce_Cart_Update queued :: obj_id 2aa4e9a291e344ef0dddf1e3a1d742db
2021-01-25T05:34:50+00:00 NOTICE abandoned_cart.success :: email: shadespike@gmail.com :: checkout_url: https://warmwishesflorist.com/checkout/?mc_cart_id=2aa4e9a291e344ef0dddf1e3a1d742db
2021-01-25T05:34:51+00:00 NOTICE action_scheduler.queue_job :: MailChimp_WooCommerce_Cart_Update queued :: obj_id 2aa4e9a291e344ef0dddf1e3a1d742db
2021-01-25T05:34:57+00:00 NOTICE abandoned_cart.success :: email: shadespike@gmail.com :: checkout_url: https://warmwishesflorist.com/checkout/?mc_cart_id=2aa4e9a291e344ef0dddf1e3a1d742db
2021-01-25T05:35:06+00:00 NOTICE ac.cart_swap :: Deleted cart [shadespike@gmail.com] :: ID [2aa4e9a291e344ef0dddf1e3a1d742db]
2021-01-25T05:35:07+00:00 NOTICE action_scheduler.queue_job :: MailChimp_WooCommerce_Cart_Update queued :: obj_id c9c95fe4bae40764547be9184d7a05ea
2021-01-25T05:36:02+00:00 NOTICE abandoned_cart.success :: email: charlesncc@jhu.edu :: checkout_url: https://warmwishesflorist.com/checkout/?mc_cart_id=c9c95fe4bae40764547be9184d7a05ea
2021-01-25T05:41:58+00:00 NOTICE action_scheduler.queue_job :: MailChimp_WooCommerce_Cart_Update queued :: obj_id e9d555c2a184ec1876694442f63dafe2
2021-01-25T05:42:05+00:00 NOTICE abandoned_cart.success :: email: jaycee.lzc@gmail.com :: checkout_url: https://warmwishesflorist.com/checkout/?mc_cart_id=e9d555c2a184ec1876694442f63dafe2
2021-01-25T05:42:06+00:00 NOTICE cart.member.updated :: Updated jaycee.lzc@gmail.com subscriber status to subscribed and language to en
2021-01-25T05:42:18+00:00 NOTICE action_scheduler.queue_job :: MailChimp_WooCommerce_Cart_Update queued :: obj_id e9d555c2a184ec1876694442f63dafe2
2021-01-25T05:45:34+00:00 NOTICE abandoned_cart.success :: email: jaycee.lzc@gmail.com :: checkout_url: https://warmwishesflorist.com/checkout/?mc_cart_id=e9d555c2a184ec1876694442f63dafe2
2021-01-25T05:46:45+00:00 NOTICE action_scheduler.queue_job :: MailChimp_WooCommerce_Single_Order starts in 90 seconds :: obj_id 23070
2021-01-25T05:47:50+00:00 NOTICE action_scheduler.queue_job :: MailChimp_WooCommerce_Single_Order starts in 90 seconds :: obj_id 23071
2021-01-25T05:48:33+00:00 NOTICE debug :: Order ID 23070 was pending and is now processing :: Array
(
    [new_order] => 1
    [tracking] => Array
        (
            [campaign_id] => 
            [landing_site] => https://warmwishesflorist.com/?wc-api=WC_Molpay_Gateway
        )

)

2021-01-25T05:51:23+00:00 NOTICE order_sumbit :: #23071 has a financial status of pending and was skipped.
2021-01-25T05:51:28+00:00 NOTICE order.member.updated :: Updated jaycee.lzc@gmail.com subscriber status to subscribed and language to en
2021-01-25T05:51:28+00:00 NOTICE order_submit.success :: addStoreOrder :: #23070 :: email: jaycee.lzc@gmail.com :: landing site https://warmwishesflorist.com/ :: abandoned cart deleted [e9d555c2a184ec1876694442f63dafe2]
2021-01-25T05:53:18+00:00 NOTICE action_scheduler.queue_job :: MailChimp_WooCommerce_Single_Order starts in 90 seconds :: obj_id 23071
2021-01-25T05:53:19+00:00 NOTICE debug :: Order ID 23071 was pending and is now processing :: Array
(
    [new_order] => 1
    [tracking] => Array
        (
            [campaign_id] => 
            [landing_site] => https://warmwishesflorist.com/?wc-api=WC_Molpay_Gateway
        )

)

2021-01-25T06:01:09+00:00 NOTICE order.member.updated :: Updated charlesncc@jhu.edu subscriber status to transactional and language to 
2021-01-25T06:01:09+00:00 NOTICE order_submit.success :: addStoreOrder :: #23071 :: email: charlesncc@jhu.edu :: landing site https://warmwishesflorist.com/?wc-api=WC_Molpay_Gateway :: abandoned cart deleted [c9c95fe4bae40764547be9184d7a05ea]
2021-01-25T06:39:34+00:00 NOTICE action_scheduler.queue_job :: MailChimp_WooCommerce_Single_Order starts in 90 seconds :: obj_id 23069
2021-01-25T06:39:35+00:00 NOTICE debug :: Order ID 23069 was processing and is now completed :: Array
(
    [new_order] => 
    [tracking] => 
)

2021-01-25T06:42:45+00:00 NOTICE order.member.updated :: Updated weehengwh@gmail.com subscriber status to transactional and language to 
2021-01-25T06:42:45+00:00 NOTICE order_submit.success :: updateStoreOrder :: #23069 :: email: weehengwh@gmail.com
2021-01-25T07:21:06+00:00 NOTICE action_scheduler.queue_job :: MailChimp_WooCommerce_Cart_Update queued :: obj_id 1488342788eadabf3a9cea4db9a7e401
2021-01-25T07:21:54+00:00 NOTICE abandoned_cart.success :: email: joegan1231@gmail.com :: checkout_url: https://warmwishesflorist.com/checkout/?mc_cart_id=1488342788eadabf3a9cea4db9a7e401
2021-01-25T07:21:55+00:00 NOTICE cart.member.updated :: Updated joegan1231@gmail.com subscriber status to transactional and language to en
2021-01-25T07:25:29+00:00 NOTICE action_scheduler.queue_job :: MailChimp_WooCommerce_Single_Order starts in 90 seconds :: obj_id 23072
2021-01-25T07:28:10+00:00 NOTICE action_scheduler.queue_job :: MailChimp_WooCommerce_User_Submit queued :: obj_id 9922
2021-01-25T07:29:23+00:00 NOTICE debug :: Order ID 23072 was pending and is now processing :: Array
(
    [new_order] => 1
    [tracking] => Array
        (
            [campaign_id] => 
            [landing_site] => https://warmwishesflorist.com/?wc-ajax=get_refreshed_fragments
        )

)

2021-01-25T07:30:39+00:00 NOTICE member.sync :: Updated Member joegan1231@gmail.com :: Array
(
    [previous_status] => transactional
    [status] => 1
    [merge_fields] => Array
        (
            [FNAME] => Joe
            [LNAME] => Gan
        )

)

2021-01-25T07:31:07+00:00 NOTICE order.member.updated :: Updated joegan1231@gmail.com subscriber status to subscribed and language to en
2021-01-25T07:31:07+00:00 NOTICE order_submit.success :: addStoreOrder :: #23072 :: email: joegan1231@gmail.com :: landing site https://warmwishesflorist.com/?wc-ajax=get_refreshed_fragments :: abandoned cart deleted [1488342788eadabf3a9cea4db9a7e401]
2021-01-25T07:42:17+00:00 NOTICE action_scheduler.queue_job :: MailChimp_WooCommerce_Cart_Update queued :: obj_id 4c02643da1a1735788e1b8fc10be75ab
2021-01-25T07:42:21+00:00 NOTICE abandoned_cart.success :: email: pureless98@hotmail.com :: checkout_url: https://warmwishesflorist.com/checkout/?mc_cart_id=4c02643da1a1735788e1b8fc10be75ab
2021-01-25T07:42:22+00:00 NOTICE cart.member.updated :: Updated pureless98@hotmail.com subscriber status to transactional and language to en
2021-01-25T07:57:14+00:00 NOTICE action_scheduler.queue_job :: MailChimp_WooCommerce_Cart_Update queued :: obj_id 4c02643da1a1735788e1b8fc10be75ab
2021-01-25T07:57:16+00:00 NOTICE action_scheduler.queue_job :: MailChimp_WooCommerce_Single_Order starts in 90 seconds :: obj_id 23073
2021-01-25T07:58:36+00:00 NOTICE abandoned_cart.success :: email: pureless98@hotmail.com :: checkout_url: https://warmwishesflorist.com/checkout/?mc_cart_id=4c02643da1a1735788e1b8fc10be75ab
2021-01-25T07:58:45+00:00 NOTICE debug :: Order ID 23073 was pending and is now processing :: Array
(
    [new_order] => 1
    [tracking] => Array
        (
            [campaign_id] => 
            [landing_site] => https://warmwishesflorist.com/?wc-ajax=get_refreshed_fragments
        )

)

2021-01-25T08:01:02+00:00 NOTICE order.member.updated :: Updated pureless98@hotmail.com subscriber status to transactional and language to en
2021-01-25T08:01:02+00:00 NOTICE order_submit.success :: addStoreOrder :: #23073 :: email: pureless98@hotmail.com :: landing site https://warmwishesflorist.com/?wc-ajax=get_refreshed_fragments :: abandoned cart deleted [4c02643da1a1735788e1b8fc10be75ab]
2021-01-25T09:24:30+00:00 NOTICE action_scheduler.queue_job :: MailChimp_WooCommerce_Single_Order starts in 90 seconds :: obj_id 23074
2021-01-25T09:25:57+00:00 NOTICE debug :: Order ID 23074 was pending and is now processing :: Array
(
    [new_order] => 1
    [tracking] => Array
        (
            [campaign_id] => 
            [landing_site] => https://warmwishesflorist.com/?wc-api=WC_Molpay_Gateway
        )

)

2021-01-25T09:31:08+00:00 NOTICE order.member.updated :: Updated ruy_mun@hotmail.com subscriber status to subscribed and language to en
2021-01-25T09:31:08+00:00 NOTICE order_submit.success :: addStoreOrder :: #23074 :: email: ruy_mun@hotmail.com :: landing site https://warmwishesflorist.com/ :: abandoned cart deleted [a6b17277289d6f584402ca8372b3433a]
2021-01-25T15:25:11+00:00 NOTICE action_scheduler.queue_job :: MailChimp_WooCommerce_Cart_Update queued :: obj_id 4511f29af74cff82d13483a89452ed2e
2021-01-25T15:26:06+00:00 NOTICE abandoned_cart.success :: email: chadhoang95@gmail.com :: checkout_url: https://warmwishesflorist.com/checkout/?mc_cart_id=4511f29af74cff82d13483a89452ed2e
2021-01-25T15:26:07+00:00 NOTICE cart.member.updated :: Updated chadhoang95@gmail.com subscriber status to transactional and language to en
2021-01-25T15:26:53+00:00 NOTICE action_scheduler.queue_job :: MailChimp_WooCommerce_Cart_Update queued :: obj_id 4511f29af74cff82d13483a89452ed2e
2021-01-25T15:27:13+00:00 NOTICE abandoned_cart.success :: email: chadhoang95@gmail.com :: checkout_url: https://warmwishesflorist.com/checkout/?mc_cart_id=4511f29af74cff82d13483a89452ed2e
2021-01-25T15:31:11+00:00 NOTICE action_scheduler.queue_job :: MailChimp_WooCommerce_Single_Order starts in 90 seconds :: obj_id 23073
2021-01-25T15:31:12+00:00 NOTICE debug :: Order ID 23073 was processing and is now completed :: Array
(
    [new_order] => 
    [tracking] => 
)

2021-01-25T15:31:19+00:00 NOTICE action_scheduler.queue_job :: MailChimp_WooCommerce_Single_Order starts in 90 seconds :: obj_id 23072
2021-01-25T15:31:20+00:00 NOTICE debug :: Order ID 23072 was processing and is now completed :: Array
(
    [new_order] => 
    [tracking] => 
)

2021-01-25T15:32:10+00:00 NOTICE action_scheduler.queue_job :: MailChimp_WooCommerce_Single_Order starts in 90 seconds :: obj_id 23074
2021-01-25T15:32:11+00:00 NOTICE debug :: Order ID 23074 was processing and is now completed :: Array
(
    [new_order] => 
    [tracking] => 
)

2021-01-25T15:33:03+00:00 NOTICE order.member.updated :: Updated pureless98@hotmail.com subscriber status to transactional and language to 
2021-01-25T15:33:03+00:00 NOTICE order_submit.success :: updateStoreOrder :: #23073 :: email: pureless98@hotmail.com
2021-01-25T15:33:07+00:00 NOTICE order.member.updated :: Updated joegan1231@gmail.com subscriber status to subscribed and language to 
2021-01-25T15:33:07+00:00 NOTICE order_submit.success :: updateStoreOrder :: #23072 :: email: joegan1231@gmail.com
2021-01-25T15:34:18+00:00 NOTICE order.member.updated :: Updated ruy_mun@hotmail.com subscriber status to subscribed and language to 
2021-01-25T15:34:18+00:00 NOTICE order_submit.success :: updateStoreOrder :: #23074 :: email: ruy_mun@hotmail.com
2021-01-25T15:37:22+00:00 NOTICE action_scheduler.queue_job :: MailChimp_WooCommerce_Single_Order starts in 90 seconds :: obj_id 23075
2021-01-25T15:39:10+00:00 NOTICE debug :: Order ID 23075 was pending and is now processing :: Array
(
    [new_order] => 1
    [tracking] => Array
        (
            [campaign_id] => 
            [landing_site] => https://warmwishesflorist.com/?wc-api=WC_Molpay_Gateway
        )

)

2021-01-25T15:40:48+00:00 NOTICE order.member.updated :: Updated chadhoang95@gmail.com subscriber status to transactional and language to en
2021-01-25T15:40:48+00:00 NOTICE order_submit.success :: addStoreOrder :: #23075 :: email: chadhoang95@gmail.com :: landing site https://warmwishesflorist.com/ :: abandoned cart deleted [4511f29af74cff82d13483a89452ed2e]
2021-01-25T15:44:52+00:00 NOTICE action_scheduler.queue_job :: MailChimp_WooCommerce_Single_Order starts in 90 seconds :: obj_id 23068
2021-01-25T15:44:53+00:00 NOTICE debug :: Order ID 23068 was processing and is now completed :: Array
(
    [new_order] => 
    [tracking] => 
)

2021-01-25T15:45:05+00:00 NOTICE action_scheduler.queue_job :: MailChimp_WooCommerce_Single_Order starts in 90 seconds :: obj_id 23066
2021-01-25T15:45:06+00:00 NOTICE debug :: Order ID 23066 was processing and is now completed :: Array
(
    [new_order] => 
    [tracking] => 
)

2021-01-25T15:47:30+00:00 NOTICE order.member.updated :: Updated huxleygohky@gmail.com subscriber status to transactional and language to 
2021-01-25T15:47:30+00:00 NOTICE order_submit.success :: updateStoreOrder :: #23068 :: email: huxleygohky@gmail.com
2021-01-25T15:47:34+00:00 NOTICE order.member.updated :: Updated sutkoochan@gmail.com subscriber status to transactional and language to 
2021-01-25T15:47:34+00:00 NOTICE order_submit.success :: updateStoreOrder :: #23066 :: email: sutkoochan@gmail.com
2021-01-25T15:48:46+00:00 NOTICE action_scheduler.queue_job :: MailChimp_WooCommerce_Single_Order starts in 90 seconds :: obj_id 23070
2021-01-25T15:48:47+00:00 NOTICE debug :: Order ID 23070 was processing and is now completed :: Array
(
    [new_order] => 
    [tracking] => 
)

2021-01-25T15:51:49+00:00 NOTICE order.member.updated :: Updated jaycee.lzc@gmail.com subscriber status to subscribed and language to 
2021-01-25T15:51:49+00:00 NOTICE order_submit.success :: updateStoreOrder :: #23070 :: email: jaycee.lzc@gmail.com
2021-01-25T15:55:46+00:00 NOTICE action_scheduler.queue_job :: MailChimp_WooCommerce_Single_Order starts in 90 seconds :: obj_id 23075
2021-01-25T15:55:47+00:00 NOTICE debug :: Order ID 23075 was processing and is now completed :: Array
(
    [new_order] => 
    [tracking] => 
)

2021-01-25T15:57:40+00:00 NOTICE order.member.updated :: Updated chadhoang95@gmail.com subscriber status to transactional and language to 
2021-01-25T15:57:40+00:00 NOTICE order_submit.success :: updateStoreOrder :: #23075 :: email: chadhoang95@gmail.com
2021-01-25T17:23:28+00:00 NOTICE action_scheduler.queue_job :: MailChimp_WooCommerce_Cart_Update queued :: obj_id 3436852f54002ef9632346cfb48bd3ea
2021-01-25T17:23:31+00:00 NOTICE abandoned_cart.success :: email: sianmarielow@gmail.com :: checkout_url: https://warmwishesflorist.com/checkout/?mc_cart_id=3436852f54002ef9632346cfb48bd3ea
2021-01-25T17:23:32+00:00 NOTICE cart.member.updated :: Updated sianmarielow@gmail.com subscriber status to transactional and language to en
2021-01-25T17:49:46+00:00 NOTICE action_scheduler.queue_job :: MailChimp_WooCommerce_Cart_Update queued :: obj_id 3436852f54002ef9632346cfb48bd3ea
2021-01-25T17:49:49+00:00 NOTICE abandoned_cart.success :: email: sianmarielow@gmail.com :: checkout_url: https://warmwishesflorist.com/checkout/?mc_cart_id=3436852f54002ef9632346cfb48bd3ea
2021-01-25T18:53:22+00:00 NOTICE action_scheduler.queue_job :: MailChimp_WooCommerce_Single_Order starts in 90 seconds :: obj_id 23076
2021-01-25T18:54:38+00:00 NOTICE debug :: Order ID 23076 was pending and is now processing :: Array
(
    [new_order] => 1
    [tracking] => Array
        (
            [campaign_id] => 
            [landing_site] => https://warmwishesflorist.com/
        )

)

2021-01-25T18:59:41+00:00 NOTICE order.member.updated :: Updated sianmarielow@gmail.com subscriber status to transactional and language to en
2021-01-25T18:59:41+00:00 NOTICE order_submit.success :: addStoreOrder :: #23076 :: email: sianmarielow@gmail.com :: landing site https://warmwishesflorist.com/ :: abandoned cart deleted [3436852f54002ef9632346cfb48bd3ea]
2021-01-25T22:10:07+00:00 NOTICE action_scheduler.queue_job :: MailChimp_WooCommerce_User_Submit queued :: obj_id 11100
2021-01-25T22:31:05+00:00 NOTICE member.sync :: Updated Member fedorkapo4@mail.ru ( merge fields only ) :: Array
(
    [merge_fields] => Array
        (
        )

)

2021-01-25T22:47:38+00:00 NOTICE action_scheduler.queue_job :: MailChimp_WooCommerce_User_Submit queued :: obj_id 11101
2021-01-25T23:01:06+00:00 NOTICE member.sync :: nens.dudkina@mail.ru has signed up to a lot of lists very recently; we're not allowing more signups for now
