2021-08-06T03:56:40+00:00 NOTICE action_scheduler.queue_job :: MailChimp_WooCommerce_User_Submit queued :: obj_id 15342
2021-08-06T03:56:45+00:00 NOTICE member.sync :: Subscribed Member sergeymorelov@gmail.com :: Array
(
    [status_if_new] => 1
    [merge_fields] => Array
        (
        )

)

2021-08-06T06:13:24+00:00 NOTICE action_scheduler.queue_job :: MailChimp_WooCommerce_User_Submit queued :: obj_id 15343
2021-08-06T06:14:49+00:00 NOTICE member.sync :: zackaryaeva@yandex.ru has signed up to a lot of lists very recently; we're not allowing more signups for now
2021-08-06T07:36:03+00:00 NOTICE action_scheduler.queue_job :: MailChimp_WooCommerce_User_Submit queued :: obj_id 15344
2021-08-06T07:37:25+00:00 NOTICE member.sync :: l.uk.i.no.vi.ch.2.02.0.13@gmail.com has signed up to a lot of lists very recently; we're not allowing more signups for now
2021-08-06T14:49:59+00:00 NOTICE action_scheduler.queue_job :: MailChimp_WooCommerce_User_Submit queued :: obj_id 15345
2021-08-06T14:50:53+00:00 NOTICE member.sync :: josphinekreinberg@autorambler.ru has signed up to a lot of lists very recently; we're not allowing more signups for now
2021-08-06T16:53:51+00:00 NOTICE action_scheduler.queue_job :: MailChimp_WooCommerce_User_Submit queued :: obj_id 15346
2021-08-06T17:01:18+00:00 NOTICE member.sync :: sabina.gladkova.13.5.1987@mail.ru has signed up to a lot of lists very recently; we're not allowing more signups for now
2021-08-06T20:11:50+00:00 NOTICE action_scheduler.queue_job :: MailChimp_WooCommerce_User_Submit queued :: obj_id 15347
2021-08-06T20:14:15+00:00 NOTICE member.sync :: stasys71rackauskas@gmail.com has signed up to a lot of lists very recently; we're not allowing more signups for now
2021-08-06T23:15:15+00:00 NOTICE action_scheduler.queue_job :: MailChimp_WooCommerce_User_Submit queued :: obj_id 15348
2021-08-06T23:15:18+00:00 NOTICE action_scheduler.queue_job :: MailChimp_WooCommerce_User_Submit queued :: obj_id 15349
2021-08-06T23:16:14+00:00 NOTICE member.sync :: michael.2022@bk.ru has signed up to a lot of lists very recently; we're not allowing more signups for now
2021-08-06T23:16:15+00:00 NOTICE member.sync :: sticer.ansi@bk.ru has signed up to a lot of lists very recently; we're not allowing more signups for now
