2021-02-05T00:50:35+00:00 NOTICE action_scheduler.queue_job :: MailChimp_WooCommerce_Single_Product starts in 5 seconds :: obj_id 23281
2021-02-05T01:01:06+00:00 NOTICE product_submit.success :: addStoreProduct :: #23281
2021-02-05T01:12:38+00:00 NOTICE action_scheduler.queue_job :: MailChimp_WooCommerce_Cart_Update queued :: obj_id adbe0e0ec84d38ad8d141bcb3b77a638
2021-02-05T01:12:41+00:00 NOTICE abandoned_cart.success :: email: clarise@swisderm.com :: checkout_url: https://warmwishesflorist.com/checkout/?mc_cart_id=adbe0e0ec84d38ad8d141bcb3b77a638
2021-02-05T01:12:42+00:00 NOTICE cart.member.updated :: Updated clarise@swisderm.com subscriber status to transactional and language to en
2021-02-05T01:14:33+00:00 NOTICE action_scheduler.queue_job :: MailChimp_WooCommerce_Cart_Update queued :: obj_id adbe0e0ec84d38ad8d141bcb3b77a638
2021-02-05T01:16:22+00:00 NOTICE abandoned_cart.success :: email: clarise@swisderm.com :: checkout_url: https://warmwishesflorist.com/checkout/?mc_cart_id=adbe0e0ec84d38ad8d141bcb3b77a638
2021-02-05T01:18:53+00:00 NOTICE action_scheduler.queue_job :: MailChimp_WooCommerce_Cart_Update queued :: obj_id adbe0e0ec84d38ad8d141bcb3b77a638
2021-02-05T01:18:56+00:00 NOTICE abandoned_cart.success :: email: clarise@swisderm.com :: checkout_url: https://warmwishesflorist.com/checkout/?mc_cart_id=adbe0e0ec84d38ad8d141bcb3b77a638
2021-02-05T01:19:19+00:00 NOTICE action_scheduler.queue_job :: MailChimp_WooCommerce_Cart_Update queued :: obj_id adbe0e0ec84d38ad8d141bcb3b77a638
2021-02-05T01:20:01+00:00 NOTICE abandoned_cart.success :: email: clarise@swisderm.com :: checkout_url: https://warmwishesflorist.com/checkout/?mc_cart_id=adbe0e0ec84d38ad8d141bcb3b77a638
2021-02-05T01:20:13+00:00 NOTICE action_scheduler.queue_job :: MailChimp_WooCommerce_Cart_Update queued :: obj_id adbe0e0ec84d38ad8d141bcb3b77a638
2021-02-05T01:24:35+00:00 NOTICE action_scheduler.queue_job :: MailChimp_WooCommerce_Single_Order starts in 90 seconds :: obj_id 23285
2021-02-05T01:24:47+00:00 NOTICE abandoned_cart.success :: email: clarise@swisderm.com :: checkout_url: https://warmwishesflorist.com/checkout/?mc_cart_id=adbe0e0ec84d38ad8d141bcb3b77a638
2021-02-05T01:29:32+00:00 NOTICE action_scheduler.queue_job :: MailChimp_WooCommerce_Cart_Update queued :: obj_id adbe0e0ec84d38ad8d141bcb3b77a638
2021-02-05T01:29:34+00:00 NOTICE order_sumbit :: #23285 has a financial status of pending and was skipped.
2021-02-05T01:29:35+00:00 NOTICE abandoned_cart.success :: email: clarise@swisderm.com :: checkout_url: https://warmwishesflorist.com/checkout/?mc_cart_id=adbe0e0ec84d38ad8d141bcb3b77a638
2021-02-05T01:30:17+00:00 NOTICE action_scheduler.queue_job :: MailChimp_WooCommerce_User_Submit queued :: obj_id 11342
2021-02-05T01:31:04+00:00 NOTICE member.sync :: Updated Member clarise@swisderm.com :: Array
(
    [previous_status] => transactional
    [status] => 1
    [merge_fields] => Array
        (
            [FNAME] => Clarise
            [LNAME] => Tan
        )

)

2021-02-05T01:31:31+00:00 NOTICE action_scheduler.queue_job :: MailChimp_WooCommerce_Single_Order starts in 90 seconds :: obj_id 23285
2021-02-05T01:31:34+00:00 NOTICE debug :: Order ID 23285 was pending and is now processing :: Array
(
    [new_order] => 1
    [tracking] => Array
        (
            [campaign_id] => 
            [landing_site] => https://warmwishesflorist.com/shop/canali/
        )

)

2021-02-05T01:31:34+00:00 NOTICE action_scheduler.queue_job :: MailChimp_WooCommerce_User_Submit queued :: obj_id 11342
2021-02-05T01:32:59+00:00 NOTICE member.sync :: Updated Member clarise@swisderm.com ( merge fields only ) :: Array
(
    [merge_fields] => Array
        (
            [FNAME] => Clarise
            [LNAME] => Tan
        )

)

2021-02-05T01:33:10+00:00 NOTICE order.member.updated :: Updated clarise@swisderm.com subscriber status to subscribed and language to 
2021-02-05T01:33:10+00:00 NOTICE order_submit.success :: addStoreOrder :: #23285 :: email: clarise@swisderm.com :: landing site https://warmwishesflorist.com/shop/canali/ :: abandoned cart deleted [adbe0e0ec84d38ad8d141bcb3b77a638]
2021-02-05T02:04:50+00:00 NOTICE action_scheduler.queue_job :: MailChimp_WooCommerce_Single_Product starts in 5 seconds :: obj_id 22905
2021-02-05T02:05:15+00:00 NOTICE product_submit.success :: updateStoreProduct :: #22905
2021-02-05T02:05:48+00:00 NOTICE action_scheduler.queue_job :: MailChimp_WooCommerce_Single_Product starts in 5 seconds :: obj_id 23288
2021-02-05T02:06:23+00:00 NOTICE product_submit.success :: addStoreProduct :: #23288
2021-02-05T02:06:47+00:00 NOTICE product.deleted :: deleted product 22905
2021-02-05T02:07:57+00:00 NOTICE action_scheduler.queue_job :: MailChimp_WooCommerce_Single_Product starts in 5 seconds :: obj_id 23291
2021-02-05T02:08:50+00:00 NOTICE product_submit.success :: addStoreProduct :: #23291
2021-02-05T02:10:44+00:00 NOTICE action_scheduler.queue_job :: MailChimp_WooCommerce_Single_Product starts in 5 seconds :: obj_id 23291
2021-02-05T02:10:58+00:00 NOTICE product_submit.success :: updateStoreProduct :: #23291
2021-02-05T02:18:06+00:00 NOTICE action_scheduler.queue_job :: MailChimp_WooCommerce_Single_Product starts in 5 seconds :: obj_id 23281
2021-02-05T02:18:19+00:00 NOTICE product_submit.success :: updateStoreProduct :: #23281
2021-02-05T03:28:23+00:00 NOTICE action_scheduler.queue_job :: MailChimp_WooCommerce_Cart_Update queued :: obj_id ed6f23431a85dcba35b3db9d4b7cbd03
2021-02-05T03:29:17+00:00 NOTICE abandoned_cart.success :: email: jingren126@gmail.com :: checkout_url: https://warmwishesflorist.com/checkout/?mc_cart_id=ed6f23431a85dcba35b3db9d4b7cbd03
2021-02-05T03:29:17+00:00 NOTICE cart.member.updated :: Updated jingren126@gmail.com subscriber status to transactional and language to en
2021-02-05T04:15:00+00:00 NOTICE action_scheduler.queue_job :: MailChimp_WooCommerce_Single_Order starts in 90 seconds :: obj_id 23285
2021-02-05T04:15:02+00:00 NOTICE debug :: Order ID 23285 was processing and is now completed :: Array
(
    [new_order] => 
    [tracking] => 
)

2021-02-05T04:20:01+00:00 NOTICE order.member.updated :: Updated clarise@swisderm.com subscriber status to subscribed and language to 
2021-02-05T04:20:01+00:00 NOTICE order_submit.success :: updateStoreOrder :: #23285 :: email: clarise@swisderm.com
2021-02-05T07:00:21+00:00 NOTICE action_scheduler.queue_job :: MailChimp_WooCommerce_Cart_Update queued :: obj_id d1ad18052a5a21021180cf8af8ebf75f
2021-02-05T07:00:24+00:00 NOTICE abandoned_cart.success :: email: chiahung.keng@gmail.com :: checkout_url: https://warmwishesflorist.com/checkout/?mc_cart_id=d1ad18052a5a21021180cf8af8ebf75f
2021-02-05T07:00:25+00:00 NOTICE cart.member.updated :: Updated chiahung.keng@gmail.com subscriber status to subscribed and language to en
2021-02-05T07:42:34+00:00 NOTICE action_scheduler.queue_job :: MailChimp_WooCommerce_Cart_Update queued :: obj_id cff2e64e67cad3eaa6b7fd00c3169d5b
2021-02-05T07:42:37+00:00 NOTICE abandoned_cart.success :: email: weistudio@gmail.com :: checkout_url: https://warmwishesflorist.com/checkout/?mc_cart_id=cff2e64e67cad3eaa6b7fd00c3169d5b
2021-02-05T07:42:37+00:00 NOTICE cart.member.updated :: Updated weistudio@gmail.com subscriber status to transactional and language to en
2021-02-05T07:47:01+00:00 NOTICE action_scheduler.queue_job :: MailChimp_WooCommerce_Single_Order starts in 90 seconds :: obj_id 23297
2021-02-05T07:51:34+00:00 NOTICE order_sumbit :: #23297 has a financial status of pending and was skipped.
2021-02-05T09:52:21+00:00 NOTICE action_scheduler.queue_job :: MailChimp_WooCommerce_Single_Order starts in 90 seconds :: obj_id 23298
2021-02-05T09:53:26+00:00 NOTICE debug :: Order ID 23298 was pending and is now processing :: Array
(
    [new_order] => 1
    [tracking] => Array
        (
            [campaign_id] => 
            [landing_site] => https://warmwishesflorist.com/checkout/order-pay/23298/?key=wc_order_PCJnb14JenGP2
        )

)

2021-02-05T10:01:10+00:00 NOTICE order.member.updated :: Updated jingren126@gmail.com subscriber status to transactional and language to en
2021-02-05T10:01:10+00:00 NOTICE order_submit.success :: addStoreOrder :: #23298 :: email: jingren126@gmail.com :: landing site https://warmwishesflorist.com/?wc-ajax=get_refreshed_fragments :: abandoned cart deleted [ed6f23431a85dcba35b3db9d4b7cbd03]
2021-02-05T10:56:54+00:00 NOTICE action_scheduler.queue_job :: MailChimp_WooCommerce_User_Submit queued :: obj_id 11344
2021-02-05T10:58:28+00:00 NOTICE member.sync :: Subscribed Member clinikaplus@seoray.site :: Array
(
    [status_if_new] => 1
    [merge_fields] => Array
        (
        )

)

2021-02-05T12:45:54+00:00 NOTICE action_scheduler.queue_job :: MailChimp_WooCommerce_User_Submit queued :: obj_id 11345
2021-02-05T12:47:50+00:00 NOTICE member.sync :: p.utilo.i.v.an.7.3567.81.23@gmail.com has signed up to a lot of lists very recently; we're not allowing more signups for now
2021-02-05T15:44:59+00:00 NOTICE action_scheduler.queue_job :: MailChimp_WooCommerce_Cart_Update queued :: obj_id 599b1f595c39aae4181bcbfd9c494025
2021-02-05T15:45:02+00:00 NOTICE abandoned_cart.success :: email: alwinyu@hotmail.com :: checkout_url: https://warmwishesflorist.com/checkout/?mc_cart_id=599b1f595c39aae4181bcbfd9c494025
2021-02-05T15:45:03+00:00 NOTICE cart.member.updated :: Updated alwinyu@hotmail.com subscriber status to subscribed and language to en
2021-02-05T15:45:42+00:00 NOTICE action_scheduler.queue_job :: MailChimp_WooCommerce_Cart_Update queued :: obj_id 599b1f595c39aae4181bcbfd9c494025
2021-02-05T15:47:48+00:00 NOTICE abandoned_cart.success :: email: alwinyu@hotmail.com :: checkout_url: https://warmwishesflorist.com/checkout/?mc_cart_id=599b1f595c39aae4181bcbfd9c494025
2021-02-05T15:51:09+00:00 NOTICE action_scheduler.queue_job :: MailChimp_WooCommerce_Single_Order starts in 90 seconds :: obj_id 23300
2021-02-05T15:52:56+00:00 NOTICE debug :: Order ID 23300 was pending and is now processing :: Array
(
    [new_order] => 1
    [tracking] => Array
        (
            [campaign_id] => 
            [landing_site] => https://warmwishesflorist.com/product/space-unicorn/?attribute_pa_stalks=10-stalks&utm_source=IGShopping&utm_medium=Social
        )

)

2021-02-05T15:56:43+00:00 NOTICE order.member.updated :: Updated alwinyu@hotmail.com subscriber status to subscribed and language to en
2021-02-05T15:56:43+00:00 NOTICE order_submit.success :: addStoreOrder :: #23300 :: email: alwinyu@hotmail.com :: landing site https://warmwishesflorist.com/product/space-unicorn/?attribute_pa_stalks=10-stalks&utm_source=IGShopping&utm_medium=Social :: abandoned cart deleted [599b1f595c39aae4181bcbfd9c494025]
2021-02-05T18:19:45+00:00 NOTICE action_scheduler.queue_job :: MailChimp_WooCommerce_Single_Order starts in 90 seconds :: obj_id 23301
2021-02-05T18:21:13+00:00 NOTICE action_scheduler.queue_job :: MailChimp_WooCommerce_Cart_Update queued :: obj_id 724c656e35639258e888107b6f895540
2021-02-05T18:21:24+00:00 NOTICE order_sumbit :: #23301 has a financial status of pending and was skipped.
2021-02-05T18:21:25+00:00 NOTICE abandoned_cart.success :: email: nicvkh87@gmail.com :: checkout_url: https://warmwishesflorist.com/checkout/?mc_cart_id=724c656e35639258e888107b6f895540
2021-02-05T18:21:26+00:00 NOTICE cart.member.updated :: Updated nicvkh87@gmail.com subscriber status to transactional and language to en
2021-02-05T18:23:05+00:00 NOTICE action_scheduler.queue_job :: MailChimp_WooCommerce_Cart_Update queued :: obj_id 724c656e35639258e888107b6f895540
2021-02-05T18:25:31+00:00 NOTICE action_scheduler.queue_job :: MailChimp_WooCommerce_Single_Order starts in 90 seconds :: obj_id 23301
2021-02-05T18:25:33+00:00 NOTICE debug :: Order ID 23301 was pending and is now processing :: Array
(
    [new_order] => 1
    [tracking] => Array
        (
            [campaign_id] => 
            [landing_site] => https://warmwishesflorist.com/
        )

)

2021-02-05T18:28:19+00:00 NOTICE abandoned_cart.success :: email: nicvkh87@gmail.com :: checkout_url: https://warmwishesflorist.com/checkout/?mc_cart_id=724c656e35639258e888107b6f895540
2021-02-05T18:28:24+00:00 NOTICE order.member.updated :: Updated nicvkh87@gmail.com subscriber status to transactional and language to 
2021-02-05T18:28:24+00:00 NOTICE order_submit.success :: addStoreOrder :: #23301 :: email: nicvkh87@gmail.com :: landing site https://warmwishesflorist.com/ :: abandoned cart deleted [724c656e35639258e888107b6f895540]
