2021-08-13T02:49:25+00:00 NOTICE action_scheduler.queue_job :: MailChimp_WooCommerce_User_Submit queued :: obj_id 15464
2021-08-13T02:49:35+00:00 NOTICE member.sync :: Subscribed Member georgettesm16@sora81.sorataki.in.net :: Array
(
    [status_if_new] => 1
    [merge_fields] => Array
        (
        )

)

2021-08-13T03:19:48+00:00 NOTICE action_scheduler.queue_job :: MailChimp_WooCommerce_User_Submit queued :: obj_id 15465
2021-08-13T03:19:51+00:00 NOTICE action_scheduler.queue_job :: MailChimp_WooCommerce_User_Submit queued :: obj_id 15466
2021-08-13T03:21:20+00:00 NOTICE member.sync :: arman_mikheyev_1979@rambler.ru has signed up to a lot of lists very recently; we're not allowing more signups for now
2021-08-13T03:21:21+00:00 NOTICE member.sync :: karik_buzinsky_1964@rambler.ru has signed up to a lot of lists very recently; we're not allowing more signups for now
2021-08-13T03:49:41+00:00 NOTICE action_scheduler.queue_job :: MailChimp_WooCommerce_Single_Product starts in 5 seconds :: obj_id 3233
2021-08-13T03:51:44+00:00 NOTICE product_submit.error :: addStoreProduct :: #3233 :: Error Code 404 :: Resource Not Found :: The requested resource could not be found. on 1858 in /var/www/vhosts/warmwishesflorist.com/httpdocs/wp-content/plugins/mailchimp-for-woocommerce/includes/api/class-mailchimp-api.php
2021-08-13T05:50:32+00:00 NOTICE action_scheduler.queue_job :: MailChimp_WooCommerce_User_Submit queued :: obj_id 15467
2021-08-13T05:50:38+00:00 NOTICE member.sync :: a.milnichenko@a.avalins.com has signed up to a lot of lists very recently; we're not allowing more signups for now
2021-08-13T07:44:51+00:00 NOTICE action_scheduler.queue_job :: MailChimp_WooCommerce_Cart_Update queued :: obj_id 23bc3482807fc3a74ffbf6b26cdc51b4
2021-08-13T07:45:52+00:00 ERROR abandoned_cart.error :: email: ahfeng93@hotmail.com :: attempting product update :: Resource Not Found :: The requested resource could not be found.
2021-08-13T07:45:53+00:00 NOTICE product_submit.error :: addStoreProduct :: #22179 :: Error Code 404 :: Resource Not Found :: The requested resource could not be found. on 1858 in /var/www/vhosts/warmwishesflorist.com/httpdocs/wp-content/plugins/mailchimp-for-woocommerce/includes/api/class-mailchimp-api.php
2021-08-13T07:45:53+00:00 ERROR abandoned_cart.error :: Error Code 404 :: Resource Not Found :: The requested resource could not be found. on 1858 in /var/www/vhosts/warmwishesflorist.com/httpdocs/wp-content/plugins/mailchimp-for-woocommerce/includes/api/class-mailchimp-api.php
2021-08-13T07:51:39+00:00 NOTICE action_scheduler.queue_job :: MailChimp_WooCommerce_Cart_Update queued :: obj_id 0cf3ffdea346f18197ea1e67a62369d9
2021-08-13T07:51:41+00:00 ERROR abandoned_cart.error :: email: gyllenrms@gmail.com :: attempting product update :: Resource Not Found :: The requested resource could not be found.
2021-08-13T07:51:41+00:00 NOTICE product_submit.error :: addStoreProduct :: #23199 :: Error Code 404 :: Resource Not Found :: The requested resource could not be found. on 1858 in /var/www/vhosts/warmwishesflorist.com/httpdocs/wp-content/plugins/mailchimp-for-woocommerce/includes/api/class-mailchimp-api.php
2021-08-13T07:51:41+00:00 ERROR abandoned_cart.error :: Error Code 404 :: Resource Not Found :: The requested resource could not be found. on 1858 in /var/www/vhosts/warmwishesflorist.com/httpdocs/wp-content/plugins/mailchimp-for-woocommerce/includes/api/class-mailchimp-api.php
2021-08-13T08:51:50+00:00 NOTICE action_scheduler.queue_job :: MailChimp_WooCommerce_Cart_Update queued :: obj_id 4b685509b478b7da41e8664d0d171abf
2021-08-13T08:51:54+00:00 ERROR abandoned_cart.error :: email: fiona_khoo@hotmail.com :: attempting product update :: Resource Not Found :: The requested resource could not be found.
2021-08-13T08:51:55+00:00 NOTICE product_submit.error :: addStoreProduct :: #10567 :: Error Code 404 :: Resource Not Found :: The requested resource could not be found. on 1858 in /var/www/vhosts/warmwishesflorist.com/httpdocs/wp-content/plugins/mailchimp-for-woocommerce/includes/api/class-mailchimp-api.php
2021-08-13T08:51:55+00:00 ERROR abandoned_cart.error :: Error Code 404 :: Resource Not Found :: The requested resource could not be found. on 1858 in /var/www/vhosts/warmwishesflorist.com/httpdocs/wp-content/plugins/mailchimp-for-woocommerce/includes/api/class-mailchimp-api.php
2021-08-13T08:54:52+00:00 NOTICE action_scheduler.queue_job :: MailChimp_WooCommerce_Cart_Update queued :: obj_id 4b685509b478b7da41e8664d0d171abf
2021-08-13T08:54:55+00:00 ERROR abandoned_cart.error :: email: fiona_khoo@hotmail.com :: attempting product update :: Resource Not Found :: The requested resource could not be found.
2021-08-13T08:54:56+00:00 NOTICE product_submit.error :: addStoreProduct :: #10567 :: Error Code 404 :: Resource Not Found :: The requested resource could not be found. on 1858 in /var/www/vhosts/warmwishesflorist.com/httpdocs/wp-content/plugins/mailchimp-for-woocommerce/includes/api/class-mailchimp-api.php
2021-08-13T08:54:56+00:00 ERROR abandoned_cart.error :: Error Code 404 :: Resource Not Found :: The requested resource could not be found. on 1858 in /var/www/vhosts/warmwishesflorist.com/httpdocs/wp-content/plugins/mailchimp-for-woocommerce/includes/api/class-mailchimp-api.php
2021-08-13T08:55:04+00:00 NOTICE action_scheduler.queue_job :: MailChimp_WooCommerce_Cart_Update queued :: obj_id 4b685509b478b7da41e8664d0d171abf
2021-08-13T08:55:09+00:00 ERROR abandoned_cart.error :: email: fiona_khoo@hotmail.com :: attempting product update :: Resource Not Found :: The requested resource could not be found.
2021-08-13T08:55:11+00:00 NOTICE product_submit.error :: addStoreProduct :: #10567 :: Error Code 404 :: Resource Not Found :: The requested resource could not be found. on 1858 in /var/www/vhosts/warmwishesflorist.com/httpdocs/wp-content/plugins/mailchimp-for-woocommerce/includes/api/class-mailchimp-api.php
2021-08-13T08:55:11+00:00 ERROR abandoned_cart.error :: Error Code 404 :: Resource Not Found :: The requested resource could not be found. on 1858 in /var/www/vhosts/warmwishesflorist.com/httpdocs/wp-content/plugins/mailchimp-for-woocommerce/includes/api/class-mailchimp-api.php
2021-08-13T08:55:18+00:00 NOTICE action_scheduler.queue_job :: MailChimp_WooCommerce_Cart_Update queued :: obj_id 4b685509b478b7da41e8664d0d171abf
2021-08-13T08:55:33+00:00 ERROR abandoned_cart.error :: email: fiona_khoo@hotmail.com :: attempting product update :: Resource Not Found :: The requested resource could not be found.
2021-08-13T08:55:33+00:00 NOTICE product_submit.error :: addStoreProduct :: #10567 :: Error Code 404 :: Resource Not Found :: The requested resource could not be found. on 1858 in /var/www/vhosts/warmwishesflorist.com/httpdocs/wp-content/plugins/mailchimp-for-woocommerce/includes/api/class-mailchimp-api.php
2021-08-13T08:55:33+00:00 ERROR abandoned_cart.error :: Error Code 404 :: Resource Not Found :: The requested resource could not be found. on 1858 in /var/www/vhosts/warmwishesflorist.com/httpdocs/wp-content/plugins/mailchimp-for-woocommerce/includes/api/class-mailchimp-api.php
2021-08-13T09:53:23+00:00 NOTICE action_scheduler.queue_job :: MailChimp_WooCommerce_Cart_Update queued :: obj_id d43365cbe5bca839a8ca69a4cd0b0381
2021-08-13T09:53:26+00:00 ERROR abandoned_cart.error :: email: laulau.overwatch@gmail.com :: attempting product update :: Resource Not Found :: The requested resource could not be found.
2021-08-13T09:53:27+00:00 NOTICE product_submit.error :: addStoreProduct :: #23661 :: Error Code 404 :: Resource Not Found :: The requested resource could not be found. on 1858 in /var/www/vhosts/warmwishesflorist.com/httpdocs/wp-content/plugins/mailchimp-for-woocommerce/includes/api/class-mailchimp-api.php
2021-08-13T09:53:27+00:00 ERROR abandoned_cart.error :: Error Code 404 :: Resource Not Found :: The requested resource could not be found. on 1858 in /var/www/vhosts/warmwishesflorist.com/httpdocs/wp-content/plugins/mailchimp-for-woocommerce/includes/api/class-mailchimp-api.php
2021-08-13T09:54:42+00:00 NOTICE action_scheduler.queue_job :: MailChimp_WooCommerce_Single_Order starts in 90 seconds :: obj_id 24115
2021-08-13T09:57:04+00:00 NOTICE order_sumbit :: #24115 has a financial status of pending and was skipped.
2021-08-13T09:58:36+00:00 NOTICE action_scheduler.queue_job :: MailChimp_WooCommerce_Cart_Update queued :: obj_id d43365cbe5bca839a8ca69a4cd0b0381
2021-08-13T09:58:39+00:00 ERROR abandoned_cart.error :: email: laulau.overwatch@gmail.com :: attempting product update :: Resource Not Found :: The requested resource could not be found.
2021-08-13T09:58:39+00:00 NOTICE product_submit.error :: addStoreProduct :: #24013 :: Error Code 404 :: Resource Not Found :: The requested resource could not be found. on 1858 in /var/www/vhosts/warmwishesflorist.com/httpdocs/wp-content/plugins/mailchimp-for-woocommerce/includes/api/class-mailchimp-api.php
2021-08-13T09:58:39+00:00 ERROR abandoned_cart.error :: Error Code 404 :: Resource Not Found :: The requested resource could not be found. on 1858 in /var/www/vhosts/warmwishesflorist.com/httpdocs/wp-content/plugins/mailchimp-for-woocommerce/includes/api/class-mailchimp-api.php
2021-08-13T09:59:02+00:00 NOTICE action_scheduler.queue_job :: MailChimp_WooCommerce_Single_Order starts in 90 seconds :: obj_id 24116
2021-08-13T09:59:37+00:00 NOTICE action_scheduler.queue_job :: MailChimp_WooCommerce_Cart_Update queued :: obj_id 247d46480c82e4235eba3c119127966e
2021-08-13T09:59:39+00:00 ERROR abandoned_cart.error :: email: jraedh@gmail.com :: attempting product update :: Resource Not Found :: The requested resource could not be found.
2021-08-13T09:59:40+00:00 NOTICE product_submit.error :: addStoreProduct :: #23719 :: Error Code 404 :: Resource Not Found :: The requested resource could not be found. on 1858 in /var/www/vhosts/warmwishesflorist.com/httpdocs/wp-content/plugins/mailchimp-for-woocommerce/includes/api/class-mailchimp-api.php
2021-08-13T09:59:40+00:00 ERROR abandoned_cart.error :: Error Code 404 :: Resource Not Found :: The requested resource could not be found. on 1858 in /var/www/vhosts/warmwishesflorist.com/httpdocs/wp-content/plugins/mailchimp-for-woocommerce/includes/api/class-mailchimp-api.php
2021-08-13T10:00:34+00:00 NOTICE order_sumbit :: #24116 has a financial status of pending and was skipped.
2021-08-13T12:45:45+00:00 NOTICE action_scheduler.queue_job :: MailChimp_WooCommerce_User_Submit queued :: obj_id 15470
2021-08-13T12:47:24+00:00 NOTICE member.sync :: t.k.v.st.lr.u@gmail.com has signed up to a lot of lists very recently; we're not allowing more signups for now
2021-08-13T14:37:21+00:00 NOTICE action_scheduler.queue_job :: MailChimp_WooCommerce_Cart_Update queued :: obj_id 23bc3482807fc3a74ffbf6b26cdc51b4
2021-08-13T14:37:23+00:00 ERROR abandoned_cart.error :: email: ahfeng93@hotmail.com :: attempting product update :: Resource Not Found :: The requested resource could not be found.
2021-08-13T14:37:24+00:00 NOTICE product_submit.error :: addStoreProduct :: #22179 :: Error Code 404 :: Resource Not Found :: The requested resource could not be found. on 1858 in /var/www/vhosts/warmwishesflorist.com/httpdocs/wp-content/plugins/mailchimp-for-woocommerce/includes/api/class-mailchimp-api.php
2021-08-13T14:37:24+00:00 ERROR abandoned_cart.error :: Error Code 404 :: Resource Not Found :: The requested resource could not be found. on 1858 in /var/www/vhosts/warmwishesflorist.com/httpdocs/wp-content/plugins/mailchimp-for-woocommerce/includes/api/class-mailchimp-api.php
2021-08-13T14:37:34+00:00 NOTICE action_scheduler.queue_job :: MailChimp_WooCommerce_Single_Order starts in 90 seconds :: obj_id 24117
2021-08-13T14:38:41+00:00 NOTICE debug :: Order ID 24117 was pending and is now processing :: Array
(
    [new_order] => 1
    [tracking] => Array
        (
            [campaign_id] => 
            [landing_site] => https://warmwishesflorist.com/?wc-api=WC_Molpay_Gateway
        )

)

2021-08-13T14:40:40+00:00 ERROR order_submit.error :: addStoreOrder :: #24117 :: Error Code 404 :: Resource Not Found :: The requested resource could not be found. on 1858 in /var/www/vhosts/warmwishesflorist.com/httpdocs/wp-content/plugins/mailchimp-for-woocommerce/includes/api/class-mailchimp-api.php
2021-08-13T15:45:54+00:00 NOTICE action_scheduler.queue_job :: MailChimp_WooCommerce_Cart_Update queued :: obj_id 8c92f45fad23b5de162f53616b3641d7
2021-08-13T15:45:57+00:00 ERROR abandoned_cart.error :: email: kevintanbb@yahoo.com :: attempting product update :: Resource Not Found :: The requested resource could not be found.
2021-08-13T15:45:58+00:00 NOTICE product_submit.error :: addStoreProduct :: #21754 :: Error Code 404 :: Resource Not Found :: The requested resource could not be found. on 1858 in /var/www/vhosts/warmwishesflorist.com/httpdocs/wp-content/plugins/mailchimp-for-woocommerce/includes/api/class-mailchimp-api.php
2021-08-13T15:45:58+00:00 ERROR abandoned_cart.error :: Error Code 404 :: Resource Not Found :: The requested resource could not be found. on 1858 in /var/www/vhosts/warmwishesflorist.com/httpdocs/wp-content/plugins/mailchimp-for-woocommerce/includes/api/class-mailchimp-api.php
2021-08-13T15:46:03+00:00 NOTICE action_scheduler.queue_job :: MailChimp_WooCommerce_Cart_Update queued :: obj_id 8c92f45fad23b5de162f53616b3641d7
2021-08-13T15:46:05+00:00 ERROR abandoned_cart.error :: email: kevintanbb@yahoo.com :: attempting product update :: Resource Not Found :: The requested resource could not be found.
2021-08-13T15:46:07+00:00 NOTICE product_submit.error :: addStoreProduct :: #21754 :: Error Code 404 :: Resource Not Found :: The requested resource could not be found. on 1858 in /var/www/vhosts/warmwishesflorist.com/httpdocs/wp-content/plugins/mailchimp-for-woocommerce/includes/api/class-mailchimp-api.php
2021-08-13T15:46:07+00:00 ERROR abandoned_cart.error :: Error Code 404 :: Resource Not Found :: The requested resource could not be found. on 1858 in /var/www/vhosts/warmwishesflorist.com/httpdocs/wp-content/plugins/mailchimp-for-woocommerce/includes/api/class-mailchimp-api.php
2021-08-13T15:46:16+00:00 NOTICE action_scheduler.queue_job :: MailChimp_WooCommerce_Cart_Update queued :: obj_id 8c92f45fad23b5de162f53616b3641d7
2021-08-13T15:47:34+00:00 ERROR abandoned_cart.error :: email: kevintanbb@yahoo.com :: attempting product update :: Resource Not Found :: The requested resource could not be found.
2021-08-13T15:47:35+00:00 NOTICE product_submit.error :: addStoreProduct :: #21754 :: Error Code 404 :: Resource Not Found :: The requested resource could not be found. on 1858 in /var/www/vhosts/warmwishesflorist.com/httpdocs/wp-content/plugins/mailchimp-for-woocommerce/includes/api/class-mailchimp-api.php
2021-08-13T15:47:35+00:00 ERROR abandoned_cart.error :: Error Code 404 :: Resource Not Found :: The requested resource could not be found. on 1858 in /var/www/vhosts/warmwishesflorist.com/httpdocs/wp-content/plugins/mailchimp-for-woocommerce/includes/api/class-mailchimp-api.php
2021-08-13T15:47:52+00:00 NOTICE action_scheduler.queue_job :: MailChimp_WooCommerce_Single_Order starts in 90 seconds :: obj_id 24118
2021-08-13T15:50:36+00:00 NOTICE debug :: Order ID 24118 was pending and is now processing :: Array
(
    [new_order] => 1
    [tracking] => Array
        (
            [campaign_id] => 
            [landing_site] => https://warmwishesflorist.com/?wc-api=WC_Molpay_Gateway
        )

)

2021-08-13T15:53:10+00:00 ERROR order_submit.error :: addStoreOrder :: #24118 :: Error Code 404 :: Resource Not Found :: The requested resource could not be found. on 1858 in /var/www/vhosts/warmwishesflorist.com/httpdocs/wp-content/plugins/mailchimp-for-woocommerce/includes/api/class-mailchimp-api.php
2021-08-13T18:15:13+00:00 NOTICE action_scheduler.queue_job :: MailChimp_WooCommerce_User_Submit queued :: obj_id 15471
2021-08-13T18:16:43+00:00 NOTICE member.sync :: iam.n.ya.s.h.kalol@gmail.com has signed up to a lot of lists very recently; we're not allowing more signups for now
2021-08-13T18:48:59+00:00 NOTICE action_scheduler.queue_job :: MailChimp_WooCommerce_User_Submit queued :: obj_id 15472
2021-08-13T18:48:59+00:00 NOTICE action_scheduler.queue_job :: MailChimp_WooCommerce_User_Submit queued :: obj_id 15473
2021-08-13T18:51:45+00:00 NOTICE member.sync :: Subscribed Member quicomvebum1962@dizaer.ru :: Array
(
    [status_if_new] => 1
    [merge_fields] => Array
        (
        )

)

2021-08-13T18:51:46+00:00 NOTICE member.sync :: Subscribed Member ranmahorback1983@dizaer.ru :: Array
(
    [status_if_new] => 1
    [merge_fields] => Array
        (
        )

)

2021-08-13T22:33:53+00:00 NOTICE action_scheduler.queue_job :: MailChimp_WooCommerce_User_Submit queued :: obj_id 15474
2021-08-13T22:34:54+00:00 NOTICE member.sync :: Subscribed Member charleskj1@sora81.sorataki.in.net :: Array
(
    [status_if_new] => 1
    [merge_fields] => Array
        (
        )

)

