2021-02-10T00:09:17+00:00 NOTICE member.sync :: asdasasd@gmail.com has signed up to a lot of lists very recently; we're not allowing more signups for now
2021-02-10T02:06:55+00:00 NOTICE action_scheduler.queue_job :: MailChimp_WooCommerce_Cart_Update queued :: obj_id cd4b4ded392293fdcc461c8ceffe3ba0
2021-02-10T02:10:35+00:00 NOTICE abandoned_cart.success :: email: t.kailun@hotmail.com :: checkout_url: https://warmwishesflorist.com/checkout/?mc_cart_id=cd4b4ded392293fdcc461c8ceffe3ba0
2021-02-10T02:10:35+00:00 NOTICE cart.member.updated :: Updated t.kailun@hotmail.com subscriber status to transactional and language to en
2021-02-10T02:23:56+00:00 NOTICE action_scheduler.queue_job :: MailChimp_WooCommerce_Single_Order starts in 90 seconds :: obj_id 23326
2021-02-10T02:24:15+00:00 NOTICE action_scheduler.queue_job :: MailChimp_WooCommerce_Cart_Update queued :: obj_id c3f111ca17cb38680c002bfa298b9357
2021-02-10T02:24:19+00:00 NOTICE abandoned_cart.success :: email: kit.hklee@outlook.com :: checkout_url: https://warmwishesflorist.com/checkout/?mc_cart_id=c3f111ca17cb38680c002bfa298b9357
2021-02-10T02:24:20+00:00 NOTICE cart.member.updated :: Updated kit.hklee@outlook.com subscriber status to transactional and language to en
2021-02-10T02:25:21+00:00 NOTICE ac.cart_swap :: Deleted cart [kit.hklee@outlook.com] :: ID [c3f111ca17cb38680c002bfa298b9357]
2021-02-10T02:25:21+00:00 NOTICE action_scheduler.queue_job :: MailChimp_WooCommerce_Cart_Update queued :: obj_id defcef8e3e821c23e7f2699380b3630a
2021-02-10T02:25:25+00:00 NOTICE abandoned_cart.success :: email: kit.hklee@outlook.con :: checkout_url: https://warmwishesflorist.com/checkout/?mc_cart_id=defcef8e3e821c23e7f2699380b3630a
2021-02-10T02:25:26+00:00 NOTICE cart.member.updated :: Updated kit.hklee@outlook.con subscriber status to transactional and language to en
2021-02-10T02:25:27+00:00 NOTICE order_sumbit :: #23326 has a financial status of pending and was skipped.
2021-02-10T02:26:45+00:00 NOTICE action_scheduler.queue_job :: MailChimp_WooCommerce_Single_Order starts in 90 seconds :: obj_id 23326
2021-02-10T02:26:47+00:00 NOTICE debug :: Order ID 23326 was pending and is now processing :: Array
(
    [new_order] => 1
    [tracking] => Array
        (
            [campaign_id] => 
            [landing_site] => https://warmwishesflorist.com/product-category/valentines-day/
        )

)

2021-02-10T02:28:44+00:00 NOTICE action_scheduler.queue_job :: MailChimp_WooCommerce_Single_Order starts in 90 seconds :: obj_id 23327
2021-02-10T02:31:10+00:00 NOTICE order.member.updated :: Updated t.kailun@hotmail.com subscriber status to transactional and language to 
2021-02-10T02:31:10+00:00 NOTICE order_submit.success :: addStoreOrder :: #23326 :: email: t.kailun@hotmail.com :: landing site https://warmwishesflorist.com/product-category/valentines-day/ :: abandoned cart deleted [cd4b4ded392293fdcc461c8ceffe3ba0]
2021-02-10T02:31:11+00:00 NOTICE order_sumbit :: #23327 has a financial status of pending and was skipped.
2021-02-10T02:32:29+00:00 NOTICE action_scheduler.queue_job :: MailChimp_WooCommerce_Single_Order starts in 90 seconds :: obj_id 23327
2021-02-10T02:32:31+00:00 NOTICE debug :: Order ID 23327 was pending and is now processing :: Array
(
    [new_order] => 1
    [tracking] => Array
        (
            [campaign_id] => 
            [landing_site] => https://warmwishesflorist.com/?wc-api=WC_Molpay_Gateway
        )

)

2021-02-10T02:37:33+00:00 NOTICE order.member.updated :: Updated kit.hklee@outlook.con subscriber status to subscribed and language to 
2021-02-10T02:37:33+00:00 NOTICE order_submit.success :: addStoreOrder :: #23327 :: email: kit.hklee@outlook.con :: landing site https://warmwishesflorist.com/?wc-api=WC_Molpay_Gateway :: abandoned cart deleted [defcef8e3e821c23e7f2699380b3630a]
2021-02-10T03:35:21+00:00 NOTICE action_scheduler.queue_job :: MailChimp_WooCommerce_Cart_Update queued :: obj_id d55bb2295fac8ff78a2e8448a4490b22
2021-02-10T03:45:08+00:00 NOTICE abandoned_cart.success :: email: chungchunlim@yahoo.com.sg :: checkout_url: https://warmwishesflorist.com/checkout/?mc_cart_id=d55bb2295fac8ff78a2e8448a4490b22
2021-02-10T03:45:09+00:00 NOTICE cart.member.updated :: Updated chungchunlim@yahoo.com.sg subscriber status to subscribed and language to en
2021-02-10T03:49:06+00:00 NOTICE action_scheduler.queue_job :: MailChimp_WooCommerce_Single_Order starts in 90 seconds :: obj_id 23328
2021-02-10T03:50:05+00:00 NOTICE action_scheduler.queue_job :: MailChimp_WooCommerce_Cart_Update queued :: obj_id f6c3b660bf3fa92ab3d839e2e276257f
2021-02-10T03:50:27+00:00 NOTICE abandoned_cart.success :: email: tokikaiyo@gmail.com :: checkout_url: https://warmwishesflorist.com/checkout/?mc_cart_id=f6c3b660bf3fa92ab3d839e2e276257f
2021-02-10T03:50:28+00:00 NOTICE cart.member.updated :: Updated tokikaiyo@gmail.com subscriber status to transactional and language to en
2021-02-10T03:51:15+00:00 NOTICE ac.cart_swap :: Deleted cart [tokikaiyo@gmail.com] :: ID [f6c3b660bf3fa92ab3d839e2e276257f]
2021-02-10T03:51:16+00:00 NOTICE action_scheduler.queue_job :: MailChimp_WooCommerce_Cart_Update queued :: obj_id 28ea8d811d2f658c9d122bc240411c68
2021-02-10T03:51:25+00:00 NOTICE order_sumbit :: #23328 has a financial status of pending and was skipped.
2021-02-10T03:51:27+00:00 NOTICE abandoned_cart.success :: email: noobmaster91@hotmail.com :: checkout_url: https://warmwishesflorist.com/checkout/?mc_cart_id=28ea8d811d2f658c9d122bc240411c68
2021-02-10T03:51:28+00:00 NOTICE cart.member.updated :: Updated noobmaster91@hotmail.com subscriber status to transactional and language to en
2021-02-10T03:51:56+00:00 NOTICE action_scheduler.queue_job :: MailChimp_WooCommerce_Cart_Update queued :: obj_id 28ea8d811d2f658c9d122bc240411c68
2021-02-10T03:52:04+00:00 NOTICE action_scheduler.queue_job :: MailChimp_WooCommerce_Single_Order starts in 90 seconds :: obj_id 23328
2021-02-10T03:52:06+00:00 NOTICE debug :: Order ID 23328 was pending and is now processing :: Array
(
    [new_order] => 1
    [tracking] => Array
        (
            [campaign_id] => 
            [landing_site] => https://warmwishesflorist.com/?wc-ajax=get_refreshed_fragments
        )

)

2021-02-10T03:52:06+00:00 NOTICE action_scheduler.queue_job :: MailChimp_WooCommerce_User_Submit queued :: obj_id 11471
2021-02-10T04:01:07+00:00 NOTICE abandoned_cart.success :: email: noobmaster91@hotmail.com :: checkout_url: https://warmwishesflorist.com/checkout/?mc_cart_id=28ea8d811d2f658c9d122bc240411c68
2021-02-10T04:01:12+00:00 NOTICE order.member.updated :: Updated chungchunlim@yahoo.com.sg subscriber status to subscribed and language to 
2021-02-10T04:01:12+00:00 NOTICE order_submit.success :: addStoreOrder :: #23328 :: email: chungchunlim@yahoo.com.sg :: landing site https://warmwishesflorist.com/?wc-ajax=get_refreshed_fragments :: abandoned cart deleted [d55bb2295fac8ff78a2e8448a4490b22]
2021-02-10T04:01:14+00:00 NOTICE member.sync :: Updated Member chungchunlim@yahoo.com.sg ( merge fields only ) :: Array
(
    [merge_fields] => Array
        (
            [FNAME] => Michelle
            [LNAME] => Ng
        )

)

2021-02-10T04:07:52+00:00 NOTICE action_scheduler.queue_job :: MailChimp_WooCommerce_Cart_Update queued :: obj_id 7125f8f32388471718bd5977325ac04c
2021-02-10T04:08:18+00:00 NOTICE abandoned_cart.success :: email: jasonchoo903@gmail.com :: checkout_url: https://warmwishesflorist.com/checkout/?mc_cart_id=7125f8f32388471718bd5977325ac04c
2021-02-10T04:08:18+00:00 NOTICE cart.member.updated :: Updated jasonchoo903@gmail.com subscriber status to transactional and language to en
2021-02-10T04:11:43+00:00 NOTICE action_scheduler.queue_job :: MailChimp_WooCommerce_Single_Order starts in 90 seconds :: obj_id 23329
2021-02-10T04:12:06+00:00 NOTICE action_scheduler.queue_job :: MailChimp_WooCommerce_Single_Order starts in 90 seconds :: obj_id 23330
2021-02-10T04:13:08+00:00 NOTICE action_scheduler.queue_job :: MailChimp_WooCommerce_Cart_Update queued :: obj_id 7125f8f32388471718bd5977325ac04c
2021-02-10T04:13:12+00:00 NOTICE abandoned_cart.success :: email: jasonchoo903@gmail.com :: checkout_url: https://warmwishesflorist.com/checkout/?mc_cart_id=7125f8f32388471718bd5977325ac04c
2021-02-10T04:13:12+00:00 NOTICE debug :: Order ID 23329 was pending and is now processing :: Array
(
    [new_order] => 1
    [tracking] => Array
        (
            [campaign_id] => 
            [landing_site] => https://warmwishesflorist.com/
        )

)

2021-02-10T04:13:12+00:00 NOTICE action_scheduler.queue_job :: MailChimp_WooCommerce_User_Submit queued :: obj_id 11534
2021-02-10T04:13:19+00:00 NOTICE member.sync :: Updated Member noobmaster91@hotmail.com :: Array
(
    [previous_status] => transactional
    [status] => 1
    [merge_fields] => Array
        (
            [FNAME] => CY
            [LNAME] => Hui
        )

)

2021-02-10T04:14:48+00:00 NOTICE debug :: Order ID 23330 was pending and is now processing :: Array
(
    [new_order] => 1
    [tracking] => Array
        (
            [campaign_id] => 
            [landing_site] => https://warmwishesflorist.com/?wc-ajax=update_order_review
        )

)

2021-02-10T04:36:00+00:00 NOTICE order.member.updated :: Updated noobmaster91@hotmail.com subscriber status to subscribed and language to en
2021-02-10T04:36:00+00:00 NOTICE order_submit.success :: addStoreOrder :: #23329 :: email: noobmaster91@hotmail.com :: landing site https://warmwishesflorist.com/ :: abandoned cart deleted [28ea8d811d2f658c9d122bc240411c68]
2021-02-10T04:36:12+00:00 NOTICE order.member.updated :: Updated jasonchoo903@gmail.com subscriber status to transactional and language to en
2021-02-10T04:36:12+00:00 NOTICE order_submit.success :: addStoreOrder :: #23330 :: email: jasonchoo903@gmail.com :: landing site https://warmwishesflorist.com/?wc-ajax=get_refreshed_fragments :: abandoned cart deleted [7125f8f32388471718bd5977325ac04c]
2021-02-10T05:34:24+00:00 NOTICE action_scheduler.queue_job :: MailChimp_WooCommerce_Cart_Update queued :: obj_id e445abf3b618e024302c52eb56947c93
2021-02-10T05:34:46+00:00 NOTICE abandoned_cart.success :: email: scoluvblue@yahoo.com :: checkout_url: https://warmwishesflorist.com/checkout/?mc_cart_id=e445abf3b618e024302c52eb56947c93
2021-02-10T05:34:47+00:00 NOTICE cart.member.updated :: Updated scoluvblue@yahoo.com subscriber status to subscribed and language to en
2021-02-10T05:35:23+00:00 NOTICE action_scheduler.queue_job :: MailChimp_WooCommerce_Cart_Update queued :: obj_id e445abf3b618e024302c52eb56947c93
2021-02-10T05:36:01+00:00 NOTICE action_scheduler.queue_job :: MailChimp_WooCommerce_Cart_Update queued :: obj_id f8c73cf0f2847e209034c96240ed97e7
2021-02-10T05:36:04+00:00 NOTICE abandoned_cart.success :: email: scoluvblue@yahoo.com :: checkout_url: https://warmwishesflorist.com/checkout/?mc_cart_id=e445abf3b618e024302c52eb56947c93
2021-02-10T05:36:05+00:00 NOTICE abandoned_cart.success :: email: ariel1029@hotmail.com :: checkout_url: https://warmwishesflorist.com/checkout/?mc_cart_id=f8c73cf0f2847e209034c96240ed97e7
2021-02-10T05:36:06+00:00 NOTICE cart.member.updated :: Updated ariel1029@hotmail.com subscriber status to transactional and language to en
2021-02-10T05:41:19+00:00 NOTICE action_scheduler.queue_job :: MailChimp_WooCommerce_Single_Product starts in 5 seconds :: obj_id 23252
2021-02-10T05:42:00+00:00 NOTICE action_scheduler.queue_job :: MailChimp_WooCommerce_Single_Product starts in 5 seconds :: obj_id 22976
2021-02-10T05:42:06+00:00 NOTICE action_scheduler.queue_job :: MailChimp_WooCommerce_Single_Order starts in 90 seconds :: obj_id 23331
2021-02-10T05:42:13+00:00 NOTICE product_submit.success :: updateStoreProduct :: #23252
2021-02-10T05:42:19+00:00 NOTICE product_submit.success :: updateStoreProduct :: #22976
2021-02-10T05:42:52+00:00 NOTICE debug :: Order ID 23331 was pending and is now processing :: Array
(
    [new_order] => 1
    [tracking] => Array
        (
            [campaign_id] => 
            [landing_site] => https://warmwishesflorist.com/?gclid=Cj0KCQiAgomBBhDXARIsAFNyUqNonwT6cI___QD5BJgupwH2M9LSY959iljcIgbFh5DeOsM7VahGDmEaArC2EALw_wcB
        )

)

2021-02-10T05:44:58+00:00 NOTICE order.member.updated :: Updated ariel1029@hotmail.com subscriber status to transactional and language to en
2021-02-10T05:44:58+00:00 NOTICE order_submit.success :: addStoreOrder :: #23331 :: email: ariel1029@hotmail.com :: landing site https://warmwishesflorist.com/?gclid=Cj0KCQiAgomBBhDXARIsAFNyUqNonwT6cI___QD5BJgupwH2M9LSY959iljcIgbFh5DeOsM7VahGDmEaArC2EALw_wcB :: abandoned cart deleted [f8c73cf0f2847e209034c96240ed97e7]
2021-02-10T06:06:49+00:00 NOTICE action_scheduler.queue_job :: MailChimp_WooCommerce_Cart_Update queued :: obj_id c0e0ec2fb4a2aea25a8db005539bc199
2021-02-10T06:07:28+00:00 NOTICE abandoned_cart.success :: email: leongqijie@hotmail.com :: checkout_url: https://warmwishesflorist.com/checkout/?mc_cart_id=c0e0ec2fb4a2aea25a8db005539bc199
2021-02-10T06:07:29+00:00 NOTICE cart.member.updated :: Updated leongqijie@hotmail.com subscriber status to subscribed and language to en
2021-02-10T06:07:47+00:00 NOTICE action_scheduler.queue_job :: MailChimp_WooCommerce_User_Submit queued :: obj_id 39
2021-02-10T06:11:52+00:00 NOTICE action_scheduler.queue_job :: MailChimp_WooCommerce_Cart_Update queued :: obj_id c0e0ec2fb4a2aea25a8db005539bc199
2021-02-10T06:12:11+00:00 NOTICE member.sync :: Updated Member leongqijie@hotmail.com ( merge fields only ) :: Array
(
    [merge_fields] => Array
        (
            [FNAME] => Qi Jie
            [LNAME] => Leong
        )

)

2021-02-10T06:12:12+00:00 NOTICE abandoned_cart.success :: email: leongqijie@hotmail.com :: checkout_url: https://warmwishesflorist.com/checkout/?mc_cart_id=c0e0ec2fb4a2aea25a8db005539bc199
2021-02-10T06:14:38+00:00 NOTICE ac.cart_swap :: Deleted cart [leongqijie@hotmail.com] :: ID [c0e0ec2fb4a2aea25a8db005539bc199]
2021-02-10T06:14:39+00:00 NOTICE action_scheduler.queue_job :: MailChimp_WooCommerce_Cart_Update queued :: obj_id 88c0a970a6948d6dd1fc72a635836196
2021-02-10T06:14:43+00:00 NOTICE action_scheduler.queue_job :: MailChimp_WooCommerce_User_Submit queued :: obj_id 39
2021-02-10T06:14:43+00:00 NOTICE action_scheduler.queue_job :: MailChimp_WooCommerce_Single_Order starts in 90 seconds :: obj_id 23332
2021-02-10T06:14:44+00:00 NOTICE abandoned_cart.success :: email: qijie@silverboundaries.com :: checkout_url: https://warmwishesflorist.com/checkout/?mc_cart_id=88c0a970a6948d6dd1fc72a635836196
2021-02-10T06:14:45+00:00 NOTICE cart.member.updated :: Updated qijie@silverboundaries.com subscriber status to subscribed and language to en
2021-02-10T06:14:47+00:00 NOTICE member.sync :: Updated Member leongqijie@hotmail.com ( merge fields only ) :: Array
(
    [merge_fields] => Array
        (
            [FNAME] => Qi Jie
            [LNAME] => Leong
        )

)

2021-02-10T06:15:50+00:00 NOTICE debug :: Order ID 23332 was pending and is now processing :: Array
(
    [new_order] => 1
    [tracking] => Array
        (
            [campaign_id] => 
            [landing_site] => https://warmwishesflorist.com/
        )

)

2021-02-10T06:25:05+00:00 NOTICE order.member.updated :: Updated qijie@silverboundaries.com subscriber status to subscribed and language to en
2021-02-10T06:25:05+00:00 NOTICE order_submit.success :: addStoreOrder :: #23332 :: email: qijie@silverboundaries.com :: landing site https://warmwishesflorist.com/ :: abandoned cart deleted [88c0a970a6948d6dd1fc72a635836196]
2021-02-10T07:05:36+00:00 NOTICE action_scheduler.queue_job :: MailChimp_WooCommerce_Cart_Update queued :: obj_id 3b4bd321df38560ea5102cc3c487de62
2021-02-10T07:05:41+00:00 NOTICE action_scheduler.queue_job :: MailChimp_WooCommerce_User_Submit queued :: obj_id 11535
2021-02-10T07:05:47+00:00 NOTICE member.sync :: Updated Member mofoboi@gmail.com ( merge fields only ) :: Array
(
    [merge_fields] => Array
        (
        )

)

2021-02-10T07:05:53+00:00 NOTICE abandoned_cart.success :: email: mofoboi@gmail.com :: checkout_url: https://warmwishesflorist.com/checkout/?mc_cart_id=3b4bd321df38560ea5102cc3c487de62
2021-02-10T07:05:53+00:00 NOTICE cart.member.updated :: Updated mofoboi@gmail.com subscriber status to subscribed and language to en
2021-02-10T07:06:24+00:00 NOTICE action_scheduler.queue_job :: MailChimp_WooCommerce_Cart_Update queued :: obj_id 3b4bd321df38560ea5102cc3c487de62
2021-02-10T07:07:11+00:00 NOTICE abandoned_cart.success :: email: mofoboi@gmail.com :: checkout_url: https://warmwishesflorist.com/checkout/?mc_cart_id=3b4bd321df38560ea5102cc3c487de62
2021-02-10T07:07:31+00:00 NOTICE action_scheduler.queue_job :: MailChimp_WooCommerce_Cart_Update queued :: obj_id 3b4bd321df38560ea5102cc3c487de62
2021-02-10T07:08:42+00:00 NOTICE abandoned_cart.success :: email: mofoboi@gmail.com :: checkout_url: https://warmwishesflorist.com/checkout/?mc_cart_id=3b4bd321df38560ea5102cc3c487de62
2021-02-10T07:12:48+00:00 NOTICE action_scheduler.queue_job :: MailChimp_WooCommerce_User_Submit queued :: obj_id 11535
2021-02-10T07:12:48+00:00 NOTICE action_scheduler.queue_job :: MailChimp_WooCommerce_Single_Order starts in 90 seconds :: obj_id 23333
2021-02-10T07:13:02+00:00 NOTICE action_scheduler.queue_job :: MailChimp_WooCommerce_Cart_Update queued :: obj_id 3b4bd321df38560ea5102cc3c487de62
2021-02-10T07:13:09+00:00 NOTICE member.sync :: Updated Member mofoboi@gmail.com ( merge fields only ) :: Array
(
    [merge_fields] => Array
        (
            [FNAME] => Yan San
            [LNAME] => Sim
        )

)

2021-02-10T07:13:11+00:00 NOTICE abandoned_cart.success :: email: mofoboi@gmail.com :: checkout_url: https://warmwishesflorist.com/checkout/?mc_cart_id=3b4bd321df38560ea5102cc3c487de62
2021-02-10T07:15:19+00:00 NOTICE order_sumbit :: #23333 has a financial status of pending and was skipped.
2021-02-10T07:15:21+00:00 NOTICE action_scheduler.queue_job :: MailChimp_WooCommerce_User_Submit queued :: obj_id 11535
2021-02-10T07:15:21+00:00 NOTICE action_scheduler.queue_job :: MailChimp_WooCommerce_Single_Order starts in 90 seconds :: obj_id 23334
2021-02-10T07:15:26+00:00 NOTICE member.sync :: Updated Member mofoboi@gmail.com ( merge fields only ) :: Array
(
    [merge_fields] => Array
        (
            [FNAME] => Yan San
            [LNAME] => Sim
        )

)

2021-02-10T07:15:35+00:00 NOTICE action_scheduler.queue_job :: MailChimp_WooCommerce_Single_Product starts in 5 seconds :: obj_id 23047
2021-02-10T07:16:22+00:00 NOTICE debug :: Order ID 23334 was pending and is now processing :: Array
(
    [new_order] => 1
    [tracking] => Array
        (
            [campaign_id] => 
            [landing_site] => https://warmwishesflorist.com/?wc-ajax=update_order_review
        )

)

2021-02-10T07:16:22+00:00 NOTICE action_scheduler.queue_job :: MailChimp_WooCommerce_User_Submit queued :: obj_id 11535
2021-02-10T07:17:49+00:00 NOTICE product_submit.success :: updateStoreProduct :: #23047
2021-02-10T07:17:51+00:00 NOTICE member.sync :: Updated Member mofoboi@gmail.com ( merge fields only ) :: Array
(
    [merge_fields] => Array
        (
            [FNAME] => Yan San
            [LNAME] => Sim
        )

)

2021-02-10T07:17:57+00:00 NOTICE order.member.updated :: Updated mofoboi@gmail.com subscriber status to subscribed and language to en
2021-02-10T07:17:57+00:00 NOTICE order_submit.success :: addStoreOrder :: #23334 :: email: mofoboi@gmail.com :: landing site https://warmwishesflorist.com/?wc-ajax=update_order_review :: abandoned cart deleted [3b4bd321df38560ea5102cc3c487de62]
2021-02-10T08:06:12+00:00 NOTICE action_scheduler.queue_job :: MailChimp_WooCommerce_Cart_Update queued :: obj_id 1748b4bea1364c7c320e64fda23a09ec
2021-02-10T08:06:15+00:00 NOTICE abandoned_cart.success :: email: vincentcheng96@gmail.com :: checkout_url: https://warmwishesflorist.com/checkout/?mc_cart_id=1748b4bea1364c7c320e64fda23a09ec
2021-02-10T08:06:15+00:00 NOTICE cart.member.updated :: Updated vincentcheng96@gmail.com subscriber status to subscribed and language to en
2021-02-10T08:07:01+00:00 NOTICE action_scheduler.queue_job :: MailChimp_WooCommerce_Cart_Update queued :: obj_id 1748b4bea1364c7c320e64fda23a09ec
2021-02-10T08:07:23+00:00 NOTICE abandoned_cart.success :: email: vincentcheng96@gmail.com :: checkout_url: https://warmwishesflorist.com/checkout/?mc_cart_id=1748b4bea1364c7c320e64fda23a09ec
2021-02-10T08:10:01+00:00 NOTICE action_scheduler.queue_job :: MailChimp_WooCommerce_User_Submit queued :: obj_id 11313
2021-02-10T08:10:54+00:00 NOTICE action_scheduler.queue_job :: MailChimp_WooCommerce_Cart_Update queued :: obj_id 1748b4bea1364c7c320e64fda23a09ec
2021-02-10T08:10:57+00:00 NOTICE member.sync :: Updated Member vincentcheng96@gmail.com ( merge fields only ) :: Array
(
    [merge_fields] => Array
        (
        )

)

2021-02-10T08:10:59+00:00 NOTICE abandoned_cart.success :: email: vincentcheng96@gmail.com :: checkout_url: https://warmwishesflorist.com/checkout/?mc_cart_id=1748b4bea1364c7c320e64fda23a09ec
2021-02-10T08:11:13+00:00 NOTICE action_scheduler.queue_job :: MailChimp_WooCommerce_Cart_Update queued :: obj_id 1748b4bea1364c7c320e64fda23a09ec
2021-02-10T08:12:53+00:00 NOTICE action_scheduler.queue_job :: MailChimp_WooCommerce_Single_Order starts in 90 seconds :: obj_id 23335
2021-02-10T08:14:03+00:00 NOTICE debug :: Order ID 23335 was pending and is now processing :: Array
(
    [new_order] => 1
    [tracking] => Array
        (
            [campaign_id] => 
            [landing_site] => https://warmwishesflorist.com/?wc-api=WC_Molpay_Gateway
        )

)

2021-02-10T08:31:08+00:00 NOTICE order.member.updated :: Updated vincentcheng96@gmail.com subscriber status to subscribed and language to en
2021-02-10T08:31:08+00:00 NOTICE order_submit.success :: addStoreOrder :: #23335 :: email: vincentcheng96@gmail.com :: landing site https://warmwishesflorist.com/?wc-ajax=get_refreshed_fragments
2021-02-10T08:31:10+00:00 NOTICE abandoned_cart.success :: email: vincentcheng96@gmail.com :: checkout_url: https://warmwishesflorist.com/checkout/?mc_cart_id=1748b4bea1364c7c320e64fda23a09ec
2021-02-10T09:21:45+00:00 NOTICE action_scheduler.queue_job :: MailChimp_WooCommerce_Cart_Update queued :: obj_id 33643bb8e12127747929d0585a3987b6
2021-02-10T09:22:05+00:00 NOTICE abandoned_cart.success :: email: hongqingpua.2001@gmail.com :: checkout_url: https://warmwishesflorist.com/checkout/?mc_cart_id=33643bb8e12127747929d0585a3987b6
2021-02-10T09:22:06+00:00 NOTICE cart.member.updated :: Updated hongqingpua.2001@gmail.com subscriber status to subscribed and language to en
2021-02-10T09:28:42+00:00 NOTICE action_scheduler.queue_job :: MailChimp_WooCommerce_Single_Order starts in 90 seconds :: obj_id 23336
2021-02-10T09:30:24+00:00 NOTICE debug :: Order ID 23336 was pending and is now processing :: Array
(
    [new_order] => 1
    [tracking] => Array
        (
            [campaign_id] => 
            [landing_site] => https://warmwishesflorist.com/?wc-api=WC_Molpay_Gateway
        )

)

2021-02-10T09:37:29+00:00 NOTICE order.member.updated :: Updated hongqingpua.2001@gmail.com subscriber status to subscribed and language to en
2021-02-10T09:37:29+00:00 NOTICE order_submit.success :: addStoreOrder :: #23336 :: email: hongqingpua.2001@gmail.com :: landing site https://warmwishesflorist.com/ :: abandoned cart deleted [33643bb8e12127747929d0585a3987b6]
2021-02-10T09:53:43+00:00 NOTICE action_scheduler.queue_job :: MailChimp_WooCommerce_Single_Product starts in 5 seconds :: obj_id 23337
2021-02-10T09:54:12+00:00 NOTICE product_submit.success :: addStoreProduct :: #23337
2021-02-10T10:23:07+00:00 NOTICE action_scheduler.queue_job :: MailChimp_WooCommerce_Single_Product starts in 5 seconds :: obj_id 23138
2021-02-10T10:23:35+00:00 NOTICE product_submit.success :: updateStoreProduct :: #23138
2021-02-10T10:23:57+00:00 NOTICE action_scheduler.queue_job :: MailChimp_WooCommerce_Single_Product starts in 5 seconds :: obj_id 23116
2021-02-10T10:24:42+00:00 NOTICE product_submit.success :: updateStoreProduct :: #23116
2021-02-10T10:24:45+00:00 NOTICE action_scheduler.queue_job :: MailChimp_WooCommerce_Single_Product starts in 5 seconds :: obj_id 23042
2021-02-10T10:25:45+00:00 NOTICE product_submit.success :: updateStoreProduct :: #23042
2021-02-10T10:25:53+00:00 NOTICE action_scheduler.queue_job :: MailChimp_WooCommerce_Single_Product starts in 5 seconds :: obj_id 22940
2021-02-10T10:26:43+00:00 NOTICE action_scheduler.queue_job :: MailChimp_WooCommerce_Single_Product starts in 5 seconds :: obj_id 23318
2021-02-10T10:26:50+00:00 NOTICE product_submit.success :: updateStoreProduct :: #23318
2021-02-10T10:26:51+00:00 NOTICE product_submit.success :: updateStoreProduct :: #22940
2021-02-10T10:27:25+00:00 NOTICE action_scheduler.queue_job :: MailChimp_WooCommerce_Single_Product starts in 5 seconds :: obj_id 22922
2021-02-10T10:27:51+00:00 NOTICE product_submit.success :: updateStoreProduct :: #22922
2021-02-10T10:28:08+00:00 NOTICE action_scheduler.queue_job :: MailChimp_WooCommerce_Single_Product starts in 5 seconds :: obj_id 23178
2021-02-10T10:28:49+00:00 NOTICE action_scheduler.queue_job :: MailChimp_WooCommerce_Single_Product starts in 5 seconds :: obj_id 23177
2021-02-10T10:28:56+00:00 NOTICE product_submit.success :: updateStoreProduct :: #23178
2021-02-10T10:28:57+00:00 NOTICE product_submit.success :: updateStoreProduct :: #23177
2021-02-10T10:29:39+00:00 NOTICE action_scheduler.queue_job :: MailChimp_WooCommerce_Single_Product starts in 5 seconds :: obj_id 23170
2021-02-10T10:29:56+00:00 NOTICE product_submit.success :: updateStoreProduct :: #23170
2021-02-10T10:30:00+00:00 NOTICE action_scheduler.queue_job :: MailChimp_WooCommerce_Single_Product starts in 5 seconds :: obj_id 23169
2021-02-10T10:30:26+00:00 NOTICE action_scheduler.queue_job :: MailChimp_WooCommerce_Single_Product starts in 5 seconds :: obj_id 23167
2021-02-10T10:30:58+00:00 NOTICE product_submit.success :: updateStoreProduct :: #23169
2021-02-10T10:30:59+00:00 NOTICE product_submit.success :: updateStoreProduct :: #23167
2021-02-10T10:31:02+00:00 NOTICE action_scheduler.queue_job :: MailChimp_WooCommerce_Single_Product starts in 5 seconds :: obj_id 23199
2021-02-10T10:31:09+00:00 NOTICE product_submit.success :: updateStoreProduct :: #23199
2021-02-10T10:31:46+00:00 NOTICE action_scheduler.queue_job :: MailChimp_WooCommerce_Single_Product starts in 5 seconds :: obj_id 23194
2021-02-10T10:32:01+00:00 NOTICE product_submit.success :: updateStoreProduct :: #23194
2021-02-10T10:32:09+00:00 NOTICE action_scheduler.queue_job :: MailChimp_WooCommerce_Single_Product starts in 5 seconds :: obj_id 23188
2021-02-10T10:32:45+00:00 NOTICE action_scheduler.queue_job :: MailChimp_WooCommerce_Single_Product starts in 5 seconds :: obj_id 23187
2021-02-10T10:33:04+00:00 NOTICE product_submit.success :: updateStoreProduct :: #23187
2021-02-10T10:33:05+00:00 NOTICE product_submit.success :: updateStoreProduct :: #23188
2021-02-10T10:33:09+00:00 NOTICE action_scheduler.queue_job :: MailChimp_WooCommerce_Single_Product starts in 5 seconds :: obj_id 23185
2021-02-10T10:34:17+00:00 NOTICE product_submit.success :: updateStoreProduct :: #23185
2021-02-10T10:57:56+00:00 NOTICE action_scheduler.queue_job :: MailChimp_WooCommerce_Cart_Update queued :: obj_id 1b1e149fedb0430ef0fd317b12dc2d00
2021-02-10T10:57:57+00:00 NOTICE action_scheduler.queue_job :: MailChimp_WooCommerce_User_Submit queued :: obj_id 11536
2021-02-10T10:59:15+00:00 NOTICE member.sync :: Subscribed Member dethpatrol@gmail.com :: Array
(
    [status_if_new] => 1
    [merge_fields] => Array
        (
        )

)

2021-02-10T10:59:16+00:00 NOTICE abandoned_cart.success :: email: dethpatrol@gmail.com :: checkout_url: https://warmwishesflorist.com/checkout/?mc_cart_id=1b1e149fedb0430ef0fd317b12dc2d00
2021-02-10T10:59:16+00:00 NOTICE cart.member.updated :: Updated dethpatrol@gmail.com subscriber status to subscribed and language to en
2021-02-10T10:59:34+00:00 NOTICE action_scheduler.queue_job :: MailChimp_WooCommerce_User_Submit queued :: obj_id 11536
2021-02-10T11:01:06+00:00 NOTICE member.sync :: Updated Member dethpatrol@gmail.com ( merge fields only ) :: Array
(
    [merge_fields] => Array
        (
        )

)

2021-02-10T11:01:08+00:00 NOTICE action_scheduler.queue_job :: MailChimp_WooCommerce_User_Submit queued :: obj_id 11536
2021-02-10T11:01:15+00:00 NOTICE member.sync :: Updated Member dethpatrol@gmail.com ( merge fields only ) :: Array
(
    [merge_fields] => Array
        (
            [FNAME] => Ching Leong
            [LNAME] => Thong
        )

)

2021-02-10T13:45:53+00:00 NOTICE action_scheduler.queue_job :: MailChimp_WooCommerce_Single_Order starts in 90 seconds :: obj_id 23305
2021-02-10T13:45:54+00:00 NOTICE debug :: Order ID 23305 was processing and is now completed :: Array
(
    [new_order] => 
    [tracking] => 
)

2021-02-10T13:46:00+00:00 NOTICE action_scheduler.queue_job :: MailChimp_WooCommerce_Single_Order starts in 90 seconds :: obj_id 23306
2021-02-10T13:46:01+00:00 NOTICE debug :: Order ID 23306 was processing and is now completed :: Array
(
    [new_order] => 
    [tracking] => 
)

2021-02-10T13:46:12+00:00 NOTICE action_scheduler.queue_job :: MailChimp_WooCommerce_Single_Order starts in 90 seconds :: obj_id 23308
2021-02-10T13:46:13+00:00 NOTICE debug :: Order ID 23308 was processing and is now completed :: Array
(
    [new_order] => 
    [tracking] => 
)

2021-02-10T13:47:38+00:00 NOTICE action_scheduler.queue_job :: MailChimp_WooCommerce_Single_Order starts in 90 seconds :: obj_id 23310
2021-02-10T13:47:38+00:00 NOTICE debug :: Order ID 23310 was processing and is now completed :: Array
(
    [new_order] => 
    [tracking] => 
)

2021-02-10T13:47:45+00:00 NOTICE order.member.updated :: Updated alagu611@gmail.com subscriber status to subscribed and language to 
2021-02-10T13:47:45+00:00 NOTICE order_submit.success :: updateStoreOrder :: #23305 :: email: alagu611@gmail.com
2021-02-10T13:47:50+00:00 NOTICE order.member.updated :: Updated keith_chew@hotmail.com subscriber status to transactional and language to 
2021-02-10T13:47:50+00:00 NOTICE order_submit.success :: updateStoreOrder :: #23306 :: email: keith_chew@hotmail.com
2021-02-10T13:47:53+00:00 NOTICE order.member.updated :: Updated choonheng507@gmail.com subscriber status to subscribed and language to 
2021-02-10T13:47:53+00:00 NOTICE order_submit.success :: updateStoreOrder :: #23308 :: email: choonheng507@gmail.com
2021-02-10T13:50:02+00:00 NOTICE order.member.updated :: Updated nickedh91@gmail.com subscriber status to subscribed and language to 
2021-02-10T13:50:02+00:00 NOTICE order_submit.success :: updateStoreOrder :: #23310 :: email: nickedh91@gmail.com
2021-02-10T13:55:42+00:00 NOTICE action_scheduler.queue_job :: MailChimp_WooCommerce_Single_Order starts in 90 seconds :: obj_id 23311
2021-02-10T13:55:43+00:00 NOTICE debug :: Order ID 23311 was processing and is now completed :: Array
(
    [new_order] => 
    [tracking] => 
)

2021-02-10T13:55:48+00:00 NOTICE action_scheduler.queue_job :: MailChimp_WooCommerce_Single_Order starts in 90 seconds :: obj_id 23312
2021-02-10T13:55:48+00:00 NOTICE debug :: Order ID 23312 was processing and is now completed :: Array
(
    [new_order] => 
    [tracking] => 
)

2021-02-10T13:55:53+00:00 NOTICE action_scheduler.queue_job :: MailChimp_WooCommerce_Single_Order starts in 90 seconds :: obj_id 23313
2021-02-10T13:55:54+00:00 NOTICE debug :: Order ID 23313 was processing and is now completed :: Array
(
    [new_order] => 
    [tracking] => 
)

2021-02-10T13:56:12+00:00 NOTICE action_scheduler.queue_job :: MailChimp_WooCommerce_Single_Order starts in 90 seconds :: obj_id 23319
2021-02-10T13:56:13+00:00 NOTICE debug :: Order ID 23319 was processing and is now completed :: Array
(
    [new_order] => 
    [tracking] => 
)

2021-02-10T13:56:20+00:00 NOTICE action_scheduler.queue_job :: MailChimp_WooCommerce_Single_Order starts in 90 seconds :: obj_id 23320
2021-02-10T13:56:21+00:00 NOTICE debug :: Order ID 23320 was processing and is now completed :: Array
(
    [new_order] => 
    [tracking] => 
)

2021-02-10T13:56:27+00:00 NOTICE action_scheduler.queue_job :: MailChimp_WooCommerce_Single_Order starts in 90 seconds :: obj_id 23321
2021-02-10T13:56:28+00:00 NOTICE debug :: Order ID 23321 was processing and is now completed :: Array
(
    [new_order] => 
    [tracking] => 
)

2021-02-10T13:57:14+00:00 NOTICE action_scheduler.queue_job :: MailChimp_WooCommerce_Single_Order starts in 90 seconds :: obj_id 23325
2021-02-10T13:57:15+00:00 NOTICE debug :: Order ID 23325 was processing and is now completed :: Array
(
    [new_order] => 
    [tracking] => 
)

2021-02-10T13:57:20+00:00 NOTICE action_scheduler.queue_job :: MailChimp_WooCommerce_Single_Order starts in 90 seconds :: obj_id 23326
2021-02-10T13:57:21+00:00 NOTICE debug :: Order ID 23326 was processing and is now completed :: Array
(
    [new_order] => 
    [tracking] => 
)

2021-02-10T13:58:49+00:00 NOTICE action_scheduler.queue_job :: MailChimp_WooCommerce_Cart_Update queued :: obj_id 9a3da73fe2b9a1eaf536910bdc9b15bd
2021-02-10T13:58:51+00:00 NOTICE order.member.updated :: Updated irwinyong@gmail.com subscriber status to transactional and language to 
2021-02-10T13:58:51+00:00 NOTICE order_submit.success :: updateStoreOrder :: #23311 :: email: irwinyong@gmail.com
2021-02-10T13:58:55+00:00 NOTICE order.member.updated :: Updated nicholasshe1991@rocketmail.com subscriber status to subscribed and language to 
2021-02-10T13:58:55+00:00 NOTICE order_submit.success :: updateStoreOrder :: #23312 :: email: nicholasshe1991@rocketmail.com :: abandoned cart deleted [ffd8c9bde70749f6618982c42fe4acb0]
2021-02-10T13:59:00+00:00 NOTICE order.member.updated :: Updated heymah.chaloraju@gmail.com subscriber status to subscribed and language to 
2021-02-10T13:59:00+00:00 NOTICE order_submit.success :: updateStoreOrder :: #23313 :: email: heymah.chaloraju@gmail.com
2021-02-10T13:59:05+00:00 NOTICE order.member.updated :: Updated darrenleongtk@gmail.com subscriber status to subscribed and language to 
2021-02-10T13:59:05+00:00 NOTICE order_submit.success :: updateStoreOrder :: #23319 :: email: darrenleongtk@gmail.com
2021-02-10T13:59:14+00:00 NOTICE action_scheduler.queue_job :: MailChimp_WooCommerce_Cart_Update queued :: obj_id 9a3da73fe2b9a1eaf536910bdc9b15bd
2021-02-10T13:59:15+00:00 NOTICE abandoned_cart.success :: email: edwardchamm@gmail.com :: checkout_url: https://warmwishesflorist.com/checkout/?mc_cart_id=9a3da73fe2b9a1eaf536910bdc9b15bd
2021-02-10T13:59:16+00:00 NOTICE cart.member.updated :: Updated edwardchamm@gmail.com subscriber status to subscribed and language to en
2021-02-10T13:59:19+00:00 NOTICE order.member.updated :: Updated t.kailun@hotmail.com subscriber status to transactional and language to 
2021-02-10T13:59:19+00:00 NOTICE order_submit.success :: updateStoreOrder :: #23326 :: email: t.kailun@hotmail.com
2021-02-10T13:59:20+00:00 NOTICE action_scheduler.queue_job :: MailChimp_WooCommerce_User_Submit queued :: obj_id 11537
2021-02-10T13:59:23+00:00 NOTICE order.member.updated :: Updated weistudio@gmail.com subscriber status to transactional and language to 
2021-02-10T13:59:23+00:00 NOTICE order_submit.success :: updateStoreOrder :: #23321 :: email: weistudio@gmail.com
2021-02-10T13:59:28+00:00 NOTICE order.member.updated :: Updated limzhenyil@hotmail.com subscriber status to subscribed and language to 
2021-02-10T13:59:28+00:00 NOTICE order_submit.success :: updateStoreOrder :: #23325 :: email: limzhenyil@hotmail.com
2021-02-10T13:59:32+00:00 NOTICE order.member.updated :: Updated jonathan_goh95@hotmail.com subscriber status to transactional and language to 
2021-02-10T13:59:32+00:00 NOTICE order_submit.success :: updateStoreOrder :: #23320 :: email: jonathan_goh95@hotmail.com
2021-02-10T13:59:33+00:00 NOTICE member.sync :: Updated Member edwardchamm@gmail.com ( merge fields only ) :: Array
(
    [merge_fields] => Array
        (
        )

)

2021-02-10T13:59:35+00:00 NOTICE abandoned_cart.success :: email: edwardchamm@gmail.com :: checkout_url: https://warmwishesflorist.com/checkout/?mc_cart_id=9a3da73fe2b9a1eaf536910bdc9b15bd
2021-02-10T14:04:47+00:00 NOTICE action_scheduler.queue_job :: MailChimp_WooCommerce_Single_Order starts in 90 seconds :: obj_id 23328
2021-02-10T14:04:48+00:00 NOTICE debug :: Order ID 23328 was processing and is now completed :: Array
(
    [new_order] => 
    [tracking] => 
)

2021-02-10T14:04:55+00:00 NOTICE action_scheduler.queue_job :: MailChimp_WooCommerce_Single_Order starts in 90 seconds :: obj_id 23329
2021-02-10T14:04:55+00:00 NOTICE debug :: Order ID 23329 was processing and is now completed :: Array
(
    [new_order] => 
    [tracking] => 
)

2021-02-10T14:06:42+00:00 NOTICE order.member.updated :: Updated chungchunlim@yahoo.com.sg subscriber status to subscribed and language to 
2021-02-10T14:06:42+00:00 NOTICE order_submit.success :: updateStoreOrder :: #23328 :: email: chungchunlim@yahoo.com.sg
2021-02-10T14:06:46+00:00 NOTICE order.member.updated :: Updated noobmaster91@hotmail.com subscriber status to subscribed and language to 
2021-02-10T14:06:46+00:00 NOTICE order_submit.success :: updateStoreOrder :: #23329 :: email: noobmaster91@hotmail.com
2021-02-10T14:10:47+00:00 NOTICE action_scheduler.queue_job :: MailChimp_WooCommerce_Single_Order starts in 90 seconds :: obj_id 23327
2021-02-10T14:10:48+00:00 NOTICE debug :: Order ID 23327 was processing and is now completed :: Array
(
    [new_order] => 
    [tracking] => 
)

2021-02-10T14:10:55+00:00 NOTICE action_scheduler.queue_job :: MailChimp_WooCommerce_Single_Order starts in 90 seconds :: obj_id 23330
2021-02-10T14:10:56+00:00 NOTICE debug :: Order ID 23330 was processing and is now completed :: Array
(
    [new_order] => 
    [tracking] => 
)

2021-02-10T14:12:14+00:00 NOTICE action_scheduler.queue_job :: MailChimp_WooCommerce_User_Submit queued :: obj_id 11538
2021-02-10T14:12:28+00:00 NOTICE member.sync :: Subscribed Member accsmarket.net@gmaildot.com :: Array
(
    [status_if_new] => 1
    [merge_fields] => Array
        (
        )

)

2021-02-10T14:12:32+00:00 NOTICE order.member.updated :: Updated jasonchoo903@gmail.com subscriber status to transactional and language to 
2021-02-10T14:12:32+00:00 NOTICE order_submit.success :: updateStoreOrder :: #23330 :: email: jasonchoo903@gmail.com
2021-02-10T14:12:36+00:00 NOTICE order.member.updated :: Updated kit.hklee@outlook.con subscriber status to subscribed and language to 
2021-02-10T14:12:36+00:00 NOTICE order_submit.success :: updateStoreOrder :: #23327 :: email: kit.hklee@outlook.con
2021-02-10T14:22:57+00:00 NOTICE action_scheduler.queue_job :: MailChimp_WooCommerce_Single_Order starts in 90 seconds :: obj_id 23331
2021-02-10T14:22:58+00:00 NOTICE debug :: Order ID 23331 was processing and is now completed :: Array
(
    [new_order] => 
    [tracking] => 
)

2021-02-10T14:23:03+00:00 NOTICE action_scheduler.queue_job :: MailChimp_WooCommerce_Single_Order starts in 90 seconds :: obj_id 23332
2021-02-10T14:23:04+00:00 NOTICE debug :: Order ID 23332 was processing and is now completed :: Array
(
    [new_order] => 
    [tracking] => 
)

2021-02-10T14:23:08+00:00 NOTICE action_scheduler.queue_job :: MailChimp_WooCommerce_Single_Order starts in 90 seconds :: obj_id 23334
2021-02-10T14:23:09+00:00 NOTICE debug :: Order ID 23334 was processing and is now completed :: Array
(
    [new_order] => 
    [tracking] => 
)

2021-02-10T14:23:14+00:00 NOTICE action_scheduler.queue_job :: MailChimp_WooCommerce_Single_Order starts in 90 seconds :: obj_id 23335
2021-02-10T14:23:14+00:00 NOTICE debug :: Order ID 23335 was processing and is now completed :: Array
(
    [new_order] => 
    [tracking] => 
)

2021-02-10T14:23:24+00:00 NOTICE action_scheduler.queue_job :: MailChimp_WooCommerce_Single_Order starts in 90 seconds :: obj_id 23336
2021-02-10T14:23:25+00:00 NOTICE debug :: Order ID 23336 was processing and is now completed :: Array
(
    [new_order] => 
    [tracking] => 
)

2021-02-10T14:30:24+00:00 NOTICE order.member.updated :: Updated ariel1029@hotmail.com subscriber status to transactional and language to 
2021-02-10T14:30:24+00:00 NOTICE order_submit.success :: updateStoreOrder :: #23331 :: email: ariel1029@hotmail.com
2021-02-10T14:30:29+00:00 NOTICE order.member.updated :: Updated qijie@silverboundaries.com subscriber status to subscribed and language to 
2021-02-10T14:30:29+00:00 NOTICE order_submit.success :: updateStoreOrder :: #23332 :: email: qijie@silverboundaries.com
2021-02-10T14:30:33+00:00 NOTICE order.member.updated :: Updated mofoboi@gmail.com subscriber status to subscribed and language to 
2021-02-10T14:30:33+00:00 NOTICE order_submit.success :: updateStoreOrder :: #23334 :: email: mofoboi@gmail.com
2021-02-10T14:30:43+00:00 NOTICE order.member.updated :: Updated vincentcheng96@gmail.com subscriber status to subscribed and language to 
2021-02-10T14:30:43+00:00 NOTICE order_submit.success :: updateStoreOrder :: #23335 :: email: vincentcheng96@gmail.com :: abandoned cart deleted [1748b4bea1364c7c320e64fda23a09ec]
2021-02-10T14:30:47+00:00 NOTICE order.member.updated :: Updated hongqingpua.2001@gmail.com subscriber status to subscribed and language to 
2021-02-10T14:30:47+00:00 NOTICE order_submit.success :: updateStoreOrder :: #23336 :: email: hongqingpua.2001@gmail.com
2021-02-10T16:45:29+00:00 NOTICE action_scheduler.queue_job :: MailChimp_WooCommerce_Cart_Update queued :: obj_id c20cd623abe1bda8a20f2e71184dfef6
2021-02-10T16:45:31+00:00 NOTICE action_scheduler.queue_job :: MailChimp_WooCommerce_User_Submit queued :: obj_id 11539
2021-02-10T16:45:35+00:00 NOTICE abandoned_cart.success :: email: ryantan7899@gmail.com :: checkout_url: https://warmwishesflorist.com/checkout/?mc_cart_id=c20cd623abe1bda8a20f2e71184dfef6
2021-02-10T16:45:36+00:00 NOTICE cart.member.updated :: Updated ryantan7899@gmail.com subscriber status to transactional and language to en
2021-02-10T16:45:38+00:00 NOTICE member.sync :: Updated Member ryantan7899@gmail.com :: Array
(
    [previous_status] => transactional
    [status] => 1
    [merge_fields] => Array
        (
        )

)

2021-02-10T17:33:13+00:00 NOTICE action_scheduler.queue_job :: MailChimp_WooCommerce_User_Submit queued :: obj_id 11540
2021-02-10T17:33:58+00:00 NOTICE member.sync :: Subscribed Member nesterovoolegg@gmail.com :: Array
(
    [status_if_new] => 1
    [merge_fields] => Array
        (
        )

)

2021-02-10T19:26:17+00:00 NOTICE action_scheduler.queue_job :: MailChimp_WooCommerce_User_Submit queued :: obj_id 11541
2021-02-10T20:01:06+00:00 NOTICE member.sync :: smsuhka@mail.ru has signed up to a lot of lists very recently; we're not allowing more signups for now
2021-02-10T20:15:40+00:00 NOTICE action_scheduler.queue_job :: MailChimp_WooCommerce_Cart_Update queued :: obj_id 537481abf3a51f0482dad1c177548c73
2021-02-10T20:15:43+00:00 NOTICE abandoned_cart.success :: email: fabianhunziker@yahoo.de :: checkout_url: https://warmwishesflorist.com/checkout/?mc_cart_id=537481abf3a51f0482dad1c177548c73
2021-02-10T20:15:44+00:00 NOTICE cart.member.updated :: Updated fabianhunziker@yahoo.de subscriber status to transactional and language to en
2021-02-10T20:18:50+00:00 NOTICE action_scheduler.queue_job :: MailChimp_WooCommerce_Single_Order starts in 90 seconds :: obj_id 23348
2021-02-10T20:21:18+00:00 NOTICE debug :: Order ID 23348 was pending and is now processing :: Array
(
    [new_order] => 1
    [tracking] => Array
        (
            [campaign_id] => 
            [landing_site] => https://warmwishesflorist.com/
        )

)

2021-02-10T21:01:10+00:00 NOTICE order.member.updated :: Updated fabianhunziker@yahoo.de subscriber status to transactional and language to en
2021-02-10T21:01:10+00:00 NOTICE order_submit.success :: addStoreOrder :: #23348 :: email: fabianhunziker@yahoo.de :: landing site https://warmwishesflorist.com/ :: abandoned cart deleted [537481abf3a51f0482dad1c177548c73]
