2021-02-22T01:04:21+00:00 NOTICE action_scheduler.queue_job :: MailChimp_WooCommerce_User_Submit queued :: obj_id 12131
2021-02-22T01:31:31+00:00 NOTICE member.sync :: Subscribed Member o.s.howi.t.c.z.j.er.emy@gmail.com :: Array
(
    [status_if_new] => 1
    [merge_fields] => Array
        (
        )

)

2021-02-22T05:33:32+00:00 NOTICE action_scheduler.queue_job :: MailChimp_WooCommerce_Cart_Update queued :: obj_id c2a8e0e84d93b6c931f8e49300bc4f40
2021-02-22T05:33:39+00:00 NOTICE action_scheduler.queue_job :: MailChimp_WooCommerce_User_Submit queued :: obj_id 12132
2021-02-22T05:33:58+00:00 NOTICE abandoned_cart.success :: email: engyinl@gmail.com :: checkout_url: https://warmwishesflorist.com/checkout/?mc_cart_id=c2a8e0e84d93b6c931f8e49300bc4f40
2021-02-22T05:33:59+00:00 NOTICE cart.member.updated :: Updated engyinl@gmail.com subscriber status to transactional and language to en
2021-02-22T05:34:00+00:00 NOTICE member.sync :: Updated Member engyinl@gmail.com :: Array
(
    [previous_status] => transactional
    [status] => 1
    [merge_fields] => Array
        (
        )

)

2021-02-22T05:43:39+00:00 NOTICE action_scheduler.queue_job :: MailChimp_WooCommerce_User_Submit queued :: obj_id 12132
2021-02-22T05:43:39+00:00 NOTICE action_scheduler.queue_job :: MailChimp_WooCommerce_Single_Order starts in 90 seconds :: obj_id 23447
2021-02-22T05:44:04+00:00 NOTICE member.sync :: Updated Member engyinl@gmail.com ( merge fields only ) :: Array
(
    [merge_fields] => Array
        (
            [FNAME] => Winnie
        )

)

2021-02-22T05:53:55+00:00 NOTICE order_sumbit :: #23447 has a financial status of pending and was skipped.
2021-02-22T09:43:53+00:00 NOTICE action_scheduler.queue_job :: MailChimp_WooCommerce_Cart_Update queued :: obj_id 9cd605cd836fef679118828f224b87fd
2021-02-22T09:43:56+00:00 NOTICE abandoned_cart.success :: email: gary33ng@gmail.com :: checkout_url: https://warmwishesflorist.com/checkout/?mc_cart_id=9cd605cd836fef679118828f224b87fd
2021-02-22T09:43:57+00:00 NOTICE cart.member.updated :: Updated gary33ng@gmail.com subscriber status to transactional and language to en
2021-02-22T09:44:15+00:00 NOTICE action_scheduler.queue_job :: MailChimp_WooCommerce_User_Submit queued :: obj_id 12133
2021-02-22T09:44:24+00:00 NOTICE member.sync :: Updated Member gary33ng@gmail.com :: Array
(
    [previous_status] => transactional
    [status] => 1
    [merge_fields] => Array
        (
        )

)

2021-02-22T09:45:29+00:00 NOTICE action_scheduler.queue_job :: MailChimp_WooCommerce_Cart_Update queued :: obj_id 9cd605cd836fef679118828f224b87fd
2021-02-22T09:45:33+00:00 NOTICE abandoned_cart.success :: email: gary33ng@gmail.com :: checkout_url: https://warmwishesflorist.com/checkout/?mc_cart_id=9cd605cd836fef679118828f224b87fd
2021-02-22T16:05:39+00:00 NOTICE action_scheduler.queue_job :: MailChimp_WooCommerce_User_Submit queued :: obj_id 12134
2021-02-22T16:24:36+00:00 NOTICE member.sync :: Subscribed Member katerina.210125@gmail.com :: Array
(
    [status_if_new] => 1
    [merge_fields] => Array
        (
        )

)

2021-02-22T20:49:16+00:00 NOTICE action_scheduler.queue_job :: MailChimp_WooCommerce_User_Submit queued :: obj_id 12135
2021-02-22T22:01:10+00:00 NOTICE member.sync :: Subscribed Member sozdansaytkras@seoray.site :: Array
(
    [status_if_new] => 1
    [merge_fields] => Array
        (
        )

)

