2021-09-02T01:45:08+00:00 NOTICE action_scheduler.queue_job :: MailChimp_WooCommerce_Single_Order starts in 90 seconds :: obj_id 24156
2021-09-02T01:45:09+00:00 NOTICE debug :: Order ID 24156 was processing and is now completed :: Array
(
    [new_order] => 
    [tracking] => 
)

2021-09-02T01:47:36+00:00 ERROR order_submit.error :: addStoreOrder :: #24156 :: Error Code 404 :: Resource Not Found :: The requested resource could not be found. on 1858 in /var/www/vhosts/warmwishesflorist.com/httpdocs/wp-content/plugins/mailchimp-for-woocommerce/includes/api/class-mailchimp-api.php
2021-09-02T04:10:35+00:00 NOTICE action_scheduler.queue_job :: MailChimp_WooCommerce_User_Submit queued :: obj_id 15922
2021-09-02T04:10:43+00:00 NOTICE member.sync :: Subscribed Member danth5@sora81.sorataki.in.net :: Array
(
    [status_if_new] => 1
    [merge_fields] => Array
        (
        )

)

2021-09-02T04:56:29+00:00 NOTICE action_scheduler.queue_job :: MailChimp_WooCommerce_Cart_Update queued :: obj_id 4f823340399352b77703a0101b6d4157
2021-09-02T04:56:32+00:00 ERROR abandoned_cart.error :: email: hueykheng@gmail.com :: attempting product update :: Resource Not Found :: The requested resource could not be found.
2021-09-02T04:56:33+00:00 NOTICE product_submit.error :: addStoreProduct :: #22619 :: Error Code 404 :: Resource Not Found :: The requested resource could not be found. on 1858 in /var/www/vhosts/warmwishesflorist.com/httpdocs/wp-content/plugins/mailchimp-for-woocommerce/includes/api/class-mailchimp-api.php
2021-09-02T04:56:33+00:00 ERROR abandoned_cart.error :: Error Code 404 :: Resource Not Found :: The requested resource could not be found. on 1858 in /var/www/vhosts/warmwishesflorist.com/httpdocs/wp-content/plugins/mailchimp-for-woocommerce/includes/api/class-mailchimp-api.php
2021-09-02T04:56:52+00:00 NOTICE action_scheduler.queue_job :: MailChimp_WooCommerce_Cart_Update queued :: obj_id 4f823340399352b77703a0101b6d4157
2021-09-02T04:57:35+00:00 ERROR abandoned_cart.error :: email: hueykheng@gmail.com :: attempting product update :: Resource Not Found :: The requested resource could not be found.
2021-09-02T04:57:36+00:00 NOTICE product_submit.error :: addStoreProduct :: #22619 :: Error Code 404 :: Resource Not Found :: The requested resource could not be found. on 1858 in /var/www/vhosts/warmwishesflorist.com/httpdocs/wp-content/plugins/mailchimp-for-woocommerce/includes/api/class-mailchimp-api.php
2021-09-02T04:57:36+00:00 ERROR abandoned_cart.error :: Error Code 404 :: Resource Not Found :: The requested resource could not be found. on 1858 in /var/www/vhosts/warmwishesflorist.com/httpdocs/wp-content/plugins/mailchimp-for-woocommerce/includes/api/class-mailchimp-api.php
2021-09-02T04:58:35+00:00 NOTICE action_scheduler.queue_job :: MailChimp_WooCommerce_Cart_Update queued :: obj_id 4f823340399352b77703a0101b6d4157
2021-09-02T04:58:37+00:00 ERROR abandoned_cart.error :: email: hueykheng@gmail.com :: attempting product update :: Resource Not Found :: The requested resource could not be found.
2021-09-02T04:58:38+00:00 NOTICE product_submit.error :: addStoreProduct :: #22619 :: Error Code 404 :: Resource Not Found :: The requested resource could not be found. on 1858 in /var/www/vhosts/warmwishesflorist.com/httpdocs/wp-content/plugins/mailchimp-for-woocommerce/includes/api/class-mailchimp-api.php
2021-09-02T04:58:38+00:00 ERROR abandoned_cart.error :: Error Code 404 :: Resource Not Found :: The requested resource could not be found. on 1858 in /var/www/vhosts/warmwishesflorist.com/httpdocs/wp-content/plugins/mailchimp-for-woocommerce/includes/api/class-mailchimp-api.php
2021-09-02T05:01:36+00:00 NOTICE action_scheduler.queue_job :: MailChimp_WooCommerce_Cart_Update queued :: obj_id 4f823340399352b77703a0101b6d4157
2021-09-02T05:01:38+00:00 ERROR abandoned_cart.error :: email: hueykheng@gmail.com :: attempting product update :: Resource Not Found :: The requested resource could not be found.
2021-09-02T05:01:39+00:00 NOTICE product_submit.error :: addStoreProduct :: #22619 :: Error Code 404 :: Resource Not Found :: The requested resource could not be found. on 1858 in /var/www/vhosts/warmwishesflorist.com/httpdocs/wp-content/plugins/mailchimp-for-woocommerce/includes/api/class-mailchimp-api.php
2021-09-02T05:01:39+00:00 ERROR abandoned_cart.error :: Error Code 404 :: Resource Not Found :: The requested resource could not be found. on 1858 in /var/www/vhosts/warmwishesflorist.com/httpdocs/wp-content/plugins/mailchimp-for-woocommerce/includes/api/class-mailchimp-api.php
2021-09-02T05:12:22+00:00 NOTICE action_scheduler.queue_job :: MailChimp_WooCommerce_User_Submit queued :: obj_id 15923
2021-09-02T05:12:34+00:00 NOTICE member.sync :: tuangaeta63@gmail.com has signed up to a lot of lists very recently; we're not allowing more signups for now
2021-09-02T07:18:28+00:00 NOTICE action_scheduler.queue_job :: MailChimp_WooCommerce_User_Submit queued :: obj_id 15924
2021-09-02T07:18:34+00:00 NOTICE member.sync :: peappyzep@mail.ru has signed up to a lot of lists very recently; we're not allowing more signups for now
2021-09-02T08:49:22+00:00 NOTICE action_scheduler.queue_job :: MailChimp_WooCommerce_Single_Order starts in 90 seconds :: obj_id 24158
2021-09-02T08:50:36+00:00 NOTICE debug :: Order ID 24158 was pending and is now processing :: Array
(
    [new_order] => 1
    [tracking] => Array
        (
            [campaign_id] => 
            [landing_site] => https://warmwishesflorist.com/?wc-api=WC_Molpay_Gateway
        )

)

2021-09-02T08:52:07+00:00 ERROR order_submit.error :: addStoreOrder :: #24158 :: Error Code 404 :: Resource Not Found :: The requested resource could not be found. on 1858 in /var/www/vhosts/warmwishesflorist.com/httpdocs/wp-content/plugins/mailchimp-for-woocommerce/includes/api/class-mailchimp-api.php
2021-09-02T09:05:19+00:00 NOTICE action_scheduler.queue_job :: MailChimp_WooCommerce_User_Submit queued :: obj_id 15925
2021-09-02T09:05:35+00:00 NOTICE member.sync :: tolysemenov@yandex.ru has signed up to a lot of lists very recently; we're not allowing more signups for now
2021-09-02T15:01:03+00:00 NOTICE action_scheduler.queue_job :: MailChimp_WooCommerce_User_Submit queued :: obj_id 15926
2021-09-02T15:01:04+00:00 NOTICE action_scheduler.queue_job :: MailChimp_WooCommerce_Cart_Update queued :: obj_id b26a20ba6939789edecc373253df96ba
2021-09-02T15:01:08+00:00 NOTICE member.sync :: Subscribed Member cngkarmen@gmail.com :: Array
(
    [status_if_new] => 1
    [merge_fields] => Array
        (
        )

)

2021-09-02T15:01:09+00:00 ERROR abandoned_cart.error :: email: cngkarmen@gmail.com :: attempting product update :: Resource Not Found :: The requested resource could not be found.
2021-09-02T15:01:11+00:00 NOTICE product_submit.error :: addStoreProduct :: #23646 :: Error Code 404 :: Resource Not Found :: The requested resource could not be found. on 1858 in /var/www/vhosts/warmwishesflorist.com/httpdocs/wp-content/plugins/mailchimp-for-woocommerce/includes/api/class-mailchimp-api.php
2021-09-02T15:01:11+00:00 ERROR abandoned_cart.error :: Error Code 404 :: Resource Not Found :: The requested resource could not be found. on 1858 in /var/www/vhosts/warmwishesflorist.com/httpdocs/wp-content/plugins/mailchimp-for-woocommerce/includes/api/class-mailchimp-api.php
2021-09-02T15:20:31+00:00 NOTICE action_scheduler.queue_job :: MailChimp_WooCommerce_Cart_Update queued :: obj_id b26a20ba6939789edecc373253df96ba
2021-09-02T15:20:33+00:00 ERROR abandoned_cart.error :: email: cngkarmen@gmail.com :: attempting product update :: Resource Not Found :: The requested resource could not be found.
2021-09-02T15:20:34+00:00 NOTICE product_submit.error :: addStoreProduct :: #23646 :: Error Code 404 :: Resource Not Found :: The requested resource could not be found. on 1858 in /var/www/vhosts/warmwishesflorist.com/httpdocs/wp-content/plugins/mailchimp-for-woocommerce/includes/api/class-mailchimp-api.php
2021-09-02T15:20:34+00:00 ERROR abandoned_cart.error :: Error Code 404 :: Resource Not Found :: The requested resource could not be found. on 1858 in /var/www/vhosts/warmwishesflorist.com/httpdocs/wp-content/plugins/mailchimp-for-woocommerce/includes/api/class-mailchimp-api.php
2021-09-02T15:32:44+00:00 NOTICE action_scheduler.queue_job :: MailChimp_WooCommerce_User_Submit queued :: obj_id 15927
2021-09-02T15:33:33+00:00 NOTICE action_scheduler.queue_job :: MailChimp_WooCommerce_User_Submit queued :: obj_id 15928
2021-09-02T15:33:39+00:00 NOTICE member.sync :: Subscribed Member kasiasmil@aol.com :: Array
(
    [status_if_new] => 1
    [merge_fields] => Array
        (
        )

)

2021-09-02T15:33:41+00:00 NOTICE member.sync :: Subscribed Member SUSANBSMITH222@GMAIL.COM :: Array
(
    [status_if_new] => 1
    [merge_fields] => Array
        (
        )

)

2021-09-02T15:36:05+00:00 NOTICE action_scheduler.queue_job :: MailChimp_WooCommerce_User_Submit queued :: obj_id 15929
2021-09-02T15:37:03+00:00 NOTICE member.sync :: Subscribed Member alexandria.fitzgerald@nbcuni.com :: Array
(
    [status_if_new] => 1
    [merge_fields] => Array
        (
        )

)

2021-09-02T15:45:31+00:00 NOTICE action_scheduler.queue_job :: MailChimp_WooCommerce_User_Submit queued :: obj_id 15930
2021-09-02T15:45:37+00:00 NOTICE member.sync :: Prettypinkmelanie@yahoo.com has signed up to a lot of lists very recently; we're not allowing more signups for now
2021-09-02T15:52:48+00:00 NOTICE action_scheduler.queue_job :: MailChimp_WooCommerce_User_Submit queued :: obj_id 15931
2021-09-02T15:52:52+00:00 NOTICE action_scheduler.queue_job :: MailChimp_WooCommerce_User_Submit queued :: obj_id 15932
2021-09-02T15:53:52+00:00 NOTICE member.sync :: Subscribed Member 18452068164@vzwpix.com :: Array
(
    [status_if_new] => 1
    [merge_fields] => Array
        (
        )

)

2021-09-02T15:53:53+00:00 NOTICE member.sync :: JOHNHHIGGINS@BELLSOUTH.NET has signed up to a lot of lists very recently; we're not allowing more signups for now
2021-09-02T15:54:26+00:00 NOTICE action_scheduler.queue_job :: MailChimp_WooCommerce_User_Submit queued :: obj_id 15933
2021-09-02T15:54:35+00:00 NOTICE member.sync :: msjoypeck@gmail.com has signed up to a lot of lists very recently; we're not allowing more signups for now
2021-09-02T15:56:50+00:00 NOTICE action_scheduler.queue_job :: MailChimp_WooCommerce_User_Submit queued :: obj_id 15934
2021-09-02T15:57:26+00:00 NOTICE action_scheduler.queue_job :: MailChimp_WooCommerce_User_Submit queued :: obj_id 15935
2021-09-02T15:57:35+00:00 NOTICE member.sync :: tammy@kinglandwater.com has signed up to a lot of lists very recently; we're not allowing more signups for now
2021-09-02T15:57:36+00:00 NOTICE member.sync :: Subscribed Member mueller.cw@gmail.com :: Array
(
    [status_if_new] => 1
    [merge_fields] => Array
        (
        )

)

2021-09-02T16:00:26+00:00 NOTICE action_scheduler.queue_job :: MailChimp_WooCommerce_User_Submit queued :: obj_id 15936
2021-09-02T16:00:32+00:00 NOTICE member.sync :: info@glaser-gmbh.de has signed up to a lot of lists very recently; we're not allowing more signups for now
2021-09-02T16:01:21+00:00 NOTICE action_scheduler.queue_job :: MailChimp_WooCommerce_User_Submit queued :: obj_id 15937
2021-09-02T16:02:23+00:00 NOTICE member.sync :: Subscribed Member shannon.gaskill@gmail.com :: Array
(
    [status_if_new] => 1
    [merge_fields] => Array
        (
        )

)

2021-09-02T16:06:34+00:00 NOTICE action_scheduler.queue_job :: MailChimp_WooCommerce_User_Submit queued :: obj_id 15938
2021-09-02T16:08:16+00:00 NOTICE member.sync :: Subscribed Member khangarter@aol.com :: Array
(
    [status_if_new] => 1
    [merge_fields] => Array
        (
        )

)

2021-09-02T16:09:27+00:00 NOTICE action_scheduler.queue_job :: MailChimp_WooCommerce_User_Submit queued :: obj_id 15939
2021-09-02T16:09:29+00:00 NOTICE action_scheduler.queue_job :: MailChimp_WooCommerce_User_Submit queued :: obj_id 15940
2021-09-02T16:09:29+00:00 NOTICE action_scheduler.queue_job :: MailChimp_WooCommerce_User_Submit queued :: obj_id 15941
2021-09-02T16:09:32+00:00 NOTICE member.sync :: Subscribed Member oglenntogar4@gmail.com :: Array
(
    [status_if_new] => 1
    [merge_fields] => Array
        (
        )

)

2021-09-02T16:09:33+00:00 NOTICE member.sync :: marcela@speedvegas.com has signed up to a lot of lists very recently; we're not allowing more signups for now
2021-09-02T16:09:34+00:00 NOTICE member.sync :: ranimalfriend@aol.com has signed up to a lot of lists very recently; we're not allowing more signups for now
2021-09-02T16:12:11+00:00 NOTICE action_scheduler.queue_job :: MailChimp_WooCommerce_User_Submit queued :: obj_id 15942
2021-09-02T16:12:35+00:00 NOTICE member.sync :: Subscribed Member tanghuangfaraday@hotmail.com :: Array
(
    [status_if_new] => 1
    [merge_fields] => Array
        (
        )

)

2021-09-02T16:12:36+00:00 NOTICE action_scheduler.queue_job :: MailChimp_WooCommerce_User_Submit queued :: obj_id 15943
2021-09-02T16:13:08+00:00 NOTICE action_scheduler.queue_job :: MailChimp_WooCommerce_User_Submit queued :: obj_id 15944
2021-09-02T16:14:08+00:00 NOTICE member.sync :: Subscribed Member lhammond@nycap.rr.com :: Array
(
    [status_if_new] => 1
    [merge_fields] => Array
        (
        )

)

2021-09-02T16:14:09+00:00 NOTICE member.sync :: Subscribed Member edmcdevitt@earthlink.net :: Array
(
    [status_if_new] => 1
    [merge_fields] => Array
        (
        )

)

2021-09-02T16:18:16+00:00 NOTICE action_scheduler.queue_job :: MailChimp_WooCommerce_User_Submit queued :: obj_id 15945
2021-09-02T16:18:33+00:00 NOTICE member.sync :: DIANE.VOSS52@gmail.COM has signed up to a lot of lists very recently; we're not allowing more signups for now
2021-09-02T16:21:27+00:00 NOTICE action_scheduler.queue_job :: MailChimp_WooCommerce_User_Submit queued :: obj_id 15946
2021-09-02T16:21:33+00:00 NOTICE member.sync :: Subscribed Member Stairs4u.ca@gmail.com :: Array
(
    [status_if_new] => 1
    [merge_fields] => Array
        (
        )

)

2021-09-02T16:28:33+00:00 NOTICE action_scheduler.queue_job :: MailChimp_WooCommerce_User_Submit queued :: obj_id 15947
2021-09-02T16:28:39+00:00 NOTICE member.sync :: Subscribed Member nick1517@optonline.net :: Array
(
    [status_if_new] => 1
    [merge_fields] => Array
        (
        )

)

2021-09-02T16:29:22+00:00 NOTICE action_scheduler.queue_job :: MailChimp_WooCommerce_User_Submit queued :: obj_id 15948
2021-09-02T16:30:13+00:00 NOTICE member.sync :: lamondrealty@hotmail.com has signed up to a lot of lists very recently; we're not allowing more signups for now
2021-09-02T16:33:12+00:00 NOTICE action_scheduler.queue_job :: MailChimp_WooCommerce_User_Submit queued :: obj_id 15949
2021-09-02T16:33:35+00:00 NOTICE member.sync :: MONOPOLYTECHDEALZ@GMAIL.COM has signed up to a lot of lists very recently; we're not allowing more signups for now
2021-09-02T16:34:22+00:00 NOTICE action_scheduler.queue_job :: MailChimp_WooCommerce_User_Submit queued :: obj_id 15950
2021-09-02T16:34:40+00:00 NOTICE member.sync :: Subscribed Member lifecoachkelli@outlook.com :: Array
(
    [status_if_new] => 1
    [merge_fields] => Array
        (
        )

)

2021-09-02T16:36:42+00:00 NOTICE action_scheduler.queue_job :: MailChimp_WooCommerce_User_Submit queued :: obj_id 15951
2021-09-02T16:37:39+00:00 NOTICE member.sync :: Subscribed Member conectic.sas@gmail.com :: Array
(
    [status_if_new] => 1
    [merge_fields] => Array
        (
        )

)

2021-09-02T16:44:57+00:00 NOTICE action_scheduler.queue_job :: MailChimp_WooCommerce_User_Submit queued :: obj_id 15952
2021-09-02T16:45:21+00:00 NOTICE action_scheduler.queue_job :: MailChimp_WooCommerce_User_Submit queued :: obj_id 15953
2021-09-02T16:45:35+00:00 NOTICE member.sync :: Subscribed Member genaandmike@yahoo.com :: Array
(
    [status_if_new] => 1
    [merge_fields] => Array
        (
        )

)

2021-09-02T16:45:36+00:00 NOTICE member.sync :: Subscribed Member a18601788613@gmail.com :: Array
(
    [status_if_new] => 1
    [merge_fields] => Array
        (
        )

)

2021-09-02T16:46:09+00:00 NOTICE action_scheduler.queue_job :: MailChimp_WooCommerce_User_Submit queued :: obj_id 15954
2021-09-02T16:47:34+00:00 NOTICE member.sync :: baryarkoni@gmail.com has signed up to a lot of lists very recently; we're not allowing more signups for now
2021-09-02T16:48:42+00:00 NOTICE action_scheduler.queue_job :: MailChimp_WooCommerce_User_Submit queued :: obj_id 15955
2021-09-02T16:52:13+00:00 NOTICE member.sync :: HEIDE.CUMES@HAWAIIANTEL.NET has signed up to a lot of lists very recently; we're not allowing more signups for now
2021-09-02T16:52:17+00:00 NOTICE action_scheduler.queue_job :: MailChimp_WooCommerce_User_Submit queued :: obj_id 15956
2021-09-02T16:52:58+00:00 NOTICE member.sync :: daniel@aktivmiljo.se has signed up to a lot of lists very recently; we're not allowing more signups for now
2021-09-02T16:53:24+00:00 NOTICE action_scheduler.queue_job :: MailChimp_WooCommerce_User_Submit queued :: obj_id 15957
2021-09-02T16:53:33+00:00 NOTICE member.sync :: Subscribed Member tiffany.fitch@gmail.com :: Array
(
    [status_if_new] => 1
    [merge_fields] => Array
        (
        )

)

2021-09-02T16:57:16+00:00 NOTICE action_scheduler.queue_job :: MailChimp_WooCommerce_User_Submit queued :: obj_id 15958
2021-09-02T16:57:32+00:00 NOTICE member.sync :: Subscribed Member dalefauser@gmail.com :: Array
(
    [status_if_new] => 1
    [merge_fields] => Array
        (
        )

)

2021-09-02T16:58:00+00:00 NOTICE action_scheduler.queue_job :: MailChimp_WooCommerce_User_Submit queued :: obj_id 15959
2021-09-02T16:58:47+00:00 NOTICE member.sync :: Subscribed Member songohan76@yahoo.com :: Array
(
    [status_if_new] => 1
    [merge_fields] => Array
        (
        )

)

2021-09-02T17:08:35+00:00 NOTICE action_scheduler.queue_job :: MailChimp_WooCommerce_User_Submit queued :: obj_id 15960
2021-09-02T17:09:20+00:00 NOTICE action_scheduler.queue_job :: MailChimp_WooCommerce_User_Submit queued :: obj_id 15961
2021-09-02T17:09:38+00:00 NOTICE member.sync :: Subscribed Member familiarodriguezjimenez@gmail.com :: Array
(
    [status_if_new] => 1
    [merge_fields] => Array
        (
        )

)

2021-09-02T17:09:39+00:00 NOTICE member.sync :: dauallan@yahoo.com has signed up to a lot of lists very recently; we're not allowing more signups for now
2021-09-02T17:09:40+00:00 NOTICE action_scheduler.queue_job :: MailChimp_WooCommerce_User_Submit queued :: obj_id 15962
2021-09-02T17:10:50+00:00 NOTICE member.sync :: Subscribed Member contact@lordi.info :: Array
(
    [status_if_new] => 1
    [merge_fields] => Array
        (
        )

)

2021-09-02T17:10:58+00:00 NOTICE action_scheduler.queue_job :: MailChimp_WooCommerce_User_Submit queued :: obj_id 15963
2021-09-02T17:12:45+00:00 NOTICE member.sync :: Subscribed Member horseswehave@gmail.com :: Array
(
    [status_if_new] => 1
    [merge_fields] => Array
        (
        )

)

2021-09-02T17:13:23+00:00 NOTICE action_scheduler.queue_job :: MailChimp_WooCommerce_User_Submit queued :: obj_id 15964
2021-09-02T17:13:41+00:00 NOTICE member.sync :: lilan5691@yahoo.com has signed up to a lot of lists very recently; we're not allowing more signups for now
2021-09-02T17:18:34+00:00 NOTICE action_scheduler.queue_job :: MailChimp_WooCommerce_User_Submit queued :: obj_id 15965
2021-09-02T17:18:38+00:00 NOTICE member.sync :: Subscribed Member jazy058@yahoo.com :: Array
(
    [status_if_new] => 1
    [merge_fields] => Array
        (
        )

)

2021-09-02T17:21:24+00:00 NOTICE action_scheduler.queue_job :: MailChimp_WooCommerce_User_Submit queued :: obj_id 15966
2021-09-02T17:21:28+00:00 NOTICE action_scheduler.queue_job :: MailChimp_WooCommerce_User_Submit queued :: obj_id 15967
2021-09-02T17:21:33+00:00 NOTICE member.sync :: Subscribed Member Rizfa001@gmail.com :: Array
(
    [status_if_new] => 1
    [merge_fields] => Array
        (
        )

)

2021-09-02T17:21:35+00:00 NOTICE member.sync :: Subscribed Member bradpisko@comcast.net :: Array
(
    [status_if_new] => 1
    [merge_fields] => Array
        (
        )

)

2021-09-02T17:25:13+00:00 NOTICE action_scheduler.queue_job :: MailChimp_WooCommerce_User_Submit queued :: obj_id 15968
2021-09-02T17:25:34+00:00 NOTICE action_scheduler.queue_job :: MailChimp_WooCommerce_User_Submit queued :: obj_id 15969
2021-09-02T17:25:34+00:00 NOTICE member.sync :: Subscribed Member petercooke@townisp.com :: Array
(
    [status_if_new] => 1
    [merge_fields] => Array
        (
        )

)

2021-09-02T17:25:35+00:00 NOTICE member.sync :: fromenkop@gmail.com has signed up to a lot of lists very recently; we're not allowing more signups for now
2021-09-02T17:30:18+00:00 NOTICE action_scheduler.queue_job :: MailChimp_WooCommerce_User_Submit queued :: obj_id 15970
2021-09-02T17:30:44+00:00 NOTICE member.sync :: Subscribed Member dotsonia@gmail.com :: Array
(
    [status_if_new] => 1
    [merge_fields] => Array
        (
        )

)

2021-09-02T17:31:13+00:00 NOTICE action_scheduler.queue_job :: MailChimp_WooCommerce_User_Submit queued :: obj_id 15971
2021-09-02T17:32:46+00:00 NOTICE member.sync :: Subscribed Member gc041570@aol.com :: Array
(
    [status_if_new] => 1
    [merge_fields] => Array
        (
        )

)

2021-09-02T17:35:09+00:00 NOTICE action_scheduler.queue_job :: MailChimp_WooCommerce_User_Submit queued :: obj_id 15972
2021-09-02T17:35:41+00:00 NOTICE member.sync :: tombateman104@comcast.net has signed up to a lot of lists very recently; we're not allowing more signups for now
2021-09-02T17:37:12+00:00 NOTICE action_scheduler.queue_job :: MailChimp_WooCommerce_User_Submit queued :: obj_id 15973
2021-09-02T17:37:13+00:00 NOTICE action_scheduler.queue_job :: MailChimp_WooCommerce_User_Submit queued :: obj_id 15974
2021-09-02T17:37:51+00:00 NOTICE member.sync :: Subscribed Member emojica1974@gmail.com :: Array
(
    [status_if_new] => 1
    [merge_fields] => Array
        (
        )

)

2021-09-02T17:37:52+00:00 NOTICE member.sync :: Subscribed Member oodlessoup1@yahoo.com :: Array
(
    [status_if_new] => 1
    [merge_fields] => Array
        (
        )

)

2021-09-02T17:37:57+00:00 NOTICE action_scheduler.queue_job :: MailChimp_WooCommerce_User_Submit queued :: obj_id 15975
2021-09-02T17:39:08+00:00 NOTICE member.sync :: Subscribed Member kdarrah25@gmail.com :: Array
(
    [status_if_new] => 1
    [merge_fields] => Array
        (
        )

)

2021-09-02T17:45:15+00:00 NOTICE action_scheduler.queue_job :: MailChimp_WooCommerce_User_Submit queued :: obj_id 15976
2021-09-02T17:46:11+00:00 NOTICE member.sync :: ronnie.simonson91@gmail.com has signed up to a lot of lists very recently; we're not allowing more signups for now
2021-09-02T17:46:53+00:00 NOTICE action_scheduler.queue_job :: MailChimp_WooCommerce_User_Submit queued :: obj_id 15977
2021-09-02T17:48:38+00:00 NOTICE member.sync :: Subscribed Member javonnicummings@yahoo.com :: Array
(
    [status_if_new] => 1
    [merge_fields] => Array
        (
        )

)

2021-09-02T17:53:58+00:00 NOTICE action_scheduler.queue_job :: MailChimp_WooCommerce_User_Submit queued :: obj_id 15978
2021-09-02T17:54:59+00:00 NOTICE member.sync :: Subscribed Member odom.terry@yahoo.com :: Array
(
    [status_if_new] => 1
    [merge_fields] => Array
        (
        )

)

2021-09-02T17:58:32+00:00 NOTICE action_scheduler.queue_job :: MailChimp_WooCommerce_User_Submit queued :: obj_id 15979
2021-09-02T17:58:34+00:00 NOTICE member.sync :: Subscribed Member favianangel12345@gmail.com :: Array
(
    [status_if_new] => 1
    [merge_fields] => Array
        (
        )

)

2021-09-02T17:58:36+00:00 NOTICE action_scheduler.queue_job :: MailChimp_WooCommerce_User_Submit queued :: obj_id 15980
2021-09-02T17:59:36+00:00 NOTICE member.sync :: Subscribed Member hsoa@sbcglobal.net :: Array
(
    [status_if_new] => 1
    [merge_fields] => Array
        (
        )

)

2021-09-02T18:10:43+00:00 NOTICE action_scheduler.queue_job :: MailChimp_WooCommerce_User_Submit queued :: obj_id 15981
2021-09-02T18:11:32+00:00 NOTICE action_scheduler.queue_job :: MailChimp_WooCommerce_User_Submit queued :: obj_id 15982
2021-09-02T18:11:39+00:00 NOTICE member.sync :: Subscribed Member alivel@aim.com :: Array
(
    [status_if_new] => 1
    [merge_fields] => Array
        (
        )

)

2021-09-02T18:11:41+00:00 NOTICE member.sync :: Subscribed Member rapt@vip.qq.com :: Array
(
    [status_if_new] => 1
    [merge_fields] => Array
        (
        )

)

2021-09-02T18:12:25+00:00 NOTICE action_scheduler.queue_job :: MailChimp_WooCommerce_User_Submit queued :: obj_id 15983
2021-09-02T18:12:34+00:00 NOTICE member.sync :: Subscribed Member JHughes@medevacalaska.com :: Array
(
    [status_if_new] => 1
    [merge_fields] => Array
        (
        )

)

2021-09-02T18:15:12+00:00 NOTICE action_scheduler.queue_job :: MailChimp_WooCommerce_User_Submit queued :: obj_id 15984
2021-09-02T18:16:20+00:00 NOTICE member.sync :: Subscribed Member sannstanford@aol.com :: Array
(
    [status_if_new] => 1
    [merge_fields] => Array
        (
        )

)

2021-09-02T18:22:34+00:00 NOTICE action_scheduler.queue_job :: MailChimp_WooCommerce_User_Submit queued :: obj_id 15985
2021-09-02T18:22:47+00:00 NOTICE member.sync :: Subscribed Member edarmstrong@inwards.com :: Array
(
    [status_if_new] => 1
    [merge_fields] => Array
        (
        )

)

2021-09-02T18:22:48+00:00 NOTICE action_scheduler.queue_job :: MailChimp_WooCommerce_User_Submit queued :: obj_id 15986
2021-09-02T18:22:54+00:00 NOTICE member.sync :: Subscribed Member assoxplode@gmail.com :: Array
(
    [status_if_new] => 1
    [merge_fields] => Array
        (
        )

)

2021-09-02T18:27:14+00:00 NOTICE action_scheduler.queue_job :: MailChimp_WooCommerce_User_Submit queued :: obj_id 15987
2021-09-02T18:27:33+00:00 NOTICE member.sync :: Subscribed Member Frankdunning67@yahoo.com :: Array
(
    [status_if_new] => 1
    [merge_fields] => Array
        (
        )

)

2021-09-02T18:35:03+00:00 NOTICE action_scheduler.queue_job :: MailChimp_WooCommerce_User_Submit queued :: obj_id 15988
2021-09-02T18:35:34+00:00 NOTICE member.sync :: Subscribed Member pattypw2@aol.com :: Array
(
    [status_if_new] => 1
    [merge_fields] => Array
        (
        )

)

2021-09-02T18:38:28+00:00 NOTICE action_scheduler.queue_job :: MailChimp_WooCommerce_User_Submit queued :: obj_id 15989
2021-09-02T18:38:33+00:00 NOTICE member.sync :: Subscribed Member scjckc@hotmail.com :: Array
(
    [status_if_new] => 1
    [merge_fields] => Array
        (
        )

)

2021-09-02T18:39:10+00:00 NOTICE action_scheduler.queue_job :: MailChimp_WooCommerce_User_Submit queued :: obj_id 15990
2021-09-02T18:39:34+00:00 NOTICE member.sync :: Subscribed Member AJAY_KHOBRAGADE@YAHOO.COM :: Array
(
    [status_if_new] => 1
    [merge_fields] => Array
        (
        )

)

2021-09-02T18:39:41+00:00 NOTICE action_scheduler.queue_job :: MailChimp_WooCommerce_User_Submit queued :: obj_id 15991
2021-09-02T18:40:38+00:00 NOTICE member.sync :: Subscribed Member healingloft@mac.com :: Array
(
    [status_if_new] => 1
    [merge_fields] => Array
        (
        )

)

2021-09-02T18:47:01+00:00 NOTICE action_scheduler.queue_job :: MailChimp_WooCommerce_User_Submit queued :: obj_id 15992
2021-09-02T18:47:21+00:00 NOTICE action_scheduler.queue_job :: MailChimp_WooCommerce_User_Submit queued :: obj_id 15993
2021-09-02T18:48:12+00:00 NOTICE member.sync :: Subscribed Member craigallenadams@gmail.com :: Array
(
    [status_if_new] => 1
    [merge_fields] => Array
        (
        )

)

2021-09-02T18:48:14+00:00 NOTICE member.sync :: Subscribed Member lemeer26@aol.com :: Array
(
    [status_if_new] => 1
    [merge_fields] => Array
        (
        )

)

2021-09-02T18:51:13+00:00 NOTICE action_scheduler.queue_job :: MailChimp_WooCommerce_User_Submit queued :: obj_id 15994
2021-09-02T18:52:45+00:00 NOTICE member.sync :: Subscribed Member support@glamnetic.com :: Array
(
    [status_if_new] => 1
    [merge_fields] => Array
        (
        )

)

2021-09-02T18:59:26+00:00 NOTICE action_scheduler.queue_job :: MailChimp_WooCommerce_User_Submit queued :: obj_id 15995
2021-09-02T18:59:35+00:00 NOTICE member.sync :: Subscribed Member cowgirlkelly2010@gmail.com :: Array
(
    [status_if_new] => 1
    [merge_fields] => Array
        (
        )

)

2021-09-02T19:04:16+00:00 NOTICE action_scheduler.queue_job :: MailChimp_WooCommerce_User_Submit queued :: obj_id 15996
2021-09-02T19:04:41+00:00 NOTICE member.sync :: Subscribed Member kcroft88@gmail.com :: Array
(
    [status_if_new] => 1
    [merge_fields] => Array
        (
        )

)

2021-09-02T19:11:37+00:00 NOTICE action_scheduler.queue_job :: MailChimp_WooCommerce_User_Submit queued :: obj_id 15997
2021-09-02T19:11:41+00:00 NOTICE action_scheduler.queue_job :: MailChimp_WooCommerce_User_Submit queued :: obj_id 15998
2021-09-02T19:11:56+00:00 NOTICE action_scheduler.queue_job :: MailChimp_WooCommerce_User_Submit queued :: obj_id 15999
2021-09-02T19:12:51+00:00 NOTICE member.sync :: Subscribed Member carlogonzalez@hotmail.com :: Array
(
    [status_if_new] => 1
    [merge_fields] => Array
        (
        )

)

2021-09-02T19:12:53+00:00 NOTICE member.sync :: Subscribed Member danielle.stettner@yahoo.com :: Array
(
    [status_if_new] => 1
    [merge_fields] => Array
        (
        )

)

2021-09-02T19:12:54+00:00 NOTICE member.sync :: Subscribed Member benomi.mb@gmail.com :: Array
(
    [status_if_new] => 1
    [merge_fields] => Array
        (
        )

)

2021-09-02T19:12:56+00:00 NOTICE action_scheduler.queue_job :: MailChimp_WooCommerce_User_Submit queued :: obj_id 16000
2021-09-02T19:13:05+00:00 NOTICE action_scheduler.queue_job :: MailChimp_WooCommerce_User_Submit queued :: obj_id 16001
2021-09-02T19:14:32+00:00 NOTICE member.sync :: Subscribed Member chveza05@hotmail.com :: Array
(
    [status_if_new] => 1
    [merge_fields] => Array
        (
        )

)

2021-09-02T19:14:33+00:00 NOTICE member.sync :: doc@lundgrenwellness.com has signed up to a lot of lists very recently; we're not allowing more signups for now
2021-09-02T19:14:36+00:00 NOTICE action_scheduler.queue_job :: MailChimp_WooCommerce_User_Submit queued :: obj_id 16002
2021-09-02T19:14:56+00:00 NOTICE action_scheduler.queue_job :: MailChimp_WooCommerce_User_Submit queued :: obj_id 16003
2021-09-02T19:15:34+00:00 NOTICE member.sync :: Subscribed Member Mdcristino@gmail.com :: Array
(
    [status_if_new] => 1
    [merge_fields] => Array
        (
        )

)

2021-09-02T19:15:35+00:00 NOTICE member.sync :: Subscribed Member officialm.pike@gmail.com :: Array
(
    [status_if_new] => 1
    [merge_fields] => Array
        (
        )

)

2021-09-02T19:15:38+00:00 NOTICE action_scheduler.queue_job :: MailChimp_WooCommerce_User_Submit queued :: obj_id 16004
2021-09-02T19:16:48+00:00 NOTICE member.sync :: Subscribed Member RAY@nls-group.net :: Array
(
    [status_if_new] => 1
    [merge_fields] => Array
        (
        )

)

2021-09-02T19:21:13+00:00 NOTICE action_scheduler.queue_job :: MailChimp_WooCommerce_User_Submit queued :: obj_id 16005
2021-09-02T19:23:38+00:00 NOTICE member.sync :: Subscribed Member cooljoey29@gmail.com :: Array
(
    [status_if_new] => 1
    [merge_fields] => Array
        (
        )

)

2021-09-02T19:23:44+00:00 NOTICE action_scheduler.queue_job :: MailChimp_WooCommerce_User_Submit queued :: obj_id 16006
2021-09-02T19:24:50+00:00 NOTICE member.sync :: Subscribed Member markbrasseur@yahoo.com :: Array
(
    [status_if_new] => 1
    [merge_fields] => Array
        (
        )

)

2021-09-02T19:25:01+00:00 NOTICE action_scheduler.queue_job :: MailChimp_WooCommerce_User_Submit queued :: obj_id 16007
2021-09-02T19:25:31+00:00 NOTICE action_scheduler.queue_job :: MailChimp_WooCommerce_User_Submit queued :: obj_id 16008
2021-09-02T19:25:37+00:00 NOTICE member.sync :: Subscribed Member sweetlife505@gmail.com :: Array
(
    [status_if_new] => 1
    [merge_fields] => Array
        (
        )

)

2021-09-02T19:25:38+00:00 NOTICE member.sync :: Subscribed Member anthony@tallant.asia :: Array
(
    [status_if_new] => 1
    [merge_fields] => Array
        (
        )

)

2021-09-02T19:31:16+00:00 NOTICE action_scheduler.queue_job :: MailChimp_WooCommerce_User_Submit queued :: obj_id 16009
2021-09-02T19:31:33+00:00 NOTICE member.sync :: Subscribed Member francesnavarro@hotmail.com :: Array
(
    [status_if_new] => 1
    [merge_fields] => Array
        (
        )

)

2021-09-02T19:37:41+00:00 NOTICE action_scheduler.queue_job :: MailChimp_WooCommerce_User_Submit queued :: obj_id 16010
2021-09-02T19:39:11+00:00 NOTICE member.sync :: Subscribed Member vredfern@slp.com :: Array
(
    [status_if_new] => 1
    [merge_fields] => Array
        (
        )

)

2021-09-02T19:40:03+00:00 NOTICE action_scheduler.queue_job :: MailChimp_WooCommerce_User_Submit queued :: obj_id 16011
2021-09-02T19:40:33+00:00 NOTICE member.sync :: Subscribed Member Bray.meyers@gmail.com :: Array
(
    [status_if_new] => 1
    [merge_fields] => Array
        (
        )

)

2021-09-02T19:44:30+00:00 NOTICE action_scheduler.queue_job :: MailChimp_WooCommerce_User_Submit queued :: obj_id 16012
2021-09-02T19:44:36+00:00 NOTICE member.sync :: Subscribed Member whs39@aol.com :: Array
(
    [status_if_new] => 1
    [merge_fields] => Array
        (
        )

)

2021-09-02T19:47:57+00:00 NOTICE action_scheduler.queue_job :: MailChimp_WooCommerce_User_Submit queued :: obj_id 16013
2021-09-02T19:48:34+00:00 NOTICE member.sync :: Subscribed Member info@kingtextiles.ca :: Array
(
    [status_if_new] => 1
    [merge_fields] => Array
        (
        )

)

2021-09-02T19:49:20+00:00 NOTICE action_scheduler.queue_job :: MailChimp_WooCommerce_User_Submit queued :: obj_id 16014
2021-09-02T19:49:34+00:00 NOTICE member.sync :: Subscribed Member patriciohail3@gmail.com :: Array
(
    [status_if_new] => 1
    [merge_fields] => Array
        (
        )

)

2021-09-02T19:52:06+00:00 NOTICE action_scheduler.queue_job :: MailChimp_WooCommerce_User_Submit queued :: obj_id 16015
2021-09-02T19:54:28+00:00 NOTICE member.sync :: Subscribed Member kyle.holiday@gmail.com :: Array
(
    [status_if_new] => 1
    [merge_fields] => Array
        (
        )

)

2021-09-02T19:56:52+00:00 NOTICE action_scheduler.queue_job :: MailChimp_WooCommerce_User_Submit queued :: obj_id 16016
2021-09-02T19:57:31+00:00 NOTICE action_scheduler.queue_job :: MailChimp_WooCommerce_User_Submit queued :: obj_id 16017
2021-09-02T19:57:37+00:00 NOTICE member.sync :: Subscribed Member pamelai74@hotmail.com :: Array
(
    [status_if_new] => 1
    [merge_fields] => Array
        (
        )

)

2021-09-02T19:57:38+00:00 NOTICE member.sync :: Subscribed Member cyrus.katrak@btinternet.com :: Array
(
    [status_if_new] => 1
    [merge_fields] => Array
        (
        )

)

2021-09-02T20:01:13+00:00 NOTICE action_scheduler.queue_job :: MailChimp_WooCommerce_User_Submit queued :: obj_id 16018
2021-09-02T20:01:30+00:00 NOTICE action_scheduler.queue_job :: MailChimp_WooCommerce_User_Submit queued :: obj_id 16019
2021-09-02T20:01:36+00:00 NOTICE member.sync :: Subscribed Member jsearing29@yahoo.com :: Array
(
    [status_if_new] => 1
    [merge_fields] => Array
        (
        )

)

2021-09-02T20:01:38+00:00 NOTICE member.sync :: Subscribed Member dwillsey1996@gmail.com :: Array
(
    [status_if_new] => 1
    [merge_fields] => Array
        (
        )

)

2021-09-02T20:04:43+00:00 NOTICE action_scheduler.queue_job :: MailChimp_WooCommerce_User_Submit queued :: obj_id 16020
2021-09-02T20:05:22+00:00 NOTICE action_scheduler.queue_job :: MailChimp_WooCommerce_User_Submit queued :: obj_id 16021
2021-09-02T20:05:32+00:00 NOTICE member.sync :: jacky93@live.cn has signed up to a lot of lists very recently; we're not allowing more signups for now
2021-09-02T20:05:34+00:00 NOTICE member.sync :: Subscribed Member llohacker@yahoo.it :: Array
(
    [status_if_new] => 1
    [merge_fields] => Array
        (
        )

)

2021-09-02T20:09:32+00:00 NOTICE action_scheduler.queue_job :: MailChimp_WooCommerce_User_Submit queued :: obj_id 16022
2021-09-02T20:09:37+00:00 NOTICE member.sync :: Subscribed Member jlakeisha@hotmail.com :: Array
(
    [status_if_new] => 1
    [merge_fields] => Array
        (
        )

)

2021-09-02T20:13:03+00:00 NOTICE action_scheduler.queue_job :: MailChimp_WooCommerce_User_Submit queued :: obj_id 16023
2021-09-02T20:13:33+00:00 NOTICE action_scheduler.queue_job :: MailChimp_WooCommerce_User_Submit queued :: obj_id 16024
2021-09-02T20:13:34+00:00 NOTICE member.sync :: Subscribed Member diverdiehl@gmail.com :: Array
(
    [status_if_new] => 1
    [merge_fields] => Array
        (
        )

)

2021-09-02T20:13:36+00:00 NOTICE member.sync :: Subscribed Member kimberlee.godines@yahoo.com :: Array
(
    [status_if_new] => 1
    [merge_fields] => Array
        (
        )

)

2021-09-02T20:16:45+00:00 NOTICE action_scheduler.queue_job :: MailChimp_WooCommerce_User_Submit queued :: obj_id 16025
2021-09-02T20:17:37+00:00 NOTICE member.sync :: bastet27@gmail.com has signed up to a lot of lists very recently; we're not allowing more signups for now
2021-09-02T20:28:46+00:00 NOTICE action_scheduler.queue_job :: MailChimp_WooCommerce_User_Submit queued :: obj_id 16026
2021-09-02T20:29:42+00:00 NOTICE member.sync :: Subscribed Member mmcdono@gmail.com :: Array
(
    [status_if_new] => 1
    [merge_fields] => Array
        (
        )

)

2021-09-02T20:37:39+00:00 NOTICE action_scheduler.queue_job :: MailChimp_WooCommerce_User_Submit queued :: obj_id 16027
2021-09-02T20:38:41+00:00 NOTICE member.sync :: Subscribed Member sharonwpk@gmail.com :: Array
(
    [status_if_new] => 1
    [merge_fields] => Array
        (
        )

)

2021-09-02T20:38:47+00:00 NOTICE action_scheduler.queue_job :: MailChimp_WooCommerce_User_Submit queued :: obj_id 16028
2021-09-02T20:39:55+00:00 NOTICE member.sync :: Subscribed Member hockeyfamily007@msn.com :: Array
(
    [status_if_new] => 1
    [merge_fields] => Array
        (
        )

)

2021-09-02T20:52:55+00:00 NOTICE action_scheduler.queue_job :: MailChimp_WooCommerce_User_Submit queued :: obj_id 16029
2021-09-02T20:53:36+00:00 NOTICE member.sync :: pyle5@verizon.net has signed up to a lot of lists very recently; we're not allowing more signups for now
2021-09-02T20:56:45+00:00 NOTICE action_scheduler.queue_job :: MailChimp_WooCommerce_User_Submit queued :: obj_id 16030
2021-09-02T20:57:13+00:00 NOTICE action_scheduler.queue_job :: MailChimp_WooCommerce_User_Submit queued :: obj_id 16031
2021-09-02T20:57:51+00:00 NOTICE member.sync :: MKIM@nielsen.com has signed up to a lot of lists very recently; we're not allowing more signups for now
2021-09-02T20:57:52+00:00 NOTICE member.sync :: Subscribed Member admin@alt.fashion :: Array
(
    [status_if_new] => 1
    [merge_fields] => Array
        (
        )

)

2021-09-02T21:01:40+00:00 NOTICE action_scheduler.queue_job :: MailChimp_WooCommerce_User_Submit queued :: obj_id 16032
2021-09-02T21:02:24+00:00 NOTICE action_scheduler.queue_job :: MailChimp_WooCommerce_User_Submit queued :: obj_id 16033
2021-09-02T21:03:05+00:00 NOTICE member.sync :: baileybd689@gmail.com has signed up to a lot of lists very recently; we're not allowing more signups for now
2021-09-02T21:03:07+00:00 NOTICE member.sync :: Subscribed Member jblmas@verizon.net :: Array
(
    [status_if_new] => 1
    [merge_fields] => Array
        (
        )

)

2021-09-02T21:06:27+00:00 NOTICE action_scheduler.queue_job :: MailChimp_WooCommerce_User_Submit queued :: obj_id 16034
2021-09-02T21:06:33+00:00 NOTICE member.sync :: Subscribed Member vantenheang@yahoo.com :: Array
(
    [status_if_new] => 1
    [merge_fields] => Array
        (
        )

)

2021-09-02T21:13:48+00:00 NOTICE action_scheduler.queue_job :: MailChimp_WooCommerce_User_Submit queued :: obj_id 16035
2021-09-02T21:14:30+00:00 NOTICE action_scheduler.queue_job :: MailChimp_WooCommerce_User_Submit queued :: obj_id 16036
2021-09-02T21:14:34+00:00 NOTICE member.sync :: Subscribed Member jaymeong@hotmail.com :: Array
(
    [status_if_new] => 1
    [merge_fields] => Array
        (
        )

)

2021-09-02T21:14:35+00:00 NOTICE member.sync :: Subscribed Member lmandel26@newarka.edu :: Array
(
    [status_if_new] => 1
    [merge_fields] => Array
        (
        )

)

2021-09-02T21:18:59+00:00 NOTICE action_scheduler.queue_job :: MailChimp_WooCommerce_User_Submit queued :: obj_id 16037
2021-09-02T21:19:44+00:00 NOTICE member.sync :: Subscribed Member gyumyl55@3dlab.tech :: Array
(
    [status_if_new] => 1
    [merge_fields] => Array
        (
        )

)

2021-09-02T21:25:56+00:00 NOTICE action_scheduler.queue_job :: MailChimp_WooCommerce_User_Submit queued :: obj_id 16038
2021-09-02T21:27:02+00:00 NOTICE member.sync :: Subscribed Member surf4lifenj@hotmail.com :: Array
(
    [status_if_new] => 1
    [merge_fields] => Array
        (
        )

)

2021-09-02T21:39:47+00:00 NOTICE action_scheduler.queue_job :: MailChimp_WooCommerce_User_Submit queued :: obj_id 16039
2021-09-02T21:40:48+00:00 NOTICE member.sync :: Subscribed Member tctalbott@cox.net :: Array
(
    [status_if_new] => 1
    [merge_fields] => Array
        (
        )

)

2021-09-02T21:54:34+00:00 NOTICE action_scheduler.queue_job :: MailChimp_WooCommerce_User_Submit queued :: obj_id 16040
2021-09-02T21:55:37+00:00 NOTICE member.sync :: Subscribed Member yyu6@ncstudents.niagaracollege.ca :: Array
(
    [status_if_new] => 1
    [merge_fields] => Array
        (
        )

)

2021-09-02T22:01:07+00:00 NOTICE action_scheduler.queue_job :: MailChimp_WooCommerce_User_Submit queued :: obj_id 16041
2021-09-02T22:01:48+00:00 NOTICE member.sync :: Subscribed Member j.rhynd@btinternet.com :: Array
(
    [status_if_new] => 1
    [merge_fields] => Array
        (
        )

)

2021-09-02T22:07:11+00:00 NOTICE action_scheduler.queue_job :: MailChimp_WooCommerce_User_Submit queued :: obj_id 16042
2021-09-02T22:07:34+00:00 NOTICE member.sync :: Subscribed Member helganw1@rokuro75.kiyoakari.xyz :: Array
(
    [status_if_new] => 1
    [merge_fields] => Array
        (
        )

)

2021-09-02T22:19:13+00:00 NOTICE action_scheduler.queue_job :: MailChimp_WooCommerce_User_Submit queued :: obj_id 16043
2021-09-02T22:19:56+00:00 NOTICE member.sync :: soylamariu@hotmail.com has signed up to a lot of lists very recently; we're not allowing more signups for now
2021-09-02T22:27:23+00:00 NOTICE action_scheduler.queue_job :: MailChimp_WooCommerce_User_Submit queued :: obj_id 16044
2021-09-02T22:27:31+00:00 NOTICE action_scheduler.queue_job :: MailChimp_WooCommerce_User_Submit queued :: obj_id 16045
2021-09-02T22:27:37+00:00 NOTICE member.sync :: Subscribed Member amanda.tuckersellshomes@gmail.com :: Array
(
    [status_if_new] => 1
    [merge_fields] => Array
        (
        )

)

2021-09-02T22:27:38+00:00 NOTICE member.sync :: dominique.perk22@gmail.com has signed up to a lot of lists very recently; we're not allowing more signups for now
2021-09-02T22:39:44+00:00 NOTICE action_scheduler.queue_job :: MailChimp_WooCommerce_User_Submit queued :: obj_id 16046
2021-09-02T22:41:36+00:00 NOTICE member.sync :: Subscribed Member dapharm123abc@gmail.com :: Array
(
    [status_if_new] => 1
    [merge_fields] => Array
        (
        )

)

2021-09-02T22:43:29+00:00 NOTICE action_scheduler.queue_job :: MailChimp_WooCommerce_User_Submit queued :: obj_id 16047
2021-09-02T22:43:33+00:00 NOTICE member.sync :: Subscribed Member gavinthorne98@gmail.com :: Array
(
    [status_if_new] => 1
    [merge_fields] => Array
        (
        )

)

2021-09-02T22:46:17+00:00 NOTICE action_scheduler.queue_job :: MailChimp_WooCommerce_User_Submit queued :: obj_id 16048
2021-09-02T22:46:32+00:00 NOTICE member.sync :: Subscribed Member gian2812@gmail.com :: Array
(
    [status_if_new] => 1
    [merge_fields] => Array
        (
        )

)

2021-09-02T22:55:39+00:00 NOTICE action_scheduler.queue_job :: MailChimp_WooCommerce_User_Submit queued :: obj_id 16049
2021-09-02T22:57:06+00:00 NOTICE member.sync :: Subscribed Member kelly.murphy261@gmail.com :: Array
(
    [status_if_new] => 1
    [merge_fields] => Array
        (
        )

)

2021-09-02T23:01:36+00:00 NOTICE action_scheduler.queue_job :: MailChimp_WooCommerce_User_Submit queued :: obj_id 16050
2021-09-02T23:03:01+00:00 NOTICE member.sync :: Subscribed Member j.ning91@hotmail.com :: Array
(
    [status_if_new] => 1
    [merge_fields] => Array
        (
        )

)

2021-09-02T23:19:54+00:00 NOTICE action_scheduler.queue_job :: MailChimp_WooCommerce_User_Submit queued :: obj_id 16051
2021-09-02T23:20:33+00:00 NOTICE member.sync :: Subscribed Member B00599892@bryantstratton.edu :: Array
(
    [status_if_new] => 1
    [merge_fields] => Array
        (
        )

)

2021-09-02T23:40:44+00:00 NOTICE action_scheduler.queue_job :: MailChimp_WooCommerce_User_Submit queued :: obj_id 16052
2021-09-02T23:42:06+00:00 NOTICE member.sync :: Subscribed Member dddvan@cox.net :: Array
(
    [status_if_new] => 1
    [merge_fields] => Array
        (
        )

)

2021-09-02T23:44:19+00:00 NOTICE action_scheduler.queue_job :: MailChimp_WooCommerce_User_Submit queued :: obj_id 16053
2021-09-02T23:46:04+00:00 NOTICE member.sync :: Subscribed Member akb2705771@yahoo.com :: Array
(
    [status_if_new] => 1
    [merge_fields] => Array
        (
        )

)

2021-09-02T23:56:31+00:00 NOTICE action_scheduler.queue_job :: MailChimp_WooCommerce_User_Submit queued :: obj_id 16054
2021-09-02T23:56:36+00:00 NOTICE member.sync :: Subscribed Member kds5204@yahoo.com :: Array
(
    [status_if_new] => 1
    [merge_fields] => Array
        (
        )

)

