2021-08-08T02:19:08+00:00 NOTICE action_scheduler.queue_job :: MailChimp_WooCommerce_User_Submit queued :: obj_id 15373
2021-08-08T02:20:02+00:00 NOTICE member.sync :: Subscribed Member rostislav.lopatin.28.5.1973@mail.ru :: Array
(
    [status_if_new] => 1
    [merge_fields] => Array
        (
        )

)

2021-08-08T02:46:21+00:00 NOTICE action_scheduler.queue_job :: MailChimp_WooCommerce_User_Submit queued :: obj_id 15374
2021-08-08T02:48:13+00:00 NOTICE member.sync :: iaroslava.sergeeva.7.4.1985@mail.ru has signed up to a lot of lists very recently; we're not allowing more signups for now
2021-08-08T02:53:00+00:00 NOTICE action_scheduler.queue_job :: MailChimp_WooCommerce_User_Submit queued :: obj_id 15375
2021-08-08T02:55:18+00:00 NOTICE member.sync :: Subscribed Member aleksei.sofronov.24.7.2001@mail.ru :: Array
(
    [status_if_new] => 1
    [merge_fields] => Array
        (
        )

)

2021-08-08T05:49:18+00:00 NOTICE action_scheduler.queue_job :: MailChimp_WooCommerce_User_Submit queued :: obj_id 15376
2021-08-08T05:50:11+00:00 NOTICE member.sync :: iana.bykova.28.2.1973@mail.ru has signed up to a lot of lists very recently; we're not allowing more signups for now
2021-08-08T06:05:38+00:00 NOTICE action_scheduler.queue_job :: MailChimp_WooCommerce_User_Submit queued :: obj_id 15377
2021-08-08T06:05:48+00:00 NOTICE member.sync :: Subscribed Member randylm4@sora81.sorataki.in.net :: Array
(
    [status_if_new] => 1
    [merge_fields] => Array
        (
        )

)

2021-08-08T07:05:43+00:00 NOTICE action_scheduler.queue_job :: MailChimp_WooCommerce_User_Submit queued :: obj_id 15378
2021-08-08T07:05:49+00:00 NOTICE member.sync :: gulnara.kulikova.28.1.1966@mail.ru has signed up to a lot of lists very recently; we're not allowing more signups for now
2021-08-08T07:14:08+00:00 NOTICE action_scheduler.queue_job :: MailChimp_WooCommerce_User_Submit queued :: obj_id 15379
2021-08-08T07:15:40+00:00 NOTICE member.sync :: ilia.shubin.13.9.1987@mail.ru has signed up to a lot of lists very recently; we're not allowing more signups for now
2021-08-08T07:54:35+00:00 NOTICE action_scheduler.queue_job :: MailChimp_WooCommerce_User_Submit queued :: obj_id 15380
2021-08-08T07:55:36+00:00 NOTICE member.sync :: inga.kosheleva.5.5.1962@mail.ru has signed up to a lot of lists very recently; we're not allowing more signups for now
2021-08-08T08:04:55+00:00 NOTICE action_scheduler.queue_job :: MailChimp_WooCommerce_User_Submit queued :: obj_id 15381
2021-08-08T08:05:52+00:00 NOTICE member.sync :: olga.lukianova.26.8.1999@mail.ru has signed up to a lot of lists very recently; we're not allowing more signups for now
2021-08-08T08:18:03+00:00 NOTICE action_scheduler.queue_job :: MailChimp_WooCommerce_User_Submit queued :: obj_id 15382
2021-08-08T08:19:29+00:00 NOTICE member.sync :: tolya_mamin_1986@rambler.ru has signed up to a lot of lists very recently; we're not allowing more signups for now
2021-08-08T08:44:14+00:00 NOTICE action_scheduler.queue_job :: MailChimp_WooCommerce_User_Submit queued :: obj_id 15383
2021-08-08T08:45:21+00:00 NOTICE member.sync :: pur.i.s.hk.ev.itc.h.b.right.on@gmail.com has signed up to a lot of lists very recently; we're not allowing more signups for now
2021-08-08T09:45:05+00:00 NOTICE action_scheduler.queue_job :: MailChimp_WooCommerce_Cart_Update queued :: obj_id ff0c3c0b0a58ef43604754b58c8ae72d
2021-08-08T09:45:07+00:00 ERROR abandoned_cart.error :: email: doc.zarul@gmail.com :: attempting product update :: Resource Not Found :: The requested resource could not be found.
2021-08-08T09:45:08+00:00 NOTICE product_submit.error :: addStoreProduct :: #23528 :: Error Code 404 :: Resource Not Found :: The requested resource could not be found. on 1858 in /var/www/vhosts/warmwishesflorist.com/httpdocs/wp-content/plugins/mailchimp-for-woocommerce/includes/api/class-mailchimp-api.php
2021-08-08T09:45:08+00:00 ERROR abandoned_cart.error :: Error Code 404 :: Resource Not Found :: The requested resource could not be found. on 1858 in /var/www/vhosts/warmwishesflorist.com/httpdocs/wp-content/plugins/mailchimp-for-woocommerce/includes/api/class-mailchimp-api.php
2021-08-08T09:53:14+00:00 NOTICE action_scheduler.queue_job :: MailChimp_WooCommerce_Single_Order starts in 90 seconds :: obj_id 24107
2021-08-08T09:54:48+00:00 NOTICE debug :: Order ID 24107 was pending and is now processing :: Array
(
    [new_order] => 1
    [tracking] => Array
        (
            [campaign_id] => 
            [landing_site] => https://warmwishesflorist.com/?wc-api=WC_Molpay_Gateway
        )

)

2021-08-08T09:59:18+00:00 ERROR order_submit.error :: addStoreOrder :: #24107 :: Error Code 404 :: Resource Not Found :: The requested resource could not be found. on 1858 in /var/www/vhosts/warmwishesflorist.com/httpdocs/wp-content/plugins/mailchimp-for-woocommerce/includes/api/class-mailchimp-api.php
2021-08-08T10:21:40+00:00 NOTICE action_scheduler.queue_job :: MailChimp_WooCommerce_User_Submit queued :: obj_id 15384
2021-08-08T10:21:54+00:00 NOTICE member.sync :: anzhelika.sukhareva.29.10.1987@mail.ru has signed up to a lot of lists very recently; we're not allowing more signups for now
2021-08-08T12:23:54+00:00 NOTICE action_scheduler.queue_job :: MailChimp_WooCommerce_User_Submit queued :: obj_id 15385
2021-08-08T12:23:55+00:00 NOTICE action_scheduler.queue_job :: MailChimp_WooCommerce_Cart_Update queued :: obj_id 1917cc23f7a73db8402ec2646e0ff120
2021-08-08T12:23:57+00:00 ERROR abandoned_cart.error :: email: ngooi0718@outlook.com :: attempting product update :: Resource Not Found :: The requested resource could not be found.
2021-08-08T12:23:58+00:00 NOTICE product_submit.error :: addStoreProduct :: #22696 :: Error Code 404 :: Resource Not Found :: The requested resource could not be found. on 1858 in /var/www/vhosts/warmwishesflorist.com/httpdocs/wp-content/plugins/mailchimp-for-woocommerce/includes/api/class-mailchimp-api.php
2021-08-08T12:23:58+00:00 ERROR abandoned_cart.error :: Error Code 404 :: Resource Not Found :: The requested resource could not be found. on 1858 in /var/www/vhosts/warmwishesflorist.com/httpdocs/wp-content/plugins/mailchimp-for-woocommerce/includes/api/class-mailchimp-api.php
2021-08-08T12:23:59+00:00 NOTICE member.sync :: Subscribed Member ngooi0718@outlook.com :: Array
(
    [status_if_new] => 1
    [merge_fields] => Array
        (
        )

)

2021-08-08T12:29:37+00:00 NOTICE action_scheduler.queue_job :: MailChimp_WooCommerce_Cart_Update queued :: obj_id 1917cc23f7a73db8402ec2646e0ff120
2021-08-08T12:29:58+00:00 ERROR abandoned_cart.error :: email: ngooi0718@outlook.com :: attempting product update :: Resource Not Found :: The requested resource could not be found.
2021-08-08T12:29:59+00:00 NOTICE product_submit.error :: addStoreProduct :: #10563 :: Error Code 404 :: Resource Not Found :: The requested resource could not be found. on 1858 in /var/www/vhosts/warmwishesflorist.com/httpdocs/wp-content/plugins/mailchimp-for-woocommerce/includes/api/class-mailchimp-api.php
2021-08-08T12:29:59+00:00 ERROR abandoned_cart.error :: Error Code 404 :: Resource Not Found :: The requested resource could not be found. on 1858 in /var/www/vhosts/warmwishesflorist.com/httpdocs/wp-content/plugins/mailchimp-for-woocommerce/includes/api/class-mailchimp-api.php
2021-08-08T12:31:58+00:00 NOTICE action_scheduler.queue_job :: MailChimp_WooCommerce_Cart_Update queued :: obj_id 1917cc23f7a73db8402ec2646e0ff120
2021-08-08T12:32:00+00:00 ERROR abandoned_cart.error :: email: ngooi0718@outlook.com :: attempting product update :: Resource Not Found :: The requested resource could not be found.
2021-08-08T12:32:01+00:00 NOTICE product_submit.error :: addStoreProduct :: #10563 :: Error Code 404 :: Resource Not Found :: The requested resource could not be found. on 1858 in /var/www/vhosts/warmwishesflorist.com/httpdocs/wp-content/plugins/mailchimp-for-woocommerce/includes/api/class-mailchimp-api.php
2021-08-08T12:32:01+00:00 ERROR abandoned_cart.error :: Error Code 404 :: Resource Not Found :: The requested resource could not be found. on 1858 in /var/www/vhosts/warmwishesflorist.com/httpdocs/wp-content/plugins/mailchimp-for-woocommerce/includes/api/class-mailchimp-api.php
2021-08-08T12:36:06+00:00 NOTICE action_scheduler.queue_job :: MailChimp_WooCommerce_User_Submit queued :: obj_id 15385
2021-08-08T12:36:06+00:00 NOTICE action_scheduler.queue_job :: MailChimp_WooCommerce_Single_Order starts in 90 seconds :: obj_id 24108
2021-08-08T12:37:17+00:00 NOTICE member.sync :: Updated Member ngooi0718@outlook.com ( merge fields only ) :: Array
(
    [merge_fields] => Array
        (
            [FNAME] => Jen Liang
            [LNAME] => Ngoi
        )

)

2021-08-08T12:38:26+00:00 NOTICE debug :: Order ID 24108 was pending and is now failed :: Array
(
    [new_order] => 
    [tracking] => 
)

2021-08-08T12:39:22+00:00 NOTICE action_scheduler.queue_job :: MailChimp_WooCommerce_User_Submit queued :: obj_id 15385
2021-08-08T12:40:19+00:00 NOTICE member.sync :: Updated Member ngooi0718@outlook.com ( merge fields only ) :: Array
(
    [merge_fields] => Array
        (
            [FNAME] => Jen Liang
            [LNAME] => Ngoi
        )

)

2021-08-08T12:40:20+00:00 NOTICE system.debug :: order 24108 is in failed status, and is being skipped for now.
2021-08-08T12:40:53+00:00 NOTICE action_scheduler.queue_job :: MailChimp_WooCommerce_Cart_Update queued :: obj_id 1917cc23f7a73db8402ec2646e0ff120
2021-08-08T12:40:54+00:00 ERROR abandoned_cart.error :: email: ngooi0718@outlook.com :: attempting product update :: Resource Not Found :: The requested resource could not be found.
2021-08-08T12:40:55+00:00 NOTICE product_submit.error :: addStoreProduct :: #10563 :: Error Code 404 :: Resource Not Found :: The requested resource could not be found. on 1858 in /var/www/vhosts/warmwishesflorist.com/httpdocs/wp-content/plugins/mailchimp-for-woocommerce/includes/api/class-mailchimp-api.php
2021-08-08T12:40:55+00:00 ERROR abandoned_cart.error :: Error Code 404 :: Resource Not Found :: The requested resource could not be found. on 1858 in /var/www/vhosts/warmwishesflorist.com/httpdocs/wp-content/plugins/mailchimp-for-woocommerce/includes/api/class-mailchimp-api.php
2021-08-08T12:41:06+00:00 NOTICE action_scheduler.queue_job :: MailChimp_WooCommerce_User_Submit queued :: obj_id 15385
2021-08-08T12:42:36+00:00 NOTICE action_scheduler.queue_job :: MailChimp_WooCommerce_Single_Order starts in 90 seconds :: obj_id 24108
2021-08-08T12:42:37+00:00 NOTICE debug :: Order ID 24108 was failed and is now processing :: Array
(
    [new_order] => 
    [tracking] => 
)

2021-08-08T12:42:37+00:00 NOTICE action_scheduler.queue_job :: MailChimp_WooCommerce_User_Submit queued :: obj_id 15385
2021-08-08T12:42:37+00:00 NOTICE member.sync :: Updated Member ngooi0718@outlook.com ( merge fields only ) :: Array
(
    [merge_fields] => Array
        (
            [FNAME] => Jen Liang
            [LNAME] => Ngoi
        )

)

2021-08-08T12:42:39+00:00 NOTICE member.sync :: Updated Member ngooi0718@outlook.com ( merge fields only ) :: Array
(
    [merge_fields] => Array
        (
            [FNAME] => Jen Liang
            [LNAME] => Ngoi
        )

)

2021-08-08T12:44:59+00:00 ERROR order_submit.error :: addStoreOrder :: #24108 :: Error Code 404 :: Resource Not Found :: The requested resource could not be found. on 1858 in /var/www/vhosts/warmwishesflorist.com/httpdocs/wp-content/plugins/mailchimp-for-woocommerce/includes/api/class-mailchimp-api.php
2021-08-08T14:43:23+00:00 NOTICE action_scheduler.queue_job :: MailChimp_WooCommerce_User_Submit queued :: obj_id 15386
2021-08-08T14:44:08+00:00 NOTICE member.sync :: arsenii.belousov.23.1.1976@mail.ru has signed up to a lot of lists very recently; we're not allowing more signups for now
2021-08-08T17:48:07+00:00 NOTICE action_scheduler.queue_job :: MailChimp_WooCommerce_User_Submit queued :: obj_id 15387
2021-08-08T17:49:53+00:00 NOTICE member.sync :: anzhela.uvarova.28.2.2000@mail.ru has signed up to a lot of lists very recently; we're not allowing more signups for now
2021-08-08T18:18:33+00:00 NOTICE action_scheduler.queue_job :: MailChimp_WooCommerce_User_Submit queued :: obj_id 15388
2021-08-08T18:20:13+00:00 NOTICE member.sync :: zirovsamil@gmail.com has signed up to a lot of lists very recently; we're not allowing more signups for now
2021-08-08T18:35:27+00:00 NOTICE action_scheduler.queue_job :: MailChimp_WooCommerce_User_Submit queued :: obj_id 15389
2021-08-08T18:39:04+00:00 NOTICE member.sync :: pilovanina5@gmail.com has signed up to a lot of lists very recently; we're not allowing more signups for now
2021-08-08T19:06:14+00:00 NOTICE action_scheduler.queue_job :: MailChimp_WooCommerce_User_Submit queued :: obj_id 15390
2021-08-08T19:13:33+00:00 NOTICE member.sync :: artur.lavrentev.30.6.1985@mail.ru has signed up to a lot of lists very recently; we're not allowing more signups for now
2021-08-08T19:13:36+00:00 NOTICE action_scheduler.queue_job :: MailChimp_WooCommerce_User_Submit queued :: obj_id 15391
2021-08-08T19:14:52+00:00 NOTICE member.sync :: fedorkrasikov79@gmail.com has signed up to a lot of lists very recently; we're not allowing more signups for now
2021-08-08T19:52:34+00:00 NOTICE action_scheduler.queue_job :: MailChimp_WooCommerce_User_Submit queued :: obj_id 15392
2021-08-08T19:53:47+00:00 NOTICE member.sync :: kseniia.mikheeva.16.3.1979@mail.ru has signed up to a lot of lists very recently; we're not allowing more signups for now
2021-08-08T20:08:02+00:00 NOTICE action_scheduler.queue_job :: MailChimp_WooCommerce_User_Submit queued :: obj_id 15393
2021-08-08T20:11:19+00:00 NOTICE member.sync :: faina.pakhomova.12.7.1957@mail.ru has signed up to a lot of lists very recently; we're not allowing more signups for now
2021-08-08T21:02:34+00:00 NOTICE action_scheduler.queue_job :: MailChimp_WooCommerce_User_Submit queued :: obj_id 15394
2021-08-08T21:02:53+00:00 NOTICE member.sync :: Subscribed Member kirstence11@hiraku4410.hideo82.sorataki.in.net :: Array
(
    [status_if_new] => 1
    [merge_fields] => Array
        (
        )

)

2021-08-08T22:17:54+00:00 NOTICE action_scheduler.queue_job :: MailChimp_WooCommerce_User_Submit queued :: obj_id 15395
2021-08-08T22:19:50+00:00 NOTICE member.sync :: veniamin.trofimov.5.6.1997@mail.ru has signed up to a lot of lists very recently; we're not allowing more signups for now
