2021-08-28T00:05:35+00:00 NOTICE action_scheduler.queue_job :: MailChimp_WooCommerce_User_Submit queued :: obj_id 15697
2021-08-28T00:10:25+00:00 NOTICE member.sync :: Subscribed Member zicobelair@yahoo.de :: Array
(
    [status_if_new] => 1
    [merge_fields] => Array
        (
        )

)

2021-08-28T00:24:42+00:00 NOTICE action_scheduler.queue_job :: MailChimp_WooCommerce_User_Submit queued :: obj_id 15698
2021-08-28T00:25:45+00:00 NOTICE member.sync :: Subscribed Member forrest@komby.com :: Array
(
    [status_if_new] => 1
    [merge_fields] => Array
        (
        )

)

2021-08-28T00:30:24+00:00 NOTICE action_scheduler.queue_job :: MailChimp_WooCommerce_User_Submit queued :: obj_id 15699
2021-08-28T00:30:31+00:00 NOTICE member.sync :: arivera.bds@gmail.com has signed up to a lot of lists very recently; we're not allowing more signups for now
2021-08-28T00:39:00+00:00 NOTICE action_scheduler.queue_job :: MailChimp_WooCommerce_User_Submit queued :: obj_id 15700
2021-08-28T00:39:35+00:00 NOTICE member.sync :: Subscribed Member susieh2701@aol.com :: Array
(
    [status_if_new] => 1
    [merge_fields] => Array
        (
        )

)

2021-08-28T00:43:56+00:00 NOTICE action_scheduler.queue_job :: MailChimp_WooCommerce_User_Submit queued :: obj_id 15701
2021-08-28T00:43:57+00:00 NOTICE action_scheduler.queue_job :: MailChimp_WooCommerce_User_Submit queued :: obj_id 15702
2021-08-28T00:44:43+00:00 NOTICE member.sync :: soattyjeosy@mail.ru has signed up to a lot of lists very recently; we're not allowing more signups for now
2021-08-28T00:44:45+00:00 NOTICE member.sync :: Subscribed Member kstook99@hotmail.com :: Array
(
    [status_if_new] => 1
    [merge_fields] => Array
        (
        )

)

2021-08-28T00:52:10+00:00 NOTICE action_scheduler.queue_job :: MailChimp_WooCommerce_User_Submit queued :: obj_id 15703
2021-08-28T00:52:44+00:00 NOTICE member.sync :: Subscribed Member theoutlawii@yahoo.com :: Array
(
    [status_if_new] => 1
    [merge_fields] => Array
        (
        )

)

2021-08-28T01:23:42+00:00 NOTICE action_scheduler.queue_job :: MailChimp_WooCommerce_User_Submit queued :: obj_id 15704
2021-08-28T01:23:54+00:00 NOTICE member.sync :: Subscribed Member oleema@mikohswimwear.com :: Array
(
    [status_if_new] => 1
    [merge_fields] => Array
        (
        )

)

2021-08-28T01:36:02+00:00 NOTICE action_scheduler.queue_job :: MailChimp_WooCommerce_User_Submit queued :: obj_id 15705
2021-08-28T01:36:41+00:00 NOTICE member.sync :: Subscribed Member crobbins77@cox.net :: Array
(
    [status_if_new] => 1
    [merge_fields] => Array
        (
        )

)

2021-08-28T01:39:18+00:00 NOTICE action_scheduler.queue_job :: MailChimp_WooCommerce_User_Submit queued :: obj_id 15706
2021-08-28T01:40:27+00:00 NOTICE member.sync :: Subscribed Member beware9008@aol.com :: Array
(
    [status_if_new] => 1
    [merge_fields] => Array
        (
        )

)

2021-08-28T01:46:08+00:00 NOTICE action_scheduler.queue_job :: MailChimp_WooCommerce_User_Submit queued :: obj_id 15707
2021-08-28T01:46:43+00:00 NOTICE member.sync :: briangreathouse@yahoo.com has signed up to a lot of lists very recently; we're not allowing more signups for now
2021-08-28T01:55:33+00:00 NOTICE action_scheduler.queue_job :: MailChimp_WooCommerce_User_Submit queued :: obj_id 15708
2021-08-28T01:55:38+00:00 NOTICE member.sync :: jvolpe01@gmail.com has signed up to a lot of lists very recently; we're not allowing more signups for now
2021-08-28T02:04:18+00:00 NOTICE action_scheduler.queue_job :: MailChimp_WooCommerce_User_Submit queued :: obj_id 15709
2021-08-28T02:06:14+00:00 NOTICE member.sync :: Subscribed Member john.volpe@bellatlantic.net :: Array
(
    [status_if_new] => 1
    [merge_fields] => Array
        (
        )

)

2021-08-28T02:49:01+00:00 NOTICE action_scheduler.queue_job :: MailChimp_WooCommerce_User_Submit queued :: obj_id 15710
2021-08-28T02:49:45+00:00 NOTICE member.sync :: Subscribed Member sh1976@aol.com :: Array
(
    [status_if_new] => 1
    [merge_fields] => Array
        (
        )

)

2021-08-28T03:41:50+00:00 NOTICE action_scheduler.queue_job :: MailChimp_WooCommerce_User_Submit queued :: obj_id 15711
2021-08-28T03:43:09+00:00 NOTICE member.sync :: Subscribed Member moe3000@msn.com :: Array
(
    [status_if_new] => 1
    [merge_fields] => Array
        (
        )

)

2021-08-28T03:50:18+00:00 NOTICE action_scheduler.queue_job :: MailChimp_WooCommerce_User_Submit queued :: obj_id 15712
2021-08-28T03:50:39+00:00 NOTICE member.sync :: Subscribed Member palme1400@freenet.de :: Array
(
    [status_if_new] => 1
    [merge_fields] => Array
        (
        )

)

2021-08-28T04:09:28+00:00 NOTICE action_scheduler.queue_job :: MailChimp_WooCommerce_User_Submit queued :: obj_id 15713
2021-08-28T04:09:33+00:00 NOTICE member.sync :: lori_mileski@hotmail.com has signed up to a lot of lists very recently; we're not allowing more signups for now
2021-08-28T04:13:35+00:00 NOTICE action_scheduler.queue_job :: MailChimp_WooCommerce_Single_Order starts in 90 seconds :: obj_id 24135
2021-08-28T04:13:35+00:00 NOTICE debug :: Order ID 24135 was processing and is now completed :: Array
(
    [new_order] => 
    [tracking] => 
)

2021-08-28T04:13:44+00:00 NOTICE action_scheduler.queue_job :: MailChimp_WooCommerce_Single_Order starts in 90 seconds :: obj_id 24137
2021-08-28T04:13:45+00:00 NOTICE debug :: Order ID 24137 was processing and is now completed :: Array
(
    [new_order] => 
    [tracking] => 
)

2021-08-28T04:16:18+00:00 ERROR order_submit.error :: addStoreOrder :: #24137 :: Error Code 404 :: Resource Not Found :: The requested resource could not be found. on 1858 in /var/www/vhosts/warmwishesflorist.com/httpdocs/wp-content/plugins/mailchimp-for-woocommerce/includes/api/class-mailchimp-api.php
2021-08-28T04:16:20+00:00 ERROR order_submit.error :: addStoreOrder :: #24135 :: Error Code 404 :: Resource Not Found :: The requested resource could not be found. on 1858 in /var/www/vhosts/warmwishesflorist.com/httpdocs/wp-content/plugins/mailchimp-for-woocommerce/includes/api/class-mailchimp-api.php
2021-08-28T05:12:13+00:00 NOTICE action_scheduler.queue_job :: MailChimp_WooCommerce_User_Submit queued :: obj_id 15714
2021-08-28T05:13:50+00:00 NOTICE member.sync :: Subscribed Member njf_oltl@hotmail.com :: Array
(
    [status_if_new] => 1
    [merge_fields] => Array
        (
        )

)

2021-08-28T05:58:31+00:00 NOTICE action_scheduler.queue_job :: MailChimp_WooCommerce_User_Submit queued :: obj_id 15715
2021-08-28T05:58:38+00:00 NOTICE member.sync :: Subscribed Member kj4qff@cox.net :: Array
(
    [status_if_new] => 1
    [merge_fields] => Array
        (
        )

)

2021-08-28T09:11:50+00:00 NOTICE action_scheduler.queue_job :: MailChimp_WooCommerce_User_Submit queued :: obj_id 15716
2021-08-28T09:13:49+00:00 NOTICE member.sync :: Subscribed Member toddll4@hiraku4410.hideo82.sorataki.in.net :: Array
(
    [status_if_new] => 1
    [merge_fields] => Array
        (
        )

)

2021-08-28T09:43:20+00:00 NOTICE action_scheduler.queue_job :: MailChimp_WooCommerce_User_Submit queued :: obj_id 15717
2021-08-28T09:43:33+00:00 NOTICE member.sync :: entero-prep-zv@seoray.site has signed up to a lot of lists very recently; we're not allowing more signups for now
2021-08-28T13:04:50+00:00 NOTICE action_scheduler.queue_job :: MailChimp_WooCommerce_User_Submit queued :: obj_id 15718
2021-08-28T13:05:42+00:00 NOTICE member.sync :: Subscribed Member lawrencchasewarob@gmail.com :: Array
(
    [status_if_new] => 1
    [merge_fields] => Array
        (
        )

)

2021-08-28T14:17:06+00:00 NOTICE action_scheduler.queue_job :: MailChimp_WooCommerce_User_Submit queued :: obj_id 15719
2021-08-28T14:18:38+00:00 NOTICE member.sync :: margarankaren960@gmail.com has signed up to a lot of lists very recently; we're not allowing more signups for now
2021-08-28T14:54:30+00:00 NOTICE action_scheduler.queue_job :: MailChimp_WooCommerce_User_Submit queued :: obj_id 15720
2021-08-28T14:54:35+00:00 NOTICE member.sync :: pigriseva@gmail.com has signed up to a lot of lists very recently; we're not allowing more signups for now
2021-08-28T15:18:47+00:00 NOTICE action_scheduler.queue_job :: MailChimp_WooCommerce_User_Submit queued :: obj_id 15721
2021-08-28T15:19:38+00:00 NOTICE member.sync :: pitinroman602@gmail.com has signed up to a lot of lists very recently; we're not allowing more signups for now
2021-08-28T15:34:25+00:00 NOTICE action_scheduler.queue_job :: MailChimp_WooCommerce_Cart_Update queued :: obj_id 1ff5e598c10af6b9c4355a70f9b7f466
2021-08-28T15:34:27+00:00 ERROR abandoned_cart.error :: email: yiwen-leong@hotmail.com :: attempting product update :: Resource Not Found :: The requested resource could not be found.
2021-08-28T15:34:28+00:00 NOTICE product_submit.error :: addStoreProduct :: #11716 :: Error Code 404 :: Resource Not Found :: The requested resource could not be found. on 1858 in /var/www/vhosts/warmwishesflorist.com/httpdocs/wp-content/plugins/mailchimp-for-woocommerce/includes/api/class-mailchimp-api.php
2021-08-28T15:34:28+00:00 ERROR abandoned_cart.error :: Error Code 404 :: Resource Not Found :: The requested resource could not be found. on 1858 in /var/www/vhosts/warmwishesflorist.com/httpdocs/wp-content/plugins/mailchimp-for-woocommerce/includes/api/class-mailchimp-api.php
2021-08-28T15:35:02+00:00 NOTICE action_scheduler.queue_job :: MailChimp_WooCommerce_Cart_Update queued :: obj_id 1ff5e598c10af6b9c4355a70f9b7f466
2021-08-28T15:36:06+00:00 ERROR abandoned_cart.error :: email: yiwen-leong@hotmail.com :: attempting product update :: Resource Not Found :: The requested resource could not be found.
2021-08-28T15:36:07+00:00 NOTICE product_submit.error :: addStoreProduct :: #11716 :: Error Code 404 :: Resource Not Found :: The requested resource could not be found. on 1858 in /var/www/vhosts/warmwishesflorist.com/httpdocs/wp-content/plugins/mailchimp-for-woocommerce/includes/api/class-mailchimp-api.php
2021-08-28T15:36:07+00:00 ERROR abandoned_cart.error :: Error Code 404 :: Resource Not Found :: The requested resource could not be found. on 1858 in /var/www/vhosts/warmwishesflorist.com/httpdocs/wp-content/plugins/mailchimp-for-woocommerce/includes/api/class-mailchimp-api.php
2021-08-28T15:40:10+00:00 NOTICE action_scheduler.queue_job :: MailChimp_WooCommerce_Single_Order starts in 90 seconds :: obj_id 24138
2021-08-28T15:41:52+00:00 NOTICE action_scheduler.queue_job :: MailChimp_WooCommerce_Single_Order starts in 90 seconds :: obj_id 24138
2021-08-28T15:41:53+00:00 NOTICE debug :: Order ID 24138 was pending and is now processing :: Array
(
    [new_order] => 1
    [tracking] => Array
        (
            [campaign_id] => 
            [landing_site] => https://warmwishesflorist.com/?wc-api=WC_Molpay_Gateway
        )

)

2021-08-28T15:41:53+00:00 NOTICE order_sumbit :: #24138 has a financial status of pending and was skipped.
2021-08-28T15:44:16+00:00 ERROR order_submit.error :: addStoreOrder :: #24138 :: Error Code 404 :: Resource Not Found :: The requested resource could not be found. on 1858 in /var/www/vhosts/warmwishesflorist.com/httpdocs/wp-content/plugins/mailchimp-for-woocommerce/includes/api/class-mailchimp-api.php
2021-08-28T22:18:17+00:00 NOTICE action_scheduler.queue_job :: MailChimp_WooCommerce_User_Submit queued :: obj_id 15723
2021-08-28T22:19:33+00:00 NOTICE member.sync :: spa@mailaddress.host has signed up to a lot of lists very recently; we're not allowing more signups for now
