2021-01-27T01:54:04+00:00 NOTICE action_scheduler.queue_job :: MailChimp_WooCommerce_User_Submit queued :: obj_id 11111
2021-01-27T01:57:42+00:00 NOTICE member.sync :: Subscribed Member bonniekinsey@fairpoint.net :: Array
(
    [status_if_new] => 1
    [merge_fields] => Array
        (
        )

)

2021-01-27T04:22:30+00:00 NOTICE action_scheduler.queue_job :: MailChimp_WooCommerce_User_Submit queued :: obj_id 9570
2021-01-27T04:23:20+00:00 NOTICE member.sync :: Updated Member nictam1126@gmail.com ( merge fields only ) :: Array
(
    [merge_fields] => Array
        (
            [FNAME] => Nic
            [LNAME] => Tam
        )

)

2021-01-27T04:24:02+00:00 NOTICE action_scheduler.queue_job :: MailChimp_WooCommerce_User_Submit queued :: obj_id 9570
2021-01-27T04:25:22+00:00 NOTICE member.sync :: Updated Member nictam1126@gmail.com ( merge fields only ) :: Array
(
    [merge_fields] => Array
        (
            [FNAME] => Nic
            [LNAME] => Tam
        )

)

2021-01-27T06:58:55+00:00 NOTICE action_scheduler.queue_job :: MailChimp_WooCommerce_Single_Product starts in 5 seconds :: obj_id 21783
2021-01-27T06:59:08+00:00 NOTICE action_scheduler.queue_job :: MailChimp_WooCommerce_Cart_Update queued :: obj_id 70a123f343a6bd420e161c2b4d09db20
2021-01-27T06:59:21+00:00 NOTICE product_submit.success :: updateStoreProduct :: #21783
2021-01-27T06:59:22+00:00 NOTICE abandoned_cart.success :: email: fitria.sarii@gmail.com :: checkout_url: https://warmwishesflorist.com/checkout/?mc_cart_id=70a123f343a6bd420e161c2b4d09db20
2021-01-27T06:59:23+00:00 NOTICE cart.member.updated :: Updated fitria.sarii@gmail.com subscriber status to transactional and language to en
2021-01-27T07:02:58+00:00 NOTICE action_scheduler.queue_job :: MailChimp_WooCommerce_Single_Product starts in 5 seconds :: obj_id 21783
2021-01-27T07:05:24+00:00 NOTICE product_submit.success :: updateStoreProduct :: #21783
2021-01-27T07:06:40+00:00 NOTICE action_scheduler.queue_job :: MailChimp_WooCommerce_Cart_Update queued :: obj_id 70a123f343a6bd420e161c2b4d09db20
2021-01-27T07:06:45+00:00 NOTICE abandoned_cart.success :: email: fitria.sarii@gmail.com :: checkout_url: https://warmwishesflorist.com/checkout/?mc_cart_id=70a123f343a6bd420e161c2b4d09db20
2021-01-27T07:07:25+00:00 NOTICE action_scheduler.queue_job :: MailChimp_WooCommerce_Cart_Update queued :: obj_id 70a123f343a6bd420e161c2b4d09db20
2021-01-27T07:11:20+00:00 NOTICE abandoned_cart.success :: email: fitria.sarii@gmail.com :: checkout_url: https://warmwishesflorist.com/checkout/?mc_cart_id=70a123f343a6bd420e161c2b4d09db20
2021-01-27T07:18:11+00:00 NOTICE action_scheduler.queue_job :: MailChimp_WooCommerce_Single_Order starts in 90 seconds :: obj_id 23100
2021-01-27T07:22:48+00:00 NOTICE order_sumbit :: #23100 has a financial status of pending and was skipped.
2021-01-27T07:23:12+00:00 NOTICE action_scheduler.queue_job :: MailChimp_WooCommerce_Single_Order starts in 90 seconds :: obj_id 23100
2021-01-27T07:24:49+00:00 NOTICE debug :: Order ID 23100 was pending and is now processing :: Array
(
    [new_order] => 1
    [tracking] => Array
        (
            [campaign_id] => 
            [landing_site] => https://warmwishesflorist.com/checkout/
        )

)

2021-01-27T07:24:49+00:00 NOTICE action_scheduler.queue_job :: MailChimp_WooCommerce_User_Submit queued :: obj_id 11113
2021-01-27T07:29:33+00:00 NOTICE order.member.updated :: Updated fitria.sarii@gmail.com subscriber status to subscribed and language to 
2021-01-27T07:29:33+00:00 NOTICE order_submit.success :: addStoreOrder :: #23100 :: email: fitria.sarii@gmail.com :: landing site https://warmwishesflorist.com/checkout/ :: abandoned cart deleted [70a123f343a6bd420e161c2b4d09db20]
2021-01-27T07:29:34+00:00 NOTICE member.sync :: Updated Member fitria.sarii@gmail.com ( merge fields only ) :: Array
(
    [merge_fields] => Array
        (
            [FNAME] => Fitria Sari
        )

)

2021-01-27T14:18:27+00:00 NOTICE action_scheduler.queue_job :: MailChimp_WooCommerce_Cart_Update queued :: obj_id af2b28b0bbf993709cece09049e54919
2021-01-27T14:18:32+00:00 NOTICE abandoned_cart.success :: email: jun-yi_yong@astro.com.my :: checkout_url: https://warmwishesflorist.com/checkout/?mc_cart_id=af2b28b0bbf993709cece09049e54919
2021-01-27T14:18:32+00:00 NOTICE cart.member.updated :: Updated jun-yi_yong@astro.com.my subscriber status to transactional and language to en
2021-01-27T14:31:55+00:00 NOTICE action_scheduler.queue_job :: MailChimp_WooCommerce_Cart_Update queued :: obj_id e0b3a0de98dc937789497c9af4074b82
2021-01-27T14:32:35+00:00 NOTICE abandoned_cart.success :: email: jacyliou@outlook.com :: checkout_url: https://warmwishesflorist.com/checkout/?mc_cart_id=e0b3a0de98dc937789497c9af4074b82
2021-01-27T14:32:36+00:00 NOTICE cart.member.updated :: Updated jacyliou@outlook.com subscriber status to transactional and language to en
2021-01-27T14:38:29+00:00 NOTICE action_scheduler.queue_job :: MailChimp_WooCommerce_Single_Order starts in 90 seconds :: obj_id 23100
2021-01-27T14:38:30+00:00 NOTICE debug :: Order ID 23100 was processing and is now completed :: Array
(
    [new_order] => 
    [tracking] => 
)

2021-01-27T14:40:25+00:00 NOTICE order.member.updated :: Updated fitria.sarii@gmail.com subscriber status to subscribed and language to 
2021-01-27T14:40:25+00:00 NOTICE order_submit.success :: updateStoreOrder :: #23100 :: email: fitria.sarii@gmail.com
2021-01-27T14:51:08+00:00 NOTICE action_scheduler.queue_job :: MailChimp_WooCommerce_Cart_Update queued :: obj_id e0b3a0de98dc937789497c9af4074b82
2021-01-27T14:51:56+00:00 NOTICE abandoned_cart.success :: email: jacyliou@outlook.com :: checkout_url: https://warmwishesflorist.com/checkout/?mc_cart_id=e0b3a0de98dc937789497c9af4074b82
2021-01-27T14:52:15+00:00 NOTICE action_scheduler.queue_job :: MailChimp_WooCommerce_Cart_Update queued :: obj_id e0b3a0de98dc937789497c9af4074b82
2021-01-27T14:52:52+00:00 NOTICE action_scheduler.queue_job :: MailChimp_WooCommerce_Cart_Update queued :: obj_id b31ea92da08aced059343469e1883c7b
2021-01-27T14:52:52+00:00 NOTICE action_scheduler.queue_job :: MailChimp_WooCommerce_User_Submit queued :: obj_id 11116
2021-01-27T14:58:13+00:00 NOTICE abandoned_cart.success :: email: jacyliou@outlook.com :: checkout_url: https://warmwishesflorist.com/checkout/?mc_cart_id=e0b3a0de98dc937789497c9af4074b82
2021-01-27T14:58:15+00:00 NOTICE abandoned_cart.success :: email: jacy.d.life@gmail.com :: checkout_url: https://warmwishesflorist.com/checkout/?mc_cart_id=b31ea92da08aced059343469e1883c7b
2021-01-27T14:58:15+00:00 NOTICE cart.member.updated :: Updated jacy.d.life@gmail.com subscriber status to transactional and language to en
2021-01-27T14:58:17+00:00 NOTICE member.sync :: Updated Member jacy.d.life@gmail.com :: Array
(
    [previous_status] => transactional
    [status] => 1
    [merge_fields] => Array
        (
        )

)

2021-01-27T15:06:21+00:00 NOTICE action_scheduler.queue_job :: MailChimp_WooCommerce_User_Submit queued :: obj_id 11116
2021-01-27T15:06:21+00:00 NOTICE action_scheduler.queue_job :: MailChimp_WooCommerce_Single_Order starts in 90 seconds :: obj_id 23113
2021-01-27T15:08:16+00:00 NOTICE debug :: Order ID 23113 was pending and is now processing :: Array
(
    [new_order] => 1
    [tracking] => Array
        (
            [campaign_id] => 
            [landing_site] => https://warmwishesflorist.com/?wc-api=WC_Molpay_Gateway
        )

)

2021-01-27T15:14:42+00:00 NOTICE order.member.updated :: Updated jacy.d.life@gmail.com subscriber status to subscribed and language to en
2021-01-27T15:14:42+00:00 NOTICE order_submit.success :: addStoreOrder :: #23113 :: email: jacy.d.life@gmail.com :: landing site https://warmwishesflorist.com/ :: abandoned cart deleted [b31ea92da08aced059343469e1883c7b]
2021-01-27T15:14:43+00:00 NOTICE member.sync :: Updated Member jacy.d.life@gmail.com ( merge fields only ) :: Array
(
    [merge_fields] => Array
        (
            [FNAME] => Jessie
            [LNAME] => Liou
        )

)

2021-01-27T15:17:57+00:00 NOTICE action_scheduler.queue_job :: MailChimp_WooCommerce_Single_Product starts in 5 seconds :: obj_id 23106
2021-01-27T15:20:24+00:00 NOTICE product_submit.warning :: addStoreProduct :: post #23106 was invalid.
2021-01-27T15:21:50+00:00 NOTICE action_scheduler.queue_job :: MailChimp_WooCommerce_Single_Product starts in 5 seconds :: obj_id 23106
2021-01-27T15:22:32+00:00 NOTICE product_submit.success :: addStoreProduct :: #23106
2021-01-27T15:23:05+00:00 NOTICE action_scheduler.queue_job :: MailChimp_WooCommerce_Single_Product starts in 5 seconds :: obj_id 22241
2021-01-27T15:23:13+00:00 NOTICE product.deleted :: deleted product 21711
2021-01-27T15:23:35+00:00 NOTICE action_scheduler.queue_job :: MailChimp_WooCommerce_Single_Product starts in 5 seconds :: obj_id 23106
2021-01-27T15:23:37+00:00 NOTICE product_submit.success :: updateStoreProduct :: #22241
2021-01-27T15:23:42+00:00 NOTICE product_submit.success :: updateStoreProduct :: #23106
2021-01-27T15:24:35+00:00 NOTICE action_scheduler.queue_job :: MailChimp_WooCommerce_Single_Product starts in 5 seconds :: obj_id 21317
2021-01-27T15:26:42+00:00 NOTICE product_submit.success :: updateStoreProduct :: #21317
2021-01-27T15:47:21+00:00 NOTICE action_scheduler.queue_job :: MailChimp_WooCommerce_Single_Product starts in 5 seconds :: obj_id 23116
2021-01-27T15:47:33+00:00 NOTICE product_submit.success :: addStoreProduct :: #23116
2021-01-27T16:07:53+00:00 NOTICE action_scheduler.queue_job :: MailChimp_WooCommerce_Single_Product starts in 5 seconds :: obj_id 23116
2021-01-27T16:08:18+00:00 NOTICE product_submit.success :: updateStoreProduct :: #23116
