2021-02-23T01:54:16+00:00 NOTICE ac.cart_swap :: Deleted cart [gary33ng@gmail.com] :: ID [9cd605cd836fef679118828f224b87fd]
2021-02-23T01:54:16+00:00 NOTICE action_scheduler.queue_job :: MailChimp_WooCommerce_Cart_Update queued :: obj_id 9cd605cd836fef679118828f224b87fd
2021-02-23T01:54:17+00:00 NOTICE action_scheduler.queue_job :: MailChimp_WooCommerce_Cart_Update queued :: obj_id 1e40d23b9cbc8b86b5c81fbaba4e88dc
2021-02-23T01:54:18+00:00 NOTICE abandoned_cart.success :: email: gary33ng@gmail.com :: checkout_url: https://warmwishesflorist.com/checkout/?mc_cart_id=9cd605cd836fef679118828f224b87fd
2021-02-23T01:54:19+00:00 NOTICE cart.member.updated :: Updated gary33ng@gmail.com subscriber status to subscribed and language to en
2021-02-23T01:54:20+00:00 NOTICE abandoned_cart.success :: email: franscine@adtime.com.my :: checkout_url: https://warmwishesflorist.com/checkout/?mc_cart_id=1e40d23b9cbc8b86b5c81fbaba4e88dc
2021-02-23T01:54:20+00:00 NOTICE cart.member.updated :: Updated franscine@adtime.com.my subscriber status to transactional and language to en
2021-02-23T01:54:25+00:00 NOTICE ac.cart_swap :: Deleted cart [gary33ng@gmail.com] :: ID [9cd605cd836fef679118828f224b87fd]
2021-02-23T01:54:26+00:00 NOTICE action_scheduler.queue_job :: MailChimp_WooCommerce_Cart_Update queued :: obj_id 1e40d23b9cbc8b86b5c81fbaba4e88dc
2021-02-23T01:56:06+00:00 NOTICE abandoned_cart.success :: email: franscine@adtime.com.my :: checkout_url: https://warmwishesflorist.com/checkout/?mc_cart_id=1e40d23b9cbc8b86b5c81fbaba4e88dc
2021-02-23T01:56:16+00:00 NOTICE ac.cart_swap :: Deleted cart [franscine@adtime.com.my] :: ID [1e40d23b9cbc8b86b5c81fbaba4e88dc]
2021-02-23T01:56:17+00:00 NOTICE action_scheduler.queue_job :: MailChimp_WooCommerce_Cart_Update queued :: obj_id 9cd605cd836fef679118828f224b87fd
2021-02-23T02:01:08+00:00 NOTICE abandoned_cart.success :: email: gary33ng@gmail.com :: checkout_url: https://warmwishesflorist.com/checkout/?mc_cart_id=9cd605cd836fef679118828f224b87fd
2021-02-23T02:07:29+00:00 NOTICE action_scheduler.queue_job :: MailChimp_WooCommerce_Cart_Update queued :: obj_id 5b61ab729130d2ebfcda18301a83c329
2021-02-23T02:14:55+00:00 NOTICE action_scheduler.queue_job :: MailChimp_WooCommerce_Single_Order starts in 90 seconds :: obj_id 23448
2021-02-23T02:15:07+00:00 NOTICE abandoned_cart.success :: email: wenyie96@hotmail.com :: checkout_url: https://warmwishesflorist.com/checkout/?mc_cart_id=5b61ab729130d2ebfcda18301a83c329
2021-02-23T02:15:08+00:00 NOTICE cart.member.updated :: Updated wenyie96@hotmail.com subscriber status to transactional and language to en
2021-02-23T02:16:33+00:00 NOTICE debug :: Order ID 23448 was pending and is now processing :: Array
(
    [new_order] => 1
    [tracking] => Array
        (
            [campaign_id] => 
            [landing_site] => https://warmwishesflorist.com/
        )

)

2021-02-23T02:23:47+00:00 NOTICE order.member.updated :: Updated wenyie96@hotmail.com subscriber status to transactional and language to en
2021-02-23T02:23:47+00:00 NOTICE order_submit.success :: addStoreOrder :: #23448 :: email: wenyie96@hotmail.com :: landing site https://warmwishesflorist.com/ :: abandoned cart deleted [5b61ab729130d2ebfcda18301a83c329]
2021-02-23T07:34:14+00:00 NOTICE action_scheduler.queue_job :: MailChimp_WooCommerce_Single_Product starts in 5 seconds :: obj_id 23449
2021-02-23T07:35:13+00:00 NOTICE product_submit.success :: addStoreProduct :: #23449
2021-02-23T09:12:27+00:00 NOTICE action_scheduler.queue_job :: MailChimp_WooCommerce_User_Submit queued :: obj_id 12137
2021-02-23T09:22:42+00:00 NOTICE member.sync :: Subscribed Member man.baudoin@mail.ru :: Array
(
    [status_if_new] => 1
    [merge_fields] => Array
        (
        )

)

2021-02-23T14:08:24+00:00 NOTICE action_scheduler.queue_job :: MailChimp_WooCommerce_Cart_Update queued :: obj_id 33643bb8e12127747929d0585a3987b6
2021-02-23T14:11:41+00:00 NOTICE action_scheduler.queue_job :: MailChimp_WooCommerce_User_Submit queued :: obj_id 10458
2021-02-23T14:11:41+00:00 NOTICE action_scheduler.queue_job :: MailChimp_WooCommerce_Single_Order starts in 90 seconds :: obj_id 23453
2021-02-23T14:12:49+00:00 NOTICE debug :: Order ID 23453 was pending and is now processing :: Array
(
    [new_order] => 1
    [tracking] => Array
        (
            [campaign_id] => 
            [landing_site] => https://warmwishesflorist.com/?wc-api=WC_Molpay_Gateway
        )

)

2021-02-23T14:20:56+00:00 NOTICE abandoned_cart.success :: email: hongqingpua.2001@gmail.com :: checkout_url: https://warmwishesflorist.com/checkout/?mc_cart_id=33643bb8e12127747929d0585a3987b6
2021-02-23T14:20:57+00:00 NOTICE cart.member.updated :: Updated hongqingpua.2001@gmail.com subscriber status to subscribed and language to en
2021-02-23T14:20:58+00:00 NOTICE member.sync :: Updated Member hongqingpua.2001@gmail.com ( merge fields only ) :: Array
(
    [merge_fields] => Array
        (
            [FNAME] => Hong
            [LNAME] => Pua
        )

)

2021-02-23T14:21:03+00:00 NOTICE order.member.updated :: Updated hongqingpua.2001@gmail.com subscriber status to subscribed and language to en
2021-02-23T14:21:03+00:00 NOTICE order_submit.success :: addStoreOrder :: #23453 :: email: hongqingpua.2001@gmail.com :: landing site https://warmwishesflorist.com/ :: abandoned cart deleted [33643bb8e12127747929d0585a3987b6]
2021-02-23T14:24:04+00:00 NOTICE action_scheduler.queue_job :: MailChimp_WooCommerce_Single_Order starts in 90 seconds :: obj_id 23453
2021-02-23T14:24:05+00:00 NOTICE debug :: Order ID 23453 was processing and is now completed :: Array
(
    [new_order] => 
    [tracking] => 
)

2021-02-23T14:24:34+00:00 NOTICE action_scheduler.queue_job :: MailChimp_WooCommerce_Single_Order starts in 90 seconds :: obj_id 23448
2021-02-23T14:24:35+00:00 NOTICE debug :: Order ID 23448 was processing and is now completed :: Array
(
    [new_order] => 
    [tracking] => 
)

2021-02-23T14:25:45+00:00 NOTICE order.member.updated :: Updated hongqingpua.2001@gmail.com subscriber status to subscribed and language to 
2021-02-23T14:25:45+00:00 NOTICE order_submit.success :: updateStoreOrder :: #23453 :: email: hongqingpua.2001@gmail.com
2021-02-23T14:31:10+00:00 NOTICE order.member.updated :: Updated wenyie96@hotmail.com subscriber status to transactional and language to 
2021-02-23T14:31:10+00:00 NOTICE order_submit.success :: updateStoreOrder :: #23448 :: email: wenyie96@hotmail.com
2021-02-23T18:19:03+00:00 NOTICE action_scheduler.queue_job :: MailChimp_WooCommerce_User_Submit queued :: obj_id 12138
2021-02-23T18:29:40+00:00 NOTICE action_scheduler.queue_job :: MailChimp_WooCommerce_User_Submit queued :: obj_id 12139
2021-02-23T18:34:43+00:00 NOTICE action_scheduler.queue_job :: MailChimp_WooCommerce_User_Submit queued :: obj_id 12140
2021-02-23T18:34:53+00:00 NOTICE action_scheduler.queue_job :: MailChimp_WooCommerce_User_Submit queued :: obj_id 12141
2021-02-23T18:35:22+00:00 NOTICE action_scheduler.queue_job :: MailChimp_WooCommerce_User_Submit queued :: obj_id 12142
2021-02-23T18:35:39+00:00 NOTICE action_scheduler.queue_job :: MailChimp_WooCommerce_User_Submit queued :: obj_id 12143
2021-02-23T18:39:52+00:00 NOTICE action_scheduler.queue_job :: MailChimp_WooCommerce_User_Submit queued :: obj_id 12144
2021-02-23T18:39:53+00:00 NOTICE action_scheduler.queue_job :: MailChimp_WooCommerce_User_Submit queued :: obj_id 12145
2021-02-23T18:41:59+00:00 NOTICE action_scheduler.queue_job :: MailChimp_WooCommerce_User_Submit queued :: obj_id 12146
2021-02-23T18:42:24+00:00 NOTICE action_scheduler.queue_job :: MailChimp_WooCommerce_User_Submit queued :: obj_id 12147
2021-02-23T18:45:42+00:00 NOTICE member.sync :: Subscribed Member jd.block@yahoo.com :: Array
(
    [status_if_new] => 1
    [merge_fields] => Array
        (
        )

)

2021-02-23T18:45:43+00:00 NOTICE member.sync :: Subscribed Member james@4savages.com :: Array
(
    [status_if_new] => 1
    [merge_fields] => Array
        (
        )

)

2021-02-23T18:45:45+00:00 NOTICE member.sync :: Subscribed Member nicrbig@hotmail.com :: Array
(
    [status_if_new] => 1
    [merge_fields] => Array
        (
        )

)

2021-02-23T18:45:46+00:00 NOTICE member.sync :: mssue228@yahoo.com has signed up to a lot of lists very recently; we're not allowing more signups for now
2021-02-23T18:45:47+00:00 NOTICE member.sync :: Subscribed Member lilianadelagarza@ymail.com :: Array
(
    [status_if_new] => 1
    [merge_fields] => Array
        (
        )

)

2021-02-23T18:45:48+00:00 NOTICE action_scheduler.queue_job :: MailChimp_WooCommerce_User_Submit queued :: obj_id 12148
2021-02-23T18:45:49+00:00 NOTICE member.sync :: Subscribed Member jared.obrien.0272@mail.linnbenton.edu :: Array
(
    [status_if_new] => 1
    [merge_fields] => Array
        (
        )

)

2021-02-23T18:45:50+00:00 NOTICE member.sync :: Subscribed Member dragonesque@iinet.net.au :: Array
(
    [status_if_new] => 1
    [merge_fields] => Array
        (
        )

)

2021-02-23T18:45:51+00:00 NOTICE member.sync :: Subscribed Member jasminevans12998@gmail.com :: Array
(
    [status_if_new] => 1
    [merge_fields] => Array
        (
        )

)

2021-02-23T18:45:54+00:00 NOTICE member.sync :: Subscribed Member kate.borho@gmail.com :: Array
(
    [status_if_new] => 1
    [merge_fields] => Array
        (
        )

)

2021-02-23T18:45:55+00:00 NOTICE member.sync :: jonny.rathmill@gmail.com has signed up to a lot of lists very recently; we're not allowing more signups for now
2021-02-23T18:45:56+00:00 NOTICE member.sync :: Subscribed Member flowers.uniqua@gmail.com :: Array
(
    [status_if_new] => 1
    [merge_fields] => Array
        (
        )

)

2021-02-23T18:46:45+00:00 NOTICE action_scheduler.queue_job :: MailChimp_WooCommerce_User_Submit queued :: obj_id 12149
2021-02-23T18:50:45+00:00 NOTICE action_scheduler.queue_job :: MailChimp_WooCommerce_User_Submit queued :: obj_id 12150
2021-02-23T18:52:26+00:00 NOTICE action_scheduler.queue_job :: MailChimp_WooCommerce_User_Submit queued :: obj_id 12151
2021-02-23T18:55:14+00:00 NOTICE action_scheduler.queue_job :: MailChimp_WooCommerce_User_Submit queued :: obj_id 12152
2021-02-23T18:55:32+00:00 NOTICE action_scheduler.queue_job :: MailChimp_WooCommerce_User_Submit queued :: obj_id 12153
2021-02-23T18:56:25+00:00 NOTICE action_scheduler.queue_job :: MailChimp_WooCommerce_User_Submit queued :: obj_id 12154
2021-02-23T18:59:52+00:00 NOTICE action_scheduler.queue_job :: MailChimp_WooCommerce_User_Submit queued :: obj_id 12155
2021-02-23T19:00:59+00:00 NOTICE action_scheduler.queue_job :: MailChimp_WooCommerce_User_Submit queued :: obj_id 12156
2021-02-23T19:05:15+00:00 NOTICE action_scheduler.queue_job :: MailChimp_WooCommerce_User_Submit queued :: obj_id 12157
2021-02-23T19:10:50+00:00 NOTICE action_scheduler.queue_job :: MailChimp_WooCommerce_User_Submit queued :: obj_id 12158
2021-02-23T19:12:00+00:00 NOTICE action_scheduler.queue_job :: MailChimp_WooCommerce_User_Submit queued :: obj_id 12159
2021-02-23T19:13:33+00:00 NOTICE action_scheduler.queue_job :: MailChimp_WooCommerce_User_Submit queued :: obj_id 12160
2021-02-23T19:16:06+00:00 NOTICE action_scheduler.queue_job :: MailChimp_WooCommerce_User_Submit queued :: obj_id 12161
2021-02-23T19:16:45+00:00 NOTICE action_scheduler.queue_job :: MailChimp_WooCommerce_User_Submit queued :: obj_id 12162
2021-02-23T19:20:06+00:00 NOTICE action_scheduler.queue_job :: MailChimp_WooCommerce_User_Submit queued :: obj_id 12163
2021-02-23T19:21:49+00:00 NOTICE action_scheduler.queue_job :: MailChimp_WooCommerce_User_Submit queued :: obj_id 12164
2021-02-23T19:26:16+00:00 NOTICE action_scheduler.queue_job :: MailChimp_WooCommerce_User_Submit queued :: obj_id 12165
2021-02-23T19:26:23+00:00 NOTICE action_scheduler.queue_job :: MailChimp_WooCommerce_User_Submit queued :: obj_id 12166
2021-02-23T19:26:58+00:00 NOTICE action_scheduler.queue_job :: MailChimp_WooCommerce_User_Submit queued :: obj_id 12167
2021-02-23T19:35:56+00:00 NOTICE action_scheduler.queue_job :: MailChimp_WooCommerce_User_Submit queued :: obj_id 12168
2021-02-23T19:36:46+00:00 NOTICE action_scheduler.queue_job :: MailChimp_WooCommerce_User_Submit queued :: obj_id 12169
2021-02-23T19:41:54+00:00 NOTICE action_scheduler.queue_job :: MailChimp_WooCommerce_User_Submit queued :: obj_id 12170
2021-02-23T19:42:16+00:00 NOTICE action_scheduler.queue_job :: MailChimp_WooCommerce_User_Submit queued :: obj_id 12171
2021-02-23T19:42:24+00:00 NOTICE action_scheduler.queue_job :: MailChimp_WooCommerce_User_Submit queued :: obj_id 12172
2021-02-23T19:46:11+00:00 NOTICE action_scheduler.queue_job :: MailChimp_WooCommerce_User_Submit queued :: obj_id 12173
2021-02-23T19:47:01+00:00 NOTICE action_scheduler.queue_job :: MailChimp_WooCommerce_User_Submit queued :: obj_id 12174
2021-02-23T19:48:09+00:00 NOTICE action_scheduler.queue_job :: MailChimp_WooCommerce_User_Submit queued :: obj_id 12175
2021-02-23T19:55:56+00:00 NOTICE action_scheduler.queue_job :: MailChimp_WooCommerce_User_Submit queued :: obj_id 12176
2021-02-23T19:57:32+00:00 NOTICE action_scheduler.queue_job :: MailChimp_WooCommerce_User_Submit queued :: obj_id 12177
2021-02-23T19:57:37+00:00 NOTICE action_scheduler.queue_job :: MailChimp_WooCommerce_User_Submit queued :: obj_id 12178
2021-02-23T20:01:07+00:00 NOTICE member.sync :: Subscribed Member filmix.net@gmail.com :: Array
(
    [status_if_new] => 1
    [merge_fields] => Array
        (
        )

)

2021-02-23T20:01:08+00:00 NOTICE member.sync :: MARK.SWANSON@FULLSERVICECPA.COM has signed up to a lot of lists very recently; we're not allowing more signups for now
2021-02-23T20:01:09+00:00 NOTICE member.sync :: pignart@hotmail.it has signed up to a lot of lists very recently; we're not allowing more signups for now
2021-02-23T20:01:11+00:00 NOTICE member.sync :: Subscribed Member blackboxservice2019@gmail.com :: Array
(
    [status_if_new] => 1
    [merge_fields] => Array
        (
        )

)

2021-02-23T20:01:12+00:00 NOTICE member.sync :: Subscribed Member aereana12@gmail.com :: Array
(
    [status_if_new] => 1
    [merge_fields] => Array
        (
        )

)

2021-02-23T20:01:13+00:00 NOTICE member.sync :: Subscribed Member jenprize@aol.com :: Array
(
    [status_if_new] => 1
    [merge_fields] => Array
        (
        )

)

2021-02-23T20:01:15+00:00 NOTICE member.sync :: Subscribed Member ariannanarizone@gmail.com :: Array
(
    [status_if_new] => 1
    [merge_fields] => Array
        (
        )

)

2021-02-23T20:01:16+00:00 NOTICE member.sync :: liseco@wanadoo.fr has signed up to a lot of lists very recently; we're not allowing more signups for now
2021-02-23T20:01:18+00:00 NOTICE member.sync :: Subscribed Member garima.lbs@gmail.com :: Array
(
    [status_if_new] => 1
    [merge_fields] => Array
        (
        )

)

2021-02-23T20:02:17+00:00 NOTICE action_scheduler.queue_job :: MailChimp_WooCommerce_User_Submit queued :: obj_id 12179
2021-02-23T20:03:23+00:00 NOTICE action_scheduler.queue_job :: MailChimp_WooCommerce_User_Submit queued :: obj_id 12180
2021-02-23T20:13:56+00:00 NOTICE action_scheduler.queue_job :: MailChimp_WooCommerce_User_Submit queued :: obj_id 12181
2021-02-23T20:15:16+00:00 NOTICE action_scheduler.queue_job :: MailChimp_WooCommerce_User_Submit queued :: obj_id 12182
2021-02-23T20:18:52+00:00 NOTICE action_scheduler.queue_job :: MailChimp_WooCommerce_User_Submit queued :: obj_id 12183
2021-02-23T20:28:49+00:00 NOTICE action_scheduler.queue_job :: MailChimp_WooCommerce_User_Submit queued :: obj_id 12184
2021-02-23T20:31:05+00:00 NOTICE member.sync :: Subscribed Member jfennell@fennellgroup.com :: Array
(
    [status_if_new] => 1
    [merge_fields] => Array
        (
        )

)

2021-02-23T20:31:07+00:00 NOTICE member.sync :: Jake_kiernan@yahoo.co.uk has signed up to a lot of lists very recently; we're not allowing more signups for now
2021-02-23T20:31:09+00:00 NOTICE member.sync :: Subscribed Member reachvane@bellsouth.net :: Array
(
    [status_if_new] => 1
    [merge_fields] => Array
        (
        )

)

2021-02-23T20:31:10+00:00 NOTICE member.sync :: Subscribed Member shaynak2@yahoo.com :: Array
(
    [status_if_new] => 1
    [merge_fields] => Array
        (
        )

)

2021-02-23T20:31:12+00:00 NOTICE member.sync :: Subscribed Member eda-deutschman1005lv@outlook.com :: Array
(
    [status_if_new] => 1
    [merge_fields] => Array
        (
        )

)

2021-02-23T20:31:13+00:00 NOTICE member.sync :: Subscribed Member christopherwilliamcharles@gmail.com :: Array
(
    [status_if_new] => 1
    [merge_fields] => Array
        (
        )

)

2021-02-23T20:31:15+00:00 NOTICE member.sync :: Subscribed Member livey@peoplepc.com :: Array
(
    [status_if_new] => 1
    [merge_fields] => Array
        (
        )

)

2021-02-23T20:31:16+00:00 NOTICE member.sync :: Subscribed Member achi19901107@gmail.com :: Array
(
    [status_if_new] => 1
    [merge_fields] => Array
        (
        )

)

2021-02-23T20:31:18+00:00 NOTICE member.sync :: Subscribed Member kevinbellog@gmail.com :: Array
(
    [status_if_new] => 1
    [merge_fields] => Array
        (
        )

)

2021-02-23T20:31:19+00:00 NOTICE member.sync :: Subscribed Member suzanneamigo@yahoo.com :: Array
(
    [status_if_new] => 1
    [merge_fields] => Array
        (
        )

)

2021-02-23T20:31:20+00:00 NOTICE member.sync :: 2145347617@txt.att.net looks fake or invalid, please enter a real email address.
2021-02-23T20:34:55+00:00 NOTICE action_scheduler.queue_job :: MailChimp_WooCommerce_User_Submit queued :: obj_id 12185
2021-02-23T20:37:24+00:00 NOTICE action_scheduler.queue_job :: MailChimp_WooCommerce_User_Submit queued :: obj_id 12186
2021-02-23T20:39:00+00:00 NOTICE action_scheduler.queue_job :: MailChimp_WooCommerce_User_Submit queued :: obj_id 12187
2021-02-23T20:43:44+00:00 NOTICE action_scheduler.queue_job :: MailChimp_WooCommerce_User_Submit queued :: obj_id 12188
2021-02-23T20:52:26+00:00 NOTICE action_scheduler.queue_job :: MailChimp_WooCommerce_User_Submit queued :: obj_id 12189
2021-02-23T20:53:20+00:00 NOTICE action_scheduler.queue_job :: MailChimp_WooCommerce_User_Submit queued :: obj_id 12190
2021-02-23T20:57:12+00:00 NOTICE action_scheduler.queue_job :: MailChimp_WooCommerce_User_Submit queued :: obj_id 12191
2021-02-23T20:57:13+00:00 NOTICE action_scheduler.queue_job :: MailChimp_WooCommerce_User_Submit queued :: obj_id 12192
2021-02-23T21:01:06+00:00 NOTICE member.sync :: Subscribed Member 6077438556@vzwpix.com :: Array
(
    [status_if_new] => 1
    [merge_fields] => Array
        (
        )

)

2021-02-23T21:01:08+00:00 NOTICE member.sync :: Subscribed Member farnbeg280@yahoo.com :: Array
(
    [status_if_new] => 1
    [merge_fields] => Array
        (
        )

)

2021-02-23T21:01:10+00:00 NOTICE member.sync :: Subscribed Member melissatcu@yahoo.com :: Array
(
    [status_if_new] => 1
    [merge_fields] => Array
        (
        )

)

2021-02-23T21:01:11+00:00 NOTICE member.sync :: Subscribed Member henriquemaccoelho26@gmail.com :: Array
(
    [status_if_new] => 1
    [merge_fields] => Array
        (
        )

)

2021-02-23T21:01:13+00:00 NOTICE member.sync :: Subscribed Member ryanabrn@aol.com :: Array
(
    [status_if_new] => 1
    [merge_fields] => Array
        (
        )

)

2021-02-23T21:01:15+00:00 NOTICE member.sync :: Subscribed Member rick_2006_tx@yahoo.com :: Array
(
    [status_if_new] => 1
    [merge_fields] => Array
        (
        )

)

2021-02-23T21:01:16+00:00 NOTICE member.sync :: Subscribed Member br@hbeautygroup.com :: Array
(
    [status_if_new] => 1
    [merge_fields] => Array
        (
        )

)

2021-02-23T21:01:18+00:00 NOTICE member.sync :: yaraifernandez79@gmail.com has signed up to a lot of lists very recently; we're not allowing more signups for now
2021-02-23T21:01:19+00:00 NOTICE member.sync :: Subscribed Member jorgeabreu1994@gmail.com :: Array
(
    [status_if_new] => 1
    [merge_fields] => Array
        (
        )

)

2021-02-23T21:01:20+00:00 NOTICE member.sync :: Subscribed Member r.l.halpern@att.net :: Array
(
    [status_if_new] => 1
    [merge_fields] => Array
        (
        )

)

2021-02-23T21:03:48+00:00 NOTICE action_scheduler.queue_job :: MailChimp_WooCommerce_User_Submit queued :: obj_id 12193
2021-02-23T21:04:58+00:00 NOTICE action_scheduler.queue_job :: MailChimp_WooCommerce_User_Submit queued :: obj_id 12194
2021-02-23T21:07:14+00:00 NOTICE action_scheduler.queue_job :: MailChimp_WooCommerce_User_Submit queued :: obj_id 12195
2021-02-23T21:07:14+00:00 NOTICE action_scheduler.queue_job :: MailChimp_WooCommerce_User_Submit queued :: obj_id 12196
2021-02-23T21:09:41+00:00 NOTICE action_scheduler.queue_job :: MailChimp_WooCommerce_User_Submit queued :: obj_id 12197
2021-02-23T21:11:48+00:00 NOTICE action_scheduler.queue_job :: MailChimp_WooCommerce_User_Submit queued :: obj_id 12198
2021-02-23T21:12:12+00:00 NOTICE action_scheduler.queue_job :: MailChimp_WooCommerce_User_Submit queued :: obj_id 12199
2021-02-23T21:15:22+00:00 NOTICE action_scheduler.queue_job :: MailChimp_WooCommerce_User_Submit queued :: obj_id 12200
2021-02-23T21:18:12+00:00 NOTICE action_scheduler.queue_job :: MailChimp_WooCommerce_User_Submit queued :: obj_id 12201
2021-02-23T21:25:24+00:00 NOTICE action_scheduler.queue_job :: MailChimp_WooCommerce_User_Submit queued :: obj_id 12202
2021-02-23T21:26:37+00:00 NOTICE action_scheduler.queue_job :: MailChimp_WooCommerce_User_Submit queued :: obj_id 12203
2021-02-23T21:27:18+00:00 NOTICE action_scheduler.queue_job :: MailChimp_WooCommerce_User_Submit queued :: obj_id 12204
2021-02-23T21:28:46+00:00 NOTICE action_scheduler.queue_job :: MailChimp_WooCommerce_User_Submit queued :: obj_id 12205
2021-02-23T21:31:06+00:00 NOTICE member.sync :: Subscribed Member joelford7@gmail.com :: Array
(
    [status_if_new] => 1
    [merge_fields] => Array
        (
        )

)

2021-02-23T21:31:08+00:00 NOTICE member.sync :: Subscribed Member 9176894475@vzwpix.com :: Array
(
    [status_if_new] => 1
    [merge_fields] => Array
        (
        )

)

2021-02-23T21:31:10+00:00 NOTICE member.sync :: Subscribed Member nadesigns@aol.com :: Array
(
    [status_if_new] => 1
    [merge_fields] => Array
        (
        )

)

2021-02-23T21:31:12+00:00 NOTICE member.sync :: Subscribed Member tbirdboomer05@yahoo.com :: Array
(
    [status_if_new] => 1
    [merge_fields] => Array
        (
        )

)

2021-02-23T21:31:14+00:00 NOTICE member.sync :: Subscribed Member 2692090379@vtext.com :: Array
(
    [status_if_new] => 1
    [merge_fields] => Array
        (
        )

)

2021-02-23T21:31:16+00:00 NOTICE member.sync :: Subscribed Member hostingydominios@gmail.com :: Array
(
    [status_if_new] => 1
    [merge_fields] => Array
        (
        )

)

2021-02-23T21:37:24+00:00 NOTICE action_scheduler.queue_job :: MailChimp_WooCommerce_User_Submit queued :: obj_id 12206
2021-02-23T21:42:50+00:00 NOTICE action_scheduler.queue_job :: MailChimp_WooCommerce_User_Submit queued :: obj_id 12207
2021-02-23T21:49:18+00:00 NOTICE member.sync :: Subscribed Member 9176894475@vtext.com :: Array
(
    [status_if_new] => 1
    [merge_fields] => Array
        (
        )

)

2021-02-23T21:49:19+00:00 NOTICE member.sync :: joel.calvo@live.com.ar has signed up to a lot of lists very recently; we're not allowing more signups for now
2021-02-23T21:49:20+00:00 NOTICE member.sync :: Subscribed Member hphilip2020@gmail.com :: Array
(
    [status_if_new] => 1
    [merge_fields] => Array
        (
        )

)

2021-02-23T21:49:22+00:00 NOTICE member.sync :: Subscribed Member sharmila.kell.er@gmx.ch :: Array
(
    [status_if_new] => 1
    [merge_fields] => Array
        (
        )

)

2021-02-23T21:49:23+00:00 NOTICE member.sync :: Subscribed Member martinlap22@gmail.com :: Array
(
    [status_if_new] => 1
    [merge_fields] => Array
        (
        )

)

2021-02-23T21:49:24+00:00 NOTICE member.sync :: jennyfer.jm9@gmail.com has signed up to a lot of lists very recently; we're not allowing more signups for now
2021-02-23T21:49:26+00:00 NOTICE member.sync :: Subscribed Member martinlap24@gmail.com :: Array
(
    [status_if_new] => 1
    [merge_fields] => Array
        (
        )

)

2021-02-23T21:49:27+00:00 NOTICE member.sync :: Subscribed Member hjedelman@gmail.com :: Array
(
    [status_if_new] => 1
    [merge_fields] => Array
        (
        )

)

2021-02-23T21:49:28+00:00 NOTICE member.sync :: Subscribed Member nikkisown@yahoo.com :: Array
(
    [status_if_new] => 1
    [merge_fields] => Array
        (
        )

)

2021-02-23T21:49:39+00:00 NOTICE member.sync :: Subscribed Member lisafscho@yahoo.com :: Array
(
    [status_if_new] => 1
    [merge_fields] => Array
        (
        )

)

2021-02-23T21:49:46+00:00 NOTICE member.sync :: Subscribed Member arturoherrera331@yahoo.com :: Array
(
    [status_if_new] => 1
    [merge_fields] => Array
        (
        )

)

2021-02-23T21:49:48+00:00 NOTICE member.sync :: Subscribed Member ping-min.chen@yale.edu :: Array
(
    [status_if_new] => 1
    [merge_fields] => Array
        (
        )

)

2021-02-23T21:49:49+00:00 NOTICE member.sync :: Subscribed Member bapst.office@free.fr :: Array
(
    [status_if_new] => 1
    [merge_fields] => Array
        (
        )

)

2021-02-23T21:49:50+00:00 NOTICE member.sync :: Subscribed Member e.vonholzen@gmail.com :: Array
(
    [status_if_new] => 1
    [merge_fields] => Array
        (
        )

)

2021-02-23T21:49:52+00:00 NOTICE member.sync :: Subscribed Member dafer9940@gmail.com :: Array
(
    [status_if_new] => 1
    [merge_fields] => Array
        (
        )

)

2021-02-23T21:49:53+00:00 NOTICE member.sync :: Subscribed Member hpace62002@yahoo.com :: Array
(
    [status_if_new] => 1
    [merge_fields] => Array
        (
        )

)

2021-02-23T21:49:55+00:00 NOTICE member.sync :: Subscribed Member gibnic13@gmail.com :: Array
(
    [status_if_new] => 1
    [merge_fields] => Array
        (
        )

)

2021-02-23T21:49:56+00:00 NOTICE member.sync :: Subscribed Member danielle.c422@gmail.com :: Array
(
    [status_if_new] => 1
    [merge_fields] => Array
        (
        )

)

2021-02-23T21:49:57+00:00 NOTICE member.sync :: Subscribed Member blaine.frazer@gmail.com :: Array
(
    [status_if_new] => 1
    [merge_fields] => Array
        (
        )

)

2021-02-23T21:49:59+00:00 NOTICE member.sync :: Subscribed Member willcodyplatinum@gmail.com :: Array
(
    [status_if_new] => 1
    [merge_fields] => Array
        (
        )

)

2021-02-23T21:50:00+00:00 NOTICE member.sync :: Subscribed Member smonsalve@yahoo.com :: Array
(
    [status_if_new] => 1
    [merge_fields] => Array
        (
        )

)

2021-02-23T21:50:01+00:00 NOTICE member.sync :: Subscribed Member vittagare@hotmail.it :: Array
(
    [status_if_new] => 1
    [merge_fields] => Array
        (
        )

)

2021-02-23T21:50:31+00:00 NOTICE member.sync :: Subscribed Member vazquezm@live.com :: Array
(
    [status_if_new] => 1
    [merge_fields] => Array
        (
        )

)

2021-02-23T21:59:32+00:00 NOTICE action_scheduler.queue_job :: MailChimp_WooCommerce_User_Submit queued :: obj_id 12208
2021-02-23T22:00:35+00:00 NOTICE action_scheduler.queue_job :: MailChimp_WooCommerce_User_Submit queued :: obj_id 12209
2021-02-23T22:01:10+00:00 NOTICE member.sync :: Subscribed Member tay8780@gmail.com :: Array
(
    [status_if_new] => 1
    [merge_fields] => Array
        (
        )

)

2021-02-23T22:01:12+00:00 NOTICE member.sync :: Subscribed Member gianlucafontani@live.it :: Array
(
    [status_if_new] => 1
    [merge_fields] => Array
        (
        )

)

2021-02-23T22:05:46+00:00 NOTICE action_scheduler.queue_job :: MailChimp_WooCommerce_User_Submit queued :: obj_id 12210
2021-02-23T22:09:09+00:00 NOTICE action_scheduler.queue_job :: MailChimp_WooCommerce_User_Submit queued :: obj_id 12211
2021-02-23T22:13:30+00:00 NOTICE action_scheduler.queue_job :: MailChimp_WooCommerce_User_Submit queued :: obj_id 12212
2021-02-23T22:16:27+00:00 NOTICE action_scheduler.queue_job :: MailChimp_WooCommerce_User_Submit queued :: obj_id 12213
2021-02-23T22:19:15+00:00 NOTICE action_scheduler.queue_job :: MailChimp_WooCommerce_User_Submit queued :: obj_id 12214
2021-02-23T22:24:16+00:00 NOTICE action_scheduler.queue_job :: MailChimp_WooCommerce_User_Submit queued :: obj_id 12215
2021-02-23T22:27:33+00:00 NOTICE action_scheduler.queue_job :: MailChimp_WooCommerce_User_Submit queued :: obj_id 12216
2021-02-23T22:39:22+00:00 NOTICE action_scheduler.queue_job :: MailChimp_WooCommerce_User_Submit queued :: obj_id 12217
2021-02-23T22:39:27+00:00 NOTICE action_scheduler.queue_job :: MailChimp_WooCommerce_User_Submit queued :: obj_id 12218
2021-02-23T22:44:36+00:00 NOTICE action_scheduler.queue_job :: MailChimp_WooCommerce_User_Submit queued :: obj_id 12219
2021-02-23T22:49:20+00:00 NOTICE action_scheduler.queue_job :: MailChimp_WooCommerce_User_Submit queued :: obj_id 12220
2021-02-23T22:54:53+00:00 NOTICE action_scheduler.queue_job :: MailChimp_WooCommerce_User_Submit queued :: obj_id 12221
2021-02-23T22:55:01+00:00 NOTICE action_scheduler.queue_job :: MailChimp_WooCommerce_User_Submit queued :: obj_id 12222
2021-02-23T23:00:26+00:00 NOTICE action_scheduler.queue_job :: MailChimp_WooCommerce_User_Submit queued :: obj_id 12223
2021-02-23T23:05:00+00:00 NOTICE action_scheduler.queue_job :: MailChimp_WooCommerce_User_Submit queued :: obj_id 12224
2021-02-23T23:05:20+00:00 NOTICE action_scheduler.queue_job :: MailChimp_WooCommerce_User_Submit queued :: obj_id 12225
2021-02-23T23:08:13+00:00 NOTICE action_scheduler.queue_job :: MailChimp_WooCommerce_User_Submit queued :: obj_id 12226
2021-02-23T23:20:59+00:00 NOTICE action_scheduler.queue_job :: MailChimp_WooCommerce_User_Submit queued :: obj_id 12227
2021-02-23T23:23:26+00:00 NOTICE action_scheduler.queue_job :: MailChimp_WooCommerce_User_Submit queued :: obj_id 12228
2021-02-23T23:25:23+00:00 NOTICE member.sync :: matthewdough822@yahoo.com has signed up to a lot of lists very recently; we're not allowing more signups for now
2021-02-23T23:25:25+00:00 NOTICE member.sync :: Subscribed Member prorehabkare@hotmail.com :: Array
(
    [status_if_new] => 1
    [merge_fields] => Array
        (
        )

)

2021-02-23T23:25:26+00:00 NOTICE member.sync :: Subscribed Member blake_svoboda@hotmail.com :: Array
(
    [status_if_new] => 1
    [merge_fields] => Array
        (
        )

)

2021-02-23T23:25:28+00:00 NOTICE member.sync :: Subscribed Member liam671997@outlook.com :: Array
(
    [status_if_new] => 1
    [merge_fields] => Array
        (
        )

)

2021-02-23T23:25:29+00:00 NOTICE member.sync :: Subscribed Member shaun.hardwick@yahoo.com :: Array
(
    [status_if_new] => 1
    [merge_fields] => Array
        (
        )

)

2021-02-23T23:25:31+00:00 NOTICE member.sync :: Updated Member poanna27@gmail.com ( merge fields only ) :: Array
(
    [merge_fields] => Array
        (
        )

)

2021-02-23T23:25:32+00:00 NOTICE member.sync :: Subscribed Member mernstheone@hotmail.com :: Array
(
    [status_if_new] => 1
    [merge_fields] => Array
        (
        )

)

2021-02-23T23:25:33+00:00 NOTICE member.sync :: Subscribed Member clark.diane56@gmail.com :: Array
(
    [status_if_new] => 1
    [merge_fields] => Array
        (
        )

)

2021-02-23T23:25:44+00:00 NOTICE member.sync :: Updated Member brieemik13@yahoo.com ( merge fields only ) :: Array
(
    [merge_fields] => Array
        (
        )

)

2021-02-23T23:25:45+00:00 NOTICE member.sync :: Updated Member brian.goens@gmail.com ( merge fields only ) :: Array
(
    [merge_fields] => Array
        (
        )

)

2021-02-23T23:25:52+00:00 NOTICE member.sync :: Updated Member djspencer1986@gmail.com ( merge fields only ) :: Array
(
    [merge_fields] => Array
        (
        )

)

2021-02-23T23:25:54+00:00 NOTICE member.sync :: Subscribed Member gigifrecka@gmail.com :: Array
(
    [status_if_new] => 1
    [merge_fields] => Array
        (
        )

)

2021-02-23T23:25:55+00:00 NOTICE member.sync :: Updated Member andrea.kees@yahoo.com ( merge fields only ) :: Array
(
    [merge_fields] => Array
        (
        )

)

2021-02-23T23:25:55+00:00 NOTICE action_scheduler.queue_job :: MailChimp_WooCommerce_User_Submit queued :: obj_id 12229
2021-02-23T23:25:56+00:00 NOTICE member.sync :: Subscribed Member ladams29@gmail.com :: Array
(
    [status_if_new] => 1
    [merge_fields] => Array
        (
        )

)

2021-02-23T23:25:58+00:00 NOTICE member.sync :: Subscribed Member danieljpang1024@gmail.com :: Array
(
    [status_if_new] => 1
    [merge_fields] => Array
        (
        )

)

2021-02-23T23:26:19+00:00 NOTICE member.sync :: Subscribed Member nuniatko@hotmail.com :: Array
(
    [status_if_new] => 1
    [merge_fields] => Array
        (
        )

)

2021-02-23T23:26:20+00:00 NOTICE member.sync :: Updated Member k_hoshan@yahoo.com ( merge fields only ) :: Array
(
    [merge_fields] => Array
        (
        )

)

2021-02-23T23:26:21+00:00 NOTICE member.sync :: Subscribed Member achats22@free.fr :: Array
(
    [status_if_new] => 1
    [merge_fields] => Array
        (
        )

)

2021-02-23T23:26:23+00:00 NOTICE member.sync :: Subscribed Member emeryedmondson@me.com :: Array
(
    [status_if_new] => 1
    [merge_fields] => Array
        (
        )

)

2021-02-23T23:26:24+00:00 NOTICE member.sync :: Subscribed Member gallegosrafael84@gmail.com :: Array
(
    [status_if_new] => 1
    [merge_fields] => Array
        (
        )

)

2021-02-23T23:36:21+00:00 NOTICE action_scheduler.queue_job :: MailChimp_WooCommerce_User_Submit queued :: obj_id 12230
2021-02-23T23:38:29+00:00 NOTICE action_scheduler.queue_job :: MailChimp_WooCommerce_User_Submit queued :: obj_id 12231
2021-02-23T23:44:03+00:00 NOTICE action_scheduler.queue_job :: MailChimp_WooCommerce_User_Submit queued :: obj_id 12232
2021-02-23T23:44:23+00:00 NOTICE member.sync :: Subscribed Member sydney@landcgreen.ca :: Array
(
    [status_if_new] => 1
    [merge_fields] => Array
        (
        )

)

2021-02-23T23:44:24+00:00 NOTICE member.sync :: Subscribed Member wagnerpainting@hotmail.com :: Array
(
    [status_if_new] => 1
    [merge_fields] => Array
        (
        )

)

2021-02-23T23:44:25+00:00 NOTICE member.sync :: Subscribed Member drhalcomb89@yahoo.com :: Array
(
    [status_if_new] => 1
    [merge_fields] => Array
        (
        )

)

2021-02-23T23:49:42+00:00 NOTICE action_scheduler.queue_job :: MailChimp_WooCommerce_User_Submit queued :: obj_id 12233
2021-02-23T23:58:57+00:00 NOTICE action_scheduler.queue_job :: MailChimp_WooCommerce_User_Submit queued :: obj_id 12234
