2021-02-21T03:57:35+00:00 NOTICE action_scheduler.queue_job :: MailChimp_WooCommerce_Cart_Update queued :: obj_id 47988c5c1f4cae0ecc02e336172b8932
2021-02-21T03:57:36+00:00 NOTICE action_scheduler.queue_job :: MailChimp_WooCommerce_User_Submit queued :: obj_id 12128
2021-02-21T03:58:35+00:00 NOTICE member.sync :: Subscribed Member sqy628@gmail.com :: Array
(
    [status_if_new] => 1
    [merge_fields] => Array
        (
        )

)

2021-02-21T03:58:36+00:00 NOTICE abandoned_cart.success :: email: sqy628@gmail.com :: checkout_url: https://warmwishesflorist.com/checkout/?mc_cart_id=47988c5c1f4cae0ecc02e336172b8932
2021-02-21T03:58:37+00:00 NOTICE cart.member.updated :: Updated sqy628@gmail.com subscriber status to subscribed and language to en
2021-02-21T03:59:24+00:00 NOTICE action_scheduler.queue_job :: MailChimp_WooCommerce_Cart_Update queued :: obj_id 47988c5c1f4cae0ecc02e336172b8932
2021-02-21T04:00:21+00:00 NOTICE abandoned_cart.success :: email: sqy628@gmail.com :: checkout_url: https://warmwishesflorist.com/checkout/?mc_cart_id=47988c5c1f4cae0ecc02e336172b8932
2021-02-21T04:00:57+00:00 NOTICE action_scheduler.queue_job :: MailChimp_WooCommerce_Cart_Update queued :: obj_id 47988c5c1f4cae0ecc02e336172b8932
2021-02-21T04:01:06+00:00 NOTICE abandoned_cart.success :: email: sqy628@gmail.com :: checkout_url: https://warmwishesflorist.com/checkout/?mc_cart_id=47988c5c1f4cae0ecc02e336172b8932
2021-02-21T04:03:22+00:00 NOTICE action_scheduler.queue_job :: MailChimp_WooCommerce_User_Submit queued :: obj_id 12128
2021-02-21T04:06:13+00:00 NOTICE member.sync :: Updated Member sqy628@gmail.com ( merge fields only ) :: Array
(
    [merge_fields] => Array
        (
        )

)

2021-02-21T04:06:57+00:00 NOTICE action_scheduler.queue_job :: MailChimp_WooCommerce_Cart_Update queued :: obj_id 0007e31cd3d884a2ef771c5b4b99227d
2021-02-21T04:15:14+00:00 NOTICE abandoned_cart.success :: email: jenny.cute@live.com.my :: checkout_url: https://warmwishesflorist.com/checkout/?mc_cart_id=0007e31cd3d884a2ef771c5b4b99227d
2021-02-21T04:15:14+00:00 NOTICE cart.member.updated :: Updated jenny.cute@live.com.my subscriber status to subscribed and language to en
2021-02-21T04:41:06+00:00 NOTICE action_scheduler.queue_job :: MailChimp_WooCommerce_Single_Order starts in 90 seconds :: obj_id 23444
2021-02-21T04:41:07+00:00 NOTICE debug :: Order ID 23444 was processing and is now completed :: Array
(
    [new_order] => 
    [tracking] => 
)

2021-02-21T04:47:23+00:00 NOTICE order.member.updated :: Updated zekaihooi399@gmail.com subscriber status to transactional and language to 
2021-02-21T04:47:23+00:00 NOTICE order_submit.success :: updateStoreOrder :: #23444 :: email: zekaihooi399@gmail.com
2021-02-21T06:11:40+00:00 NOTICE action_scheduler.queue_job :: MailChimp_WooCommerce_User_Submit queued :: obj_id 12129
2021-02-21T06:39:25+00:00 NOTICE member.sync :: Subscribed Member doublebtc.net@gmail.com :: Array
(
    [status_if_new] => 1
    [merge_fields] => Array
        (
        )

)

2021-02-21T06:50:23+00:00 NOTICE action_scheduler.queue_job :: MailChimp_WooCommerce_Cart_Update queued :: obj_id c5f3a9409ddda32e2e7b827acdeb9923
2021-02-21T06:50:26+00:00 NOTICE abandoned_cart.success :: email: haziqm32@gmail.com :: checkout_url: https://warmwishesflorist.com/checkout/?mc_cart_id=c5f3a9409ddda32e2e7b827acdeb9923
2021-02-21T06:50:27+00:00 NOTICE cart.member.updated :: Updated haziqm32@gmail.com subscriber status to transactional and language to en
2021-02-21T06:51:41+00:00 NOTICE action_scheduler.queue_job :: MailChimp_WooCommerce_Single_Order starts in 90 seconds :: obj_id 23445
2021-02-21T06:54:27+00:00 NOTICE order_sumbit :: #23445 has a financial status of pending and was skipped.
2021-02-21T14:12:00+00:00 NOTICE action_scheduler.queue_job :: MailChimp_WooCommerce_Single_Order starts in 90 seconds :: obj_id 23442
2021-02-21T14:12:01+00:00 NOTICE debug :: Order ID 23442 was processing and is now completed :: Array
(
    [new_order] => 
    [tracking] => 
)

2021-02-21T14:16:34+00:00 NOTICE order.member.updated :: Updated gcsaw@yahoo.com subscriber status to transactional and language to 
2021-02-21T14:16:34+00:00 NOTICE order_submit.success :: updateStoreOrder :: #23442 :: email: gcsaw@yahoo.com
2021-02-21T17:57:21+00:00 NOTICE action_scheduler.queue_job :: MailChimp_WooCommerce_User_Submit queued :: obj_id 12130
2021-02-21T18:01:21+00:00 NOTICE member.sync :: smsuhka@mail.ru has signed up to a lot of lists very recently; we're not allowing more signups for now
