2021-02-20T03:23:49+00:00 NOTICE action_scheduler.queue_job :: MailChimp_WooCommerce_User_Submit queued :: obj_id 12120
2021-02-20T03:39:17+00:00 NOTICE member.sync :: Updated Member 32galy@mail.ru ( merge fields only ) :: Array
(
    [merge_fields] => Array
        (
        )

)

2021-02-20T06:40:32+00:00 NOTICE action_scheduler.queue_job :: MailChimp_WooCommerce_User_Submit queued :: obj_id 12121
2021-02-20T06:41:29+00:00 NOTICE member.sync :: m.ptushkin@jodas.enersets.com has signed up to a lot of lists very recently; we're not allowing more signups for now
2021-02-20T07:00:31+00:00 NOTICE action_scheduler.queue_job :: MailChimp_WooCommerce_Cart_Update queued :: obj_id 5273b5e23f505abf94e27617a4f82e49
2021-02-20T07:00:36+00:00 NOTICE action_scheduler.queue_job :: MailChimp_WooCommerce_User_Submit queued :: obj_id 12122
2021-02-20T07:01:06+00:00 NOTICE abandoned_cart.success :: email: chanloon7@gmail.com :: checkout_url: https://warmwishesflorist.com/checkout/?mc_cart_id=5273b5e23f505abf94e27617a4f82e49
2021-02-20T07:01:07+00:00 NOTICE cart.member.updated :: Updated chanloon7@gmail.com subscriber status to transactional and language to en
2021-02-20T07:01:08+00:00 NOTICE member.sync :: Updated Member chanloon7@gmail.com :: Array
(
    [previous_status] => transactional
    [status] => 1
    [merge_fields] => Array
        (
        )

)

2021-02-20T07:01:19+00:00 NOTICE action_scheduler.queue_job :: MailChimp_WooCommerce_Cart_Update queued :: obj_id 5273b5e23f505abf94e27617a4f82e49
2021-02-20T07:01:24+00:00 NOTICE abandoned_cart.success :: email: chanloon7@gmail.com :: checkout_url: https://warmwishesflorist.com/checkout/?mc_cart_id=5273b5e23f505abf94e27617a4f82e49
2021-02-20T07:07:02+00:00 NOTICE action_scheduler.queue_job :: MailChimp_WooCommerce_User_Submit queued :: obj_id 12122
2021-02-20T07:07:03+00:00 NOTICE action_scheduler.queue_job :: MailChimp_WooCommerce_Single_Order starts in 90 seconds :: obj_id 23441
2021-02-20T07:08:15+00:00 NOTICE member.sync :: Updated Member chanloon7@gmail.com ( merge fields only ) :: Array
(
    [merge_fields] => Array
        (
            [FNAME] => Alan
            [LNAME] => Ho
        )

)

2021-02-20T07:08:36+00:00 NOTICE debug :: Order ID 23441 was pending and is now processing :: Array
(
    [new_order] => 1
    [tracking] => Array
        (
            [campaign_id] => 
            [landing_site] => https://warmwishesflorist.com/?wc-ajax=get_refreshed_fragments
        )

)

2021-02-20T07:08:36+00:00 NOTICE action_scheduler.queue_job :: MailChimp_WooCommerce_User_Submit queued :: obj_id 12122
2021-02-20T07:12:47+00:00 NOTICE order.member.updated :: Updated chanloon7@gmail.com subscriber status to subscribed and language to en
2021-02-20T07:12:47+00:00 NOTICE order_submit.success :: addStoreOrder :: #23441 :: email: chanloon7@gmail.com :: landing site https://warmwishesflorist.com/?wc-ajax=get_refreshed_fragments :: abandoned cart deleted [5273b5e23f505abf94e27617a4f82e49]
2021-02-20T07:12:49+00:00 NOTICE member.sync :: Updated Member chanloon7@gmail.com ( merge fields only ) :: Array
(
    [merge_fields] => Array
        (
            [FNAME] => Alan
            [LNAME] => Ho
        )

)

2021-02-20T07:54:11+00:00 NOTICE action_scheduler.queue_job :: MailChimp_WooCommerce_Single_Order starts in 90 seconds :: obj_id 23441
2021-02-20T07:54:12+00:00 NOTICE debug :: Order ID 23441 was processing and is now completed :: Array
(
    [new_order] => 
    [tracking] => 
)

2021-02-20T08:01:10+00:00 NOTICE order.member.updated :: Updated chanloon7@gmail.com subscriber status to subscribed and language to 
2021-02-20T08:01:10+00:00 NOTICE order_submit.success :: updateStoreOrder :: #23441 :: email: chanloon7@gmail.com
2021-02-20T09:13:36+00:00 NOTICE action_scheduler.queue_job :: MailChimp_WooCommerce_Cart_Update queued :: obj_id 70bd4a641023aa32f6654fdea3e5966f
2021-02-20T09:13:41+00:00 NOTICE abandoned_cart.success :: email: jenjirapretty@gmail.com :: checkout_url: https://warmwishesflorist.com/checkout/?mc_cart_id=70bd4a641023aa32f6654fdea3e5966f
2021-02-20T09:13:42+00:00 NOTICE action_scheduler.queue_job :: MailChimp_WooCommerce_Cart_Update queued :: obj_id 70bd4a641023aa32f6654fdea3e5966f
2021-02-20T09:13:42+00:00 NOTICE cart.member.updated :: Updated jenjirapretty@gmail.com subscriber status to transactional and language to en
2021-02-20T09:13:43+00:00 NOTICE abandoned_cart.success :: email: jenjirapretty@gmail.com :: checkout_url: https://warmwishesflorist.com/checkout/?mc_cart_id=70bd4a641023aa32f6654fdea3e5966f
2021-02-20T09:44:14+00:00 NOTICE action_scheduler.queue_job :: MailChimp_WooCommerce_Cart_Update queued :: obj_id 70bd4a641023aa32f6654fdea3e5966f
2021-02-20T09:44:38+00:00 NOTICE action_scheduler.queue_job :: MailChimp_WooCommerce_Cart_Update queued :: obj_id 314d5e84e7df1152438fbf68f65064f4
2021-02-20T09:44:41+00:00 NOTICE abandoned_cart.success :: email: jenjirapretty@gmail.com :: checkout_url: https://warmwishesflorist.com/checkout/?mc_cart_id=70bd4a641023aa32f6654fdea3e5966f
2021-02-20T09:44:42+00:00 NOTICE abandoned_cart.success :: email: janecheww28@gmail.com :: checkout_url: https://warmwishesflorist.com/checkout/?mc_cart_id=314d5e84e7df1152438fbf68f65064f4
2021-02-20T09:44:43+00:00 NOTICE cart.member.updated :: Updated janecheww28@gmail.com subscriber status to transactional and language to en
2021-02-20T09:46:06+00:00 NOTICE action_scheduler.queue_job :: MailChimp_WooCommerce_Cart_Update queued :: obj_id 314d5e84e7df1152438fbf68f65064f4
2021-02-20T09:46:09+00:00 NOTICE action_scheduler.queue_job :: MailChimp_WooCommerce_Cart_Update queued :: obj_id 70bd4a641023aa32f6654fdea3e5966f
2021-02-20T09:46:11+00:00 NOTICE abandoned_cart.success :: email: janecheww28@gmail.com :: checkout_url: https://warmwishesflorist.com/checkout/?mc_cart_id=314d5e84e7df1152438fbf68f65064f4
2021-02-20T09:46:11+00:00 NOTICE ac.cart_swap :: Deleted cart [janecheww28@gmail.com] :: ID [314d5e84e7df1152438fbf68f65064f4]
2021-02-20T09:46:12+00:00 NOTICE action_scheduler.queue_job :: MailChimp_WooCommerce_Cart_Update queued :: obj_id 70bd4a641023aa32f6654fdea3e5966f
2021-02-20T09:46:12+00:00 NOTICE abandoned_cart.success :: email: jenjirapretty@gmail.com :: checkout_url: https://warmwishesflorist.com/checkout/?mc_cart_id=70bd4a641023aa32f6654fdea3e5966f
2021-02-20T09:46:13+00:00 NOTICE abandoned_cart.success :: email: jenjirapretty@gmail.com :: checkout_url: https://warmwishesflorist.com/checkout/?mc_cart_id=70bd4a641023aa32f6654fdea3e5966f
2021-02-20T10:09:35+00:00 NOTICE action_scheduler.queue_job :: MailChimp_WooCommerce_User_Submit queued :: obj_id 12125
2021-02-20T10:20:24+00:00 NOTICE member.sync :: Subscribed Member a.sk.ia.t.e.am@gmail.com :: Array
(
    [status_if_new] => 1
    [merge_fields] => Array
        (
        )

)

2021-02-20T14:03:10+00:00 NOTICE action_scheduler.queue_job :: MailChimp_WooCommerce_User_Submit queued :: obj_id 12126
2021-02-20T14:54:22+00:00 NOTICE member.sync :: Subscribed Member seregainbox31@mail.ru :: Array
(
    [status_if_new] => 1
    [merge_fields] => Array
        (
        )

)

2021-02-20T15:33:22+00:00 NOTICE action_scheduler.queue_job :: MailChimp_WooCommerce_Cart_Update queued :: obj_id e500d7266a57659a44ff8cc1e6c5a986
2021-02-20T15:33:25+00:00 NOTICE abandoned_cart.success :: email: gcsaw@yahoo.com :: checkout_url: https://warmwishesflorist.com/checkout/?mc_cart_id=e500d7266a57659a44ff8cc1e6c5a986
2021-02-20T15:33:26+00:00 NOTICE cart.member.updated :: Updated gcsaw@yahoo.com subscriber status to transactional and language to en
2021-02-20T15:57:25+00:00 NOTICE action_scheduler.queue_job :: MailChimp_WooCommerce_Cart_Update queued :: obj_id 9c0c151f6ed7d81911d7b216d64ba898
2021-02-20T15:57:30+00:00 NOTICE abandoned_cart.success :: email: rainelf824@gmail.com :: checkout_url: https://warmwishesflorist.com/checkout/?mc_cart_id=9c0c151f6ed7d81911d7b216d64ba898
2021-02-20T15:57:30+00:00 NOTICE action_scheduler.queue_job :: MailChimp_WooCommerce_Cart_Update queued :: obj_id 9c0c151f6ed7d81911d7b216d64ba898
2021-02-20T15:57:31+00:00 NOTICE cart.member.updated :: Updated rainelf824@gmail.com subscriber status to transactional and language to en
2021-02-20T15:57:32+00:00 NOTICE abandoned_cart.success :: email: rainelf824@gmail.com :: checkout_url: https://warmwishesflorist.com/checkout/?mc_cart_id=9c0c151f6ed7d81911d7b216d64ba898
2021-02-20T16:04:20+00:00 NOTICE action_scheduler.queue_job :: MailChimp_WooCommerce_Cart_Update queued :: obj_id e500d7266a57659a44ff8cc1e6c5a986
2021-02-20T16:04:58+00:00 NOTICE abandoned_cart.success :: email: gcsaw@yahoo.com :: checkout_url: https://warmwishesflorist.com/checkout/?mc_cart_id=e500d7266a57659a44ff8cc1e6c5a986
2021-02-20T16:05:00+00:00 NOTICE action_scheduler.queue_job :: MailChimp_WooCommerce_Cart_Update queued :: obj_id e500d7266a57659a44ff8cc1e6c5a986
2021-02-20T16:05:10+00:00 NOTICE abandoned_cart.success :: email: gcsaw@yahoo.com :: checkout_url: https://warmwishesflorist.com/checkout/?mc_cart_id=e500d7266a57659a44ff8cc1e6c5a986
2021-02-20T16:23:43+00:00 NOTICE action_scheduler.queue_job :: MailChimp_WooCommerce_Single_Order starts in 90 seconds :: obj_id 23442
2021-02-20T16:25:26+00:00 NOTICE debug :: Order ID 23442 was pending and is now processing :: Array
(
    [new_order] => 1
    [tracking] => Array
        (
            [campaign_id] => 
            [landing_site] => https://warmwishesflorist.com/
        )

)

2021-02-20T16:31:12+00:00 NOTICE order.member.updated :: Updated gcsaw@yahoo.com subscriber status to transactional and language to en
2021-02-20T16:31:12+00:00 NOTICE order_submit.success :: addStoreOrder :: #23442 :: email: gcsaw@yahoo.com :: landing site https://warmwishesflorist.com/ :: abandoned cart deleted [e500d7266a57659a44ff8cc1e6c5a986]
2021-02-20T18:07:33+00:00 NOTICE action_scheduler.queue_job :: MailChimp_WooCommerce_Cart_Update queued :: obj_id 13636aa58d9b615ae4e29fb3522db9e2
2021-02-20T18:07:41+00:00 NOTICE abandoned_cart.success :: email: zekaihooi399@gmail.com :: checkout_url: https://warmwishesflorist.com/checkout/?mc_cart_id=13636aa58d9b615ae4e29fb3522db9e2
2021-02-20T18:07:42+00:00 NOTICE cart.member.updated :: Updated zekaihooi399@gmail.com subscriber status to transactional and language to en
2021-02-20T18:13:06+00:00 NOTICE action_scheduler.queue_job :: MailChimp_WooCommerce_Cart_Update queued :: obj_id 13636aa58d9b615ae4e29fb3522db9e2
2021-02-20T18:27:24+00:00 NOTICE abandoned_cart.success :: email: zekaihooi399@gmail.com :: checkout_url: https://warmwishesflorist.com/checkout/?mc_cart_id=13636aa58d9b615ae4e29fb3522db9e2
2021-02-20T18:42:02+00:00 NOTICE action_scheduler.queue_job :: MailChimp_WooCommerce_Cart_Update queued :: obj_id 13636aa58d9b615ae4e29fb3522db9e2
2021-02-20T18:42:08+00:00 NOTICE abandoned_cart.success :: email: zekaihooi399@gmail.com :: checkout_url: https://warmwishesflorist.com/checkout/?mc_cart_id=13636aa58d9b615ae4e29fb3522db9e2
2021-02-20T18:42:14+00:00 NOTICE action_scheduler.queue_job :: MailChimp_WooCommerce_Cart_Update queued :: obj_id 13636aa58d9b615ae4e29fb3522db9e2
2021-02-20T18:43:04+00:00 NOTICE action_scheduler.queue_job :: MailChimp_WooCommerce_Cart_Update queued :: obj_id 53d9fd6a310f334ea95ead038280449e
2021-02-20T18:43:09+00:00 NOTICE abandoned_cart.success :: email: sinyee2002@hotmail.com :: checkout_url: https://warmwishesflorist.com/checkout/?mc_cart_id=53d9fd6a310f334ea95ead038280449e
2021-02-20T18:43:09+00:00 NOTICE ac.cart_swap :: Deleted cart [sinyee2002@hotmail.com] :: ID [53d9fd6a310f334ea95ead038280449e]
2021-02-20T18:43:10+00:00 NOTICE cart.member.updated :: Updated sinyee2002@hotmail.com subscriber status to transactional and language to en
2021-02-20T18:43:26+00:00 NOTICE abandoned_cart.success :: email: zekaihooi399@gmail.com :: checkout_url: https://warmwishesflorist.com/checkout/?mc_cart_id=13636aa58d9b615ae4e29fb3522db9e2
2021-02-20T21:18:21+00:00 NOTICE action_scheduler.queue_job :: MailChimp_WooCommerce_Cart_Update queued :: obj_id 13636aa58d9b615ae4e29fb3522db9e2
2021-02-20T21:18:26+00:00 NOTICE abandoned_cart.success :: email: zekaihooi399@gmail.com :: checkout_url: https://warmwishesflorist.com/checkout/?mc_cart_id=13636aa58d9b615ae4e29fb3522db9e2
2021-02-20T21:18:27+00:00 NOTICE cart.member.updated :: Updated zekaihooi399@gmail.com subscriber status to transactional and language to en
2021-02-20T21:22:48+00:00 NOTICE action_scheduler.queue_job :: MailChimp_WooCommerce_Single_Order starts in 90 seconds :: obj_id 23443
2021-02-20T21:26:47+00:00 NOTICE action_scheduler.queue_job :: MailChimp_WooCommerce_Cart_Update queued :: obj_id 13636aa58d9b615ae4e29fb3522db9e2
2021-02-20T21:26:51+00:00 NOTICE abandoned_cart.success :: email: zekaihooi399@gmail.com :: checkout_url: https://warmwishesflorist.com/checkout/?mc_cart_id=13636aa58d9b615ae4e29fb3522db9e2
2021-02-20T21:26:52+00:00 NOTICE order_sumbit :: #23443 has a financial status of pending and was skipped.
2021-02-20T21:27:29+00:00 NOTICE action_scheduler.queue_job :: MailChimp_WooCommerce_Cart_Update queued :: obj_id 13636aa58d9b615ae4e29fb3522db9e2
2021-02-20T21:27:31+00:00 NOTICE action_scheduler.queue_job :: MailChimp_WooCommerce_Cart_Update queued :: obj_id 53d9fd6a310f334ea95ead038280449e
2021-02-20T21:27:52+00:00 NOTICE abandoned_cart.success :: email: sinyee2002@hotmail.com :: checkout_url: https://warmwishesflorist.com/checkout/?mc_cart_id=53d9fd6a310f334ea95ead038280449e
2021-02-20T21:27:52+00:00 NOTICE cart.member.updated :: Updated sinyee2002@hotmail.com subscriber status to transactional and language to en
2021-02-20T21:27:53+00:00 NOTICE abandoned_cart.success :: email: zekaihooi399@gmail.com :: checkout_url: https://warmwishesflorist.com/checkout/?mc_cart_id=13636aa58d9b615ae4e29fb3522db9e2
2021-02-20T21:32:52+00:00 NOTICE action_scheduler.queue_job :: MailChimp_WooCommerce_Single_Order starts in 90 seconds :: obj_id 23444
2021-02-20T21:34:39+00:00 NOTICE debug :: Order ID 23444 was pending and is now processing :: Array
(
    [new_order] => 1
    [tracking] => Array
        (
            [campaign_id] => 
            [landing_site] => https://warmwishesflorist.com/?wc-ajax=get_refreshed_fragments
        )

)

2021-02-20T22:01:09+00:00 NOTICE order.member.updated :: Updated zekaihooi399@gmail.com subscriber status to transactional and language to en
2021-02-20T22:01:09+00:00 NOTICE order_submit.success :: addStoreOrder :: #23444 :: email: zekaihooi399@gmail.com :: landing site https://warmwishesflorist.com/?wc-ajax=get_refreshed_fragments :: abandoned cart deleted [13636aa58d9b615ae4e29fb3522db9e2]
