2021-08-11T03:59:28+00:00 NOTICE action_scheduler.queue_job :: MailChimp_WooCommerce_User_Submit queued :: obj_id 15432
2021-08-11T03:59:35+00:00 NOTICE member.sync :: danil_samsonov_1993@rambler.ru has signed up to a lot of lists very recently; we're not allowing more signups for now
2021-08-11T04:00:33+00:00 NOTICE action_scheduler.queue_job :: MailChimp_WooCommerce_User_Submit queued :: obj_id 15433
2021-08-11T04:00:39+00:00 NOTICE member.sync :: hedeon_bogdanov_1983@rambler.ru has signed up to a lot of lists very recently; we're not allowing more signups for now
2021-08-11T07:25:05+00:00 NOTICE action_scheduler.queue_job :: MailChimp_WooCommerce_User_Submit queued :: obj_id 15434
2021-08-11T07:27:01+00:00 NOTICE member.sync :: Subscribed Member ekaterina.malahova902@gmail.com :: Array
(
    [status_if_new] => 1
    [merge_fields] => Array
        (
        )

)

2021-08-11T10:10:41+00:00 NOTICE action_scheduler.queue_job :: MailChimp_WooCommerce_User_Submit queued :: obj_id 15435
2021-08-11T10:10:47+00:00 NOTICE member.sync :: Subscribed Member minafoucher113@gmail.com :: Array
(
    [status_if_new] => 1
    [merge_fields] => Array
        (
        )

)

2021-08-11T11:08:01+00:00 NOTICE action_scheduler.queue_job :: MailChimp_WooCommerce_User_Submit queued :: obj_id 15436
2021-08-11T11:09:14+00:00 NOTICE member.sync :: webcamcollegedmca@gmail.com has signed up to a lot of lists very recently; we're not allowing more signups for now
2021-08-11T13:01:00+00:00 NOTICE action_scheduler.queue_job :: MailChimp_WooCommerce_User_Submit queued :: obj_id 15437
2021-08-11T13:01:56+00:00 NOTICE member.sync :: kliment_maryin_1972@rambler.ru has signed up to a lot of lists very recently; we're not allowing more signups for now
2021-08-11T14:13:51+00:00 NOTICE action_scheduler.queue_job :: MailChimp_WooCommerce_User_Submit queued :: obj_id 15438
2021-08-11T14:17:09+00:00 NOTICE member.sync :: jadeblomer@rambler.ua has signed up to a lot of lists very recently; we're not allowing more signups for now
2021-08-11T15:09:13+00:00 NOTICE action_scheduler.queue_job :: MailChimp_WooCommerce_User_Submit queued :: obj_id 15439
2021-08-11T15:12:21+00:00 NOTICE member.sync :: Subscribed Member albertaso60@hiraku4410.hideo82.sorataki.in.net :: Array
(
    [status_if_new] => 1
    [merge_fields] => Array
        (
        )

)

