2021-02-11T00:47:29+00:00 NOTICE action_scheduler.queue_job :: MailChimp_WooCommerce_Single_Product starts in 5 seconds :: obj_id 23337
2021-02-11T01:01:06+00:00 NOTICE product_submit.success :: updateStoreProduct :: #23337
2021-02-11T02:37:54+00:00 NOTICE action_scheduler.queue_job :: MailChimp_WooCommerce_Cart_Update queued :: obj_id 0ab25ed2f951ed247795f510eb673bd2
2021-02-11T02:37:56+00:00 NOTICE abandoned_cart.success :: email: shensin@hotmail.com :: checkout_url: https://warmwishesflorist.com/checkout/?mc_cart_id=0ab25ed2f951ed247795f510eb673bd2
2021-02-11T02:37:57+00:00 NOTICE cart.member.updated :: Updated shensin@hotmail.com subscriber status to transactional and language to en
2021-02-11T02:38:01+00:00 NOTICE action_scheduler.queue_job :: MailChimp_WooCommerce_User_Submit queued :: obj_id 11542
2021-02-11T02:38:05+00:00 NOTICE member.sync :: Updated Member shensin@hotmail.com :: Array
(
    [previous_status] => transactional
    [status] => 1
    [merge_fields] => Array
        (
        )

)

2021-02-11T02:56:58+00:00 NOTICE action_scheduler.queue_job :: MailChimp_WooCommerce_Cart_Update queued :: obj_id 0ab25ed2f951ed247795f510eb673bd2
2021-02-11T02:57:20+00:00 NOTICE abandoned_cart.success :: email: shensin@hotmail.com :: checkout_url: https://warmwishesflorist.com/checkout/?mc_cart_id=0ab25ed2f951ed247795f510eb673bd2
2021-02-11T02:57:27+00:00 NOTICE action_scheduler.queue_job :: MailChimp_WooCommerce_User_Submit queued :: obj_id 11542
2021-02-11T02:58:18+00:00 NOTICE action_scheduler.queue_job :: MailChimp_WooCommerce_Cart_Update queued :: obj_id 0ab25ed2f951ed247795f510eb673bd2
2021-02-11T02:58:24+00:00 NOTICE member.sync :: Updated Member shensin@hotmail.com ( merge fields only ) :: Array
(
    [merge_fields] => Array
        (
        )

)

2021-02-11T02:58:26+00:00 NOTICE abandoned_cart.success :: email: shensin@hotmail.com :: checkout_url: https://warmwishesflorist.com/checkout/?mc_cart_id=0ab25ed2f951ed247795f510eb673bd2
2021-02-11T02:58:53+00:00 NOTICE ac.cart_swap :: Deleted cart [shensin@hotmail.com] :: ID [0ab25ed2f951ed247795f510eb673bd2]
2021-02-11T02:58:54+00:00 NOTICE action_scheduler.queue_job :: MailChimp_WooCommerce_Cart_Update queued :: obj_id e5f96c66db22ae54cc9daa78183d4941
2021-02-11T02:58:58+00:00 NOTICE action_scheduler.queue_job :: MailChimp_WooCommerce_User_Submit queued :: obj_id 11543
2021-02-11T02:59:46+00:00 NOTICE action_scheduler.queue_job :: MailChimp_WooCommerce_Cart_Update queued :: obj_id 0ab25ed2f951ed247795f510eb673bd2
2021-02-11T02:59:55+00:00 NOTICE abandoned_cart.success :: email: shensin@hotmail.com :: checkout_url: https://warmwishesflorist.com/checkout/?mc_cart_id=0ab25ed2f951ed247795f510eb673bd2
2021-02-11T03:00:01+00:00 NOTICE abandoned_cart.success :: email: avlee522@gmail.com :: checkout_url: https://warmwishesflorist.com/checkout/?mc_cart_id=e5f96c66db22ae54cc9daa78183d4941
2021-02-11T03:00:02+00:00 NOTICE cart.member.updated :: Updated avlee522@gmail.com subscriber status to transactional and language to en
2021-02-11T03:00:04+00:00 NOTICE member.sync :: Updated Member Avlee522@gmail.com :: Array
(
    [previous_status] => transactional
    [status] => 1
    [merge_fields] => Array
        (
        )

)

2021-02-11T03:06:31+00:00 NOTICE ac.cart_swap :: Deleted cart [shensin@hotmail.com] :: ID [0ab25ed2f951ed247795f510eb673bd2]
2021-02-11T03:06:31+00:00 NOTICE action_scheduler.queue_job :: MailChimp_WooCommerce_Cart_Update queued :: obj_id e5f96c66db22ae54cc9daa78183d4941
2021-02-11T03:06:36+00:00 NOTICE abandoned_cart.success :: email: avlee522@gmail.com :: checkout_url: https://warmwishesflorist.com/checkout/?mc_cart_id=e5f96c66db22ae54cc9daa78183d4941
2021-02-11T03:06:44+00:00 NOTICE ac.cart_swap :: Deleted cart [avlee522@gmail.com] :: ID [e5f96c66db22ae54cc9daa78183d4941]
2021-02-11T03:06:45+00:00 NOTICE action_scheduler.queue_job :: MailChimp_WooCommerce_Cart_Update queued :: obj_id f203ee8026bcb3c47fd6514b503ce82e
2021-02-11T03:09:47+00:00 NOTICE action_scheduler.queue_job :: MailChimp_WooCommerce_User_Submit queued :: obj_id 11543
2021-02-11T03:09:47+00:00 NOTICE action_scheduler.queue_job :: MailChimp_WooCommerce_Single_Order starts in 90 seconds :: obj_id 23349
2021-02-11T03:11:33+00:00 NOTICE debug :: Order ID 23349 was pending and is now processing :: Array
(
    [new_order] => 1
    [tracking] => Array
        (
            [campaign_id] => 
            [landing_site] => https://warmwishesflorist.com/?wc-api=WC_Molpay_Gateway
        )

)

2021-02-11T03:17:56+00:00 NOTICE abandoned_cart.success :: email: ericalfc@gmail.com :: checkout_url: https://warmwishesflorist.com/checkout/?mc_cart_id=f203ee8026bcb3c47fd6514b503ce82e
2021-02-11T03:17:57+00:00 NOTICE cart.member.updated :: Updated ericalfc@gmail.com subscriber status to transactional and language to en
2021-02-11T03:18:03+00:00 NOTICE order.member.updated :: Updated ericalfc@gmail.com subscriber status to transactional and language to en
2021-02-11T03:18:03+00:00 NOTICE order_submit.success :: addStoreOrder :: #23349 :: email: ericalfc@gmail.com :: landing site https://warmwishesflorist.com/ :: abandoned cart deleted [f203ee8026bcb3c47fd6514b503ce82e]
2021-02-11T03:18:04+00:00 NOTICE member.sync :: Updated Member Avlee522@gmail.com ( merge fields only ) :: Array
(
    [merge_fields] => Array
        (
            [FNAME] => Derek
            [LNAME] => Tan
        )

)

2021-02-11T03:51:14+00:00 NOTICE action_scheduler.queue_job :: MailChimp_WooCommerce_User_Submit queued :: obj_id 9570
2021-02-11T03:56:16+00:00 NOTICE action_scheduler.queue_job :: MailChimp_WooCommerce_Cart_Update queued :: obj_id 8c5e512adaf35cb62867f0857e725b32
2021-02-11T03:57:53+00:00 NOTICE action_scheduler.queue_job :: MailChimp_WooCommerce_Cart_Update queued :: obj_id fb1e709f31934a39ac6ea38cdca0edb6
2021-02-11T03:57:58+00:00 NOTICE abandoned_cart.success :: email: nictam1126@hotmail.com :: checkout_url: https://warmwishesflorist.com/checkout/?mc_cart_id=8c5e512adaf35cb62867f0857e725b32
2021-02-11T03:57:59+00:00 NOTICE cart.member.updated :: Updated nictam1126@hotmail.com subscriber status to subscribed and language to en
2021-02-11T03:58:00+00:00 NOTICE abandoned_cart.success :: email: nictam1126@gmail.com :: checkout_url: https://warmwishesflorist.com/checkout/?mc_cart_id=fb1e709f31934a39ac6ea38cdca0edb6
2021-02-11T03:58:01+00:00 NOTICE cart.member.updated :: Updated nictam1126@gmail.com subscriber status to subscribed and language to en
2021-02-11T03:58:02+00:00 NOTICE member.sync :: Updated Member nictam1126@gmail.com ( merge fields only ) :: Array
(
    [merge_fields] => Array
        (
            [FNAME] => Nic
            [LNAME] => Tam
        )

)

2021-02-11T04:00:05+00:00 NOTICE action_scheduler.queue_job :: MailChimp_WooCommerce_User_Submit queued :: obj_id 8217
2021-02-11T04:00:06+00:00 NOTICE action_scheduler.queue_job :: MailChimp_WooCommerce_Single_Order starts in 90 seconds :: obj_id 23350
2021-02-11T04:01:06+00:00 NOTICE member.sync :: Updated Member nictam1126@hotmail.com ( merge fields only ) :: Array
(
    [merge_fields] => Array
        (
            [FNAME] => Nic
            [LNAME] => Tam
        )

)

2021-02-11T04:01:57+00:00 NOTICE debug :: Order ID 23350 was pending and is now processing :: Array
(
    [new_order] => 1
    [tracking] => Array
        (
            [campaign_id] => 
            [landing_site] => https://warmwishesflorist.com/?wc-api=WC_Molpay_Gateway
        )

)

2021-02-11T04:35:03+00:00 NOTICE order.member.updated :: Updated nictam1126@gmail.com subscriber status to subscribed and language to en
2021-02-11T04:35:03+00:00 NOTICE order_submit.success :: addStoreOrder :: #23350 :: email: nictam1126@gmail.com :: landing site https://warmwishesflorist.com/my-account/ :: abandoned cart deleted [fb1e709f31934a39ac6ea38cdca0edb6]
2021-02-11T05:01:09+00:00 NOTICE action_scheduler.queue_job :: MailChimp_WooCommerce_Single_Order starts in 90 seconds :: obj_id 23348
2021-02-11T05:01:11+00:00 NOTICE debug :: Order ID 23348 was processing and is now completed :: Array
(
    [new_order] => 
    [tracking] => 
)

2021-02-11T05:03:20+00:00 NOTICE order.member.updated :: Updated fabianhunziker@yahoo.de subscriber status to transactional and language to 
2021-02-11T05:03:20+00:00 NOTICE order_submit.success :: updateStoreOrder :: #23348 :: email: fabianhunziker@yahoo.de
2021-02-11T05:12:12+00:00 NOTICE action_scheduler.queue_job :: MailChimp_WooCommerce_Single_Order starts in 90 seconds :: obj_id 23350
2021-02-11T05:12:13+00:00 NOTICE debug :: Order ID 23350 was processing and is now completed :: Array
(
    [new_order] => 
    [tracking] => 
)

2021-02-11T05:12:18+00:00 NOTICE action_scheduler.queue_job :: MailChimp_WooCommerce_Single_Order starts in 90 seconds :: obj_id 23349
2021-02-11T05:12:19+00:00 NOTICE debug :: Order ID 23349 was processing and is now completed :: Array
(
    [new_order] => 
    [tracking] => 
)

2021-02-11T05:14:12+00:00 NOTICE order.member.updated :: Updated nictam1126@gmail.com subscriber status to subscribed and language to 
2021-02-11T05:14:12+00:00 NOTICE order_submit.success :: updateStoreOrder :: #23350 :: email: nictam1126@gmail.com
2021-02-11T05:14:16+00:00 NOTICE order.member.updated :: Updated ericalfc@gmail.com subscriber status to transactional and language to 
2021-02-11T05:14:16+00:00 NOTICE order_submit.success :: updateStoreOrder :: #23349 :: email: ericalfc@gmail.com
2021-02-11T05:55:11+00:00 NOTICE action_scheduler.queue_job :: MailChimp_WooCommerce_Cart_Update queued :: obj_id c9e727fa6bb9fe151edd1181580be53c
2021-02-11T05:57:11+00:00 NOTICE abandoned_cart.success :: email: gideontws@hotmail.com :: checkout_url: https://warmwishesflorist.com/checkout/?mc_cart_id=c9e727fa6bb9fe151edd1181580be53c
2021-02-11T05:57:12+00:00 NOTICE cart.member.updated :: Updated gideontws@hotmail.com subscriber status to transactional and language to en
2021-02-11T06:02:41+00:00 NOTICE action_scheduler.queue_job :: MailChimp_WooCommerce_Single_Order starts in 90 seconds :: obj_id 23351
2021-02-11T06:04:23+00:00 NOTICE order_sumbit :: #23351 has a financial status of pending and was skipped.
2021-02-11T06:04:36+00:00 NOTICE action_scheduler.queue_job :: MailChimp_WooCommerce_Single_Order starts in 90 seconds :: obj_id 23351
2021-02-11T06:04:38+00:00 NOTICE debug :: Order ID 23351 was pending and is now processing :: Array
(
    [new_order] => 1
    [tracking] => Array
        (
            [campaign_id] => 
            [landing_site] => https://warmwishesflorist.com/shop/only/?gclid=EAIaIQobChMI2NKq98zI7gIVkwByCh1WoAs0EAAYASAAEgILovD_BwE
        )

)

2021-02-11T06:06:25+00:00 NOTICE order.member.updated :: Updated gideontws@hotmail.com subscriber status to transactional and language to 
2021-02-11T06:06:25+00:00 NOTICE order_submit.success :: addStoreOrder :: #23351 :: email: gideontws@hotmail.com :: landing site https://warmwishesflorist.com/shop/only/?gclid=EAIaIQobChMI2NKq98zI7gIVkwByCh1WoAs0EAAYASAAEgILovD_BwE :: abandoned cart deleted [c9e727fa6bb9fe151edd1181580be53c]
2021-02-11T06:14:11+00:00 NOTICE action_scheduler.queue_job :: MailChimp_WooCommerce_Single_Order starts in 90 seconds :: obj_id 23351
2021-02-11T06:14:13+00:00 NOTICE debug :: Order ID 23351 was processing and is now completed :: Array
(
    [new_order] => 
    [tracking] => 
)

2021-02-11T06:16:22+00:00 NOTICE order.member.updated :: Updated gideontws@hotmail.com subscriber status to transactional and language to 
2021-02-11T06:16:22+00:00 NOTICE order_submit.success :: updateStoreOrder :: #23351 :: email: gideontws@hotmail.com
2021-02-11T07:05:49+00:00 NOTICE action_scheduler.queue_job :: MailChimp_WooCommerce_User_Submit queued :: obj_id 11545
2021-02-11T07:08:49+00:00 NOTICE action_scheduler.queue_job :: MailChimp_WooCommerce_Cart_Update queued :: obj_id b9d0a9ed91722c5483b043171366abd1
2021-02-11T07:11:43+00:00 NOTICE member.sync :: Subscribed Member garden212gol@gmail.com :: Array
(
    [status_if_new] => 1
    [merge_fields] => Array
        (
        )

)

2021-02-11T07:11:44+00:00 NOTICE abandoned_cart.success :: email: garden212gol@gmail.com :: checkout_url: https://warmwishesflorist.com/checkout/?mc_cart_id=b9d0a9ed91722c5483b043171366abd1
2021-02-11T07:11:45+00:00 NOTICE cart.member.updated :: Updated garden212gol@gmail.com subscriber status to subscribed and language to en
2021-02-11T07:13:39+00:00 NOTICE action_scheduler.queue_job :: MailChimp_WooCommerce_Cart_Update queued :: obj_id b9d0a9ed91722c5483b043171366abd1
2021-02-11T07:28:02+00:00 NOTICE abandoned_cart.success :: email: garden212gol@gmail.com :: checkout_url: https://warmwishesflorist.com/checkout/?mc_cart_id=b9d0a9ed91722c5483b043171366abd1
2021-02-11T07:29:24+00:00 NOTICE action_scheduler.queue_job :: MailChimp_WooCommerce_Single_Product starts in 5 seconds :: obj_id 22947
2021-02-11T07:30:01+00:00 NOTICE product_submit.success :: updateStoreProduct :: #22947
2021-02-11T07:32:05+00:00 NOTICE action_scheduler.queue_job :: MailChimp_WooCommerce_Cart_Update queued :: obj_id b9fc6c5d564a4fdafee1dc30f6957b65
2021-02-11T07:32:08+00:00 NOTICE abandoned_cart.success :: email: icharlie.event@gmail.com :: checkout_url: https://warmwishesflorist.com/checkout/?mc_cart_id=b9fc6c5d564a4fdafee1dc30f6957b65
2021-02-11T07:32:08+00:00 NOTICE cart.member.updated :: Updated icharlie.event@gmail.com subscriber status to transactional and language to en
2021-02-11T07:32:11+00:00 NOTICE action_scheduler.queue_job :: MailChimp_WooCommerce_User_Submit queued :: obj_id 11546
2021-02-11T07:32:16+00:00 NOTICE member.sync :: Updated Member icharlie.event@gmail.com :: Array
(
    [previous_status] => transactional
    [status] => 1
    [merge_fields] => Array
        (
        )

)

2021-02-11T08:13:35+00:00 NOTICE action_scheduler.queue_job :: MailChimp_WooCommerce_User_Submit queued :: obj_id 11546
2021-02-11T08:13:36+00:00 NOTICE action_scheduler.queue_job :: MailChimp_WooCommerce_Single_Order starts in 90 seconds :: obj_id 23352
2021-02-11T08:15:10+00:00 NOTICE debug :: Order ID 23352 was pending and is now processing :: Array
(
    [new_order] => 1
    [tracking] => Array
        (
            [campaign_id] => 
            [landing_site] => https://warmwishesflorist.com/checkout/order-pay/23352/?key=wc_order_xibINPcPFsjas
        )

)

2021-02-11T08:31:08+00:00 NOTICE order.member.updated :: Updated icharlie.event@gmail.com subscriber status to subscribed and language to en
2021-02-11T08:31:08+00:00 NOTICE order_submit.success :: addStoreOrder :: #23352 :: email: icharlie.event@gmail.com :: landing site https://warmwishesflorist.com/product-category/valentines-day/ :: abandoned cart deleted [b9fc6c5d564a4fdafee1dc30f6957b65]
2021-02-11T08:31:09+00:00 NOTICE member.sync :: Updated Member icharlie.event@gmail.com ( merge fields only ) :: Array
(
    [merge_fields] => Array
        (
            [FNAME] => Tim
            [LNAME] => Tim
        )

)

2021-02-11T08:56:39+00:00 NOTICE action_scheduler.queue_job :: MailChimp_WooCommerce_Cart_Update queued :: obj_id 53411eb591cbdeee13dfaf22bf77caf0
2021-02-11T08:57:01+00:00 NOTICE abandoned_cart.success :: email: ryan941101@gmail.com :: checkout_url: https://warmwishesflorist.com/checkout/?mc_cart_id=53411eb591cbdeee13dfaf22bf77caf0
2021-02-11T08:57:02+00:00 NOTICE cart.member.updated :: Updated ryan941101@gmail.com subscriber status to transactional and language to en
2021-02-11T08:57:40+00:00 NOTICE action_scheduler.queue_job :: MailChimp_WooCommerce_Cart_Update queued :: obj_id 53411eb591cbdeee13dfaf22bf77caf0
2021-02-11T08:58:19+00:00 NOTICE abandoned_cart.success :: email: ryan941101@gmail.com :: checkout_url: https://warmwishesflorist.com/checkout/?mc_cart_id=53411eb591cbdeee13dfaf22bf77caf0
2021-02-11T08:58:28+00:00 NOTICE action_scheduler.queue_job :: MailChimp_WooCommerce_Cart_Update queued :: obj_id 53411eb591cbdeee13dfaf22bf77caf0
2021-02-11T08:59:21+00:00 NOTICE action_scheduler.queue_job :: MailChimp_WooCommerce_Cart_Update queued :: obj_id 72ba5ac7e1623c8d4a86ea79242bbccb
2021-02-11T08:59:25+00:00 NOTICE abandoned_cart.success :: email: ryan94941101@gmail.com :: checkout_url: https://warmwishesflorist.com/checkout/?mc_cart_id=72ba5ac7e1623c8d4a86ea79242bbccb
2021-02-11T08:59:26+00:00 NOTICE cart.member.updated :: Updated ryan94941101@gmail.com subscriber status to transactional and language to en
2021-02-11T08:59:27+00:00 NOTICE abandoned_cart.success :: email: ryan941101@gmail.com :: checkout_url: https://warmwishesflorist.com/checkout/?mc_cart_id=53411eb591cbdeee13dfaf22bf77caf0
2021-02-11T08:59:58+00:00 NOTICE ac.cart_swap :: Deleted cart [ryan94941101@gmail.com] :: ID [72ba5ac7e1623c8d4a86ea79242bbccb]
2021-02-11T08:59:59+00:00 NOTICE action_scheduler.queue_job :: MailChimp_WooCommerce_Cart_Update queued :: obj_id 53411eb591cbdeee13dfaf22bf77caf0
2021-02-11T09:01:04+00:00 NOTICE abandoned_cart.success :: email: ryan941101@gmail.com :: checkout_url: https://warmwishesflorist.com/checkout/?mc_cart_id=53411eb591cbdeee13dfaf22bf77caf0
2021-02-11T09:04:30+00:00 NOTICE action_scheduler.queue_job :: MailChimp_WooCommerce_Cart_Update queued :: obj_id 53411eb591cbdeee13dfaf22bf77caf0
2021-02-11T09:05:31+00:00 NOTICE action_scheduler.queue_job :: MailChimp_WooCommerce_Single_Order starts in 90 seconds :: obj_id 23353
2021-02-11T09:06:54+00:00 NOTICE debug :: Order ID 23353 was pending and is now processing :: Array
(
    [new_order] => 1
    [tracking] => Array
        (
            [campaign_id] => 
            [landing_site] => https://warmwishesflorist.com/?wc-api=WC_Molpay_Gateway
        )

)

2021-02-11T09:18:42+00:00 NOTICE abandoned_cart.success :: email: ryan941101@gmail.com :: checkout_url: https://warmwishesflorist.com/checkout/?mc_cart_id=53411eb591cbdeee13dfaf22bf77caf0
2021-02-11T09:18:46+00:00 NOTICE order.member.updated :: Updated ryan941101@gmail.com subscriber status to transactional and language to en
2021-02-11T09:18:46+00:00 NOTICE order_submit.success :: addStoreOrder :: #23353 :: email: ryan941101@gmail.com :: landing site https://warmwishesflorist.com/ :: abandoned cart deleted [53411eb591cbdeee13dfaf22bf77caf0]
2021-02-11T13:45:48+00:00 NOTICE action_scheduler.queue_job :: MailChimp_WooCommerce_Cart_Update queued :: obj_id 4511f29af74cff82d13483a89452ed2e
2021-02-11T13:46:14+00:00 NOTICE abandoned_cart.success :: email: chadhoang95@gmail.com :: checkout_url: https://warmwishesflorist.com/checkout/?mc_cart_id=4511f29af74cff82d13483a89452ed2e
2021-02-11T13:46:15+00:00 NOTICE cart.member.updated :: Updated chadhoang95@gmail.com subscriber status to transactional and language to en
2021-02-11T13:46:34+00:00 NOTICE action_scheduler.queue_job :: MailChimp_WooCommerce_Cart_Update queued :: obj_id 4511f29af74cff82d13483a89452ed2e
2021-02-11T13:48:44+00:00 NOTICE abandoned_cart.success :: email: chadhoang95@gmail.com :: checkout_url: https://warmwishesflorist.com/checkout/?mc_cart_id=4511f29af74cff82d13483a89452ed2e
2021-02-11T13:48:50+00:00 NOTICE action_scheduler.queue_job :: MailChimp_WooCommerce_Cart_Update queued :: obj_id 4511f29af74cff82d13483a89452ed2e
2021-02-11T13:53:36+00:00 NOTICE abandoned_cart.success :: email: chadhoang95@gmail.com :: checkout_url: https://warmwishesflorist.com/checkout/?mc_cart_id=4511f29af74cff82d13483a89452ed2e
2021-02-11T14:56:04+00:00 NOTICE action_scheduler.queue_job :: MailChimp_WooCommerce_Cart_Update queued :: obj_id 6b586268c32b1435b377894a75d0e1dc
2021-02-11T14:56:29+00:00 NOTICE abandoned_cart.success :: email: jmigs.morales@gmail.com :: checkout_url: https://warmwishesflorist.com/checkout/?mc_cart_id=6b586268c32b1435b377894a75d0e1dc
2021-02-11T14:56:29+00:00 NOTICE cart.member.updated :: Updated jmigs.morales@gmail.com subscriber status to transactional and language to en
2021-02-11T14:59:11+00:00 NOTICE action_scheduler.queue_job :: MailChimp_WooCommerce_Single_Order starts in 90 seconds :: obj_id 23352
2021-02-11T14:59:13+00:00 NOTICE debug :: Order ID 23352 was processing and is now completed :: Array
(
    [new_order] => 
    [tracking] => 
)

2021-02-11T14:59:17+00:00 NOTICE action_scheduler.queue_job :: MailChimp_WooCommerce_Single_Order starts in 90 seconds :: obj_id 23353
2021-02-11T14:59:18+00:00 NOTICE debug :: Order ID 23353 was processing and is now completed :: Array
(
    [new_order] => 
    [tracking] => 
)

2021-02-11T15:01:09+00:00 NOTICE order.member.updated :: Updated icharlie.event@gmail.com subscriber status to subscribed and language to 
2021-02-11T15:01:09+00:00 NOTICE order_submit.success :: updateStoreOrder :: #23352 :: email: icharlie.event@gmail.com
2021-02-11T15:01:13+00:00 NOTICE order.member.updated :: Updated ryan941101@gmail.com subscriber status to transactional and language to 
2021-02-11T15:01:13+00:00 NOTICE order_submit.success :: updateStoreOrder :: #23353 :: email: ryan941101@gmail.com
2021-02-11T15:37:35+00:00 NOTICE action_scheduler.queue_job :: MailChimp_WooCommerce_User_Submit queued :: obj_id 11548
2021-02-11T15:39:45+00:00 NOTICE member.sync :: nedelyayeva48@mail.ru has signed up to a lot of lists very recently; we're not allowing more signups for now
2021-02-11T15:43:21+00:00 NOTICE action_scheduler.queue_job :: MailChimp_WooCommerce_Single_Product starts in 5 seconds :: obj_id 23354
2021-02-11T15:44:11+00:00 NOTICE product_submit.success :: addStoreProduct :: #23354
2021-02-11T15:45:33+00:00 NOTICE product.deleted :: deleted product 21866
2021-02-11T15:55:16+00:00 NOTICE action_scheduler.queue_job :: MailChimp_WooCommerce_Single_Product starts in 5 seconds :: obj_id 6526
2021-02-11T15:56:15+00:00 NOTICE action_scheduler.queue_job :: MailChimp_WooCommerce_Single_Product starts in 5 seconds :: obj_id 23354
2021-02-11T15:56:19+00:00 NOTICE product_submit.success :: updateStoreProduct :: #6526
2021-02-11T15:56:26+00:00 NOTICE product_submit.success :: updateStoreProduct :: #23354
2021-02-11T15:56:42+00:00 NOTICE action_scheduler.queue_job :: MailChimp_WooCommerce_Single_Product starts in 5 seconds :: obj_id 6526
2021-02-11T15:58:00+00:00 NOTICE product_submit.success :: updateStoreProduct :: #6526
2021-02-11T17:52:24+00:00 NOTICE action_scheduler.queue_job :: MailChimp_WooCommerce_Single_Product starts in 5 seconds :: obj_id 23354
2021-02-11T18:01:06+00:00 NOTICE product_submit.success :: updateStoreProduct :: #23354
2021-02-11T20:49:49+00:00 NOTICE action_scheduler.queue_job :: MailChimp_WooCommerce_User_Submit queued :: obj_id 11549
2021-02-11T21:31:05+00:00 NOTICE member.sync :: lebedevaelena248624@gmail.com has signed up to a lot of lists very recently; we're not allowing more signups for now
2021-02-11T23:34:37+00:00 NOTICE action_scheduler.queue_job :: MailChimp_WooCommerce_User_Submit queued :: obj_id 11550
