2021-08-21T00:06:08+00:00 NOTICE action_scheduler.queue_job :: MailChimp_WooCommerce_User_Submit queued :: obj_id 15537
2021-08-21T00:07:10+00:00 NOTICE member.sync :: Subscribed Member vera.malysheva.9.2.1971@mail.ru :: Array
(
    [status_if_new] => 1
    [merge_fields] => Array
        (
        )

)

2021-08-21T00:33:18+00:00 NOTICE action_scheduler.queue_job :: MailChimp_WooCommerce_User_Submit queued :: obj_id 15538
2021-08-21T00:35:42+00:00 NOTICE member.sync :: Subscribed Member platon.eremin.27.6.1983@mail.ru :: Array
(
    [status_if_new] => 1
    [merge_fields] => Array
        (
        )

)

2021-08-21T00:41:41+00:00 NOTICE action_scheduler.queue_job :: MailChimp_WooCommerce_User_Submit queued :: obj_id 15539
2021-08-21T00:44:29+00:00 NOTICE member.sync :: Subscribed Member eduard.lobanov.28.2.1983@mail.ru :: Array
(
    [status_if_new] => 1
    [merge_fields] => Array
        (
        )

)

2021-08-21T03:37:10+00:00 NOTICE action_scheduler.queue_job :: MailChimp_WooCommerce_User_Submit queued :: obj_id 15540
2021-08-21T03:39:27+00:00 NOTICE member.sync :: iuliia.ustinova.22.9.1959@mail.ru has signed up to a lot of lists very recently; we're not allowing more signups for now
2021-08-21T04:03:14+00:00 NOTICE action_scheduler.queue_job :: MailChimp_WooCommerce_Cart_Update queued :: obj_id 1d8939d0e1c3af6b9dceb1fb7d6cc28c
2021-08-21T04:03:17+00:00 ERROR abandoned_cart.error :: email: elizabethhhhlee@gmail.com :: attempting product update :: Resource Not Found :: The requested resource could not be found.
2021-08-21T04:03:18+00:00 NOTICE product_submit.error :: addStoreProduct :: #22868 :: Error Code 404 :: Resource Not Found :: The requested resource could not be found. on 1858 in /var/www/vhosts/warmwishesflorist.com/httpdocs/wp-content/plugins/mailchimp-for-woocommerce/includes/api/class-mailchimp-api.php
2021-08-21T04:03:18+00:00 ERROR abandoned_cart.error :: Error Code 404 :: Resource Not Found :: The requested resource could not be found. on 1858 in /var/www/vhosts/warmwishesflorist.com/httpdocs/wp-content/plugins/mailchimp-for-woocommerce/includes/api/class-mailchimp-api.php
2021-08-21T04:03:54+00:00 NOTICE action_scheduler.queue_job :: MailChimp_WooCommerce_Cart_Update queued :: obj_id 1d8939d0e1c3af6b9dceb1fb7d6cc28c
2021-08-21T04:05:58+00:00 ERROR abandoned_cart.error :: email: elizabethhhhlee@gmail.com :: attempting product update :: Resource Not Found :: The requested resource could not be found.
2021-08-21T04:05:59+00:00 NOTICE product_submit.error :: addStoreProduct :: #22868 :: Error Code 404 :: Resource Not Found :: The requested resource could not be found. on 1858 in /var/www/vhosts/warmwishesflorist.com/httpdocs/wp-content/plugins/mailchimp-for-woocommerce/includes/api/class-mailchimp-api.php
2021-08-21T04:05:59+00:00 ERROR abandoned_cart.error :: Error Code 404 :: Resource Not Found :: The requested resource could not be found. on 1858 in /var/www/vhosts/warmwishesflorist.com/httpdocs/wp-content/plugins/mailchimp-for-woocommerce/includes/api/class-mailchimp-api.php
2021-08-21T04:16:12+00:00 NOTICE action_scheduler.queue_job :: MailChimp_WooCommerce_Single_Order starts in 90 seconds :: obj_id 24123
2021-08-21T04:17:18+00:00 NOTICE debug :: Order ID 24123 was pending and is now processing :: Array
(
    [new_order] => 1
    [tracking] => Array
        (
            [campaign_id] => 
            [landing_site] => https://warmwishesflorist.com/?wc-api=WC_Molpay_Gateway
        )

)

2021-08-21T04:19:14+00:00 ERROR order_submit.error :: addStoreOrder :: #24123 :: Error Code 404 :: Resource Not Found :: The requested resource could not be found. on 1858 in /var/www/vhosts/warmwishesflorist.com/httpdocs/wp-content/plugins/mailchimp-for-woocommerce/includes/api/class-mailchimp-api.php
2021-08-21T04:23:56+00:00 NOTICE action_scheduler.queue_job :: MailChimp_WooCommerce_User_Submit queued :: obj_id 15541
2021-08-21T04:23:57+00:00 NOTICE action_scheduler.queue_job :: MailChimp_WooCommerce_Cart_Update queued :: obj_id ad23300dfabe56427f985b000ee0433b
2021-08-21T04:23:59+00:00 ERROR abandoned_cart.error :: email: ziqian.mok@gmail.com :: attempting product update :: Resource Not Found :: The requested resource could not be found.
2021-08-21T04:23:59+00:00 NOTICE product_submit.error :: addStoreProduct :: #21867 :: Error Code 404 :: Resource Not Found :: The requested resource could not be found. on 1858 in /var/www/vhosts/warmwishesflorist.com/httpdocs/wp-content/plugins/mailchimp-for-woocommerce/includes/api/class-mailchimp-api.php
2021-08-21T04:23:59+00:00 ERROR abandoned_cart.error :: Error Code 404 :: Resource Not Found :: The requested resource could not be found. on 1858 in /var/www/vhosts/warmwishesflorist.com/httpdocs/wp-content/plugins/mailchimp-for-woocommerce/includes/api/class-mailchimp-api.php
2021-08-21T04:24:01+00:00 NOTICE member.sync :: Subscribed Member ziqian.mok@gmail.com :: Array
(
    [status_if_new] => 1
    [merge_fields] => Array
        (
        )

)

2021-08-21T04:25:15+00:00 NOTICE action_scheduler.queue_job :: MailChimp_WooCommerce_Cart_Update queued :: obj_id ad23300dfabe56427f985b000ee0433b
2021-08-21T04:25:35+00:00 ERROR abandoned_cart.error :: email: ziqian.mok@gmail.com :: attempting product update :: Resource Not Found :: The requested resource could not be found.
2021-08-21T04:25:36+00:00 NOTICE product_submit.error :: addStoreProduct :: #21867 :: Error Code 404 :: Resource Not Found :: The requested resource could not be found. on 1858 in /var/www/vhosts/warmwishesflorist.com/httpdocs/wp-content/plugins/mailchimp-for-woocommerce/includes/api/class-mailchimp-api.php
2021-08-21T04:25:36+00:00 ERROR abandoned_cart.error :: Error Code 404 :: Resource Not Found :: The requested resource could not be found. on 1858 in /var/www/vhosts/warmwishesflorist.com/httpdocs/wp-content/plugins/mailchimp-for-woocommerce/includes/api/class-mailchimp-api.php
2021-08-21T04:30:15+00:00 NOTICE action_scheduler.queue_job :: MailChimp_WooCommerce_User_Submit queued :: obj_id 15541
2021-08-21T04:31:03+00:00 NOTICE member.sync :: Updated Member ziqian.mok@gmail.com ( merge fields only ) :: Array
(
    [merge_fields] => Array
        (
        )

)

2021-08-21T04:41:15+00:00 NOTICE action_scheduler.queue_job :: MailChimp_WooCommerce_Cart_Update queued :: obj_id ad23300dfabe56427f985b000ee0433b
2021-08-21T04:41:37+00:00 ERROR abandoned_cart.error :: email: ziqian.mok@gmail.com :: attempting product update :: Resource Not Found :: The requested resource could not be found.
2021-08-21T04:41:38+00:00 NOTICE product_submit.error :: addStoreProduct :: #23535 :: Error Code 404 :: Resource Not Found :: The requested resource could not be found. on 1858 in /var/www/vhosts/warmwishesflorist.com/httpdocs/wp-content/plugins/mailchimp-for-woocommerce/includes/api/class-mailchimp-api.php
2021-08-21T04:41:38+00:00 ERROR abandoned_cart.error :: Error Code 404 :: Resource Not Found :: The requested resource could not be found. on 1858 in /var/www/vhosts/warmwishesflorist.com/httpdocs/wp-content/plugins/mailchimp-for-woocommerce/includes/api/class-mailchimp-api.php
2021-08-21T04:42:27+00:00 NOTICE action_scheduler.queue_job :: MailChimp_WooCommerce_Cart_Update queued :: obj_id ad23300dfabe56427f985b000ee0433b
2021-08-21T04:42:40+00:00 ERROR abandoned_cart.error :: email: ziqian.mok@gmail.com :: attempting product update :: Resource Not Found :: The requested resource could not be found.
2021-08-21T04:42:40+00:00 NOTICE product_submit.error :: addStoreProduct :: #23535 :: Error Code 404 :: Resource Not Found :: The requested resource could not be found. on 1858 in /var/www/vhosts/warmwishesflorist.com/httpdocs/wp-content/plugins/mailchimp-for-woocommerce/includes/api/class-mailchimp-api.php
2021-08-21T04:42:40+00:00 ERROR abandoned_cart.error :: Error Code 404 :: Resource Not Found :: The requested resource could not be found. on 1858 in /var/www/vhosts/warmwishesflorist.com/httpdocs/wp-content/plugins/mailchimp-for-woocommerce/includes/api/class-mailchimp-api.php
2021-08-21T04:43:13+00:00 NOTICE action_scheduler.queue_job :: MailChimp_WooCommerce_Cart_Update queued :: obj_id ad23300dfabe56427f985b000ee0433b
2021-08-21T04:43:15+00:00 ERROR abandoned_cart.error :: email: ziqian.mok@gmail.com :: attempting product update :: Resource Not Found :: The requested resource could not be found.
2021-08-21T04:43:16+00:00 NOTICE product_submit.error :: addStoreProduct :: #23535 :: Error Code 404 :: Resource Not Found :: The requested resource could not be found. on 1858 in /var/www/vhosts/warmwishesflorist.com/httpdocs/wp-content/plugins/mailchimp-for-woocommerce/includes/api/class-mailchimp-api.php
2021-08-21T04:43:16+00:00 ERROR abandoned_cart.error :: Error Code 404 :: Resource Not Found :: The requested resource could not be found. on 1858 in /var/www/vhosts/warmwishesflorist.com/httpdocs/wp-content/plugins/mailchimp-for-woocommerce/includes/api/class-mailchimp-api.php
2021-08-21T04:54:06+00:00 NOTICE action_scheduler.queue_job :: MailChimp_WooCommerce_User_Submit queued :: obj_id 15542
2021-08-21T04:54:56+00:00 NOTICE member.sync :: andrei.riabov.15.10.1964@mail.ru has signed up to a lot of lists very recently; we're not allowing more signups for now
2021-08-21T05:01:18+00:00 NOTICE action_scheduler.queue_job :: MailChimp_WooCommerce_User_Submit queued :: obj_id 15543
2021-08-21T05:02:29+00:00 NOTICE member.sync :: Subscribed Member p.a.u.e.lnee.d.w.e.l.lkha.e.yr.e.12.8503.4@gmail.com :: Array
(
    [status_if_new] => 1
    [merge_fields] => Array
        (
        )

)

2021-08-21T05:05:21+00:00 NOTICE action_scheduler.queue_job :: MailChimp_WooCommerce_Single_Order starts in 90 seconds :: obj_id 24124
2021-08-21T05:08:08+00:00 NOTICE debug :: Order ID 24124 was pending and is now processing :: Array
(
    [new_order] => 1
    [tracking] => Array
        (
            [campaign_id] => 
            [landing_site] => https://warmwishesflorist.com/?wc-api=WC_Molpay_Gateway
        )

)

2021-08-21T05:10:41+00:00 ERROR order_submit.error :: addStoreOrder :: #24124 :: Error Code 404 :: Resource Not Found :: The requested resource could not be found. on 1858 in /var/www/vhosts/warmwishesflorist.com/httpdocs/wp-content/plugins/mailchimp-for-woocommerce/includes/api/class-mailchimp-api.php
2021-08-21T05:16:07+00:00 NOTICE action_scheduler.queue_job :: MailChimp_WooCommerce_User_Submit queued :: obj_id 15544
2021-08-21T05:16:51+00:00 NOTICE member.sync :: georgii.dementev.18.3.1987@mail.ru has signed up to a lot of lists very recently; we're not allowing more signups for now
2021-08-21T05:59:02+00:00 NOTICE action_scheduler.queue_job :: MailChimp_WooCommerce_User_Submit queued :: obj_id 15545
2021-08-21T05:59:26+00:00 NOTICE member.sync :: yaroslavl@mailserp.com has signed up to a lot of lists very recently; we're not allowing more signups for now
2021-08-21T07:10:51+00:00 NOTICE action_scheduler.queue_job :: MailChimp_WooCommerce_Single_Product starts in 5 seconds :: obj_id 23722
2021-08-21T07:11:12+00:00 NOTICE product_submit.error :: addStoreProduct :: #23722 :: Error Code 404 :: Resource Not Found :: The requested resource could not be found. on 1858 in /var/www/vhosts/warmwishesflorist.com/httpdocs/wp-content/plugins/mailchimp-for-woocommerce/includes/api/class-mailchimp-api.php
2021-08-21T07:11:15+00:00 NOTICE action_scheduler.queue_job :: MailChimp_WooCommerce_Single_Product starts in 5 seconds :: obj_id 23729
2021-08-21T07:11:28+00:00 NOTICE product_submit.error :: addStoreProduct :: #23729 :: Error Code 404 :: Resource Not Found :: The requested resource could not be found. on 1858 in /var/www/vhosts/warmwishesflorist.com/httpdocs/wp-content/plugins/mailchimp-for-woocommerce/includes/api/class-mailchimp-api.php
2021-08-21T15:06:46+00:00 NOTICE action_scheduler.queue_job :: MailChimp_WooCommerce_User_Submit queued :: obj_id 15546
2021-08-21T15:08:42+00:00 NOTICE member.sync :: Subscribed Member carlosva18@rokuro75.kiyoakari.xyz :: Array
(
    [status_if_new] => 1
    [merge_fields] => Array
        (
        )

)

2021-08-21T20:47:50+00:00 NOTICE action_scheduler.queue_job :: MailChimp_WooCommerce_User_Submit queued :: obj_id 15547
2021-08-21T20:49:22+00:00 NOTICE member.sync :: tenishadepauw@autorambler.ru has signed up to a lot of lists very recently; we're not allowing more signups for now
