2021-02-07T02:38:10+00:00 NOTICE action_scheduler.queue_job :: MailChimp_WooCommerce_Cart_Update queued :: obj_id 247578fa375ad0bea17e175bb63b922f
2021-02-07T02:38:12+00:00 NOTICE abandoned_cart.success :: email: kkk_hao@hotmail.com :: checkout_url: https://warmwishesflorist.com/checkout/?mc_cart_id=247578fa375ad0bea17e175bb63b922f
2021-02-07T02:38:13+00:00 NOTICE cart.member.updated :: Updated kkk_hao@hotmail.com subscriber status to subscribed and language to en
2021-02-07T02:38:20+00:00 NOTICE action_scheduler.queue_job :: MailChimp_WooCommerce_User_Submit queued :: obj_id 11357
2021-02-07T02:41:49+00:00 NOTICE member.sync :: Updated Member kkk_hao@hotmail.com ( merge fields only ) :: Array
(
    [merge_fields] => Array
        (
        )

)

2021-02-07T02:56:11+00:00 NOTICE action_scheduler.queue_job :: MailChimp_WooCommerce_Cart_Update queued :: obj_id 247578fa375ad0bea17e175bb63b922f
2021-02-07T02:56:22+00:00 NOTICE abandoned_cart.success :: email: kkk_hao@hotmail.com :: checkout_url: https://warmwishesflorist.com/checkout/?mc_cart_id=247578fa375ad0bea17e175bb63b922f
2021-02-07T02:57:54+00:00 NOTICE action_scheduler.queue_job :: MailChimp_WooCommerce_User_Submit queued :: obj_id 11357
2021-02-07T02:57:54+00:00 NOTICE action_scheduler.queue_job :: MailChimp_WooCommerce_Single_Order starts in 90 seconds :: obj_id 23302
2021-02-07T02:59:16+00:00 NOTICE debug :: Order ID 23302 was pending and is now processing :: Array
(
    [new_order] => 1
    [tracking] => Array
        (
            [campaign_id] => 
            [landing_site] => https://warmwishesflorist.com/?wc-api=WC_Molpay_Gateway
        )

)

2021-02-07T03:01:06+00:00 NOTICE member.sync :: Updated Member kkk_hao@hotmail.com ( merge fields only ) :: Array
(
    [merge_fields] => Array
        (
            [FNAME] => alex
            [LNAME] => kong
        )

)

2021-02-07T03:01:11+00:00 NOTICE order.member.updated :: Updated kkk_hao@hotmail.com subscriber status to subscribed and language to en
2021-02-07T03:01:11+00:00 NOTICE order_submit.success :: addStoreOrder :: #23302 :: email: kkk_hao@hotmail.com :: landing site https://warmwishesflorist.com/ :: abandoned cart deleted [247578fa375ad0bea17e175bb63b922f]
2021-02-07T03:10:04+00:00 NOTICE action_scheduler.queue_job :: MailChimp_WooCommerce_Cart_Update queued :: obj_id 65af16ceae297d360a590ccd6a267f93
2021-02-07T03:11:12+00:00 NOTICE abandoned_cart.success :: email: 96shen@gmail.com :: checkout_url: https://warmwishesflorist.com/checkout/?mc_cart_id=65af16ceae297d360a590ccd6a267f93
2021-02-07T03:11:12+00:00 NOTICE cart.member.updated :: Updated 96shen@gmail.com subscriber status to transactional and language to en
2021-02-07T04:15:57+00:00 NOTICE action_scheduler.queue_job :: MailChimp_WooCommerce_Cart_Update queued :: obj_id df0283d85ff1404a5bd5396c697cb77f
2021-02-07T04:16:23+00:00 NOTICE abandoned_cart.success :: email: jonathan_goh95@hotmail.com :: checkout_url: https://warmwishesflorist.com/checkout/?mc_cart_id=df0283d85ff1404a5bd5396c697cb77f
2021-02-07T04:16:24+00:00 NOTICE cart.member.updated :: Updated jonathan_goh95@hotmail.com subscriber status to transactional and language to en
2021-02-07T04:16:43+00:00 NOTICE action_scheduler.queue_job :: MailChimp_WooCommerce_Single_Product starts in 5 seconds :: obj_id 23138
2021-02-07T04:17:27+00:00 NOTICE product_submit.success :: updateStoreProduct :: #23138
2021-02-07T04:34:05+00:00 NOTICE action_scheduler.queue_job :: MailChimp_WooCommerce_Single_Order starts in 90 seconds :: obj_id 23302
2021-02-07T04:34:06+00:00 NOTICE debug :: Order ID 23302 was processing and is now completed :: Array
(
    [new_order] => 
    [tracking] => 
)

2021-02-07T04:41:42+00:00 NOTICE order.member.updated :: Updated kkk_hao@hotmail.com subscriber status to subscribed and language to 
2021-02-07T04:41:42+00:00 NOTICE order_submit.success :: updateStoreOrder :: #23302 :: email: kkk_hao@hotmail.com
2021-02-07T06:39:58+00:00 NOTICE action_scheduler.queue_job :: MailChimp_WooCommerce_User_Submit queued :: obj_id 11359
2021-02-07T06:41:37+00:00 NOTICE member.sync :: pshalya13@mail.ru has signed up to a lot of lists very recently; we're not allowing more signups for now
2021-02-07T09:50:59+00:00 NOTICE action_scheduler.queue_job :: MailChimp_WooCommerce_User_Submit queued :: obj_id 11360
2021-02-07T09:51:42+00:00 NOTICE member.sync :: Subscribed Member darienwong96@gmail.com :: Array
(
    [status_if_new] => 1
    [merge_fields] => Array
        (
        )

)

2021-02-07T09:51:52+00:00 NOTICE action_scheduler.queue_job :: MailChimp_WooCommerce_Cart_Update queued :: obj_id 365789c29974cb07f9d70cfcf94ccf6b
2021-02-07T09:53:01+00:00 NOTICE abandoned_cart.success :: email: darienwong96@gmail.com :: checkout_url: https://warmwishesflorist.com/checkout/?mc_cart_id=365789c29974cb07f9d70cfcf94ccf6b
2021-02-07T09:53:01+00:00 NOTICE cart.member.updated :: Updated darienwong96@gmail.com subscriber status to subscribed and language to en
2021-02-07T09:55:41+00:00 NOTICE action_scheduler.queue_job :: MailChimp_WooCommerce_User_Submit queued :: obj_id 11360
2021-02-07T09:56:45+00:00 NOTICE action_scheduler.queue_job :: MailChimp_WooCommerce_Cart_Update queued :: obj_id 365789c29974cb07f9d70cfcf94ccf6b
2021-02-07T09:56:49+00:00 NOTICE member.sync :: Updated Member darienwong96@gmail.com ( merge fields only ) :: Array
(
    [merge_fields] => Array
        (
        )

)

2021-02-07T09:56:51+00:00 NOTICE abandoned_cart.success :: email: darienwong96@gmail.com :: checkout_url: https://warmwishesflorist.com/checkout/?mc_cart_id=365789c29974cb07f9d70cfcf94ccf6b
2021-02-07T10:40:10+00:00 NOTICE action_scheduler.queue_job :: MailChimp_WooCommerce_User_Submit queued :: obj_id 11360
2021-02-07T10:40:10+00:00 NOTICE action_scheduler.queue_job :: MailChimp_WooCommerce_Single_Order starts in 90 seconds :: obj_id 23303
2021-02-07T10:42:06+00:00 NOTICE debug :: Order ID 23303 was pending and is now processing :: Array
(
    [new_order] => 1
    [tracking] => Array
        (
            [campaign_id] => 
            [landing_site] => https://warmwishesflorist.com/
        )

)

2021-02-07T10:44:40+00:00 NOTICE member.sync :: Updated Member darienwong96@gmail.com ( merge fields only ) :: Array
(
    [merge_fields] => Array
        (
            [FNAME] => Darien
        )

)

2021-02-07T10:44:44+00:00 NOTICE order.member.updated :: Updated darienwong96@gmail.com subscriber status to subscribed and language to en
2021-02-07T10:44:44+00:00 NOTICE order_submit.success :: addStoreOrder :: #23303 :: email: darienwong96@gmail.com :: landing site https://warmwishesflorist.com/ :: abandoned cart deleted [365789c29974cb07f9d70cfcf94ccf6b]
2021-02-07T14:44:17+00:00 NOTICE action_scheduler.queue_job :: MailChimp_WooCommerce_Cart_Update queued :: obj_id ccd8317ba567b0bf6044e3c45c6e54c8
2021-02-07T14:44:18+00:00 NOTICE action_scheduler.queue_job :: MailChimp_WooCommerce_User_Submit queued :: obj_id 11361
2021-02-07T14:46:46+00:00 NOTICE member.sync :: Subscribed Member gsclinks@gmail.com :: Array
(
    [status_if_new] => 1
    [merge_fields] => Array
        (
        )

)

2021-02-07T14:46:47+00:00 NOTICE abandoned_cart.success :: email: gsclinks@gmail.com :: checkout_url: https://warmwishesflorist.com/checkout/?mc_cart_id=ccd8317ba567b0bf6044e3c45c6e54c8
2021-02-07T14:46:48+00:00 NOTICE cart.member.updated :: Updated gsclinks@gmail.com subscriber status to subscribed and language to en
2021-02-07T14:53:02+00:00 NOTICE action_scheduler.queue_job :: MailChimp_WooCommerce_Cart_Update queued :: obj_id ccd8317ba567b0bf6044e3c45c6e54c8
2021-02-07T14:55:06+00:00 NOTICE abandoned_cart.success :: email: gsclinks@gmail.com :: checkout_url: https://warmwishesflorist.com/checkout/?mc_cart_id=ccd8317ba567b0bf6044e3c45c6e54c8
2021-02-07T15:57:50+00:00 NOTICE action_scheduler.queue_job :: MailChimp_WooCommerce_Cart_Update queued :: obj_id 4124f8d828c6b999181dfc7672947a18
2021-02-07T15:59:00+00:00 NOTICE abandoned_cart.success :: email: heymah.chaloraju@gmail.com :: checkout_url: https://warmwishesflorist.com/checkout/?mc_cart_id=4124f8d828c6b999181dfc7672947a18
2021-02-07T15:59:01+00:00 NOTICE action_scheduler.queue_job :: MailChimp_WooCommerce_Cart_Update queued :: obj_id 4124f8d828c6b999181dfc7672947a18
2021-02-07T15:59:01+00:00 NOTICE cart.member.updated :: Updated heymah.chaloraju@gmail.com subscriber status to transactional and language to en
2021-02-07T15:59:02+00:00 NOTICE abandoned_cart.success :: email: heymah.chaloraju@gmail.com :: checkout_url: https://warmwishesflorist.com/checkout/?mc_cart_id=4124f8d828c6b999181dfc7672947a18
2021-02-07T15:59:07+00:00 NOTICE action_scheduler.queue_job :: MailChimp_WooCommerce_Cart_Update queued :: obj_id 4124f8d828c6b999181dfc7672947a18
2021-02-07T15:59:13+00:00 NOTICE abandoned_cart.success :: email: heymah.chaloraju@gmail.com :: checkout_url: https://warmwishesflorist.com/checkout/?mc_cart_id=4124f8d828c6b999181dfc7672947a18
2021-02-07T16:41:48+00:00 NOTICE action_scheduler.queue_job :: MailChimp_WooCommerce_Single_Product starts in 5 seconds :: obj_id 23210
2021-02-07T16:44:02+00:00 NOTICE product_submit.success :: updateStoreProduct :: #23210
2021-02-07T17:26:55+00:00 NOTICE action_scheduler.queue_job :: MailChimp_WooCommerce_User_Submit queued :: obj_id 11362
2021-02-07T17:28:09+00:00 NOTICE member.sync :: Subscribed Member valermaksim0@gmail.com :: Array
(
    [status_if_new] => 1
    [merge_fields] => Array
        (
        )

)

2021-02-07T18:11:40+00:00 NOTICE action_scheduler.queue_job :: MailChimp_WooCommerce_Cart_Update queued :: obj_id be69b946436153c2ff059626964e1b6f
2021-02-07T18:11:43+00:00 NOTICE action_scheduler.queue_job :: MailChimp_WooCommerce_Cart_Update queued :: obj_id fc1dd91d133939b43e05a3f175e68555
2021-02-07T18:11:45+00:00 ERROR abandoned_cart.error :: email: qhaishanatasha@gmail.con :: attempting product update :: Your request could not be processed.
2021-02-07T18:11:46+00:00 ERROR abandoned_cart.error :: Error Code 400 :: Your request could not be processed. on 1894 in /var/www/vhosts/warmwishesflorist.com/httpdocs/wp-content/plugins/mailchimp-for-woocommerce/includes/api/class-mailchimp-api.php
2021-02-07T18:11:47+00:00 NOTICE abandoned_cart.success :: email: qhaishanatasha@gmail.com :: checkout_url: https://warmwishesflorist.com/checkout/?mc_cart_id=fc1dd91d133939b43e05a3f175e68555
2021-02-07T18:11:47+00:00 NOTICE cart.member.updated :: Updated qhaishanatasha@gmail.com subscriber status to transactional and language to en
2021-02-07T19:18:50+00:00 NOTICE action_scheduler.queue_job :: MailChimp_WooCommerce_User_Submit queued :: obj_id 11364
2021-02-07T19:19:03+00:00 NOTICE member.sync :: Subscribed Member leoong.gcom@gmail.com :: Array
(
    [status_if_new] => 1
    [merge_fields] => Array
        (
        )

)

2021-02-07T19:19:25+00:00 NOTICE action_scheduler.queue_job :: MailChimp_WooCommerce_Cart_Update queued :: obj_id e993ec5d6845c11ec89ce59a02ce39f4
2021-02-07T19:31:05+00:00 NOTICE abandoned_cart.success :: email: leoong.gcom@gmail.com :: checkout_url: https://warmwishesflorist.com/checkout/?mc_cart_id=e993ec5d6845c11ec89ce59a02ce39f4
2021-02-07T19:31:05+00:00 NOTICE cart.member.updated :: Updated leoong.gcom@gmail.com subscriber status to subscribed and language to en
