2021-01-30T02:38:42+00:00 NOTICE action_scheduler.queue_job :: MailChimp_WooCommerce_Cart_Update queued :: obj_id 29a5e1ddf30bedbe9eb9975c62cffc65
2021-01-30T02:40:25+00:00 NOTICE abandoned_cart.success :: email: harrysg450@gmail.com :: checkout_url: https://warmwishesflorist.com/checkout/?mc_cart_id=29a5e1ddf30bedbe9eb9975c62cffc65
2021-01-30T02:40:26+00:00 NOTICE cart.member.updated :: Updated harrysg450@gmail.com subscriber status to transactional and language to en
2021-01-30T03:21:08+00:00 NOTICE action_scheduler.queue_job :: MailChimp_WooCommerce_User_Submit queued :: obj_id 11127
2021-01-30T03:23:32+00:00 NOTICE member.sync :: Please provide a valid email address.
2021-01-30T05:58:11+00:00 NOTICE action_scheduler.queue_job :: MailChimp_WooCommerce_Single_Product starts in 5 seconds :: obj_id 22866
2021-01-30T05:58:11+00:00 NOTICE action_scheduler.queue_job :: MailChimp_WooCommerce_Single_Product starts in 5 seconds :: obj_id 22584
2021-01-30T05:58:12+00:00 NOTICE action_scheduler.queue_job :: MailChimp_WooCommerce_Single_Product starts in 5 seconds :: obj_id 22526
2021-01-30T05:58:12+00:00 NOTICE action_scheduler.queue_job :: MailChimp_WooCommerce_Single_Product starts in 5 seconds :: obj_id 22525
2021-01-30T05:58:12+00:00 NOTICE action_scheduler.queue_job :: MailChimp_WooCommerce_Single_Product starts in 5 seconds :: obj_id 22474
2021-01-30T05:58:12+00:00 NOTICE action_scheduler.queue_job :: MailChimp_WooCommerce_Single_Product starts in 5 seconds :: obj_id 22467
2021-01-30T05:58:12+00:00 NOTICE action_scheduler.queue_job :: MailChimp_WooCommerce_Single_Product starts in 5 seconds :: obj_id 22304
2021-01-30T05:58:12+00:00 NOTICE action_scheduler.queue_job :: MailChimp_WooCommerce_Single_Product starts in 5 seconds :: obj_id 22270
2021-01-30T05:58:12+00:00 NOTICE action_scheduler.queue_job :: MailChimp_WooCommerce_Single_Product starts in 5 seconds :: obj_id 22245
2021-01-30T05:58:12+00:00 NOTICE action_scheduler.queue_job :: MailChimp_WooCommerce_Single_Product starts in 5 seconds :: obj_id 21867
2021-01-30T05:58:13+00:00 NOTICE action_scheduler.queue_job :: MailChimp_WooCommerce_Single_Product starts in 5 seconds :: obj_id 21198
2021-01-30T05:58:13+00:00 NOTICE action_scheduler.queue_job :: MailChimp_WooCommerce_Single_Product starts in 5 seconds :: obj_id 16016
2021-01-30T05:58:13+00:00 NOTICE action_scheduler.queue_job :: MailChimp_WooCommerce_Single_Product starts in 5 seconds :: obj_id 12246
2021-01-30T05:58:13+00:00 NOTICE action_scheduler.queue_job :: MailChimp_WooCommerce_Single_Product starts in 5 seconds :: obj_id 12227
2021-01-30T05:58:13+00:00 NOTICE action_scheduler.queue_job :: MailChimp_WooCommerce_Single_Product starts in 5 seconds :: obj_id 11519
2021-01-30T05:58:13+00:00 NOTICE action_scheduler.queue_job :: MailChimp_WooCommerce_Single_Product starts in 5 seconds :: obj_id 6492
2021-01-30T05:58:13+00:00 NOTICE action_scheduler.queue_job :: MailChimp_WooCommerce_Single_Product starts in 5 seconds :: obj_id 6137
2021-01-30T05:58:13+00:00 NOTICE action_scheduler.queue_job :: MailChimp_WooCommerce_Single_Product starts in 5 seconds :: obj_id 6133
2021-01-30T05:58:13+00:00 NOTICE action_scheduler.queue_job :: MailChimp_WooCommerce_Single_Product starts in 5 seconds :: obj_id 6129
2021-01-30T05:58:14+00:00 NOTICE action_scheduler.queue_job :: MailChimp_WooCommerce_Single_Product starts in 5 seconds :: obj_id 6093
2021-01-30T05:58:14+00:00 NOTICE action_scheduler.queue_job :: MailChimp_WooCommerce_Single_Product starts in 5 seconds :: obj_id 6124
2021-01-30T05:58:14+00:00 NOTICE action_scheduler.queue_job :: MailChimp_WooCommerce_Single_Product starts in 5 seconds :: obj_id 6091
2021-01-30T05:58:50+00:00 NOTICE product_submit.success :: updateStoreProduct :: #22866
2021-01-30T05:58:51+00:00 NOTICE product_submit.success :: updateStoreProduct :: #22584
2021-01-30T05:58:51+00:00 NOTICE product_submit.success :: updateStoreProduct :: #22526
2021-01-30T05:58:52+00:00 NOTICE product_submit.success :: updateStoreProduct :: #22304
2021-01-30T05:58:52+00:00 NOTICE product_submit.success :: updateStoreProduct :: #22525
2021-01-30T05:58:53+00:00 NOTICE product_submit.success :: updateStoreProduct :: #22474
2021-01-30T05:58:54+00:00 NOTICE product_submit.success :: updateStoreProduct :: #22467
2021-01-30T05:58:54+00:00 NOTICE product_submit.success :: updateStoreProduct :: #16016
2021-01-30T05:58:55+00:00 NOTICE product_submit.success :: updateStoreProduct :: #21198
2021-01-30T05:58:56+00:00 NOTICE product_submit.success :: updateStoreProduct :: #22245
2021-01-30T05:58:56+00:00 NOTICE product_submit.success :: updateStoreProduct :: #21867
2021-01-30T05:58:57+00:00 NOTICE product_submit.success :: updateStoreProduct :: #22270
2021-01-30T05:58:58+00:00 NOTICE product_submit.success :: updateStoreProduct :: #11519
2021-01-30T05:58:58+00:00 NOTICE product_submit.success :: updateStoreProduct :: #6124
2021-01-30T05:58:59+00:00 NOTICE product_submit.success :: updateStoreProduct :: #12246
2021-01-30T05:58:59+00:00 NOTICE product_submit.success :: updateStoreProduct :: #12227
2021-01-30T05:59:00+00:00 NOTICE product_submit.success :: updateStoreProduct :: #6093
2021-01-30T05:59:01+00:00 NOTICE product_submit.success :: updateStoreProduct :: #6129
2021-01-30T05:59:02+00:00 NOTICE product_submit.success :: updateStoreProduct :: #6133
2021-01-30T05:59:02+00:00 NOTICE product_submit.success :: updateStoreProduct :: #6137
2021-01-30T05:59:03+00:00 NOTICE product_submit.success :: updateStoreProduct :: #6492
2021-01-30T05:59:04+00:00 NOTICE product_submit.success :: updateStoreProduct :: #6091
2021-01-30T06:12:24+00:00 NOTICE action_scheduler.queue_job :: MailChimp_WooCommerce_Single_Product starts in 5 seconds :: obj_id 23015
2021-01-30T06:12:24+00:00 NOTICE action_scheduler.queue_job :: MailChimp_WooCommerce_Single_Product starts in 5 seconds :: obj_id 22750
2021-01-30T06:12:24+00:00 NOTICE action_scheduler.queue_job :: MailChimp_WooCommerce_Single_Product starts in 5 seconds :: obj_id 22745
2021-01-30T06:12:24+00:00 NOTICE action_scheduler.queue_job :: MailChimp_WooCommerce_Single_Product starts in 5 seconds :: obj_id 22742
2021-01-30T06:12:24+00:00 NOTICE action_scheduler.queue_job :: MailChimp_WooCommerce_Single_Product starts in 5 seconds :: obj_id 22740
2021-01-30T06:12:25+00:00 NOTICE action_scheduler.queue_job :: MailChimp_WooCommerce_Single_Product starts in 5 seconds :: obj_id 22736
2021-01-30T06:12:25+00:00 NOTICE action_scheduler.queue_job :: MailChimp_WooCommerce_Single_Product starts in 5 seconds :: obj_id 22735
2021-01-30T06:12:25+00:00 NOTICE action_scheduler.queue_job :: MailChimp_WooCommerce_Single_Product starts in 5 seconds :: obj_id 22734
2021-01-30T06:12:25+00:00 NOTICE action_scheduler.queue_job :: MailChimp_WooCommerce_Single_Product starts in 5 seconds :: obj_id 22710
2021-01-30T06:13:24+00:00 NOTICE product_submit.success :: updateStoreProduct :: #22745
2021-01-30T06:13:25+00:00 NOTICE product_submit.success :: updateStoreProduct :: #22734
2021-01-30T06:13:25+00:00 NOTICE product_submit.success :: updateStoreProduct :: #22710
2021-01-30T06:13:27+00:00 NOTICE product_submit.success :: updateStoreProduct :: #22742
2021-01-30T06:13:27+00:00 NOTICE product_submit.success :: updateStoreProduct :: #22740
2021-01-30T06:13:28+00:00 NOTICE product_submit.success :: updateStoreProduct :: #22736
2021-01-30T06:13:29+00:00 NOTICE product_submit.success :: updateStoreProduct :: #22735
2021-01-30T06:13:30+00:00 NOTICE product_submit.success :: updateStoreProduct :: #22750
2021-01-30T06:13:31+00:00 NOTICE product_submit.success :: updateStoreProduct :: #23015
2021-01-30T10:16:15+00:00 NOTICE action_scheduler.queue_job :: MailChimp_WooCommerce_User_Submit queued :: obj_id 11128
2021-01-30T10:31:04+00:00 NOTICE member.sync :: Subscribed Member yenchoo93@gmail.com :: Array
(
    [status_if_new] => 1
    [merge_fields] => Array
        (
        )

)

2021-01-30T11:13:39+00:00 NOTICE action_scheduler.queue_job :: MailChimp_WooCommerce_User_Submit queued :: obj_id 11128
2021-01-30T11:14:17+00:00 NOTICE member.sync :: Updated Member yenchoo93@gmail.com ( merge fields only ) :: Array
(
    [merge_fields] => Array
        (
        )

)

2021-01-30T11:26:18+00:00 NOTICE action_scheduler.queue_job :: MailChimp_WooCommerce_User_Submit queued :: obj_id 11128
2021-01-30T11:28:56+00:00 NOTICE member.sync :: Updated Member yenchoo93@gmail.com ( merge fields only ) :: Array
(
    [merge_fields] => Array
        (
        )

)

2021-01-30T14:48:20+00:00 NOTICE action_scheduler.queue_job :: MailChimp_WooCommerce_Cart_Update queued :: obj_id b6b33cf24d9da73c68068edd109556d3
2021-01-30T14:48:47+00:00 NOTICE abandoned_cart.success :: email: kahmun.hor@gmail.com :: checkout_url: https://warmwishesflorist.com/checkout/?mc_cart_id=b6b33cf24d9da73c68068edd109556d3
2021-01-30T14:48:47+00:00 NOTICE cart.member.updated :: Updated kahmun.hor@gmail.com subscriber status to transactional and language to en
2021-01-30T14:48:49+00:00 NOTICE action_scheduler.queue_job :: MailChimp_WooCommerce_Cart_Update queued :: obj_id b6b33cf24d9da73c68068edd109556d3
2021-01-30T14:48:56+00:00 NOTICE abandoned_cart.success :: email: kahmun.hor@gmail.com :: checkout_url: https://warmwishesflorist.com/checkout/?mc_cart_id=b6b33cf24d9da73c68068edd109556d3
2021-01-30T14:50:13+00:00 NOTICE action_scheduler.queue_job :: MailChimp_WooCommerce_Cart_Update queued :: obj_id b6b33cf24d9da73c68068edd109556d3
2021-01-30T14:50:15+00:00 NOTICE abandoned_cart.success :: email: kahmun.hor@gmail.com :: checkout_url: https://warmwishesflorist.com/checkout/?mc_cart_id=b6b33cf24d9da73c68068edd109556d3
2021-01-30T14:54:09+00:00 NOTICE action_scheduler.queue_job :: MailChimp_WooCommerce_Single_Order starts in 90 seconds :: obj_id 23209
2021-01-30T14:55:33+00:00 NOTICE debug :: Order ID 23209 was pending and is now processing :: Array
(
    [new_order] => 1
    [tracking] => Array
        (
            [campaign_id] => 
            [landing_site] => https://warmwishesflorist.com/?wc-api=WC_Molpay_Gateway
        )

)

2021-01-30T15:01:09+00:00 NOTICE order.member.updated :: Updated kahmun.hor@gmail.com subscriber status to transactional and language to en
2021-01-30T15:01:09+00:00 NOTICE order_submit.success :: addStoreOrder :: #23209 :: email: kahmun.hor@gmail.com :: landing site https://warmwishesflorist.com/ :: abandoned cart deleted [b6b33cf24d9da73c68068edd109556d3]
