2021-02-17T00:50:38+00:00 NOTICE action_scheduler.queue_job :: MailChimp_WooCommerce_User_Submit queued :: obj_id 9610
2021-02-17T00:52:51+00:00 NOTICE member.sync :: Updated Member shyennicky@hotmail.com ( merge fields only ) :: Array
(
    [merge_fields] => Array
        (
            [FNAME] => Shyen
            [LNAME] => Tan
        )

)

2021-02-17T00:55:11+00:00 NOTICE action_scheduler.queue_job :: MailChimp_WooCommerce_Cart_Update queued :: obj_id 93e0a40b00e49c0b9d8a738b79061823
2021-02-17T00:55:56+00:00 NOTICE abandoned_cart.success :: email: tgshyen@gmail.com :: checkout_url: https://warmwishesflorist.com/checkout/?mc_cart_id=93e0a40b00e49c0b9d8a738b79061823
2021-02-17T00:55:57+00:00 NOTICE cart.member.updated :: Updated tgshyen@gmail.com subscriber status to subscribed and language to en
2021-02-17T01:08:29+00:00 NOTICE action_scheduler.queue_job :: MailChimp_WooCommerce_User_Submit queued :: obj_id 11558
2021-02-17T01:08:30+00:00 NOTICE action_scheduler.queue_job :: MailChimp_WooCommerce_Single_Order starts in 90 seconds :: obj_id 23422
2021-02-17T01:11:08+00:00 NOTICE debug :: Order ID 23422 was pending and is now processing :: Array
(
    [new_order] => 1
    [tracking] => Array
        (
            [campaign_id] => 
            [landing_site] => https://warmwishesflorist.com/
        )

)

2021-02-17T01:13:05+00:00 NOTICE member.sync :: Updated Member rainythia0412@gmail.com ( merge fields only ) :: Array
(
    [merge_fields] => Array
        (
            [FNAME] => Vivian
            [LNAME] => Vivian
        )

)

2021-02-17T01:13:10+00:00 NOTICE order.member.updated :: Updated rainythia0412@gmail.com subscriber status to subscribed and language to en
2021-02-17T01:13:10+00:00 NOTICE order_submit.success :: addStoreOrder :: #23422 :: email: rainythia0412@gmail.com :: landing site https://warmwishesflorist.com/checkout/order-received/23365/?key=wc_order_qA4mO4Oo8Gyqg :: abandoned cart deleted [0a1415507103980bf81cc876ee6c1a0e]
2021-02-17T03:13:29+00:00 NOTICE action_scheduler.queue_job :: MailChimp_WooCommerce_Cart_Update queued :: obj_id 6c699eed497028a6c36afdd75bfa1878
2021-02-17T03:13:39+00:00 NOTICE action_scheduler.queue_job :: MailChimp_WooCommerce_User_Submit queued :: obj_id 11750
2021-02-17T03:13:43+00:00 NOTICE action_scheduler.queue_job :: MailChimp_WooCommerce_Cart_Update queued :: obj_id e1e713529edf03d48ddb08944e9ce909
2021-02-17T03:13:54+00:00 NOTICE abandoned_cart.success :: email: jane_ng1997@yummihouse.com.my :: checkout_url: https://warmwishesflorist.com/checkout/?mc_cart_id=6c699eed497028a6c36afdd75bfa1878
2021-02-17T03:13:55+00:00 NOTICE cart.member.updated :: Updated jane_ng1997@yummihouse.com.my subscriber status to transactional and language to en
2021-02-17T03:13:56+00:00 NOTICE member.sync :: Subscribed Member jane_ng1997@hotmail.com :: Array
(
    [status_if_new] => 1
    [merge_fields] => Array
        (
        )

)

2021-02-17T03:13:57+00:00 NOTICE abandoned_cart.success :: email: jane_ng1997@hotmail.com :: checkout_url: https://warmwishesflorist.com/checkout/?mc_cart_id=e1e713529edf03d48ddb08944e9ce909
2021-02-17T03:13:58+00:00 NOTICE cart.member.updated :: Updated jane_ng1997@hotmail.com subscriber status to subscribed and language to en
2021-02-17T03:17:50+00:00 NOTICE action_scheduler.queue_job :: MailChimp_WooCommerce_User_Submit queued :: obj_id 11750
2021-02-17T03:17:50+00:00 NOTICE action_scheduler.queue_job :: MailChimp_WooCommerce_Single_Order starts in 90 seconds :: obj_id 23423
2021-02-17T03:46:57+00:00 NOTICE member.sync :: Updated Member jane_ng1997@hotmail.com ( merge fields only ) :: Array
(
    [merge_fields] => Array
        (
            [FNAME] => Jane
            [LNAME] => Ng
        )

)

2021-02-17T03:46:58+00:00 NOTICE order_sumbit :: #23423 has a financial status of pending and was skipped.
2021-02-17T10:01:18+00:00 NOTICE action_scheduler.queue_job :: MailChimp_WooCommerce_User_Submit queued :: obj_id 10752
2021-02-17T10:03:17+00:00 NOTICE member.sync :: Updated Member dianetan0130@icloud.com ( merge fields only ) :: Array
(
    [merge_fields] => Array
        (
            [FNAME] => Diane
            [LNAME] => Tan
        )

)

2021-02-17T10:12:34+00:00 NOTICE action_scheduler.queue_job :: MailChimp_WooCommerce_Single_Product starts in 5 seconds :: obj_id 23354
2021-02-17T10:13:31+00:00 NOTICE product_submit.success :: updateStoreProduct :: #23354
2021-02-17T10:13:40+00:00 NOTICE action_scheduler.queue_job :: MailChimp_WooCommerce_Single_Product starts in 5 seconds :: obj_id 23354
2021-02-17T10:14:55+00:00 NOTICE product_submit.success :: updateStoreProduct :: #23354
2021-02-17T10:16:09+00:00 NOTICE action_scheduler.queue_job :: MailChimp_WooCommerce_Single_Product starts in 5 seconds :: obj_id 23337
2021-02-17T10:17:59+00:00 NOTICE product_submit.success :: updateStoreProduct :: #23337
2021-02-17T10:18:40+00:00 NOTICE action_scheduler.queue_job :: MailChimp_WooCommerce_Single_Product starts in 5 seconds :: obj_id 23318
2021-02-17T10:19:30+00:00 NOTICE product_submit.success :: updateStoreProduct :: #23318
2021-02-17T10:20:47+00:00 NOTICE action_scheduler.queue_job :: MailChimp_WooCommerce_Single_Product starts in 5 seconds :: obj_id 23314
2021-02-17T10:21:34+00:00 NOTICE product_submit.success :: updateStoreProduct :: #23314
2021-02-17T10:22:40+00:00 NOTICE action_scheduler.queue_job :: MailChimp_WooCommerce_Single_Product starts in 5 seconds :: obj_id 23291
2021-02-17T10:22:48+00:00 NOTICE product_submit.success :: updateStoreProduct :: #23291
2021-02-17T10:23:27+00:00 NOTICE action_scheduler.queue_job :: MailChimp_WooCommerce_Single_Product starts in 5 seconds :: obj_id 23291
2021-02-17T10:23:53+00:00 NOTICE product_submit.success :: updateStoreProduct :: #23291
2021-02-17T10:24:39+00:00 NOTICE action_scheduler.queue_job :: MailChimp_WooCommerce_Single_Product starts in 5 seconds :: obj_id 23288
2021-02-17T10:26:24+00:00 NOTICE product_submit.success :: updateStoreProduct :: #23288
2021-02-17T16:40:16+00:00 NOTICE action_scheduler.queue_job :: MailChimp_WooCommerce_Cart_Update queued :: obj_id ad817b6d14b2d7e70fccf3cad1bb117c
2021-02-17T16:40:21+00:00 NOTICE abandoned_cart.success :: email: nurulniza.charismaagency@gmail.com :: checkout_url: https://warmwishesflorist.com/checkout/?mc_cart_id=ad817b6d14b2d7e70fccf3cad1bb117c
2021-02-17T16:40:21+00:00 NOTICE cart.member.updated :: Updated nurulniza.charismaagency@gmail.com subscriber status to transactional and language to en
2021-02-17T17:34:24+00:00 NOTICE action_scheduler.queue_job :: MailChimp_WooCommerce_User_Submit queued :: obj_id 11751
2021-02-17T17:36:07+00:00 NOTICE action_scheduler.queue_job :: MailChimp_WooCommerce_User_Submit queued :: obj_id 11752
2021-02-17T17:39:18+00:00 NOTICE member.sync :: Subscribed Member pilarsantana21@yahoo.com :: Array
(
    [status_if_new] => 1
    [merge_fields] => Array
        (
        )

)

2021-02-17T17:39:19+00:00 NOTICE member.sync :: mgaska@mceco.com has signed up to a lot of lists very recently; we're not allowing more signups for now
2021-02-17T17:44:03+00:00 NOTICE action_scheduler.queue_job :: MailChimp_WooCommerce_User_Submit queued :: obj_id 11753
2021-02-17T17:45:41+00:00 NOTICE action_scheduler.queue_job :: MailChimp_WooCommerce_User_Submit queued :: obj_id 11754
2021-02-17T17:47:09+00:00 NOTICE action_scheduler.queue_job :: MailChimp_WooCommerce_User_Submit queued :: obj_id 11755
2021-02-17T17:48:40+00:00 NOTICE action_scheduler.queue_job :: MailChimp_WooCommerce_User_Submit queued :: obj_id 11756
2021-02-17T17:49:00+00:00 NOTICE action_scheduler.queue_job :: MailChimp_WooCommerce_User_Submit queued :: obj_id 11757
2021-02-17T17:49:02+00:00 NOTICE action_scheduler.queue_job :: MailChimp_WooCommerce_User_Submit queued :: obj_id 11758
2021-02-17T17:50:35+00:00 NOTICE action_scheduler.queue_job :: MailChimp_WooCommerce_User_Submit queued :: obj_id 11759
2021-02-17T17:51:47+00:00 NOTICE action_scheduler.queue_job :: MailChimp_WooCommerce_User_Submit queued :: obj_id 11760
2021-02-17T17:53:30+00:00 NOTICE member.sync :: dmathieu66@yahoo.com has signed up to a lot of lists very recently; we're not allowing more signups for now
2021-02-17T17:53:31+00:00 NOTICE member.sync :: 124standart@mail.ru has signed up to a lot of lists very recently; we're not allowing more signups for now
2021-02-17T17:53:33+00:00 NOTICE member.sync :: Updated Member dinkinsr404@gmail.com ( merge fields only ) :: Array
(
    [merge_fields] => Array
        (
        )

)

2021-02-17T17:53:34+00:00 NOTICE member.sync :: rayburn@comcast.net has signed up to a lot of lists very recently; we're not allowing more signups for now
2021-02-17T17:53:36+00:00 NOTICE member.sync :: Subscribed Member hfescina@gmail.com :: Array
(
    [status_if_new] => 1
    [merge_fields] => Array
        (
        )

)

2021-02-17T17:53:38+00:00 NOTICE member.sync :: Subscribed Member regsu@hotmail.com :: Array
(
    [status_if_new] => 1
    [merge_fields] => Array
        (
        )

)

2021-02-17T17:53:39+00:00 NOTICE member.sync :: alan.siege@sbmc.biz has signed up to a lot of lists very recently; we're not allowing more signups for now
2021-02-17T17:53:41+00:00 NOTICE member.sync :: Subscribed Member 3019834369@vzwpix.com :: Array
(
    [status_if_new] => 1
    [merge_fields] => Array
        (
        )

)

2021-02-17T17:54:09+00:00 NOTICE action_scheduler.queue_job :: MailChimp_WooCommerce_User_Submit queued :: obj_id 11761
2021-02-17T17:56:58+00:00 NOTICE action_scheduler.queue_job :: MailChimp_WooCommerce_User_Submit queued :: obj_id 11762
2021-02-17T17:57:03+00:00 NOTICE action_scheduler.queue_job :: MailChimp_WooCommerce_User_Submit queued :: obj_id 11763
2021-02-17T17:57:31+00:00 NOTICE action_scheduler.queue_job :: MailChimp_WooCommerce_User_Submit queued :: obj_id 11764
2021-02-17T17:59:33+00:00 NOTICE action_scheduler.queue_job :: MailChimp_WooCommerce_User_Submit queued :: obj_id 11765
2021-02-17T18:00:00+00:00 NOTICE action_scheduler.queue_job :: MailChimp_WooCommerce_User_Submit queued :: obj_id 11766
2021-02-17T18:01:08+00:00 NOTICE member.sync :: Subscribed Member jjlmay@yahoo.com :: Array
(
    [status_if_new] => 1
    [merge_fields] => Array
        (
        )

)

2021-02-17T18:01:09+00:00 NOTICE member.sync :: chkress@ep-schubinsky.de has signed up to a lot of lists very recently; we're not allowing more signups for now
2021-02-17T18:01:11+00:00 NOTICE member.sync :: Subscribed Member jstout1970@yahoo.com :: Array
(
    [status_if_new] => 1
    [merge_fields] => Array
        (
        )

)

2021-02-17T18:01:13+00:00 NOTICE member.sync :: Subscribed Member Das.bix@gmail.com :: Array
(
    [status_if_new] => 1
    [merge_fields] => Array
        (
        )

)

2021-02-17T18:01:14+00:00 NOTICE member.sync :: pub@alyon.org has signed up to a lot of lists very recently; we're not allowing more signups for now
2021-02-17T18:01:15+00:00 NOTICE member.sync :: service@percheinfo.com has signed up to a lot of lists very recently; we're not allowing more signups for now
2021-02-17T18:01:56+00:00 NOTICE action_scheduler.queue_job :: MailChimp_WooCommerce_User_Submit queued :: obj_id 11767
2021-02-17T18:04:08+00:00 NOTICE action_scheduler.queue_job :: MailChimp_WooCommerce_User_Submit queued :: obj_id 11768
2021-02-17T18:04:09+00:00 NOTICE action_scheduler.queue_job :: MailChimp_WooCommerce_User_Submit queued :: obj_id 11769
2021-02-17T18:04:58+00:00 NOTICE action_scheduler.queue_job :: MailChimp_WooCommerce_User_Submit queued :: obj_id 11770
2021-02-17T18:06:42+00:00 NOTICE action_scheduler.queue_job :: MailChimp_WooCommerce_User_Submit queued :: obj_id 11771
2021-02-17T18:07:49+00:00 NOTICE action_scheduler.queue_job :: MailChimp_WooCommerce_User_Submit queued :: obj_id 11772
2021-02-17T18:08:53+00:00 NOTICE action_scheduler.queue_job :: MailChimp_WooCommerce_User_Submit queued :: obj_id 11773
2021-02-17T18:11:27+00:00 NOTICE action_scheduler.queue_job :: MailChimp_WooCommerce_User_Submit queued :: obj_id 11774
2021-02-17T18:12:19+00:00 NOTICE action_scheduler.queue_job :: MailChimp_WooCommerce_User_Submit queued :: obj_id 11775
2021-02-17T18:13:11+00:00 NOTICE member.sync :: Subscribed Member hostutler2@gmail.com :: Array
(
    [status_if_new] => 1
    [merge_fields] => Array
        (
        )

)

2021-02-17T18:13:13+00:00 NOTICE member.sync :: Subscribed Member t.worrell@hotmail.com :: Array
(
    [status_if_new] => 1
    [merge_fields] => Array
        (
        )

)

2021-02-17T18:13:14+00:00 NOTICE member.sync :: amysimonsen24@hotmail.com has signed up to a lot of lists very recently; we're not allowing more signups for now
2021-02-17T18:13:16+00:00 NOTICE member.sync :: Subscribed Member suheily12@yahoo.com :: Array
(
    [status_if_new] => 1
    [merge_fields] => Array
        (
        )

)

2021-02-17T18:13:17+00:00 NOTICE member.sync :: Subscribed Member kkisty@gmail.com :: Array
(
    [status_if_new] => 1
    [merge_fields] => Array
        (
        )

)

2021-02-17T18:13:18+00:00 NOTICE member.sync :: dsimpson5107@att.net has signed up to a lot of lists very recently; we're not allowing more signups for now
2021-02-17T18:13:20+00:00 NOTICE member.sync :: Subscribed Member jglobb@suddenlink.net :: Array
(
    [status_if_new] => 1
    [merge_fields] => Array
        (
        )

)

2021-02-17T18:13:22+00:00 NOTICE member.sync :: Subscribed Member jleibold3655@att.net :: Array
(
    [status_if_new] => 1
    [merge_fields] => Array
        (
        )

)

2021-02-17T18:13:23+00:00 NOTICE member.sync :: djbaston512@gmail.com has signed up to a lot of lists very recently; we're not allowing more signups for now
2021-02-17T18:13:25+00:00 NOTICE action_scheduler.queue_job :: MailChimp_WooCommerce_User_Submit queued :: obj_id 11776
2021-02-17T18:13:30+00:00 NOTICE member.sync :: Subscribed Member drakunwata@yahoo.com :: Array
(
    [status_if_new] => 1
    [merge_fields] => Array
        (
        )

)

2021-02-17T18:14:05+00:00 NOTICE action_scheduler.queue_job :: MailChimp_WooCommerce_User_Submit queued :: obj_id 11777
2021-02-17T18:14:13+00:00 NOTICE action_scheduler.queue_job :: MailChimp_WooCommerce_User_Submit queued :: obj_id 11778
2021-02-17T18:14:30+00:00 NOTICE action_scheduler.queue_job :: MailChimp_WooCommerce_User_Submit queued :: obj_id 11779
2021-02-17T18:14:42+00:00 NOTICE action_scheduler.queue_job :: MailChimp_WooCommerce_User_Submit queued :: obj_id 11780
2021-02-17T18:16:16+00:00 NOTICE action_scheduler.queue_job :: MailChimp_WooCommerce_User_Submit queued :: obj_id 11781
2021-02-17T18:17:09+00:00 NOTICE action_scheduler.queue_job :: MailChimp_WooCommerce_User_Submit queued :: obj_id 11782
2021-02-17T18:19:46+00:00 NOTICE action_scheduler.queue_job :: MailChimp_WooCommerce_User_Submit queued :: obj_id 11783
2021-02-17T18:20:30+00:00 NOTICE member.sync :: bsvr-c2fcwans0@email.trackhs.com has signed up to a lot of lists very recently; we're not allowing more signups for now
2021-02-17T18:20:31+00:00 NOTICE member.sync :: dorota@zbigvision.com has signed up to a lot of lists very recently; we're not allowing more signups for now
2021-02-17T18:20:32+00:00 NOTICE member.sync :: Subscribed Member amazzeo@aircraftxray.com :: Array
(
    [status_if_new] => 1
    [merge_fields] => Array
        (
        )

)

2021-02-17T18:20:34+00:00 NOTICE member.sync :: Subscribed Member brunsgd@gmail.com :: Array
(
    [status_if_new] => 1
    [merge_fields] => Array
        (
        )

)

2021-02-17T18:20:35+00:00 NOTICE member.sync :: Subscribed Member richellebailey@baileyfitness.com.au :: Array
(
    [status_if_new] => 1
    [merge_fields] => Array
        (
        )

)

2021-02-17T18:20:37+00:00 NOTICE member.sync :: Subscribed Member 3019834369@vtext.com :: Array
(
    [status_if_new] => 1
    [merge_fields] => Array
        (
        )

)

2021-02-17T18:20:39+00:00 NOTICE member.sync :: Subscribed Member rhettdh@gmail.com :: Array
(
    [status_if_new] => 1
    [merge_fields] => Array
        (
        )

)

2021-02-17T18:21:06+00:00 NOTICE action_scheduler.queue_job :: MailChimp_WooCommerce_User_Submit queued :: obj_id 11784
2021-02-17T18:22:25+00:00 NOTICE action_scheduler.queue_job :: MailChimp_WooCommerce_User_Submit queued :: obj_id 11785
2021-02-17T18:24:23+00:00 NOTICE action_scheduler.queue_job :: MailChimp_WooCommerce_User_Submit queued :: obj_id 11786
2021-02-17T18:24:27+00:00 NOTICE action_scheduler.queue_job :: MailChimp_WooCommerce_User_Submit queued :: obj_id 11787
2021-02-17T18:26:20+00:00 NOTICE action_scheduler.queue_job :: MailChimp_WooCommerce_User_Submit queued :: obj_id 11788
2021-02-17T18:26:43+00:00 NOTICE action_scheduler.queue_job :: MailChimp_WooCommerce_User_Submit queued :: obj_id 11789
2021-02-17T18:28:08+00:00 NOTICE action_scheduler.queue_job :: MailChimp_WooCommerce_User_Submit queued :: obj_id 11790
2021-02-17T18:28:11+00:00 NOTICE action_scheduler.queue_job :: MailChimp_WooCommerce_User_Submit queued :: obj_id 11791
2021-02-17T18:29:03+00:00 NOTICE action_scheduler.queue_job :: MailChimp_WooCommerce_User_Submit queued :: obj_id 11792
2021-02-17T18:29:21+00:00 NOTICE action_scheduler.queue_job :: MailChimp_WooCommerce_User_Submit queued :: obj_id 11793
2021-02-17T18:32:24+00:00 NOTICE action_scheduler.queue_job :: MailChimp_WooCommerce_User_Submit queued :: obj_id 11794
2021-02-17T18:32:53+00:00 NOTICE action_scheduler.queue_job :: MailChimp_WooCommerce_User_Submit queued :: obj_id 11795
2021-02-17T18:34:49+00:00 NOTICE action_scheduler.queue_job :: MailChimp_WooCommerce_User_Submit queued :: obj_id 11796
2021-02-17T18:35:08+00:00 NOTICE action_scheduler.queue_job :: MailChimp_WooCommerce_User_Submit queued :: obj_id 11797
2021-02-17T18:36:01+00:00 NOTICE action_scheduler.queue_job :: MailChimp_WooCommerce_User_Submit queued :: obj_id 11798
2021-02-17T18:36:30+00:00 NOTICE action_scheduler.queue_job :: MailChimp_WooCommerce_User_Submit queued :: obj_id 11799
2021-02-17T18:36:41+00:00 NOTICE member.sync :: Subscribed Member mcgarryw94@gmail.com :: Array
(
    [status_if_new] => 1
    [merge_fields] => Array
        (
        )

)

2021-02-17T18:36:42+00:00 NOTICE member.sync :: Subscribed Member parts.lynnmarine@gmail.com :: Array
(
    [status_if_new] => 1
    [merge_fields] => Array
        (
        )

)

2021-02-17T18:36:43+00:00 NOTICE member.sync :: Subscribed Member bewright411@gmail.com :: Array
(
    [status_if_new] => 1
    [merge_fields] => Array
        (
        )

)

2021-02-17T18:36:45+00:00 NOTICE member.sync :: Subscribed Member naylor.tanya@gmail.com :: Array
(
    [status_if_new] => 1
    [merge_fields] => Array
        (
        )

)

2021-02-17T18:36:46+00:00 NOTICE member.sync :: paul.harris@hotmail.co.uk has signed up to a lot of lists very recently; we're not allowing more signups for now
2021-02-17T18:36:47+00:00 NOTICE member.sync :: tom_sandell@hotmail.com has signed up to a lot of lists very recently; we're not allowing more signups for now
2021-02-17T18:36:49+00:00 NOTICE member.sync :: Subscribed Member MELLEN1950@YAHOO.COM :: Array
(
    [status_if_new] => 1
    [merge_fields] => Array
        (
        )

)

2021-02-17T18:36:50+00:00 NOTICE member.sync :: Subscribed Member cnotemays@yahoo.com :: Array
(
    [status_if_new] => 1
    [merge_fields] => Array
        (
        )

)

2021-02-17T18:36:51+00:00 NOTICE member.sync :: raphaelseverinofilho@gmail.com has signed up to a lot of lists very recently; we're not allowing more signups for now
2021-02-17T18:36:52+00:00 NOTICE member.sync :: Subscribed Member pkennyburns@gmail.com :: Array
(
    [status_if_new] => 1
    [merge_fields] => Array
        (
        )

)

2021-02-17T18:36:53+00:00 NOTICE member.sync :: Subscribed Member skuziv1@comcast.net :: Array
(
    [status_if_new] => 1
    [merge_fields] => Array
        (
        )

)

2021-02-17T18:36:55+00:00 NOTICE member.sync :: lmbyrne@comcast.net has signed up to a lot of lists very recently; we're not allowing more signups for now
2021-02-17T18:36:56+00:00 NOTICE member.sync :: Subscribed Member rabacman1@gmail.com :: Array
(
    [status_if_new] => 1
    [merge_fields] => Array
        (
        )

)

2021-02-17T18:36:58+00:00 NOTICE member.sync :: Subscribed Member glaster4@aol.com :: Array
(
    [status_if_new] => 1
    [merge_fields] => Array
        (
        )

)

2021-02-17T18:36:59+00:00 NOTICE member.sync :: Subscribed Member ktower@midlandsclinic.com :: Array
(
    [status_if_new] => 1
    [merge_fields] => Array
        (
        )

)

2021-02-17T18:37:00+00:00 NOTICE member.sync :: courtneytrimbach@gmail.com has signed up to a lot of lists very recently; we're not allowing more signups for now
2021-02-17T18:38:15+00:00 NOTICE action_scheduler.queue_job :: MailChimp_WooCommerce_User_Submit queued :: obj_id 11800
2021-02-17T18:42:49+00:00 NOTICE member.sync :: Subscribed Member mflavors@yahoo.com :: Array
(
    [status_if_new] => 1
    [merge_fields] => Array
        (
        )

)

2021-02-17T18:43:50+00:00 NOTICE action_scheduler.queue_job :: MailChimp_WooCommerce_User_Submit queued :: obj_id 11801
2021-02-17T18:43:51+00:00 NOTICE action_scheduler.queue_job :: MailChimp_WooCommerce_User_Submit queued :: obj_id 11802
2021-02-17T18:44:48+00:00 NOTICE action_scheduler.queue_job :: MailChimp_WooCommerce_User_Submit queued :: obj_id 11803
2021-02-17T18:45:38+00:00 NOTICE action_scheduler.queue_job :: MailChimp_WooCommerce_User_Submit queued :: obj_id 11804
2021-02-17T18:45:41+00:00 NOTICE action_scheduler.queue_job :: MailChimp_WooCommerce_User_Submit queued :: obj_id 11805
2021-02-17T18:45:54+00:00 NOTICE action_scheduler.queue_job :: MailChimp_WooCommerce_User_Submit queued :: obj_id 11806
2021-02-17T18:49:59+00:00 NOTICE action_scheduler.queue_job :: MailChimp_WooCommerce_User_Submit queued :: obj_id 11807
2021-02-17T18:51:25+00:00 NOTICE action_scheduler.queue_job :: MailChimp_WooCommerce_User_Submit queued :: obj_id 11808
2021-02-17T18:54:02+00:00 NOTICE action_scheduler.queue_job :: MailChimp_WooCommerce_User_Submit queued :: obj_id 11809
2021-02-17T18:54:27+00:00 NOTICE action_scheduler.queue_job :: MailChimp_WooCommerce_User_Submit queued :: obj_id 11810
2021-02-17T18:57:38+00:00 NOTICE action_scheduler.queue_job :: MailChimp_WooCommerce_User_Submit queued :: obj_id 11811
2021-02-17T19:00:31+00:00 NOTICE action_scheduler.queue_job :: MailChimp_WooCommerce_User_Submit queued :: obj_id 11812
2021-02-17T19:04:41+00:00 NOTICE action_scheduler.queue_job :: MailChimp_WooCommerce_User_Submit queued :: obj_id 11813
2021-02-17T19:05:31+00:00 NOTICE action_scheduler.queue_job :: MailChimp_WooCommerce_User_Submit queued :: obj_id 11814
2021-02-17T19:07:18+00:00 NOTICE action_scheduler.queue_job :: MailChimp_WooCommerce_User_Submit queued :: obj_id 11815
2021-02-17T19:10:05+00:00 NOTICE action_scheduler.queue_job :: MailChimp_WooCommerce_User_Submit queued :: obj_id 11816
2021-02-17T19:11:11+00:00 NOTICE action_scheduler.queue_job :: MailChimp_WooCommerce_User_Submit queued :: obj_id 11817
2021-02-17T19:14:22+00:00 NOTICE action_scheduler.queue_job :: MailChimp_WooCommerce_User_Submit queued :: obj_id 11818
2021-02-17T19:15:16+00:00 NOTICE action_scheduler.queue_job :: MailChimp_WooCommerce_User_Submit queued :: obj_id 11819
2021-02-17T19:17:58+00:00 NOTICE action_scheduler.queue_job :: MailChimp_WooCommerce_User_Submit queued :: obj_id 11820
2021-02-17T19:21:03+00:00 NOTICE action_scheduler.queue_job :: MailChimp_WooCommerce_User_Submit queued :: obj_id 11821
2021-02-17T19:22:53+00:00 NOTICE action_scheduler.queue_job :: MailChimp_WooCommerce_User_Submit queued :: obj_id 11822
2021-02-17T19:23:34+00:00 NOTICE action_scheduler.queue_job :: MailChimp_WooCommerce_User_Submit queued :: obj_id 11823
2021-02-17T19:28:25+00:00 NOTICE action_scheduler.queue_job :: MailChimp_WooCommerce_User_Submit queued :: obj_id 11824
2021-02-17T19:29:42+00:00 NOTICE action_scheduler.queue_job :: MailChimp_WooCommerce_User_Submit queued :: obj_id 11825
2021-02-17T19:29:50+00:00 NOTICE action_scheduler.queue_job :: MailChimp_WooCommerce_User_Submit queued :: obj_id 11826
2021-02-17T19:30:18+00:00 NOTICE action_scheduler.queue_job :: MailChimp_WooCommerce_User_Submit queued :: obj_id 11827
2021-02-17T19:30:40+00:00 NOTICE action_scheduler.queue_job :: MailChimp_WooCommerce_User_Submit queued :: obj_id 11828
2021-02-17T19:31:05+00:00 NOTICE member.sync :: Subscribed Member rose5912@gmail.com :: Array
(
    [status_if_new] => 1
    [merge_fields] => Array
        (
        )

)

2021-02-17T19:31:07+00:00 NOTICE member.sync :: Subscribed Member we5skihard@aol.com :: Array
(
    [status_if_new] => 1
    [merge_fields] => Array
        (
        )

)

2021-02-17T19:31:08+00:00 NOTICE member.sync :: Subscribed Member monica.murray2009@gmail.com :: Array
(
    [status_if_new] => 1
    [merge_fields] => Array
        (
        )

)

2021-02-17T19:31:09+00:00 NOTICE member.sync :: rikanprodigy@gmail.com has signed up to a lot of lists very recently; we're not allowing more signups for now
2021-02-17T19:31:11+00:00 NOTICE member.sync :: derio@list.ru has signed up to a lot of lists very recently; we're not allowing more signups for now
2021-02-17T19:31:12+00:00 NOTICE member.sync :: contact@percheinfo.com has signed up to a lot of lists very recently; we're not allowing more signups for now
2021-02-17T19:31:13+00:00 NOTICE member.sync :: Subscribed Member ashleyxolane@gmail.com :: Array
(
    [status_if_new] => 1
    [merge_fields] => Array
        (
        )

)

2021-02-17T19:31:15+00:00 NOTICE member.sync :: Subscribed Member tiggerfreak31090@yahoo.com :: Array
(
    [status_if_new] => 1
    [merge_fields] => Array
        (
        )

)

2021-02-17T19:31:16+00:00 NOTICE member.sync :: Subscribed Member simsfam@bellsouth.net :: Array
(
    [status_if_new] => 1
    [merge_fields] => Array
        (
        )

)

2021-02-17T19:31:18+00:00 NOTICE member.sync :: Subscribed Member j_matthew_chavez@yahoo.com :: Array
(
    [status_if_new] => 1
    [merge_fields] => Array
        (
        )

)

2021-02-17T19:31:20+00:00 NOTICE member.sync :: Subscribed Member dauntemagee@yahoo.com :: Array
(
    [status_if_new] => 1
    [merge_fields] => Array
        (
        )

)

2021-02-17T19:31:21+00:00 NOTICE member.sync :: angierichmond@alliancecom.net has signed up to a lot of lists very recently; we're not allowing more signups for now
2021-02-17T19:32:15+00:00 NOTICE action_scheduler.queue_job :: MailChimp_WooCommerce_User_Submit queued :: obj_id 11829
2021-02-17T19:35:43+00:00 NOTICE action_scheduler.queue_job :: MailChimp_WooCommerce_User_Submit queued :: obj_id 11830
2021-02-17T19:37:29+00:00 NOTICE action_scheduler.queue_job :: MailChimp_WooCommerce_User_Submit queued :: obj_id 11831
2021-02-17T19:37:37+00:00 NOTICE action_scheduler.queue_job :: MailChimp_WooCommerce_User_Submit queued :: obj_id 11832
2021-02-17T19:38:07+00:00 NOTICE action_scheduler.queue_job :: MailChimp_WooCommerce_User_Submit queued :: obj_id 11833
2021-02-17T19:38:19+00:00 NOTICE action_scheduler.queue_job :: MailChimp_WooCommerce_User_Submit queued :: obj_id 11834
2021-02-17T19:42:35+00:00 NOTICE action_scheduler.queue_job :: MailChimp_WooCommerce_User_Submit queued :: obj_id 11835
2021-02-17T19:43:31+00:00 NOTICE action_scheduler.queue_job :: MailChimp_WooCommerce_User_Submit queued :: obj_id 11836
2021-02-17T19:45:29+00:00 NOTICE action_scheduler.queue_job :: MailChimp_WooCommerce_User_Submit queued :: obj_id 11837
2021-02-17T19:45:33+00:00 NOTICE action_scheduler.queue_job :: MailChimp_WooCommerce_User_Submit queued :: obj_id 11838
2021-02-17T19:46:12+00:00 NOTICE action_scheduler.queue_job :: MailChimp_WooCommerce_User_Submit queued :: obj_id 11839
2021-02-17T19:46:24+00:00 NOTICE action_scheduler.queue_job :: MailChimp_WooCommerce_User_Submit queued :: obj_id 11840
2021-02-17T19:50:44+00:00 NOTICE action_scheduler.queue_job :: MailChimp_WooCommerce_User_Submit queued :: obj_id 11841
2021-02-17T19:53:54+00:00 NOTICE action_scheduler.queue_job :: MailChimp_WooCommerce_User_Submit queued :: obj_id 11842
2021-02-17T19:57:11+00:00 NOTICE action_scheduler.queue_job :: MailChimp_WooCommerce_User_Submit queued :: obj_id 11843
2021-02-17T19:58:29+00:00 NOTICE action_scheduler.queue_job :: MailChimp_WooCommerce_User_Submit queued :: obj_id 11844
2021-02-17T19:58:37+00:00 NOTICE action_scheduler.queue_job :: MailChimp_WooCommerce_User_Submit queued :: obj_id 11845
2021-02-17T19:58:59+00:00 NOTICE action_scheduler.queue_job :: MailChimp_WooCommerce_User_Submit queued :: obj_id 11846
2021-02-17T20:01:08+00:00 NOTICE member.sync :: iron@htc.net has signed up to a lot of lists very recently; we're not allowing more signups for now
2021-02-17T20:01:09+00:00 NOTICE member.sync :: Subscribed Member tabp915@gmail.com :: Array
(
    [status_if_new] => 1
    [merge_fields] => Array
        (
        )

)

2021-02-17T20:01:11+00:00 NOTICE member.sync :: Subscribed Member mjdjtriplet@aol.com :: Array
(
    [status_if_new] => 1
    [merge_fields] => Array
        (
        )

)

2021-02-17T20:01:12+00:00 NOTICE member.sync :: Subscribed Member sgillam79@yahoo.com :: Array
(
    [status_if_new] => 1
    [merge_fields] => Array
        (
        )

)

2021-02-17T20:01:13+00:00 NOTICE member.sync :: Subscribed Member sedens1313@gmail.com :: Array
(
    [status_if_new] => 1
    [merge_fields] => Array
        (
        )

)

2021-02-17T20:01:15+00:00 NOTICE member.sync :: Subscribed Member awnelson@uwalumni.com :: Array
(
    [status_if_new] => 1
    [merge_fields] => Array
        (
        )

)

2021-02-17T20:01:17+00:00 NOTICE member.sync :: Subscribed Member karen.kittrellsupply@yahoo.com :: Array
(
    [status_if_new] => 1
    [merge_fields] => Array
        (
        )

)

2021-02-17T20:01:18+00:00 NOTICE member.sync :: Subscribed Member tomminer06@comcast.net :: Array
(
    [status_if_new] => 1
    [merge_fields] => Array
        (
        )

)

2021-02-17T20:01:20+00:00 NOTICE member.sync :: Subscribed Member yamilet_leon@yahoo.com :: Array
(
    [status_if_new] => 1
    [merge_fields] => Array
        (
        )

)

2021-02-17T20:01:21+00:00 NOTICE member.sync :: Subscribed Member JOMO713@AOL.COM :: Array
(
    [status_if_new] => 1
    [merge_fields] => Array
        (
        )

)

2021-02-17T20:01:23+00:00 NOTICE member.sync :: Subscribed Member warner170@comcast.net :: Array
(
    [status_if_new] => 1
    [merge_fields] => Array
        (
        )

)

2021-02-17T20:01:24+00:00 NOTICE member.sync :: Subscribed Member M2112MS@AOL.COM :: Array
(
    [status_if_new] => 1
    [merge_fields] => Array
        (
        )

)

2021-02-17T20:01:25+00:00 NOTICE member.sync :: Subscribed Member skdumpala@gmail.com :: Array
(
    [status_if_new] => 1
    [merge_fields] => Array
        (
        )

)

2021-02-17T20:01:28+00:00 NOTICE member.sync :: Subscribed Member nikkiwilliamsdavey@gmail.com :: Array
(
    [status_if_new] => 1
    [merge_fields] => Array
        (
        )

)

2021-02-17T20:01:30+00:00 NOTICE member.sync :: Subscribed Member arm827@me.com :: Array
(
    [status_if_new] => 1
    [merge_fields] => Array
        (
        )

)

2021-02-17T20:05:11+00:00 NOTICE action_scheduler.queue_job :: MailChimp_WooCommerce_User_Submit queued :: obj_id 11847
2021-02-17T20:05:54+00:00 NOTICE action_scheduler.queue_job :: MailChimp_WooCommerce_User_Submit queued :: obj_id 11848
2021-02-17T20:07:29+00:00 NOTICE action_scheduler.queue_job :: MailChimp_WooCommerce_User_Submit queued :: obj_id 11849
2021-02-17T20:14:55+00:00 NOTICE action_scheduler.queue_job :: MailChimp_WooCommerce_User_Submit queued :: obj_id 11850
2021-02-17T20:16:41+00:00 NOTICE action_scheduler.queue_job :: MailChimp_WooCommerce_User_Submit queued :: obj_id 11851
2021-02-17T20:18:16+00:00 NOTICE action_scheduler.queue_job :: MailChimp_WooCommerce_User_Submit queued :: obj_id 11852
2021-02-17T20:20:25+00:00 NOTICE action_scheduler.queue_job :: MailChimp_WooCommerce_User_Submit queued :: obj_id 11853
2021-02-17T20:21:12+00:00 NOTICE action_scheduler.queue_job :: MailChimp_WooCommerce_User_Submit queued :: obj_id 11854
2021-02-17T20:23:28+00:00 NOTICE action_scheduler.queue_job :: MailChimp_WooCommerce_User_Submit queued :: obj_id 11855
2021-02-17T20:23:34+00:00 NOTICE action_scheduler.queue_job :: MailChimp_WooCommerce_User_Submit queued :: obj_id 11856
2021-02-17T20:23:38+00:00 NOTICE action_scheduler.queue_job :: MailChimp_WooCommerce_User_Submit queued :: obj_id 11857
2021-02-17T20:28:08+00:00 NOTICE action_scheduler.queue_job :: MailChimp_WooCommerce_User_Submit queued :: obj_id 11858
2021-02-17T20:29:54+00:00 NOTICE action_scheduler.queue_job :: MailChimp_WooCommerce_User_Submit queued :: obj_id 11859
2021-02-17T20:30:27+00:00 NOTICE action_scheduler.queue_job :: MailChimp_WooCommerce_User_Submit queued :: obj_id 11860
2021-02-17T20:30:42+00:00 NOTICE action_scheduler.queue_job :: MailChimp_WooCommerce_User_Submit queued :: obj_id 11861
2021-02-17T20:31:06+00:00 NOTICE member.sync :: dslb007@hotmail.com has signed up to a lot of lists very recently; we're not allowing more signups for now
2021-02-17T20:31:08+00:00 NOTICE member.sync :: Subscribed Member heather.williams10@yahoo.com :: Array
(
    [status_if_new] => 1
    [merge_fields] => Array
        (
        )

)

2021-02-17T20:31:09+00:00 NOTICE member.sync :: Subscribed Member janet.adi100@gmail.com :: Array
(
    [status_if_new] => 1
    [merge_fields] => Array
        (
        )

)

2021-02-17T20:31:11+00:00 NOTICE member.sync :: Subscribed Member calljohn@ameritech.net :: Array
(
    [status_if_new] => 1
    [merge_fields] => Array
        (
        )

)

2021-02-17T20:31:13+00:00 NOTICE member.sync :: Subscribed Member info@byasseemusiconline.com :: Array
(
    [status_if_new] => 1
    [merge_fields] => Array
        (
        )

)

2021-02-17T20:31:14+00:00 NOTICE member.sync :: Subscribed Member krystal.c@heatwavedrumcorps.org :: Array
(
    [status_if_new] => 1
    [merge_fields] => Array
        (
        )

)

2021-02-17T20:31:25+00:00 NOTICE member.sync :: Subscribed Member redshadysilvia@yahoo.com :: Array
(
    [status_if_new] => 1
    [merge_fields] => Array
        (
        )

)

2021-02-17T20:31:26+00:00 NOTICE member.sync :: cockbob609@gmail.com has signed up to a lot of lists very recently; we're not allowing more signups for now
2021-02-17T20:31:27+00:00 NOTICE member.sync :: Subscribed Member sue.collins825@gmail.com :: Array
(
    [status_if_new] => 1
    [merge_fields] => Array
        (
        )

)

2021-02-17T20:32:09+00:00 NOTICE action_scheduler.queue_job :: MailChimp_WooCommerce_User_Submit queued :: obj_id 11862
2021-02-17T20:33:47+00:00 NOTICE action_scheduler.queue_job :: MailChimp_WooCommerce_User_Submit queued :: obj_id 11863
2021-02-17T20:34:51+00:00 NOTICE action_scheduler.queue_job :: MailChimp_WooCommerce_User_Submit queued :: obj_id 11864
2021-02-17T20:35:15+00:00 NOTICE action_scheduler.queue_job :: MailChimp_WooCommerce_User_Submit queued :: obj_id 11865
2021-02-17T20:39:13+00:00 NOTICE action_scheduler.queue_job :: MailChimp_WooCommerce_User_Submit queued :: obj_id 11866
2021-02-17T20:39:29+00:00 NOTICE action_scheduler.queue_job :: MailChimp_WooCommerce_User_Submit queued :: obj_id 11867
2021-02-17T20:39:43+00:00 NOTICE action_scheduler.queue_job :: MailChimp_WooCommerce_User_Submit queued :: obj_id 11868
2021-02-17T20:39:50+00:00 NOTICE action_scheduler.queue_job :: MailChimp_WooCommerce_User_Submit queued :: obj_id 11869
2021-02-17T20:39:51+00:00 NOTICE action_scheduler.queue_job :: MailChimp_WooCommerce_User_Submit queued :: obj_id 11870
2021-02-17T20:41:56+00:00 NOTICE action_scheduler.queue_job :: MailChimp_WooCommerce_User_Submit queued :: obj_id 11871
2021-02-17T20:47:26+00:00 NOTICE action_scheduler.queue_job :: MailChimp_WooCommerce_User_Submit queued :: obj_id 11872
2021-02-17T20:48:28+00:00 NOTICE action_scheduler.queue_job :: MailChimp_WooCommerce_User_Submit queued :: obj_id 11873
2021-02-17T20:49:18+00:00 NOTICE action_scheduler.queue_job :: MailChimp_WooCommerce_User_Submit queued :: obj_id 11874
2021-02-17T20:56:21+00:00 NOTICE action_scheduler.queue_job :: MailChimp_WooCommerce_User_Submit queued :: obj_id 11875
2021-02-17T20:57:34+00:00 NOTICE action_scheduler.queue_job :: MailChimp_WooCommerce_User_Submit queued :: obj_id 11876
2021-02-17T20:59:58+00:00 NOTICE action_scheduler.queue_job :: MailChimp_WooCommerce_User_Submit queued :: obj_id 11877
2021-02-17T21:00:23+00:00 NOTICE action_scheduler.queue_job :: MailChimp_WooCommerce_User_Submit queued :: obj_id 11878
2021-02-17T21:01:06+00:00 NOTICE member.sync :: Subscribed Member terriroberts@frontier.com :: Array
(
    [status_if_new] => 1
    [merge_fields] => Array
        (
        )

)

2021-02-17T21:01:08+00:00 NOTICE member.sync :: Subscribed Member sphistorian@comcast.net :: Array
(
    [status_if_new] => 1
    [merge_fields] => Array
        (
        )

)

2021-02-17T21:01:09+00:00 NOTICE member.sync :: Subscribed Member PATLEON909@GMAIL.COM :: Array
(
    [status_if_new] => 1
    [merge_fields] => Array
        (
        )

)

2021-02-17T21:01:11+00:00 NOTICE member.sync :: Subscribed Member bkralicek@hirenelson.com :: Array
(
    [status_if_new] => 1
    [merge_fields] => Array
        (
        )

)

2021-02-17T21:01:13+00:00 NOTICE member.sync :: Subscribed Member Magoo4541@gmail.com :: Array
(
    [status_if_new] => 1
    [merge_fields] => Array
        (
        )

)

2021-02-17T21:01:14+00:00 NOTICE member.sync :: Subscribed Member rrexroad7780@aol.com :: Array
(
    [status_if_new] => 1
    [merge_fields] => Array
        (
        )

)

2021-02-17T21:01:16+00:00 NOTICE member.sync :: Subscribed Member mjmiers2002@yahoo.com :: Array
(
    [status_if_new] => 1
    [merge_fields] => Array
        (
        )

)

2021-02-17T21:01:17+00:00 NOTICE member.sync :: Subscribed Member adg374@gmail.com :: Array
(
    [status_if_new] => 1
    [merge_fields] => Array
        (
        )

)

2021-02-17T21:01:19+00:00 NOTICE member.sync :: Subscribed Member quiana_cope@hotmail.com :: Array
(
    [status_if_new] => 1
    [merge_fields] => Array
        (
        )

)

2021-02-17T21:01:20+00:00 NOTICE member.sync :: Subscribed Member jessica.rice@bellsouth.net :: Array
(
    [status_if_new] => 1
    [merge_fields] => Array
        (
        )

)

2021-02-17T21:01:22+00:00 NOTICE member.sync :: Subscribed Member jhs.solomon@gmail.com :: Array
(
    [status_if_new] => 1
    [merge_fields] => Array
        (
        )

)

2021-02-17T21:01:25+00:00 NOTICE member.sync :: Subscribed Member MRCRUM2U@AOL.COM :: Array
(
    [status_if_new] => 1
    [merge_fields] => Array
        (
        )

)

2021-02-17T21:01:26+00:00 NOTICE member.sync :: Subscribed Member nhancbui@netscape.net :: Array
(
    [status_if_new] => 1
    [merge_fields] => Array
        (
        )

)

2021-02-17T21:01:27+00:00 NOTICE member.sync :: Subscribed Member gabrielwengfom@hotmail.com :: Array
(
    [status_if_new] => 1
    [merge_fields] => Array
        (
        )

)

2021-02-17T21:01:29+00:00 NOTICE member.sync :: Subscribed Member phillipbarnes01@bigpond.com :: Array
(
    [status_if_new] => 1
    [merge_fields] => Array
        (
        )

)

2021-02-17T21:02:06+00:00 NOTICE action_scheduler.queue_job :: MailChimp_WooCommerce_User_Submit queued :: obj_id 11879
2021-02-17T21:04:40+00:00 NOTICE action_scheduler.queue_job :: MailChimp_WooCommerce_User_Submit queued :: obj_id 11880
2021-02-17T21:08:04+00:00 NOTICE action_scheduler.queue_job :: MailChimp_WooCommerce_User_Submit queued :: obj_id 11881
2021-02-17T21:14:16+00:00 NOTICE action_scheduler.queue_job :: MailChimp_WooCommerce_User_Submit queued :: obj_id 11882
2021-02-17T21:21:39+00:00 NOTICE action_scheduler.queue_job :: MailChimp_WooCommerce_User_Submit queued :: obj_id 11883
2021-02-17T21:23:50+00:00 NOTICE action_scheduler.queue_job :: MailChimp_WooCommerce_User_Submit queued :: obj_id 11884
2021-02-17T21:24:00+00:00 NOTICE action_scheduler.queue_job :: MailChimp_WooCommerce_User_Submit queued :: obj_id 11885
2021-02-17T21:24:24+00:00 NOTICE action_scheduler.queue_job :: MailChimp_WooCommerce_User_Submit queued :: obj_id 11886
2021-02-17T21:28:57+00:00 NOTICE member.sync :: Subscribed Member slangan@hotmail.com :: Array
(
    [status_if_new] => 1
    [merge_fields] => Array
        (
        )

)

2021-02-17T21:28:58+00:00 NOTICE member.sync :: Subscribed Member arik@770florida.com :: Array
(
    [status_if_new] => 1
    [merge_fields] => Array
        (
        )

)

2021-02-17T21:28:59+00:00 NOTICE member.sync :: Subscribed Member shall3790@gmail.com :: Array
(
    [status_if_new] => 1
    [merge_fields] => Array
        (
        )

)

2021-02-17T21:29:00+00:00 NOTICE action_scheduler.queue_job :: MailChimp_WooCommerce_User_Submit queued :: obj_id 11887
2021-02-17T21:29:01+00:00 NOTICE member.sync :: Subscribed Member rcwoo@comcast.net :: Array
(
    [status_if_new] => 1
    [merge_fields] => Array
        (
        )

)

2021-02-17T21:29:02+00:00 NOTICE member.sync :: Subscribed Member wb4knf@aol.com :: Array
(
    [status_if_new] => 1
    [merge_fields] => Array
        (
        )

)

2021-02-17T21:29:04+00:00 NOTICE member.sync :: Subscribed Member sgelston@gmail.com :: Array
(
    [status_if_new] => 1
    [merge_fields] => Array
        (
        )

)

2021-02-17T21:29:05+00:00 NOTICE member.sync :: Subscribed Member michelle71375@gmail.com :: Array
(
    [status_if_new] => 1
    [merge_fields] => Array
        (
        )

)

2021-02-17T21:29:07+00:00 NOTICE member.sync :: Subscribed Member rastasflea@hotmail.com :: Array
(
    [status_if_new] => 1
    [merge_fields] => Array
        (
        )

)

2021-02-17T21:29:08+00:00 NOTICE member.sync :: Subscribed Member golfntrap@msn.com :: Array
(
    [status_if_new] => 1
    [merge_fields] => Array
        (
        )

)

2021-02-17T21:29:10+00:00 NOTICE member.sync :: Subscribed Member sookie702@cox.net :: Array
(
    [status_if_new] => 1
    [merge_fields] => Array
        (
        )

)

2021-02-17T21:29:11+00:00 NOTICE member.sync :: Subscribed Member ch7043@att.net :: Array
(
    [status_if_new] => 1
    [merge_fields] => Array
        (
        )

)

2021-02-17T21:29:12+00:00 NOTICE member.sync :: Subscribed Member rander6000@gmail.com :: Array
(
    [status_if_new] => 1
    [merge_fields] => Array
        (
        )

)

2021-02-17T21:29:14+00:00 NOTICE member.sync :: Subscribed Member mlenderman@outlook.com :: Array
(
    [status_if_new] => 1
    [merge_fields] => Array
        (
        )

)

2021-02-17T21:29:15+00:00 NOTICE member.sync :: Subscribed Member barbsfineart@hotmail.com :: Array
(
    [status_if_new] => 1
    [merge_fields] => Array
        (
        )

)

2021-02-17T21:29:16+00:00 NOTICE member.sync :: Subscribed Member lilkaymay3@aol.com :: Array
(
    [status_if_new] => 1
    [merge_fields] => Array
        (
        )

)

2021-02-17T21:29:18+00:00 NOTICE member.sync :: Subscribed Member pletchm_59@yahoo.com :: Array
(
    [status_if_new] => 1
    [merge_fields] => Array
        (
        )

)

2021-02-17T21:29:19+00:00 NOTICE member.sync :: Subscribed Member FLYNNGC@GMAIL.COM :: Array
(
    [status_if_new] => 1
    [merge_fields] => Array
        (
        )

)

2021-02-17T21:29:20+00:00 NOTICE member.sync :: Subscribed Member cdscontractors@verizon.net :: Array
(
    [status_if_new] => 1
    [merge_fields] => Array
        (
        )

)

2021-02-17T21:29:28+00:00 NOTICE member.sync :: Subscribed Member gomeraj@hotmail.com :: Array
(
    [status_if_new] => 1
    [merge_fields] => Array
        (
        )

)

2021-02-17T21:29:29+00:00 NOTICE member.sync :: Subscribed Member nluckett89@gmail.com :: Array
(
    [status_if_new] => 1
    [merge_fields] => Array
        (
        )

)

2021-02-17T21:29:31+00:00 NOTICE member.sync :: Subscribed Member fabiola_meo@yahoo.com.br :: Array
(
    [status_if_new] => 1
    [merge_fields] => Array
        (
        )

)

2021-02-17T21:29:32+00:00 NOTICE member.sync :: Subscribed Member pharmd125@yahoo.com :: Array
(
    [status_if_new] => 1
    [merge_fields] => Array
        (
        )

)

2021-02-17T21:29:33+00:00 NOTICE member.sync :: Subscribed Member tgerrard@hotmail.com :: Array
(
    [status_if_new] => 1
    [merge_fields] => Array
        (
        )

)

2021-02-17T21:29:34+00:00 NOTICE member.sync :: joshua.d.larkin@gmail.com has signed up to a lot of lists very recently; we're not allowing more signups for now
2021-02-17T21:29:35+00:00 NOTICE member.sync :: Subscribed Member matt.houston@juno.com :: Array
(
    [status_if_new] => 1
    [merge_fields] => Array
        (
        )

)

2021-02-17T21:29:37+00:00 NOTICE member.sync :: Subscribed Member senoritasmith89@gmail.com :: Array
(
    [status_if_new] => 1
    [merge_fields] => Array
        (
        )

)

2021-02-17T21:29:38+00:00 NOTICE member.sync :: Subscribed Member jhearn417@verizon.net :: Array
(
    [status_if_new] => 1
    [merge_fields] => Array
        (
        )

)

2021-02-17T21:29:39+00:00 NOTICE member.sync :: Subscribed Member jennandkyle@hotmail.com :: Array
(
    [status_if_new] => 1
    [merge_fields] => Array
        (
        )

)

2021-02-17T21:29:41+00:00 NOTICE member.sync :: Subscribed Member jnj13@aol.com :: Array
(
    [status_if_new] => 1
    [merge_fields] => Array
        (
        )

)

2021-02-17T21:29:42+00:00 NOTICE member.sync :: Subscribed Member sbaurkot@aol.com :: Array
(
    [status_if_new] => 1
    [merge_fields] => Array
        (
        )

)

2021-02-17T21:29:43+00:00 NOTICE member.sync :: Subscribed Member jennkrulikowski@comcast.net :: Array
(
    [status_if_new] => 1
    [merge_fields] => Array
        (
        )

)

2021-02-17T21:29:44+00:00 NOTICE member.sync :: mcrimi64@gmail.com has signed up to a lot of lists very recently; we're not allowing more signups for now
2021-02-17T21:29:45+00:00 NOTICE member.sync :: RYC.EESTRADA@PRODIGY.NET.MX has signed up to a lot of lists very recently; we're not allowing more signups for now
2021-02-17T21:29:46+00:00 NOTICE member.sync :: Subscribed Member sashontz@gmail.com :: Array
(
    [status_if_new] => 1
    [merge_fields] => Array
        (
        )

)

2021-02-17T21:29:48+00:00 NOTICE member.sync :: Subscribed Member austinsempire@hotmail.com :: Array
(
    [status_if_new] => 1
    [merge_fields] => Array
        (
        )

)

2021-02-17T21:29:49+00:00 NOTICE member.sync :: Subscribed Member tuggshadow74@yahoo.com :: Array
(
    [status_if_new] => 1
    [merge_fields] => Array
        (
        )

)

2021-02-17T21:30:33+00:00 NOTICE action_scheduler.queue_job :: MailChimp_WooCommerce_User_Submit queued :: obj_id 11888
2021-02-17T21:31:05+00:00 NOTICE member.sync :: Subscribed Member chrisgonzalez135@gmail.com :: Array
(
    [status_if_new] => 1
    [merge_fields] => Array
        (
        )

)

2021-02-17T21:34:34+00:00 NOTICE action_scheduler.queue_job :: MailChimp_WooCommerce_User_Submit queued :: obj_id 11889
2021-02-17T21:34:44+00:00 NOTICE action_scheduler.queue_job :: MailChimp_WooCommerce_User_Submit queued :: obj_id 11890
2021-02-17T21:38:11+00:00 NOTICE action_scheduler.queue_job :: MailChimp_WooCommerce_User_Submit queued :: obj_id 11891
2021-02-17T21:39:07+00:00 NOTICE action_scheduler.queue_job :: MailChimp_WooCommerce_User_Submit queued :: obj_id 11892
2021-02-17T21:40:30+00:00 NOTICE action_scheduler.queue_job :: MailChimp_WooCommerce_User_Submit queued :: obj_id 11893
2021-02-17T21:40:39+00:00 NOTICE action_scheduler.queue_job :: MailChimp_WooCommerce_User_Submit queued :: obj_id 11894
2021-02-17T21:42:54+00:00 NOTICE action_scheduler.queue_job :: MailChimp_WooCommerce_User_Submit queued :: obj_id 11895
2021-02-17T21:43:54+00:00 NOTICE action_scheduler.queue_job :: MailChimp_WooCommerce_User_Submit queued :: obj_id 11896
2021-02-17T21:44:27+00:00 NOTICE action_scheduler.queue_job :: MailChimp_WooCommerce_User_Submit queued :: obj_id 11897
2021-02-17T21:45:41+00:00 NOTICE action_scheduler.queue_job :: MailChimp_WooCommerce_User_Submit queued :: obj_id 11898
2021-02-17T21:48:05+00:00 NOTICE action_scheduler.queue_job :: MailChimp_WooCommerce_User_Submit queued :: obj_id 11899
2021-02-17T21:52:31+00:00 NOTICE action_scheduler.queue_job :: MailChimp_WooCommerce_User_Submit queued :: obj_id 11900
2021-02-17T21:52:49+00:00 NOTICE action_scheduler.queue_job :: MailChimp_WooCommerce_User_Submit queued :: obj_id 11901
2021-02-17T21:52:57+00:00 NOTICE action_scheduler.queue_job :: MailChimp_WooCommerce_User_Submit queued :: obj_id 11902
2021-02-17T21:55:26+00:00 NOTICE member.sync :: Subscribed Member rickcris79@hotmail.com :: Array
(
    [status_if_new] => 1
    [merge_fields] => Array
        (
        )

)

2021-02-17T21:55:27+00:00 NOTICE member.sync :: Subscribed Member shawnjoseph2001@gmail.com :: Array
(
    [status_if_new] => 1
    [merge_fields] => Array
        (
        )

)

2021-02-17T21:55:29+00:00 NOTICE member.sync :: Subscribed Member rwitteveen@knitter.com :: Array
(
    [status_if_new] => 1
    [merge_fields] => Array
        (
        )

)

2021-02-17T21:55:30+00:00 NOTICE member.sync :: Subscribed Member lkmeier67@gmail.com :: Array
(
    [status_if_new] => 1
    [merge_fields] => Array
        (
        )

)

2021-02-17T21:55:32+00:00 NOTICE member.sync :: Subscribed Member bellamia36@gmail.com :: Array
(
    [status_if_new] => 1
    [merge_fields] => Array
        (
        )

)

2021-02-17T21:55:34+00:00 NOTICE member.sync :: Updated Member aliciamoreland41@yahoo.com ( merge fields only ) :: Array
(
    [merge_fields] => Array
        (
        )

)

2021-02-17T21:55:35+00:00 NOTICE member.sync :: Subscribed Member s.benish@gmail.com :: Array
(
    [status_if_new] => 1
    [merge_fields] => Array
        (
        )

)

2021-02-17T21:55:36+00:00 NOTICE member.sync :: Subscribed Member jntd4901@bellsouth.net :: Array
(
    [status_if_new] => 1
    [merge_fields] => Array
        (
        )

)

2021-02-17T21:55:38+00:00 NOTICE member.sync :: Subscribed Member wovercast@gmail.com :: Array
(
    [status_if_new] => 1
    [merge_fields] => Array
        (
        )

)

2021-02-17T21:55:38+00:00 NOTICE action_scheduler.queue_job :: MailChimp_WooCommerce_User_Submit queued :: obj_id 11903
2021-02-17T21:55:39+00:00 NOTICE member.sync :: Subscribed Member woodleyj@le-win.net :: Array
(
    [status_if_new] => 1
    [merge_fields] => Array
        (
        )

)

2021-02-17T21:55:41+00:00 NOTICE member.sync :: Subscribed Member djacobs1958@yahoo.com :: Array
(
    [status_if_new] => 1
    [merge_fields] => Array
        (
        )

)

2021-02-17T21:55:43+00:00 NOTICE member.sync :: Subscribed Member piiamari1@gmail.com :: Array
(
    [status_if_new] => 1
    [merge_fields] => Array
        (
        )

)

2021-02-17T21:55:44+00:00 NOTICE member.sync :: Subscribed Member vero_lopez_70@yahoo.com :: Array
(
    [status_if_new] => 1
    [merge_fields] => Array
        (
        )

)

2021-02-17T21:55:45+00:00 NOTICE member.sync :: Subscribed Member theoneandonlyrezort@gmail.com :: Array
(
    [status_if_new] => 1
    [merge_fields] => Array
        (
        )

)

2021-02-17T21:55:47+00:00 NOTICE member.sync :: Subscribed Member kmac02250@gmail.com :: Array
(
    [status_if_new] => 1
    [merge_fields] => Array
        (
        )

)

2021-02-17T21:57:39+00:00 NOTICE action_scheduler.queue_job :: MailChimp_WooCommerce_User_Submit queued :: obj_id 11904
2021-02-17T21:58:22+00:00 NOTICE action_scheduler.queue_job :: MailChimp_WooCommerce_User_Submit queued :: obj_id 11905
2021-02-17T21:59:43+00:00 NOTICE action_scheduler.queue_job :: MailChimp_WooCommerce_User_Submit queued :: obj_id 11906
2021-02-17T22:01:05+00:00 NOTICE member.sync :: Subscribed Member abcframe@comcast.net :: Array
(
    [status_if_new] => 1
    [merge_fields] => Array
        (
        )

)

2021-02-17T22:01:07+00:00 NOTICE member.sync :: Subscribed Member draven931@gmail.com :: Array
(
    [status_if_new] => 1
    [merge_fields] => Array
        (
        )

)

2021-02-17T22:01:08+00:00 NOTICE member.sync :: Subscribed Member dravenhissop@gmail.com :: Array
(
    [status_if_new] => 1
    [merge_fields] => Array
        (
        )

)

2021-02-17T22:01:17+00:00 NOTICE action_scheduler.queue_job :: MailChimp_WooCommerce_User_Submit queued :: obj_id 11907
2021-02-17T22:02:57+00:00 NOTICE action_scheduler.queue_job :: MailChimp_WooCommerce_User_Submit queued :: obj_id 11908
2021-02-17T22:07:47+00:00 NOTICE action_scheduler.queue_job :: MailChimp_WooCommerce_User_Submit queued :: obj_id 11909
2021-02-17T22:09:47+00:00 NOTICE action_scheduler.queue_job :: MailChimp_WooCommerce_User_Submit queued :: obj_id 11910
2021-02-17T22:14:18+00:00 NOTICE action_scheduler.queue_job :: MailChimp_WooCommerce_User_Submit queued :: obj_id 11911
2021-02-17T22:14:42+00:00 NOTICE action_scheduler.queue_job :: MailChimp_WooCommerce_User_Submit queued :: obj_id 11912
2021-02-17T22:15:22+00:00 NOTICE action_scheduler.queue_job :: MailChimp_WooCommerce_User_Submit queued :: obj_id 11913
2021-02-17T22:17:23+00:00 NOTICE member.sync :: Subscribed Member woopig1979@gmail.com :: Array
(
    [status_if_new] => 1
    [merge_fields] => Array
        (
        )

)

2021-02-17T22:17:24+00:00 NOTICE member.sync :: Subscribed Member ssteed@rocketmail.com :: Array
(
    [status_if_new] => 1
    [merge_fields] => Array
        (
        )

)

2021-02-17T22:17:26+00:00 NOTICE member.sync :: Subscribed Member joebeach@yahoo.com :: Array
(
    [status_if_new] => 1
    [merge_fields] => Array
        (
        )

)

2021-02-17T22:17:27+00:00 NOTICE member.sync :: Subscribed Member dsambrooks@diligentinnovation.com :: Array
(
    [status_if_new] => 1
    [merge_fields] => Array
        (
        )

)

2021-02-17T22:17:28+00:00 NOTICE member.sync :: Subscribed Member mrmike987@gmail.com :: Array
(
    [status_if_new] => 1
    [merge_fields] => Array
        (
        )

)

2021-02-17T22:17:30+00:00 NOTICE member.sync :: Subscribed Member robinlewis7@yahoo.com :: Array
(
    [status_if_new] => 1
    [merge_fields] => Array
        (
        )

)

2021-02-17T22:17:31+00:00 NOTICE member.sync :: Subscribed Member savannah.star@comcast.net :: Array
(
    [status_if_new] => 1
    [merge_fields] => Array
        (
        )

)

2021-02-17T22:18:03+00:00 NOTICE action_scheduler.queue_job :: MailChimp_WooCommerce_User_Submit queued :: obj_id 11914
2021-02-17T22:18:26+00:00 NOTICE member.sync :: Subscribed Member jeff@jakeslawncare.com :: Array
(
    [status_if_new] => 1
    [merge_fields] => Array
        (
        )

)

2021-02-17T22:18:28+00:00 NOTICE action_scheduler.queue_job :: MailChimp_WooCommerce_User_Submit queued :: obj_id 11915
2021-02-17T22:18:34+00:00 NOTICE member.sync :: Subscribed Member countryheartinc@aol.com :: Array
(
    [status_if_new] => 1
    [merge_fields] => Array
        (
        )

)

2021-02-17T22:22:42+00:00 NOTICE action_scheduler.queue_job :: MailChimp_WooCommerce_User_Submit queued :: obj_id 11916
2021-02-17T22:24:50+00:00 NOTICE action_scheduler.queue_job :: MailChimp_WooCommerce_User_Submit queued :: obj_id 11917
2021-02-17T22:31:06+00:00 NOTICE member.sync :: Subscribed Member adriangalvn@icloud.com :: Array
(
    [status_if_new] => 1
    [merge_fields] => Array
        (
        )

)

2021-02-17T22:31:07+00:00 NOTICE member.sync :: Subscribed Member saramarie005@yahoo.com :: Array
(
    [status_if_new] => 1
    [merge_fields] => Array
        (
        )

)

2021-02-17T22:32:18+00:00 NOTICE action_scheduler.queue_job :: MailChimp_WooCommerce_User_Submit queued :: obj_id 11918
2021-02-17T22:36:36+00:00 NOTICE action_scheduler.queue_job :: MailChimp_WooCommerce_User_Submit queued :: obj_id 11919
2021-02-17T22:40:39+00:00 NOTICE action_scheduler.queue_job :: MailChimp_WooCommerce_User_Submit queued :: obj_id 11920
2021-02-17T22:41:13+00:00 NOTICE member.sync :: Subscribed Member johnd11984@gmail.com :: Array
(
    [status_if_new] => 1
    [merge_fields] => Array
        (
        )

)

2021-02-17T22:41:14+00:00 NOTICE member.sync :: Subscribed Member ramez.soliman@gmail.com :: Array
(
    [status_if_new] => 1
    [merge_fields] => Array
        (
        )

)

2021-02-17T22:41:16+00:00 NOTICE member.sync :: Subscribed Member riggerman@verizon.net :: Array
(
    [status_if_new] => 1
    [merge_fields] => Array
        (
        )

)

2021-02-17T22:42:26+00:00 NOTICE action_scheduler.queue_job :: MailChimp_WooCommerce_User_Submit queued :: obj_id 11921
2021-02-17T22:44:19+00:00 NOTICE action_scheduler.queue_job :: MailChimp_WooCommerce_User_Submit queued :: obj_id 11922
2021-02-17T22:47:15+00:00 NOTICE action_scheduler.queue_job :: MailChimp_WooCommerce_User_Submit queued :: obj_id 11923
2021-02-17T22:49:19+00:00 NOTICE action_scheduler.queue_job :: MailChimp_WooCommerce_User_Submit queued :: obj_id 11924
2021-02-17T22:49:45+00:00 NOTICE action_scheduler.queue_job :: MailChimp_WooCommerce_User_Submit queued :: obj_id 11925
2021-02-17T22:52:26+00:00 NOTICE action_scheduler.queue_job :: MailChimp_WooCommerce_User_Submit queued :: obj_id 11926
2021-02-17T22:52:27+00:00 NOTICE action_scheduler.queue_job :: MailChimp_WooCommerce_User_Submit queued :: obj_id 11927
2021-02-17T22:54:50+00:00 NOTICE action_scheduler.queue_job :: MailChimp_WooCommerce_User_Submit queued :: obj_id 11928
2021-02-17T22:55:54+00:00 NOTICE member.sync :: Subscribed Member ricosuave1803@gmail.com :: Array
(
    [status_if_new] => 1
    [merge_fields] => Array
        (
        )

)

2021-02-17T22:55:55+00:00 NOTICE member.sync :: Updated Member tangli05@hotmail.com ( merge fields only ) :: Array
(
    [merge_fields] => Array
        (
        )

)

2021-02-17T22:55:56+00:00 NOTICE member.sync :: Subscribed Member niitzz132@yahoo.com :: Array
(
    [status_if_new] => 1
    [merge_fields] => Array
        (
        )

)

2021-02-17T22:55:57+00:00 NOTICE member.sync :: Subscribed Member ali372@hotmail.com :: Array
(
    [status_if_new] => 1
    [merge_fields] => Array
        (
        )

)

2021-02-17T22:55:59+00:00 NOTICE member.sync :: Subscribed Member rosborn0412@gmail.com :: Array
(
    [status_if_new] => 1
    [merge_fields] => Array
        (
        )

)

2021-02-17T22:56:00+00:00 NOTICE member.sync :: Subscribed Member sarvian@sbcglobal.net :: Array
(
    [status_if_new] => 1
    [merge_fields] => Array
        (
        )

)

2021-02-17T22:56:02+00:00 NOTICE member.sync :: Subscribed Member whitleyjane2012@yahoo.com :: Array
(
    [status_if_new] => 1
    [merge_fields] => Array
        (
        )

)

2021-02-17T22:56:03+00:00 NOTICE member.sync :: Subscribed Member triangle@bellsouth.net :: Array
(
    [status_if_new] => 1
    [merge_fields] => Array
        (
        )

)

2021-02-17T22:56:28+00:00 NOTICE action_scheduler.queue_job :: MailChimp_WooCommerce_User_Submit queued :: obj_id 11929
2021-02-17T22:57:45+00:00 NOTICE action_scheduler.queue_job :: MailChimp_WooCommerce_User_Submit queued :: obj_id 11930
2021-02-17T23:01:06+00:00 NOTICE member.sync :: Subscribed Member shortcakexox@sbcglobal.net :: Array
(
    [status_if_new] => 1
    [merge_fields] => Array
        (
        )

)

2021-02-17T23:01:08+00:00 NOTICE member.sync :: Subscribed Member zombieno1@gmail.com :: Array
(
    [status_if_new] => 1
    [merge_fields] => Array
        (
        )

)

2021-02-17T23:01:21+00:00 NOTICE action_scheduler.queue_job :: MailChimp_WooCommerce_User_Submit queued :: obj_id 11931
2021-02-17T23:01:45+00:00 NOTICE member.sync :: Subscribed Member renae0520@gmail.com :: Array
(
    [status_if_new] => 1
    [merge_fields] => Array
        (
        )

)

2021-02-17T23:03:34+00:00 NOTICE action_scheduler.queue_job :: MailChimp_WooCommerce_User_Submit queued :: obj_id 11932
2021-02-17T23:07:37+00:00 NOTICE action_scheduler.queue_job :: MailChimp_WooCommerce_User_Submit queued :: obj_id 11933
2021-02-17T23:10:05+00:00 NOTICE action_scheduler.queue_job :: MailChimp_WooCommerce_User_Submit queued :: obj_id 11934
2021-02-17T23:15:27+00:00 NOTICE action_scheduler.queue_job :: MailChimp_WooCommerce_User_Submit queued :: obj_id 11935
2021-02-17T23:17:09+00:00 NOTICE action_scheduler.queue_job :: MailChimp_WooCommerce_User_Submit queued :: obj_id 11936
2021-02-17T23:18:58+00:00 NOTICE action_scheduler.queue_job :: MailChimp_WooCommerce_User_Submit queued :: obj_id 11937
2021-02-17T23:22:13+00:00 NOTICE action_scheduler.queue_job :: MailChimp_WooCommerce_User_Submit queued :: obj_id 11938
2021-02-17T23:22:22+00:00 NOTICE action_scheduler.queue_job :: MailChimp_WooCommerce_User_Submit queued :: obj_id 11939
2021-02-17T23:26:54+00:00 NOTICE action_scheduler.queue_job :: MailChimp_WooCommerce_User_Submit queued :: obj_id 11940
2021-02-17T23:27:28+00:00 NOTICE action_scheduler.queue_job :: MailChimp_WooCommerce_User_Submit queued :: obj_id 11941
2021-02-17T23:27:32+00:00 NOTICE action_scheduler.queue_job :: MailChimp_WooCommerce_User_Submit queued :: obj_id 11942
2021-02-17T23:28:13+00:00 NOTICE action_scheduler.queue_job :: MailChimp_WooCommerce_User_Submit queued :: obj_id 11943
2021-02-17T23:28:41+00:00 NOTICE action_scheduler.queue_job :: MailChimp_WooCommerce_User_Submit queued :: obj_id 11944
2021-02-17T23:31:05+00:00 NOTICE member.sync :: Subscribed Member wellman1075@hotmail.com :: Array
(
    [status_if_new] => 1
    [merge_fields] => Array
        (
        )

)

2021-02-17T23:31:06+00:00 NOTICE member.sync :: Subscribed Member squeka13@hotmail.com :: Array
(
    [status_if_new] => 1
    [merge_fields] => Array
        (
        )

)

2021-02-17T23:31:08+00:00 NOTICE member.sync :: Subscribed Member mirjamreynolds@yahoo.com :: Array
(
    [status_if_new] => 1
    [merge_fields] => Array
        (
        )

)

2021-02-17T23:31:09+00:00 NOTICE member.sync :: Subscribed Member earl228@yahoo.com :: Array
(
    [status_if_new] => 1
    [merge_fields] => Array
        (
        )

)

2021-02-17T23:31:10+00:00 NOTICE member.sync :: Subscribed Member peaker510@sbcglobal.net :: Array
(
    [status_if_new] => 1
    [merge_fields] => Array
        (
        )

)

2021-02-17T23:31:12+00:00 NOTICE member.sync :: Subscribed Member safetyshuttle@yahoo.com :: Array
(
    [status_if_new] => 1
    [merge_fields] => Array
        (
        )

)

2021-02-17T23:31:13+00:00 NOTICE member.sync :: Subscribed Member julia_triona@yahoo.com :: Array
(
    [status_if_new] => 1
    [merge_fields] => Array
        (
        )

)

2021-02-17T23:31:15+00:00 NOTICE member.sync :: Subscribed Member rgardea7@gmail.com :: Array
(
    [status_if_new] => 1
    [merge_fields] => Array
        (
        )

)

2021-02-17T23:31:17+00:00 NOTICE member.sync :: Subscribed Member ribsmoker1@gmail.com :: Array
(
    [status_if_new] => 1
    [merge_fields] => Array
        (
        )

)

2021-02-17T23:33:33+00:00 NOTICE action_scheduler.queue_job :: MailChimp_WooCommerce_User_Submit queued :: obj_id 11945
2021-02-17T23:35:42+00:00 NOTICE action_scheduler.queue_job :: MailChimp_WooCommerce_User_Submit queued :: obj_id 11946
2021-02-17T23:36:03+00:00 NOTICE action_scheduler.queue_job :: MailChimp_WooCommerce_User_Submit queued :: obj_id 11947
2021-02-17T23:36:03+00:00 NOTICE action_scheduler.queue_job :: MailChimp_WooCommerce_User_Submit queued :: obj_id 11948
2021-02-17T23:36:28+00:00 NOTICE action_scheduler.queue_job :: MailChimp_WooCommerce_User_Submit queued :: obj_id 11949
2021-02-17T23:36:42+00:00 NOTICE action_scheduler.queue_job :: MailChimp_WooCommerce_User_Submit queued :: obj_id 11950
2021-02-17T23:38:18+00:00 NOTICE action_scheduler.queue_job :: MailChimp_WooCommerce_User_Submit queued :: obj_id 11951
2021-02-17T23:41:04+00:00 NOTICE action_scheduler.queue_job :: MailChimp_WooCommerce_User_Submit queued :: obj_id 11952
2021-02-17T23:42:07+00:00 NOTICE action_scheduler.queue_job :: MailChimp_WooCommerce_User_Submit queued :: obj_id 11953
2021-02-17T23:44:31+00:00 NOTICE action_scheduler.queue_job :: MailChimp_WooCommerce_User_Submit queued :: obj_id 11954
2021-02-17T23:46:29+00:00 NOTICE action_scheduler.queue_job :: MailChimp_WooCommerce_User_Submit queued :: obj_id 11955
2021-02-17T23:46:40+00:00 NOTICE action_scheduler.queue_job :: MailChimp_WooCommerce_User_Submit queued :: obj_id 11956
2021-02-17T23:50:09+00:00 NOTICE member.sync :: Subscribed Member itsbek@hotmail.com :: Array
(
    [status_if_new] => 1
    [merge_fields] => Array
        (
        )

)

2021-02-17T23:50:11+00:00 NOTICE member.sync :: Subscribed Member adamskay84@yahoo.com :: Array
(
    [status_if_new] => 1
    [merge_fields] => Array
        (
        )

)

2021-02-17T23:50:12+00:00 NOTICE member.sync :: Subscribed Member rachel.burns777@yahoo.com :: Array
(
    [status_if_new] => 1
    [merge_fields] => Array
        (
        )

)

2021-02-17T23:50:14+00:00 NOTICE member.sync :: Subscribed Member mooreheadericamy@yahoo.com :: Array
(
    [status_if_new] => 1
    [merge_fields] => Array
        (
        )

)

2021-02-17T23:50:16+00:00 NOTICE member.sync :: Subscribed Member samuelskr@hotmail.com :: Array
(
    [status_if_new] => 1
    [merge_fields] => Array
        (
        )

)

2021-02-17T23:50:18+00:00 NOTICE member.sync :: Subscribed Member photog31@msn.com :: Array
(
    [status_if_new] => 1
    [merge_fields] => Array
        (
        )

)

2021-02-17T23:50:19+00:00 NOTICE member.sync :: Subscribed Member sidhusurendra@yahoo.com :: Array
(
    [status_if_new] => 1
    [merge_fields] => Array
        (
        )

)

2021-02-17T23:50:21+00:00 NOTICE member.sync :: Subscribed Member tyronemetcalf123@gmail.com :: Array
(
    [status_if_new] => 1
    [merge_fields] => Array
        (
        )

)

2021-02-17T23:50:22+00:00 NOTICE member.sync :: Subscribed Member matthew.kunes@yahoo.com :: Array
(
    [status_if_new] => 1
    [merge_fields] => Array
        (
        )

)

2021-02-17T23:50:24+00:00 NOTICE member.sync :: Subscribed Member sjg6922@cox.net :: Array
(
    [status_if_new] => 1
    [merge_fields] => Array
        (
        )

)

2021-02-17T23:50:25+00:00 NOTICE member.sync :: Subscribed Member mdmmitchell@hotmail.com :: Array
(
    [status_if_new] => 1
    [merge_fields] => Array
        (
        )

)

2021-02-17T23:50:27+00:00 NOTICE member.sync :: Subscribed Member mrleonard725@gmail.com :: Array
(
    [status_if_new] => 1
    [merge_fields] => Array
        (
        )

)

2021-02-17T23:50:29+00:00 NOTICE member.sync :: Subscribed Member jameson2210@gmail.com :: Array
(
    [status_if_new] => 1
    [merge_fields] => Array
        (
        )

)

2021-02-17T23:50:30+00:00 NOTICE member.sync :: Updated Member byrongwalker@aol.com ( merge fields only ) :: Array
(
    [merge_fields] => Array
        (
        )

)

2021-02-17T23:50:38+00:00 NOTICE member.sync :: Subscribed Member mojostrouble@gmail.com :: Array
(
    [status_if_new] => 1
    [merge_fields] => Array
        (
        )

)

2021-02-17T23:50:39+00:00 NOTICE member.sync :: Subscribed Member shanshan_11@hotmail.com :: Array
(
    [status_if_new] => 1
    [merge_fields] => Array
        (
        )

)

2021-02-17T23:51:18+00:00 NOTICE action_scheduler.queue_job :: MailChimp_WooCommerce_User_Submit queued :: obj_id 11957
2021-02-17T23:52:17+00:00 NOTICE action_scheduler.queue_job :: MailChimp_WooCommerce_User_Submit queued :: obj_id 11958
2021-02-17T23:52:32+00:00 NOTICE member.sync :: Subscribed Member irishace14@yahoo.com :: Array
(
    [status_if_new] => 1
    [merge_fields] => Array
        (
        )

)

2021-02-17T23:52:33+00:00 NOTICE member.sync :: Subscribed Member sweetiejohnson@att.net :: Array
(
    [status_if_new] => 1
    [merge_fields] => Array
        (
        )

)

2021-02-17T23:54:15+00:00 NOTICE action_scheduler.queue_job :: MailChimp_WooCommerce_User_Submit queued :: obj_id 11959
2021-02-17T23:54:45+00:00 NOTICE member.sync :: Subscribed Member ptalwar8@hotmail.com :: Array
(
    [status_if_new] => 1
    [merge_fields] => Array
        (
        )

)

2021-02-17T23:56:08+00:00 NOTICE action_scheduler.queue_job :: MailChimp_WooCommerce_User_Submit queued :: obj_id 11960
