2021-08-17T00:54:25+00:00 NOTICE action_scheduler.queue_job :: MailChimp_WooCommerce_User_Submit queued :: obj_id 15498
2021-08-17T00:54:34+00:00 NOTICE member.sync :: a.l.ek.s.e.js.t.u.k.oru.ko.v204.8@gmail.com has signed up to a lot of lists very recently; we're not allowing more signups for now
2021-08-17T05:19:03+00:00 NOTICE action_scheduler.queue_job :: MailChimp_WooCommerce_User_Submit queued :: obj_id 15499
2021-08-17T05:19:40+00:00 NOTICE member.sync :: Subscribed Member salvadortg4@hiraku4410.hideo82.sorataki.in.net :: Array
(
    [status_if_new] => 1
    [merge_fields] => Array
        (
        )

)

2021-08-17T09:05:55+00:00 NOTICE action_scheduler.queue_job :: MailChimp_WooCommerce_User_Submit queued :: obj_id 15500
2021-08-17T09:06:47+00:00 NOTICE member.sync :: l.i.p.u.t.ovch.en.k.o.j.ul.i.y.a.a@gmail.com has signed up to a lot of lists very recently; we're not allowing more signups for now
2021-08-17T12:24:05+00:00 NOTICE action_scheduler.queue_job :: MailChimp_WooCommerce_User_Submit queued :: obj_id 15501
2021-08-17T12:24:43+00:00 NOTICE member.sync :: a.l.e.k.sejst.uk.or.uko.v2048@gmail.com has signed up to a lot of lists very recently; we're not allowing more signups for now
2021-08-17T14:45:52+00:00 NOTICE action_scheduler.queue_job :: MailChimp_WooCommerce_User_Submit queued :: obj_id 15502
2021-08-17T14:49:07+00:00 NOTICE member.sync :: Subscribed Member evelina.kolesnikova8787@gmail.com :: Array
(
    [status_if_new] => 1
    [merge_fields] => Array
        (
        )

)

2021-08-17T19:02:57+00:00 NOTICE action_scheduler.queue_job :: MailChimp_WooCommerce_User_Submit queued :: obj_id 15503
2021-08-17T19:06:38+00:00 NOTICE member.sync :: ritauzarova@gmail.com has signed up to a lot of lists very recently; we're not allowing more signups for now
2021-08-17T19:27:31+00:00 NOTICE action_scheduler.queue_job :: MailChimp_WooCommerce_User_Submit queued :: obj_id 15504
2021-08-17T19:27:36+00:00 NOTICE member.sync :: skitorov@gmail.com has signed up to a lot of lists very recently; we're not allowing more signups for now
2021-08-17T19:40:01+00:00 NOTICE action_scheduler.queue_job :: MailChimp_WooCommerce_User_Submit queued :: obj_id 15505
2021-08-17T19:45:14+00:00 NOTICE member.sync :: inidorov@gmail.com has signed up to a lot of lists very recently; we're not allowing more signups for now
2021-08-17T19:50:35+00:00 NOTICE action_scheduler.queue_job :: MailChimp_WooCommerce_User_Submit queued :: obj_id 15506
2021-08-17T19:53:28+00:00 NOTICE member.sync :: s.andraihillx691@gmail.com has signed up to a lot of lists very recently; we're not allowing more signups for now
2021-08-17T22:54:24+00:00 NOTICE action_scheduler.queue_job :: MailChimp_WooCommerce_User_Submit queued :: obj_id 15507
2021-08-17T22:54:39+00:00 NOTICE member.sync :: Subscribed Member doreentb69@hiraku4410.hideo82.sorataki.in.net :: Array
(
    [status_if_new] => 1
    [merge_fields] => Array
        (
        )

)

