2021-02-02T02:30:33+00:00 NOTICE action_scheduler.queue_job :: MailChimp_WooCommerce_Cart_Update queued :: obj_id fb8283ae0fae6a97b5d49008056793dd
2021-02-02T02:30:37+00:00 NOTICE abandoned_cart.success :: email: boonshenglang_94@hotmail.com :: checkout_url: https://warmwishesflorist.com/checkout/?mc_cart_id=fb8283ae0fae6a97b5d49008056793dd
2021-02-02T02:30:38+00:00 NOTICE cart.member.updated :: Updated boonshenglang_94@hotmail.com subscriber status to transactional and language to en
2021-02-02T03:02:10+00:00 NOTICE action_scheduler.queue_job :: MailChimp_WooCommerce_Single_Product starts in 5 seconds :: obj_id 22976
2021-02-02T03:03:08+00:00 NOTICE product_submit.success :: updateStoreProduct :: #22976
2021-02-02T05:32:05+00:00 NOTICE action_scheduler.queue_job :: MailChimp_WooCommerce_Single_Product starts in 5 seconds :: obj_id 23252
2021-02-02T05:35:22+00:00 NOTICE product_submit.success :: addStoreProduct :: #23252
2021-02-02T05:52:35+00:00 NOTICE action_scheduler.queue_job :: MailChimp_WooCommerce_Single_Order starts in 90 seconds :: obj_id 23239
2021-02-02T05:52:35+00:00 NOTICE action_scheduler.queue_job :: MailChimp_WooCommerce_User_Submit queued :: obj_id 11139
2021-02-02T05:52:38+00:00 NOTICE debug :: Order ID 23239 was pending and is now completed :: Array
(
    [new_order] => 1
    [tracking] => Array
        (
            [campaign_id] => 
            [landing_site] => https://warmwishesflorist.com/wp-login.php
        )

)

2021-02-02T05:54:36+00:00 NOTICE order.member.updated :: Updated vezmoyo@gmail.com subscriber status to subscribed and language to 
2021-02-02T05:54:36+00:00 NOTICE order_submit.success :: addStoreOrder :: #23239 :: email: vezmoyo@gmail.com :: landing site https://warmwishesflorist.com/wp-login.php :: abandoned cart deleted [7d62342f9d08650f113c003d61bcf8e8]
2021-02-02T05:54:38+00:00 NOTICE member.sync :: Updated Member vezmoyo@gmail.com ( merge fields only ) :: Array
(
    [merge_fields] => Array
        (
            [FNAME] => Vezubuhle
            [LNAME] => Moyo
        )

)

2021-02-02T06:05:34+00:00 NOTICE action_scheduler.queue_job :: MailChimp_WooCommerce_Single_Product starts in 5 seconds :: obj_id 23252
2021-02-02T06:07:46+00:00 NOTICE product_submit.success :: updateStoreProduct :: #23252
2021-02-02T06:27:19+00:00 NOTICE action_scheduler.queue_job :: MailChimp_WooCommerce_Single_Product starts in 5 seconds :: obj_id 23024
2021-02-02T06:30:08+00:00 NOTICE product_submit.success :: updateStoreProduct :: #23024
2021-02-02T09:21:00+00:00 NOTICE action_scheduler.queue_job :: MailChimp_WooCommerce_Cart_Update queued :: obj_id f6f17a7f5c471bffa35d74013b5f7238
2021-02-02T09:21:01+00:00 NOTICE action_scheduler.queue_job :: MailChimp_WooCommerce_User_Submit queued :: obj_id 11142
2021-02-02T09:21:05+00:00 NOTICE member.sync :: Subscribed Member galvinwong87@gmail.com :: Array
(
    [status_if_new] => 1
    [merge_fields] => Array
        (
        )

)

2021-02-02T09:21:06+00:00 NOTICE abandoned_cart.success :: email: galvinwong87@gmail.com :: checkout_url: https://warmwishesflorist.com/checkout/?mc_cart_id=f6f17a7f5c471bffa35d74013b5f7238
2021-02-02T09:21:07+00:00 NOTICE cart.member.updated :: Updated galvinwong87@gmail.com subscriber status to subscribed and language to en
2021-02-02T09:24:57+00:00 NOTICE action_scheduler.queue_job :: MailChimp_WooCommerce_Cart_Update queued :: obj_id f6f17a7f5c471bffa35d74013b5f7238
2021-02-02T09:25:34+00:00 NOTICE abandoned_cart.success :: email: galvinwong87@gmail.com :: checkout_url: https://warmwishesflorist.com/checkout/?mc_cart_id=f6f17a7f5c471bffa35d74013b5f7238
2021-02-02T09:49:25+00:00 NOTICE action_scheduler.queue_job :: MailChimp_WooCommerce_Cart_Update queued :: obj_id 1fedaaad79b1078f712846c3bbacb705
2021-02-02T09:50:02+00:00 NOTICE action_scheduler.queue_job :: MailChimp_WooCommerce_Cart_Update queued :: obj_id 16e367b668153873f1ee1240a989a75a
2021-02-02T09:50:06+00:00 NOTICE abandoned_cart.success :: email: rudobco0825@gmail.com :: checkout_url: https://warmwishesflorist.com/checkout/?mc_cart_id=1fedaaad79b1078f712846c3bbacb705
2021-02-02T09:50:06+00:00 NOTICE cart.member.updated :: Updated rudobco0825@gmail.com subscriber status to transactional and language to en
2021-02-02T09:50:08+00:00 NOTICE abandoned_cart.success :: email: rudobco@g.skku.edu :: checkout_url: https://warmwishesflorist.com/checkout/?mc_cart_id=16e367b668153873f1ee1240a989a75a
2021-02-02T09:50:08+00:00 NOTICE cart.member.updated :: Updated rudobco@g.skku.edu subscriber status to transactional and language to en
2021-02-02T09:50:41+00:00 NOTICE ac.cart_swap :: Deleted cart [rudobco0825@gmail.com] :: ID [1fedaaad79b1078f712846c3bbacb705]
2021-02-02T09:50:42+00:00 NOTICE action_scheduler.queue_job :: MailChimp_WooCommerce_Cart_Update queued :: obj_id 16e367b668153873f1ee1240a989a75a
2021-02-02T09:50:43+00:00 NOTICE action_scheduler.queue_job :: MailChimp_WooCommerce_Cart_Update queued :: obj_id 1fedaaad79b1078f712846c3bbacb705
2021-02-02T09:57:06+00:00 NOTICE action_scheduler.queue_job :: MailChimp_WooCommerce_Single_Order starts in 90 seconds :: obj_id 23260
2021-02-02T10:00:57+00:00 NOTICE abandoned_cart.success :: email: rudobco0825@gmail.com :: checkout_url: https://warmwishesflorist.com/checkout/?mc_cart_id=1fedaaad79b1078f712846c3bbacb705
2021-02-02T10:00:58+00:00 NOTICE abandoned_cart.success :: email: rudobco@g.skku.edu :: checkout_url: https://warmwishesflorist.com/checkout/?mc_cart_id=16e367b668153873f1ee1240a989a75a
2021-02-02T10:00:59+00:00 NOTICE order_sumbit :: #23260 has a financial status of pending and was skipped.
2021-02-02T10:50:07+00:00 NOTICE ac.cart_swap :: Deleted cart [rudobco@g.skku.edu] :: ID [16e367b668153873f1ee1240a989a75a]
2021-02-02T10:50:08+00:00 NOTICE action_scheduler.queue_job :: MailChimp_WooCommerce_Cart_Update queued :: obj_id 1fedaaad79b1078f712846c3bbacb705
2021-02-02T10:50:14+00:00 NOTICE action_scheduler.queue_job :: MailChimp_WooCommerce_User_Submit queued :: obj_id 11143
2021-02-02T10:50:42+00:00 NOTICE abandoned_cart.success :: email: rudobco0825@gmail.com :: checkout_url: https://warmwishesflorist.com/checkout/?mc_cart_id=1fedaaad79b1078f712846c3bbacb705
2021-02-02T10:50:42+00:00 NOTICE cart.member.updated :: Updated rudobco0825@gmail.com subscriber status to transactional and language to en
2021-02-02T10:50:44+00:00 NOTICE member.sync :: Updated Member rudobco@g.skku.edu :: Array
(
    [previous_status] => transactional
    [status] => 1
    [merge_fields] => Array
        (
            [FNAME] => Sungyoun
            [LNAME] => Seo
        )

)

2021-02-02T10:53:12+00:00 NOTICE action_scheduler.queue_job :: MailChimp_WooCommerce_Single_Order starts in 90 seconds :: obj_id 23260
2021-02-02T10:53:13+00:00 NOTICE debug :: Order ID 23260 was pending and is now processing :: Array
(
    [new_order] => 1
    [tracking] => Array
        (
            [campaign_id] => 
            [landing_site] => https://warmwishesflorist.com/?wc-ajax=update_order_review
        )

)

2021-02-02T10:53:13+00:00 NOTICE action_scheduler.queue_job :: MailChimp_WooCommerce_User_Submit queued :: obj_id 11143
2021-02-02T10:54:05+00:00 NOTICE member.sync :: Updated Member rudobco@g.skku.edu ( merge fields only ) :: Array
(
    [merge_fields] => Array
        (
            [FNAME] => Sungyoun
            [LNAME] => Seo
        )

)

2021-02-02T10:55:29+00:00 NOTICE order.member.updated :: Updated rudobco0825@gmail.com subscriber status to subscribed and language to 
2021-02-02T10:55:29+00:00 NOTICE order_submit.success :: addStoreOrder :: #23260 :: email: rudobco0825@gmail.com :: landing site https://warmwishesflorist.com/?wc-ajax=update_order_review :: abandoned cart deleted [1fedaaad79b1078f712846c3bbacb705]
2021-02-02T12:37:17+00:00 NOTICE action_scheduler.queue_job :: MailChimp_WooCommerce_Cart_Update queued :: obj_id 88880fb94e2061350912ea017505e3e2
2021-02-02T12:37:25+00:00 NOTICE abandoned_cart.success :: email: ngweiyi7969@gmail.com :: checkout_url: https://warmwishesflorist.com/checkout/?mc_cart_id=88880fb94e2061350912ea017505e3e2
2021-02-02T12:37:26+00:00 NOTICE cart.member.updated :: Updated ngweiyi7969@gmail.com subscriber status to transactional and language to en
2021-02-02T12:37:33+00:00 NOTICE action_scheduler.queue_job :: MailChimp_WooCommerce_Cart_Update queued :: obj_id 88880fb94e2061350912ea017505e3e2
2021-02-02T12:39:51+00:00 NOTICE abandoned_cart.success :: email: ngweiyi7969@gmail.com :: checkout_url: https://warmwishesflorist.com/checkout/?mc_cart_id=88880fb94e2061350912ea017505e3e2
2021-02-02T12:44:43+00:00 NOTICE action_scheduler.queue_job :: MailChimp_WooCommerce_Single_Order starts in 90 seconds :: obj_id 23261
2021-02-02T12:46:41+00:00 NOTICE debug :: Order ID 23261 was pending and is now processing :: Array
(
    [new_order] => 1
    [tracking] => Array
        (
            [campaign_id] => 
            [landing_site] => https://warmwishesflorist.com/checkout/order-pay/23261/?key=wc_order_BTe59FViwotWz
        )

)

2021-02-02T12:50:26+00:00 NOTICE order.member.updated :: Updated ngweiyi7969@gmail.com subscriber status to transactional and language to en
2021-02-02T12:50:26+00:00 NOTICE order_submit.success :: addStoreOrder :: #23261 :: email: ngweiyi7969@gmail.com :: landing site https://warmwishesflorist.com/ :: abandoned cart deleted [88880fb94e2061350912ea017505e3e2]
2021-02-02T14:49:23+00:00 NOTICE action_scheduler.queue_job :: MailChimp_WooCommerce_Single_Order starts in 90 seconds :: obj_id 23262
2021-02-02T14:51:31+00:00 NOTICE order_sumbit :: #23262 has a financial status of pending and was skipped.
2021-02-02T14:51:31+00:00 NOTICE action_scheduler.queue_job :: MailChimp_WooCommerce_Single_Order starts in 90 seconds :: obj_id 23262
2021-02-02T14:51:33+00:00 NOTICE debug :: Order ID 23262 was pending and is now processing :: Array
(
    [new_order] => 1
    [tracking] => Array
        (
            [campaign_id] => 
            [landing_site] => https://warmwishesflorist.com/
        )

)

2021-02-02T14:52:55+00:00 NOTICE action_scheduler.queue_job :: MailChimp_WooCommerce_Single_Order starts in 90 seconds :: obj_id 23260
2021-02-02T14:52:55+00:00 NOTICE debug :: Order ID 23260 was processing and is now completed :: Array
(
    [new_order] => 
    [tracking] => 
)

2021-02-02T14:53:08+00:00 NOTICE action_scheduler.queue_job :: MailChimp_WooCommerce_Single_Order starts in 90 seconds :: obj_id 23261
2021-02-02T14:53:09+00:00 NOTICE debug :: Order ID 23261 was processing and is now completed :: Array
(
    [new_order] => 
    [tracking] => 
)

2021-02-02T15:01:09+00:00 NOTICE order.member.updated :: Updated boonshenglang_94@hotmail.com subscriber status to transactional and language to 
2021-02-02T15:01:09+00:00 NOTICE order_submit.success :: addStoreOrder :: #23262 :: email: boonshenglang_94@hotmail.com :: landing site https://warmwishesflorist.com/ :: abandoned cart deleted [fb8283ae0fae6a97b5d49008056793dd]
2021-02-02T15:01:12+00:00 NOTICE order.member.updated :: Updated rudobco0825@gmail.com subscriber status to subscribed and language to 
2021-02-02T15:01:12+00:00 NOTICE order_submit.success :: updateStoreOrder :: #23260 :: email: rudobco0825@gmail.com
2021-02-02T15:01:17+00:00 NOTICE order.member.updated :: Updated ngweiyi7969@gmail.com subscriber status to transactional and language to 
2021-02-02T15:01:17+00:00 NOTICE order_submit.success :: updateStoreOrder :: #23261 :: email: ngweiyi7969@gmail.com
2021-02-02T16:06:32+00:00 NOTICE action_scheduler.queue_job :: MailChimp_WooCommerce_User_Submit queued :: obj_id 11145
2021-02-02T16:07:33+00:00 NOTICE action_scheduler.queue_job :: MailChimp_WooCommerce_User_Submit queued :: obj_id 11146
2021-02-02T16:12:41+00:00 NOTICE member.sync :: babynyrican1@gmail.com has signed up to a lot of lists very recently; we're not allowing more signups for now
2021-02-02T16:12:43+00:00 NOTICE member.sync :: Subscribed Member clhammond1@gmail.com :: Array
(
    [status_if_new] => 1
    [merge_fields] => Array
        (
        )

)

2021-02-02T16:14:18+00:00 NOTICE action_scheduler.queue_job :: MailChimp_WooCommerce_User_Submit queued :: obj_id 11147
2021-02-02T16:15:08+00:00 NOTICE member.sync :: Subscribed Member joeyblade10@gmail.com :: Array
(
    [status_if_new] => 1
    [merge_fields] => Array
        (
        )

)

2021-02-02T16:15:55+00:00 NOTICE action_scheduler.queue_job :: MailChimp_WooCommerce_User_Submit queued :: obj_id 11148
2021-02-02T16:16:09+00:00 NOTICE member.sync :: nicolabeighton@bigpond.com has signed up to a lot of lists very recently; we're not allowing more signups for now
2021-02-02T16:20:59+00:00 NOTICE action_scheduler.queue_job :: MailChimp_WooCommerce_User_Submit queued :: obj_id 11149
2021-02-02T16:22:01+00:00 NOTICE action_scheduler.queue_job :: MailChimp_WooCommerce_User_Submit queued :: obj_id 11150
2021-02-02T16:22:52+00:00 NOTICE action_scheduler.queue_job :: MailChimp_WooCommerce_User_Submit queued :: obj_id 11151
2021-02-02T16:24:08+00:00 NOTICE action_scheduler.queue_job :: MailChimp_WooCommerce_User_Submit queued :: obj_id 11152
2021-02-02T16:24:11+00:00 NOTICE action_scheduler.queue_job :: MailChimp_WooCommerce_User_Submit queued :: obj_id 11153
2021-02-02T16:24:30+00:00 NOTICE action_scheduler.queue_job :: MailChimp_WooCommerce_User_Submit queued :: obj_id 11154
2021-02-02T16:26:06+00:00 NOTICE member.sync :: frockmorton@comcast.net has signed up to a lot of lists very recently; we're not allowing more signups for now
2021-02-02T16:26:08+00:00 NOTICE member.sync :: m.caviezel@gmx.net has signed up to a lot of lists very recently; we're not allowing more signups for now
2021-02-02T16:26:10+00:00 NOTICE member.sync :: danny@cshardware.nl has signed up to a lot of lists very recently; we're not allowing more signups for now
2021-02-02T16:26:11+00:00 NOTICE member.sync :: onlineshop@intersport-wohlleben.de has signed up to a lot of lists very recently; we're not allowing more signups for now
2021-02-02T16:26:13+00:00 NOTICE member.sync :: info@vosssylt.de has signed up to a lot of lists very recently; we're not allowing more signups for now
2021-02-02T16:26:15+00:00 NOTICE member.sync :: Subscribed Member lsolomon892@gmail.com :: Array
(
    [status_if_new] => 1
    [merge_fields] => Array
        (
        )

)

2021-02-02T16:27:04+00:00 NOTICE action_scheduler.queue_job :: MailChimp_WooCommerce_User_Submit queued :: obj_id 11155
2021-02-02T16:29:18+00:00 NOTICE member.sync :: j.underberg@gmx.de has signed up to a lot of lists very recently; we're not allowing more signups for now
2021-02-02T16:30:50+00:00 NOTICE action_scheduler.queue_job :: MailChimp_WooCommerce_User_Submit queued :: obj_id 11156
2021-02-02T16:30:58+00:00 NOTICE member.sync :: Subscribed Member juji14@hotmail.com :: Array
(
    [status_if_new] => 1
    [merge_fields] => Array
        (
        )

)

2021-02-02T16:31:41+00:00 NOTICE action_scheduler.queue_job :: MailChimp_WooCommerce_User_Submit queued :: obj_id 11157
2021-02-02T16:32:26+00:00 NOTICE action_scheduler.queue_job :: MailChimp_WooCommerce_User_Submit queued :: obj_id 11158
2021-02-02T16:36:45+00:00 NOTICE member.sync :: Subscribed Member cerrone.daniele@hotmail.it :: Array
(
    [status_if_new] => 1
    [merge_fields] => Array
        (
        )

)

2021-02-02T16:36:46+00:00 NOTICE member.sync :: Subscribed Member mcleansteve@hotmail.com :: Array
(
    [status_if_new] => 1
    [merge_fields] => Array
        (
        )

)

2021-02-02T16:37:56+00:00 NOTICE action_scheduler.queue_job :: MailChimp_WooCommerce_User_Submit queued :: obj_id 11159
2021-02-02T16:39:45+00:00 NOTICE action_scheduler.queue_job :: MailChimp_WooCommerce_User_Submit queued :: obj_id 11160
2021-02-02T16:40:56+00:00 NOTICE action_scheduler.queue_job :: MailChimp_WooCommerce_User_Submit queued :: obj_id 11161
2021-02-02T16:41:04+00:00 NOTICE action_scheduler.queue_job :: MailChimp_WooCommerce_User_Submit queued :: obj_id 11162
2021-02-02T16:44:49+00:00 NOTICE action_scheduler.queue_job :: MailChimp_WooCommerce_User_Submit queued :: obj_id 11163
2021-02-02T16:47:22+00:00 NOTICE action_scheduler.queue_job :: MailChimp_WooCommerce_User_Submit queued :: obj_id 11164
2021-02-02T16:47:43+00:00 NOTICE member.sync :: alexander.bauer@intersport-wohlleben.de has signed up to a lot of lists very recently; we're not allowing more signups for now
2021-02-02T16:47:45+00:00 NOTICE member.sync :: Subscribed Member lynnthompson0912@gmail.com :: Array
(
    [status_if_new] => 1
    [merge_fields] => Array
        (
        )

)

2021-02-02T16:47:46+00:00 NOTICE member.sync :: sonicandamy69@gmail.com has signed up to a lot of lists very recently; we're not allowing more signups for now
2021-02-02T16:47:47+00:00 NOTICE member.sync :: Subscribed Member vincenzodelia@hotmail.it :: Array
(
    [status_if_new] => 1
    [merge_fields] => Array
        (
        )

)

2021-02-02T16:47:49+00:00 NOTICE member.sync :: Subscribed Member shop@intersport-wohlleben.de :: Array
(
    [status_if_new] => 1
    [merge_fields] => Array
        (
        )

)

2021-02-02T16:47:50+00:00 NOTICE member.sync :: ninamartha@yahoo.com has signed up to a lot of lists very recently; we're not allowing more signups for now
2021-02-02T16:48:14+00:00 NOTICE action_scheduler.queue_job :: MailChimp_WooCommerce_User_Submit queued :: obj_id 11165
2021-02-02T16:48:45+00:00 NOTICE action_scheduler.queue_job :: MailChimp_WooCommerce_User_Submit queued :: obj_id 11166
2021-02-02T16:50:00+00:00 NOTICE action_scheduler.queue_job :: MailChimp_WooCommerce_User_Submit queued :: obj_id 11167
2021-02-02T16:52:04+00:00 NOTICE action_scheduler.queue_job :: MailChimp_WooCommerce_User_Submit queued :: obj_id 11168
2021-02-02T16:54:02+00:00 NOTICE action_scheduler.queue_job :: MailChimp_WooCommerce_User_Submit queued :: obj_id 11169
2021-02-02T16:54:04+00:00 NOTICE action_scheduler.queue_job :: MailChimp_WooCommerce_User_Submit queued :: obj_id 11170
2021-02-02T16:57:54+00:00 NOTICE action_scheduler.queue_job :: MailChimp_WooCommerce_User_Submit queued :: obj_id 11171
2021-02-02T17:00:33+00:00 NOTICE action_scheduler.queue_job :: MailChimp_WooCommerce_User_Submit queued :: obj_id 11172
2021-02-02T17:01:12+00:00 NOTICE member.sync :: Subscribed Member carina.york@yahoo.com :: Array
(
    [status_if_new] => 1
    [merge_fields] => Array
        (
        )

)

2021-02-02T17:01:14+00:00 NOTICE member.sync :: Subscribed Member andreaaustin21@gmail.com :: Array
(
    [status_if_new] => 1
    [merge_fields] => Array
        (
        )

)

2021-02-02T17:01:15+00:00 NOTICE member.sync :: online@13pro.ru has signed up to a lot of lists very recently; we're not allowing more signups for now
2021-02-02T17:01:17+00:00 NOTICE member.sync :: texasjoepro@gmail.com has signed up to a lot of lists very recently; we're not allowing more signups for now
2021-02-02T17:01:18+00:00 NOTICE member.sync :: 9177146348@txt.att.net looks fake or invalid, please enter a real email address.
2021-02-02T17:01:20+00:00 NOTICE member.sync :: Subscribed Member luzzi.demetrio@libero.it :: Array
(
    [status_if_new] => 1
    [merge_fields] => Array
        (
        )

)

2021-02-02T17:01:21+00:00 NOTICE member.sync :: bfretschner@vosssylt.de has signed up to a lot of lists very recently; we're not allowing more signups for now
2021-02-02T17:01:23+00:00 NOTICE member.sync :: Subscribed Member bradcallen@gmail.com :: Array
(
    [status_if_new] => 1
    [merge_fields] => Array
        (
        )

)

2021-02-02T17:02:51+00:00 NOTICE action_scheduler.queue_job :: MailChimp_WooCommerce_User_Submit queued :: obj_id 11173
2021-02-02T17:04:26+00:00 NOTICE action_scheduler.queue_job :: MailChimp_WooCommerce_User_Submit queued :: obj_id 11174
2021-02-02T17:08:14+00:00 NOTICE action_scheduler.queue_job :: MailChimp_WooCommerce_User_Submit queued :: obj_id 11175
2021-02-02T17:12:12+00:00 NOTICE member.sync :: Subscribed Member 9177146348@mms.att.net :: Array
(
    [status_if_new] => 1
    [merge_fields] => Array
        (
        )

)

2021-02-02T17:12:14+00:00 NOTICE member.sync :: Subscribed Member nick@beachnbaygetaways.com :: Array
(
    [status_if_new] => 1
    [merge_fields] => Array
        (
        )

)

2021-02-02T17:12:16+00:00 NOTICE member.sync :: Subscribed Member kmoslin@aol.com :: Array
(
    [status_if_new] => 1
    [merge_fields] => Array
        (
        )

)

2021-02-02T17:13:16+00:00 NOTICE action_scheduler.queue_job :: MailChimp_WooCommerce_User_Submit queued :: obj_id 11176
2021-02-02T17:13:30+00:00 NOTICE member.sync :: Subscribed Member shopanaiya@gmail.com :: Array
(
    [status_if_new] => 1
    [merge_fields] => Array
        (
        )

)

2021-02-02T17:14:31+00:00 NOTICE action_scheduler.queue_job :: MailChimp_WooCommerce_User_Submit queued :: obj_id 11177
2021-02-02T17:14:51+00:00 NOTICE member.sync :: Subscribed Member JSTANNER7@ROADRUNNER.COM :: Array
(
    [status_if_new] => 1
    [merge_fields] => Array
        (
        )

)

2021-02-02T17:19:40+00:00 NOTICE action_scheduler.queue_job :: MailChimp_WooCommerce_User_Submit queued :: obj_id 11178
2021-02-02T17:19:49+00:00 NOTICE member.sync :: info@esdonk.com has signed up to a lot of lists very recently; we're not allowing more signups for now
2021-02-02T17:22:24+00:00 NOTICE action_scheduler.queue_job :: MailChimp_WooCommerce_User_Submit queued :: obj_id 11179
2021-02-02T17:24:29+00:00 NOTICE action_scheduler.queue_job :: MailChimp_WooCommerce_User_Submit queued :: obj_id 11180
2021-02-02T17:29:59+00:00 NOTICE member.sync :: Subscribed Member 8057486488@vzwpix.com :: Array
(
    [status_if_new] => 1
    [merge_fields] => Array
        (
        )

)

2021-02-02T17:30:00+00:00 NOTICE member.sync :: Subscribed Member hopsing8@gmail.com :: Array
(
    [status_if_new] => 1
    [merge_fields] => Array
        (
        )

)

2021-02-02T17:32:00+00:00 NOTICE action_scheduler.queue_job :: MailChimp_WooCommerce_User_Submit queued :: obj_id 11181
2021-02-02T17:39:31+00:00 NOTICE action_scheduler.queue_job :: MailChimp_WooCommerce_User_Submit queued :: obj_id 11182
2021-02-02T17:42:37+00:00 NOTICE action_scheduler.queue_job :: MailChimp_WooCommerce_User_Submit queued :: obj_id 11183
2021-02-02T17:44:08+00:00 NOTICE action_scheduler.queue_job :: MailChimp_WooCommerce_User_Submit queued :: obj_id 11184
2021-02-02T17:48:52+00:00 NOTICE action_scheduler.queue_job :: MailChimp_WooCommerce_User_Submit queued :: obj_id 11185
2021-02-02T17:50:12+00:00 NOTICE action_scheduler.queue_job :: MailChimp_WooCommerce_User_Submit queued :: obj_id 11186
2021-02-02T17:52:04+00:00 NOTICE member.sync :: Subscribed Member Jjaniga17@comcast.net :: Array
(
    [status_if_new] => 1
    [merge_fields] => Array
        (
        )

)

2021-02-02T17:52:06+00:00 NOTICE member.sync :: Subscribed Member johnnycoyne@hotmail.com :: Array
(
    [status_if_new] => 1
    [merge_fields] => Array
        (
        )

)

2021-02-02T17:52:07+00:00 NOTICE member.sync :: info@cshardware.nl has signed up to a lot of lists very recently; we're not allowing more signups for now
2021-02-02T17:52:08+00:00 NOTICE member.sync :: marcdeleo@live.com has signed up to a lot of lists very recently; we're not allowing more signups for now
2021-02-02T17:52:10+00:00 NOTICE member.sync :: Subscribed Member christinepm@aol.com :: Array
(
    [status_if_new] => 1
    [merge_fields] => Array
        (
        )

)

2021-02-02T17:52:11+00:00 NOTICE member.sync :: Subscribed Member michael@jmkellygroup.com :: Array
(
    [status_if_new] => 1
    [merge_fields] => Array
        (
        )

)

2021-02-02T17:55:02+00:00 NOTICE action_scheduler.queue_job :: MailChimp_WooCommerce_User_Submit queued :: obj_id 11187
2021-02-02T17:55:36+00:00 NOTICE action_scheduler.queue_job :: MailChimp_WooCommerce_User_Submit queued :: obj_id 11188
2021-02-02T18:01:05+00:00 NOTICE member.sync :: Subscribed Member Jianiga17@comcast.net :: Array
(
    [status_if_new] => 1
    [merge_fields] => Array
        (
        )

)

2021-02-02T18:01:07+00:00 NOTICE member.sync :: Subscribed Member wawacholder@verizon.net :: Array
(
    [status_if_new] => 1
    [merge_fields] => Array
        (
        )

)

2021-02-02T18:01:13+00:00 NOTICE action_scheduler.queue_job :: MailChimp_WooCommerce_User_Submit queued :: obj_id 11189
2021-02-02T18:02:02+00:00 NOTICE action_scheduler.queue_job :: MailChimp_WooCommerce_User_Submit queued :: obj_id 11190
2021-02-02T18:02:48+00:00 NOTICE action_scheduler.queue_job :: MailChimp_WooCommerce_User_Submit queued :: obj_id 11191
2021-02-02T18:04:57+00:00 NOTICE member.sync :: Subscribed Member pedro.gn@mail.com :: Array
(
    [status_if_new] => 1
    [merge_fields] => Array
        (
        )

)

2021-02-02T18:04:59+00:00 NOTICE member.sync :: Subscribed Member gmastriano@sanmec.com :: Array
(
    [status_if_new] => 1
    [merge_fields] => Array
        (
        )

)

2021-02-02T18:05:00+00:00 NOTICE member.sync :: Subscribed Member dumpsterbaby01@gmail.com :: Array
(
    [status_if_new] => 1
    [merge_fields] => Array
        (
        )

)

2021-02-02T18:08:49+00:00 NOTICE action_scheduler.queue_job :: MailChimp_WooCommerce_User_Submit queued :: obj_id 11192
2021-02-02T18:08:53+00:00 NOTICE action_scheduler.queue_job :: MailChimp_WooCommerce_User_Submit queued :: obj_id 11193
2021-02-02T18:13:43+00:00 NOTICE action_scheduler.queue_job :: MailChimp_WooCommerce_User_Submit queued :: obj_id 11194
2021-02-02T18:15:12+00:00 NOTICE action_scheduler.queue_job :: MailChimp_WooCommerce_User_Submit queued :: obj_id 11195
2021-02-02T18:15:28+00:00 NOTICE action_scheduler.queue_job :: MailChimp_WooCommerce_User_Submit queued :: obj_id 11196
2021-02-02T18:15:55+00:00 NOTICE action_scheduler.queue_job :: MailChimp_WooCommerce_User_Submit queued :: obj_id 11197
2021-02-02T18:17:29+00:00 NOTICE action_scheduler.queue_job :: MailChimp_WooCommerce_User_Submit queued :: obj_id 11198
2021-02-02T18:22:04+00:00 NOTICE action_scheduler.queue_job :: MailChimp_WooCommerce_User_Submit queued :: obj_id 11199
2021-02-02T18:25:08+00:00 NOTICE action_scheduler.queue_job :: MailChimp_WooCommerce_User_Submit queued :: obj_id 11200
2021-02-02T18:25:55+00:00 NOTICE action_scheduler.queue_job :: MailChimp_WooCommerce_User_Submit queued :: obj_id 11201
2021-02-02T18:26:00+00:00 NOTICE action_scheduler.queue_job :: MailChimp_WooCommerce_User_Submit queued :: obj_id 11202
2021-02-02T18:31:04+00:00 NOTICE member.sync :: Subscribed Member paulkouf@yahoo.com :: Array
(
    [status_if_new] => 1
    [merge_fields] => Array
        (
        )

)

2021-02-02T18:31:06+00:00 NOTICE member.sync :: Subscribed Member casebeer04@att.net :: Array
(
    [status_if_new] => 1
    [merge_fields] => Array
        (
        )

)

2021-02-02T18:31:07+00:00 NOTICE member.sync :: bladedragon63@hotmail.com has signed up to a lot of lists very recently; we're not allowing more signups for now
2021-02-02T18:31:09+00:00 NOTICE member.sync :: Subscribed Member anitalpcd@gmail.com :: Array
(
    [status_if_new] => 1
    [merge_fields] => Array
        (
        )

)

2021-02-02T18:31:10+00:00 NOTICE member.sync :: Subscribed Member w.stumpfer@gmail.com :: Array
(
    [status_if_new] => 1
    [merge_fields] => Array
        (
        )

)

2021-02-02T18:31:11+00:00 NOTICE member.sync :: 7189260077@txt.att.net looks fake or invalid, please enter a real email address.
2021-02-02T18:31:13+00:00 NOTICE member.sync :: Subscribed Member groups.lhpsol@gmail.com :: Array
(
    [status_if_new] => 1
    [merge_fields] => Array
        (
        )

)

2021-02-02T18:31:14+00:00 NOTICE member.sync :: Subscribed Member mick.mount1@hotmail.com :: Array
(
    [status_if_new] => 1
    [merge_fields] => Array
        (
        )

)

2021-02-02T18:31:15+00:00 NOTICE member.sync :: Subscribed Member walter.houy@concentric.net :: Array
(
    [status_if_new] => 1
    [merge_fields] => Array
        (
        )

)

2021-02-02T18:31:17+00:00 NOTICE member.sync :: Subscribed Member claudiu.madalin1992@gmail.com :: Array
(
    [status_if_new] => 1
    [merge_fields] => Array
        (
        )

)

2021-02-02T18:31:18+00:00 NOTICE member.sync :: Subscribed Member ethanhussein@hotmail.com :: Array
(
    [status_if_new] => 1
    [merge_fields] => Array
        (
        )

)

2021-02-02T18:37:15+00:00 NOTICE action_scheduler.queue_job :: MailChimp_WooCommerce_User_Submit queued :: obj_id 11203
2021-02-02T18:37:51+00:00 NOTICE action_scheduler.queue_job :: MailChimp_WooCommerce_User_Submit queued :: obj_id 11204
2021-02-02T18:38:17+00:00 NOTICE action_scheduler.queue_job :: MailChimp_WooCommerce_User_Submit queued :: obj_id 11205
2021-02-02T18:42:19+00:00 NOTICE action_scheduler.queue_job :: MailChimp_WooCommerce_User_Submit queued :: obj_id 11206
2021-02-02T18:56:22+00:00 NOTICE action_scheduler.queue_job :: MailChimp_WooCommerce_User_Submit queued :: obj_id 11207
2021-02-02T18:56:35+00:00 NOTICE action_scheduler.queue_job :: MailChimp_WooCommerce_User_Submit queued :: obj_id 11208
2021-02-02T18:57:13+00:00 NOTICE member.sync :: Subscribed Member bubadesing@gmail.com :: Array
(
    [status_if_new] => 1
    [merge_fields] => Array
        (
        )

)

2021-02-02T18:57:15+00:00 NOTICE member.sync :: Subscribed Member sagreene@swbell.net :: Array
(
    [status_if_new] => 1
    [merge_fields] => Array
        (
        )

)

2021-02-02T18:57:16+00:00 NOTICE member.sync :: pipohawk@hotmail.com has signed up to a lot of lists very recently; we're not allowing more signups for now
2021-02-02T18:57:17+00:00 NOTICE member.sync :: Subscribed Member jamesodriscoll28@gmail.com :: Array
(
    [status_if_new] => 1
    [merge_fields] => Array
        (
        )

)

2021-02-02T18:57:19+00:00 NOTICE member.sync :: Subscribed Member pabrunotts@icloud.com :: Array
(
    [status_if_new] => 1
    [merge_fields] => Array
        (
        )

)

2021-02-02T18:57:20+00:00 NOTICE member.sync :: Subscribed Member Zackab81@gmail.com :: Array
(
    [status_if_new] => 1
    [merge_fields] => Array
        (
        )

)

2021-02-02T18:59:02+00:00 NOTICE action_scheduler.queue_job :: MailChimp_WooCommerce_User_Submit queued :: obj_id 11209
2021-02-02T19:01:05+00:00 NOTICE member.sync :: Subscribed Member roatrenner2@hotmail.com :: Array
(
    [status_if_new] => 1
    [merge_fields] => Array
        (
        )

)

2021-02-02T19:02:52+00:00 NOTICE action_scheduler.queue_job :: MailChimp_WooCommerce_User_Submit queued :: obj_id 11210
2021-02-02T19:02:59+00:00 NOTICE member.sync :: Subscribed Member briannahoelle@gmail.com :: Array
(
    [status_if_new] => 1
    [merge_fields] => Array
        (
        )

)

2021-02-02T19:03:39+00:00 NOTICE action_scheduler.queue_job :: MailChimp_WooCommerce_User_Submit queued :: obj_id 11211
2021-02-02T19:04:07+00:00 NOTICE member.sync :: Subscribed Member kewals132@gmail.com :: Array
(
    [status_if_new] => 1
    [merge_fields] => Array
        (
        )

)

2021-02-02T19:09:05+00:00 NOTICE action_scheduler.queue_job :: MailChimp_WooCommerce_User_Submit queued :: obj_id 11212
2021-02-02T19:09:11+00:00 NOTICE action_scheduler.queue_job :: MailChimp_WooCommerce_User_Submit queued :: obj_id 11213
2021-02-02T19:10:15+00:00 NOTICE action_scheduler.queue_job :: MailChimp_WooCommerce_User_Submit queued :: obj_id 11214
2021-02-02T19:16:00+00:00 NOTICE action_scheduler.queue_job :: MailChimp_WooCommerce_User_Submit queued :: obj_id 11215
2021-02-02T19:17:24+00:00 NOTICE action_scheduler.queue_job :: MailChimp_WooCommerce_User_Submit queued :: obj_id 11216
2021-02-02T19:25:05+00:00 NOTICE action_scheduler.queue_job :: MailChimp_WooCommerce_User_Submit queued :: obj_id 11217
2021-02-02T19:26:12+00:00 NOTICE action_scheduler.queue_job :: MailChimp_WooCommerce_User_Submit queued :: obj_id 11218
2021-02-02T19:31:05+00:00 NOTICE member.sync :: Subscribed Member ebaymarkos@gmail.com :: Array
(
    [status_if_new] => 1
    [merge_fields] => Array
        (
        )

)

2021-02-02T19:31:07+00:00 NOTICE member.sync :: Subscribed Member vteko123456@gmail.com :: Array
(
    [status_if_new] => 1
    [merge_fields] => Array
        (
        )

)

2021-02-02T19:31:08+00:00 NOTICE member.sync :: Subscribed Member elvialy@yahoo.com :: Array
(
    [status_if_new] => 1
    [merge_fields] => Array
        (
        )

)

2021-02-02T19:31:10+00:00 NOTICE member.sync :: Subscribed Member bob@saalc.com :: Array
(
    [status_if_new] => 1
    [merge_fields] => Array
        (
        )

)

2021-02-02T19:31:11+00:00 NOTICE member.sync :: Subscribed Member Phoebee999@aol.com :: Array
(
    [status_if_new] => 1
    [merge_fields] => Array
        (
        )

)

2021-02-02T19:31:15+00:00 NOTICE member.sync :: Subscribed Member jay@dadstelephone.com :: Array
(
    [status_if_new] => 1
    [merge_fields] => Array
        (
        )

)

2021-02-02T19:31:16+00:00 NOTICE member.sync :: Subscribed Member peter.ludwig@online.de :: Array
(
    [status_if_new] => 1
    [merge_fields] => Array
        (
        )

)

2021-02-02T19:35:04+00:00 NOTICE action_scheduler.queue_job :: MailChimp_WooCommerce_User_Submit queued :: obj_id 11219
2021-02-02T19:36:37+00:00 NOTICE member.sync :: Subscribed Member derpythunder@gmail.com :: Array
(
    [status_if_new] => 1
    [merge_fields] => Array
        (
        )

)

2021-02-02T19:38:15+00:00 NOTICE action_scheduler.queue_job :: MailChimp_WooCommerce_User_Submit queued :: obj_id 11220
2021-02-02T19:40:55+00:00 NOTICE member.sync :: sonilux_plasencia@yahoo.es has signed up to a lot of lists very recently; we're not allowing more signups for now
2021-02-02T19:43:10+00:00 NOTICE action_scheduler.queue_job :: MailChimp_WooCommerce_User_Submit queued :: obj_id 11221
2021-02-02T19:44:01+00:00 NOTICE member.sync :: Subscribed Member maxweci1@aol.com :: Array
(
    [status_if_new] => 1
    [merge_fields] => Array
        (
        )

)

2021-02-02T19:49:09+00:00 NOTICE action_scheduler.queue_job :: MailChimp_WooCommerce_User_Submit queued :: obj_id 11222
2021-02-02T19:52:12+00:00 NOTICE action_scheduler.queue_job :: MailChimp_WooCommerce_User_Submit queued :: obj_id 11223
2021-02-02T19:52:14+00:00 NOTICE action_scheduler.queue_job :: MailChimp_WooCommerce_User_Submit queued :: obj_id 11224
2021-02-02T19:54:00+00:00 NOTICE action_scheduler.queue_job :: MailChimp_WooCommerce_User_Submit queued :: obj_id 11225
2021-02-02T19:56:27+00:00 NOTICE action_scheduler.queue_job :: MailChimp_WooCommerce_User_Submit queued :: obj_id 11226
2021-02-02T20:01:05+00:00 NOTICE member.sync :: Subscribed Member hend3925@bellsouth.net :: Array
(
    [status_if_new] => 1
    [merge_fields] => Array
        (
        )

)

2021-02-02T20:01:06+00:00 NOTICE member.sync :: Subscribed Member parisangela115@gmail.com :: Array
(
    [status_if_new] => 1
    [merge_fields] => Array
        (
        )

)

2021-02-02T20:01:08+00:00 NOTICE member.sync :: andy@cloudsprinter.com has signed up to a lot of lists very recently; we're not allowing more signups for now
2021-02-02T20:01:09+00:00 NOTICE member.sync :: Subscribed Member megan.goehl@gmail.com :: Array
(
    [status_if_new] => 1
    [merge_fields] => Array
        (
        )

)

2021-02-02T20:01:10+00:00 NOTICE member.sync :: Subscribed Member karla@nationwidesupplieslp.com :: Array
(
    [status_if_new] => 1
    [merge_fields] => Array
        (
        )

)

2021-02-02T20:02:35+00:00 NOTICE action_scheduler.queue_job :: MailChimp_WooCommerce_User_Submit queued :: obj_id 11227
2021-02-02T20:03:12+00:00 NOTICE action_scheduler.queue_job :: MailChimp_WooCommerce_User_Submit queued :: obj_id 11228
2021-02-02T20:05:55+00:00 NOTICE action_scheduler.queue_job :: MailChimp_WooCommerce_User_Submit queued :: obj_id 11229
2021-02-02T20:09:12+00:00 NOTICE member.sync :: Subscribed Member dsagliano21@gmail.com :: Array
(
    [status_if_new] => 1
    [merge_fields] => Array
        (
        )

)

2021-02-02T20:09:13+00:00 NOTICE member.sync :: Subscribed Member andyperessin@gmail.com :: Array
(
    [status_if_new] => 1
    [merge_fields] => Array
        (
        )

)

2021-02-02T20:09:14+00:00 NOTICE member.sync :: Subscribed Member Pichi380@yahoo.com :: Array
(
    [status_if_new] => 1
    [merge_fields] => Array
        (
        )

)

2021-02-02T20:22:11+00:00 NOTICE action_scheduler.queue_job :: MailChimp_WooCommerce_User_Submit queued :: obj_id 11230
2021-02-02T20:25:05+00:00 NOTICE member.sync :: Subscribed Member peter.lore@live.de :: Array
(
    [status_if_new] => 1
    [merge_fields] => Array
        (
        )

)

2021-02-02T20:26:00+00:00 NOTICE action_scheduler.queue_job :: MailChimp_WooCommerce_User_Submit queued :: obj_id 11231
2021-02-02T20:26:50+00:00 NOTICE member.sync :: Subscribed Member talk2hank@gmail.com :: Array
(
    [status_if_new] => 1
    [merge_fields] => Array
        (
        )

)

2021-02-02T20:27:05+00:00 NOTICE action_scheduler.queue_job :: MailChimp_WooCommerce_User_Submit queued :: obj_id 11232
2021-02-02T20:31:01+00:00 NOTICE action_scheduler.queue_job :: MailChimp_WooCommerce_User_Submit queued :: obj_id 11233
2021-02-02T20:31:06+00:00 NOTICE member.sync :: Subscribed Member bryanroth0704@comcast.net :: Array
(
    [status_if_new] => 1
    [merge_fields] => Array
        (
        )

)

2021-02-02T20:31:07+00:00 NOTICE member.sync :: Subscribed Member olvis.cordoba@hotmail.com :: Array
(
    [status_if_new] => 1
    [merge_fields] => Array
        (
        )

)

2021-02-02T20:34:21+00:00 NOTICE action_scheduler.queue_job :: MailChimp_WooCommerce_User_Submit queued :: obj_id 11234
2021-02-02T20:35:36+00:00 NOTICE action_scheduler.queue_job :: MailChimp_WooCommerce_User_Submit queued :: obj_id 11235
2021-02-02T20:43:57+00:00 NOTICE action_scheduler.queue_job :: MailChimp_WooCommerce_User_Submit queued :: obj_id 11236
2021-02-02T20:48:05+00:00 NOTICE member.sync :: Subscribed Member rainerdittrich@freenet.de :: Array
(
    [status_if_new] => 1
    [merge_fields] => Array
        (
        )

)

2021-02-02T20:48:07+00:00 NOTICE member.sync :: Subscribed Member thedrifter@liwest.at :: Array
(
    [status_if_new] => 1
    [merge_fields] => Array
        (
        )

)

2021-02-02T20:48:09+00:00 NOTICE member.sync :: Subscribed Member kyndallann@icloud.com :: Array
(
    [status_if_new] => 1
    [merge_fields] => Array
        (
        )

)

2021-02-02T20:52:22+00:00 NOTICE action_scheduler.queue_job :: MailChimp_WooCommerce_User_Submit queued :: obj_id 11237
2021-02-02T20:53:36+00:00 NOTICE action_scheduler.queue_job :: MailChimp_WooCommerce_User_Submit queued :: obj_id 11238
2021-02-02T20:56:44+00:00 NOTICE action_scheduler.queue_job :: MailChimp_WooCommerce_User_Submit queued :: obj_id 11239
2021-02-02T21:00:02+00:00 NOTICE action_scheduler.queue_job :: MailChimp_WooCommerce_User_Submit queued :: obj_id 11240
2021-02-02T21:01:07+00:00 NOTICE member.sync :: Subscribed Member karlheinz.riedl@liwest.at :: Array
(
    [status_if_new] => 1
    [merge_fields] => Array
        (
        )

)

2021-02-02T21:01:08+00:00 NOTICE member.sync :: Subscribed Member SANGRA46@YAHOO.COM :: Array
(
    [status_if_new] => 1
    [merge_fields] => Array
        (
        )

)

2021-02-02T21:01:10+00:00 NOTICE member.sync :: Subscribed Member kestutis.berezinas@gmail.com :: Array
(
    [status_if_new] => 1
    [merge_fields] => Array
        (
        )

)

2021-02-02T21:01:11+00:00 NOTICE member.sync :: Subscribed Member tessacar@neuf.fr :: Array
(
    [status_if_new] => 1
    [merge_fields] => Array
        (
        )

)

2021-02-02T21:01:14+00:00 NOTICE action_scheduler.queue_job :: MailChimp_WooCommerce_User_Submit queued :: obj_id 11241
2021-02-02T21:06:34+00:00 NOTICE action_scheduler.queue_job :: MailChimp_WooCommerce_User_Submit queued :: obj_id 11242
2021-02-02T21:09:09+00:00 NOTICE action_scheduler.queue_job :: MailChimp_WooCommerce_User_Submit queued :: obj_id 11243
2021-02-02T21:09:15+00:00 NOTICE action_scheduler.queue_job :: MailChimp_WooCommerce_User_Submit queued :: obj_id 11244
2021-02-02T21:09:52+00:00 NOTICE member.sync :: Subscribed Member samdomazo@hotmail.com :: Array
(
    [status_if_new] => 1
    [merge_fields] => Array
        (
        )

)

2021-02-02T21:09:53+00:00 NOTICE member.sync :: Subscribed Member tacyquinn@hotmail.com :: Array
(
    [status_if_new] => 1
    [merge_fields] => Array
        (
        )

)

2021-02-02T21:09:54+00:00 NOTICE member.sync :: Subscribed Member fire0593@aol.com :: Array
(
    [status_if_new] => 1
    [merge_fields] => Array
        (
        )

)

2021-02-02T21:09:55+00:00 NOTICE member.sync :: Subscribed Member madeydisne2017@yahoo.com :: Array
(
    [status_if_new] => 1
    [merge_fields] => Array
        (
        )

)

2021-02-02T21:12:28+00:00 NOTICE action_scheduler.queue_job :: MailChimp_WooCommerce_User_Submit queued :: obj_id 11245
2021-02-02T21:18:01+00:00 NOTICE action_scheduler.queue_job :: MailChimp_WooCommerce_User_Submit queued :: obj_id 11246
2021-02-02T21:28:33+00:00 NOTICE action_scheduler.queue_job :: MailChimp_WooCommerce_User_Submit queued :: obj_id 11247
2021-02-02T21:29:01+00:00 NOTICE action_scheduler.queue_job :: MailChimp_WooCommerce_User_Submit queued :: obj_id 11248
2021-02-02T21:31:06+00:00 NOTICE member.sync :: Subscribed Member Richgtx007@gmail.com :: Array
(
    [status_if_new] => 1
    [merge_fields] => Array
        (
        )

)

2021-02-02T21:31:07+00:00 NOTICE member.sync :: Subscribed Member guengoer_koese@hotmail.de :: Array
(
    [status_if_new] => 1
    [merge_fields] => Array
        (
        )

)

2021-02-02T21:31:09+00:00 NOTICE member.sync :: Subscribed Member kimmedved@yahoo.com :: Array
(
    [status_if_new] => 1
    [merge_fields] => Array
        (
        )

)

2021-02-02T21:31:10+00:00 NOTICE member.sync :: Subscribed Member grocedana@gmail.com :: Array
(
    [status_if_new] => 1
    [merge_fields] => Array
        (
        )

)

2021-02-02T21:40:28+00:00 NOTICE action_scheduler.queue_job :: MailChimp_WooCommerce_User_Submit queued :: obj_id 11249
2021-02-02T21:46:34+00:00 NOTICE action_scheduler.queue_job :: MailChimp_WooCommerce_User_Submit queued :: obj_id 11250
2021-02-02T21:46:39+00:00 NOTICE action_scheduler.queue_job :: MailChimp_WooCommerce_User_Submit queued :: obj_id 11251
2021-02-02T21:47:19+00:00 NOTICE action_scheduler.queue_job :: MailChimp_WooCommerce_User_Submit queued :: obj_id 11252
2021-02-02T21:57:13+00:00 NOTICE action_scheduler.queue_job :: MailChimp_WooCommerce_User_Submit queued :: obj_id 11253
2021-02-02T22:01:06+00:00 NOTICE member.sync :: Subscribed Member michaelemilfrank@aim.com :: Array
(
    [status_if_new] => 1
    [merge_fields] => Array
        (
        )

)

2021-02-02T22:01:07+00:00 NOTICE member.sync :: Subscribed Member saurabh.rastogi@gmail.com :: Array
(
    [status_if_new] => 1
    [merge_fields] => Array
        (
        )

)

2021-02-02T22:01:09+00:00 NOTICE member.sync :: Subscribed Member winreseng@aol.com :: Array
(
    [status_if_new] => 1
    [merge_fields] => Array
        (
        )

)

2021-02-02T22:01:10+00:00 NOTICE member.sync :: Subscribed Member MALARAM20@YAHOO.COM :: Array
(
    [status_if_new] => 1
    [merge_fields] => Array
        (
        )

)

2021-02-02T22:01:11+00:00 NOTICE member.sync :: tkmart@iowatelecom.net has signed up to a lot of lists very recently; we're not allowing more signups for now
2021-02-02T22:05:17+00:00 NOTICE action_scheduler.queue_job :: MailChimp_WooCommerce_User_Submit queued :: obj_id 11254
2021-02-02T22:08:34+00:00 NOTICE member.sync :: Subscribed Member jonneymckenzie.jm@gmail.com :: Array
(
    [status_if_new] => 1
    [merge_fields] => Array
        (
        )

)

2021-02-02T22:11:36+00:00 NOTICE action_scheduler.queue_job :: MailChimp_WooCommerce_User_Submit queued :: obj_id 11255
2021-02-02T22:13:29+00:00 NOTICE action_scheduler.queue_job :: MailChimp_WooCommerce_User_Submit queued :: obj_id 11256
2021-02-02T22:17:48+00:00 NOTICE action_scheduler.queue_job :: MailChimp_WooCommerce_User_Submit queued :: obj_id 11257
2021-02-02T22:19:55+00:00 NOTICE action_scheduler.queue_job :: MailChimp_WooCommerce_User_Submit queued :: obj_id 11258
2021-02-02T22:20:10+00:00 NOTICE member.sync :: Subscribed Member cam41mil@gmail.com :: Array
(
    [status_if_new] => 1
    [merge_fields] => Array
        (
        )

)

2021-02-02T22:20:11+00:00 NOTICE member.sync :: Subscribed Member amberisawesome1985@yahoo.com :: Array
(
    [status_if_new] => 1
    [merge_fields] => Array
        (
        )

)

2021-02-02T22:20:13+00:00 NOTICE member.sync :: Subscribed Member g.godsell@tiscali.co.uk :: Array
(
    [status_if_new] => 1
    [merge_fields] => Array
        (
        )

)

2021-02-02T22:20:14+00:00 NOTICE member.sync :: Subscribed Member milner4@inu.net :: Array
(
    [status_if_new] => 1
    [merge_fields] => Array
        (
        )

)

2021-02-02T22:21:14+00:00 NOTICE action_scheduler.queue_job :: MailChimp_WooCommerce_User_Submit queued :: obj_id 11259
2021-02-02T22:21:45+00:00 NOTICE member.sync :: S.Manning238@outlook.com has signed up to a lot of lists very recently; we're not allowing more signups for now
2021-02-02T22:23:58+00:00 NOTICE action_scheduler.queue_job :: MailChimp_WooCommerce_User_Submit queued :: obj_id 11260
2021-02-02T22:24:06+00:00 NOTICE action_scheduler.queue_job :: MailChimp_WooCommerce_User_Submit queued :: obj_id 11261
2021-02-02T22:29:12+00:00 NOTICE action_scheduler.queue_job :: MailChimp_WooCommerce_User_Submit queued :: obj_id 11262
2021-02-02T22:29:49+00:00 NOTICE action_scheduler.queue_job :: MailChimp_WooCommerce_User_Submit queued :: obj_id 11263
2021-02-02T22:30:31+00:00 NOTICE action_scheduler.queue_job :: MailChimp_WooCommerce_User_Submit queued :: obj_id 11264
2021-02-02T22:31:04+00:00 NOTICE member.sync :: Subscribed Member cclark907@yahoo.com :: Array
(
    [status_if_new] => 1
    [merge_fields] => Array
        (
        )

)

2021-02-02T22:31:06+00:00 NOTICE member.sync :: Subscribed Member charlotteb815@aol.com :: Array
(
    [status_if_new] => 1
    [merge_fields] => Array
        (
        )

)

2021-02-02T22:31:07+00:00 NOTICE member.sync :: Subscribed Member adam.mcknight@gmail.com :: Array
(
    [status_if_new] => 1
    [merge_fields] => Array
        (
        )

)

2021-02-02T22:31:09+00:00 NOTICE member.sync :: Subscribed Member dhabjanetz@msn.com :: Array
(
    [status_if_new] => 1
    [merge_fields] => Array
        (
        )

)

2021-02-02T22:31:10+00:00 NOTICE member.sync :: Subscribed Member jonathansimmons51@yahoo.com :: Array
(
    [status_if_new] => 1
    [merge_fields] => Array
        (
        )

)

2021-02-02T22:35:23+00:00 NOTICE action_scheduler.queue_job :: MailChimp_WooCommerce_User_Submit queued :: obj_id 11265
2021-02-02T22:37:39+00:00 NOTICE member.sync :: Subscribed Member celica21@verizon.net :: Array
(
    [status_if_new] => 1
    [merge_fields] => Array
        (
        )

)

2021-02-02T22:45:57+00:00 NOTICE action_scheduler.queue_job :: MailChimp_WooCommerce_User_Submit queued :: obj_id 11266
2021-02-02T22:47:52+00:00 NOTICE action_scheduler.queue_job :: MailChimp_WooCommerce_User_Submit queued :: obj_id 11267
2021-02-02T22:51:17+00:00 NOTICE action_scheduler.queue_job :: MailChimp_WooCommerce_User_Submit queued :: obj_id 11268
2021-02-02T22:59:16+00:00 NOTICE member.sync :: Subscribed Member caitrocks14@yahoo.com :: Array
(
    [status_if_new] => 1
    [merge_fields] => Array
        (
        )

)

2021-02-02T22:59:17+00:00 NOTICE member.sync :: czipp69@aol.com has signed up to a lot of lists very recently; we're not allowing more signups for now
2021-02-02T22:59:18+00:00 NOTICE member.sync :: Subscribed Member areyna4@gmail.com :: Array
(
    [status_if_new] => 1
    [merge_fields] => Array
        (
        )

)

2021-02-02T22:59:54+00:00 NOTICE action_scheduler.queue_job :: MailChimp_WooCommerce_User_Submit queued :: obj_id 11269
2021-02-02T23:00:22+00:00 NOTICE member.sync :: Subscribed Member hoskins12839@outlook.com :: Array
(
    [status_if_new] => 1
    [merge_fields] => Array
        (
        )

)

2021-02-02T23:10:46+00:00 NOTICE action_scheduler.queue_job :: MailChimp_WooCommerce_User_Submit queued :: obj_id 11270
2021-02-02T23:14:09+00:00 NOTICE action_scheduler.queue_job :: MailChimp_WooCommerce_User_Submit queued :: obj_id 11271
2021-02-02T23:28:14+00:00 NOTICE action_scheduler.queue_job :: MailChimp_WooCommerce_User_Submit queued :: obj_id 11272
2021-02-02T23:31:04+00:00 NOTICE member.sync :: dobner@maxcon.eu has signed up to a lot of lists very recently; we're not allowing more signups for now
2021-02-02T23:31:06+00:00 NOTICE member.sync :: Subscribed Member chungjames@msn.com :: Array
(
    [status_if_new] => 1
    [merge_fields] => Array
        (
        )

)

2021-02-02T23:31:07+00:00 NOTICE member.sync :: joe@northwestpowersystems.com has signed up to a lot of lists very recently; we're not allowing more signups for now
2021-02-02T23:33:35+00:00 NOTICE action_scheduler.queue_job :: MailChimp_WooCommerce_User_Submit queued :: obj_id 11273
2021-02-02T23:34:09+00:00 NOTICE member.sync :: sandrakov.s@mail.ru has signed up to a lot of lists very recently; we're not allowing more signups for now
2021-02-02T23:36:40+00:00 NOTICE action_scheduler.queue_job :: MailChimp_WooCommerce_User_Submit queued :: obj_id 11274
2021-02-02T23:36:59+00:00 NOTICE action_scheduler.queue_job :: MailChimp_WooCommerce_User_Submit queued :: obj_id 11275
2021-02-02T23:45:07+00:00 NOTICE action_scheduler.queue_job :: MailChimp_WooCommerce_User_Submit queued :: obj_id 11276
2021-02-02T23:45:50+00:00 NOTICE action_scheduler.queue_job :: MailChimp_WooCommerce_User_Submit queued :: obj_id 11277
2021-02-02T23:53:39+00:00 NOTICE action_scheduler.queue_job :: MailChimp_WooCommerce_User_Submit queued :: obj_id 11278
2021-02-02T23:55:35+00:00 NOTICE action_scheduler.queue_job :: MailChimp_WooCommerce_User_Submit queued :: obj_id 11279
