2021-01-31T00:54:56+00:00 NOTICE action_scheduler.queue_job :: MailChimp_WooCommerce_User_Submit queued :: obj_id 11130
2021-01-31T00:55:45+00:00 NOTICE action_scheduler.queue_job :: MailChimp_WooCommerce_User_Submit queued :: obj_id 11131
2021-01-31T00:55:56+00:00 NOTICE action_scheduler.queue_job :: MailChimp_WooCommerce_Cart_Update queued :: obj_id 312671d911dd278750d96f492e55da26
2021-01-31T00:56:03+00:00 NOTICE member.sync :: Subscribed Member tanhabc@yahoo.com :: Array
(
    [status_if_new] => 1
    [merge_fields] => Array
        (
        )

)

2021-01-31T00:56:04+00:00 NOTICE member.sync :: Subscribed Member tanhsbc@yahoo.com :: Array
(
    [status_if_new] => 1
    [merge_fields] => Array
        (
        )

)

2021-01-31T00:56:05+00:00 NOTICE abandoned_cart.success :: email: daars@shiftsimple.com.au :: checkout_url: https://warmwishesflorist.com/checkout/?mc_cart_id=312671d911dd278750d96f492e55da26
2021-01-31T00:56:06+00:00 NOTICE cart.member.updated :: Updated daars@shiftsimple.com.au subscriber status to transactional and language to en
2021-01-31T01:37:40+00:00 NOTICE action_scheduler.queue_job :: MailChimp_WooCommerce_Single_Product starts in 5 seconds :: obj_id 21092
2021-01-31T01:38:19+00:00 NOTICE product_submit.success :: updateStoreProduct :: #21092
2021-01-31T01:38:24+00:00 NOTICE action_scheduler.queue_job :: MailChimp_WooCommerce_Single_Product starts in 5 seconds :: obj_id 21092
2021-01-31T01:39:22+00:00 NOTICE product_submit.success :: updateStoreProduct :: #21092
2021-01-31T01:39:34+00:00 NOTICE action_scheduler.queue_job :: MailChimp_WooCommerce_Single_Product starts in 5 seconds :: obj_id 23210
2021-01-31T01:40:01+00:00 NOTICE product.deleted :: deleted product 21092
2021-01-31T01:40:33+00:00 NOTICE product_submit.success :: addStoreProduct :: #23210
2021-01-31T09:54:34+00:00 NOTICE action_scheduler.queue_job :: MailChimp_WooCommerce_Cart_Update queued :: obj_id f727a154d924a76a1d5e9f434d27d789
2021-01-31T09:54:39+00:00 NOTICE abandoned_cart.success :: email: jasonlcc9999@gmail.com :: checkout_url: https://warmwishesflorist.com/checkout/?mc_cart_id=f727a154d924a76a1d5e9f434d27d789
2021-01-31T09:54:39+00:00 NOTICE action_scheduler.queue_job :: MailChimp_WooCommerce_Cart_Update queued :: obj_id f727a154d924a76a1d5e9f434d27d789
2021-01-31T09:54:40+00:00 NOTICE cart.member.updated :: Updated jasonlcc9999@gmail.com subscriber status to subscribed and language to en
2021-01-31T09:54:41+00:00 NOTICE abandoned_cart.success :: email: jasonlcc9999@gmail.com :: checkout_url: https://warmwishesflorist.com/checkout/?mc_cart_id=f727a154d924a76a1d5e9f434d27d789
2021-01-31T09:54:59+00:00 NOTICE action_scheduler.queue_job :: MailChimp_WooCommerce_Cart_Update queued :: obj_id f727a154d924a76a1d5e9f434d27d789
2021-01-31T09:55:39+00:00 NOTICE abandoned_cart.success :: email: jasonlcc9999@gmail.com :: checkout_url: https://warmwishesflorist.com/checkout/?mc_cart_id=f727a154d924a76a1d5e9f434d27d789
2021-01-31T09:55:41+00:00 NOTICE action_scheduler.queue_job :: MailChimp_WooCommerce_Cart_Update queued :: obj_id f727a154d924a76a1d5e9f434d27d789
2021-01-31T09:55:46+00:00 NOTICE abandoned_cart.success :: email: jasonlcc9999@gmail.com :: checkout_url: https://warmwishesflorist.com/checkout/?mc_cart_id=f727a154d924a76a1d5e9f434d27d789
2021-01-31T09:56:01+00:00 NOTICE action_scheduler.queue_job :: MailChimp_WooCommerce_User_Submit queued :: obj_id 8276
2021-01-31T10:01:05+00:00 NOTICE member.sync :: Updated Member jasonlcc9999@gmail.com ( merge fields only ) :: Array
(
    [merge_fields] => Array
        (
            [FNAME] => Jason
            [LNAME] => Lim
        )

)

2021-01-31T10:15:56+00:00 NOTICE action_scheduler.queue_job :: MailChimp_WooCommerce_Cart_Update queued :: obj_id f727a154d924a76a1d5e9f434d27d789
2021-01-31T10:16:01+00:00 NOTICE action_scheduler.queue_job :: MailChimp_WooCommerce_Cart_Update queued :: obj_id f727a154d924a76a1d5e9f434d27d789
2021-01-31T10:16:01+00:00 NOTICE abandoned_cart.success :: email: jasonlcc9999@gmail.com :: checkout_url: https://warmwishesflorist.com/checkout/?mc_cart_id=f727a154d924a76a1d5e9f434d27d789
2021-01-31T10:16:02+00:00 NOTICE abandoned_cart.success :: email: jasonlcc9999@gmail.com :: checkout_url: https://warmwishesflorist.com/checkout/?mc_cart_id=f727a154d924a76a1d5e9f434d27d789
2021-01-31T10:16:07+00:00 NOTICE action_scheduler.queue_job :: MailChimp_WooCommerce_Cart_Update queued :: obj_id f727a154d924a76a1d5e9f434d27d789
2021-01-31T10:16:09+00:00 NOTICE abandoned_cart.success :: email: jasonlcc9999@gmail.com :: checkout_url: https://warmwishesflorist.com/checkout/?mc_cart_id=f727a154d924a76a1d5e9f434d27d789
2021-01-31T10:21:45+00:00 NOTICE action_scheduler.queue_job :: MailChimp_WooCommerce_User_Submit queued :: obj_id 8276
2021-01-31T10:21:45+00:00 NOTICE action_scheduler.queue_job :: MailChimp_WooCommerce_Single_Order starts in 90 seconds :: obj_id 23221
2021-01-31T10:22:26+00:00 NOTICE member.sync :: Updated Member jasonlcc9999@gmail.com ( merge fields only ) :: Array
(
    [merge_fields] => Array
        (
            [FNAME] => Jason
            [LNAME] => Lim
        )

)

2021-01-31T10:23:11+00:00 NOTICE debug :: Order ID 23221 was pending and is now processing :: Array
(
    [new_order] => 1
    [tracking] => Array
        (
            [campaign_id] => 
            [landing_site] => https://warmwishesflorist.com/?wc-api=WC_Molpay_Gateway
        )

)

2021-01-31T10:28:01+00:00 NOTICE order.member.updated :: Updated jasonlcc9999@gmail.com subscriber status to subscribed and language to en
2021-01-31T10:28:01+00:00 NOTICE order_submit.success :: addStoreOrder :: #23221 :: email: jasonlcc9999@gmail.com :: landing site https://warmwishesflorist.com/?gclid=EAIaIQobChMIpbHMt_LF7gIVmp1LBR0Q-AWYEAAYASAAEgKYgvD_BwE :: abandoned cart deleted [f727a154d924a76a1d5e9f434d27d789]
2021-01-31T10:28:54+00:00 NOTICE action_scheduler.queue_job :: MailChimp_WooCommerce_Cart_Update queued :: obj_id f727a154d924a76a1d5e9f434d27d789
2021-01-31T10:31:04+00:00 NOTICE abandoned_cart.success :: email: jasonlcc9999@gmail.com :: checkout_url: https://warmwishesflorist.com/checkout/?mc_cart_id=f727a154d924a76a1d5e9f434d27d789
2021-01-31T12:43:48+00:00 NOTICE action_scheduler.queue_job :: MailChimp_WooCommerce_Cart_Update queued :: obj_id f727a154d924a76a1d5e9f434d27d789
2021-01-31T12:46:59+00:00 NOTICE abandoned_cart.success :: email: jasonlcc9999@gmail.com :: checkout_url: https://warmwishesflorist.com/checkout/?mc_cart_id=f727a154d924a76a1d5e9f434d27d789
2021-01-31T12:47:00+00:00 NOTICE cart.member.updated :: Updated jasonlcc9999@gmail.com subscriber status to subscribed and language to en
