2021-08-07T00:40:45+00:00 NOTICE action_scheduler.queue_job :: MailChimp_WooCommerce_User_Submit queued :: obj_id 15350
2021-08-07T00:40:50+00:00 NOTICE member.sync :: stomatologdonetsk@seoray.site has signed up to a lot of lists very recently; we're not allowing more signups for now
2021-08-07T04:23:54+00:00 NOTICE action_scheduler.queue_job :: MailChimp_WooCommerce_User_Submit queued :: obj_id 15351
2021-08-07T04:25:25+00:00 NOTICE member.sync :: Subscribed Member kira.subbotina.28.3.1962@mail.ru :: Array
(
    [status_if_new] => 1
    [merge_fields] => Array
        (
        )

)

2021-08-07T04:45:26+00:00 NOTICE action_scheduler.queue_job :: MailChimp_WooCommerce_Cart_Update queued :: obj_id 96db4435410cffcb7fdc8519b914cadd
2021-08-07T04:45:27+00:00 ERROR abandoned_cart.error :: email: tiara.syamimi@gmail.com :: attempting product update :: Resource Not Found :: The requested resource could not be found.
2021-08-07T04:45:28+00:00 NOTICE product_submit.error :: addStoreProduct :: #12232 :: Error Code 404 :: Resource Not Found :: The requested resource could not be found. on 1858 in /var/www/vhosts/warmwishesflorist.com/httpdocs/wp-content/plugins/mailchimp-for-woocommerce/includes/api/class-mailchimp-api.php
2021-08-07T04:45:28+00:00 ERROR abandoned_cart.error :: Error Code 404 :: Resource Not Found :: The requested resource could not be found. on 1858 in /var/www/vhosts/warmwishesflorist.com/httpdocs/wp-content/plugins/mailchimp-for-woocommerce/includes/api/class-mailchimp-api.php
2021-08-07T04:58:03+00:00 NOTICE action_scheduler.queue_job :: MailChimp_WooCommerce_User_Submit queued :: obj_id 15352
2021-08-07T04:59:28+00:00 NOTICE action_scheduler.queue_job :: MailChimp_WooCommerce_Single_Order starts in 90 seconds :: obj_id 24106
2021-08-07T04:59:31+00:00 NOTICE member.sync :: Subscribed Member mikhail.babushkin.12.10.1967@mail.ru :: Array
(
    [status_if_new] => 1
    [merge_fields] => Array
        (
        )

)

2021-08-07T05:01:18+00:00 NOTICE order_sumbit :: #24106 has a financial status of pending and was skipped.
2021-08-07T05:01:18+00:00 NOTICE action_scheduler.queue_job :: MailChimp_WooCommerce_Single_Order starts in 90 seconds :: obj_id 24106
2021-08-07T05:01:19+00:00 NOTICE debug :: Order ID 24106 was pending and is now processing :: Array
(
    [new_order] => 1
    [tracking] => Array
        (
            [campaign_id] => 
            [landing_site] => https://warmwishesflorist.com/?wc-api=WC_Molpay_Gateway
        )

)

2021-08-07T05:04:05+00:00 ERROR order_submit.error :: addStoreOrder :: #24106 :: Error Code 404 :: Resource Not Found :: The requested resource could not be found. on 1858 in /var/www/vhosts/warmwishesflorist.com/httpdocs/wp-content/plugins/mailchimp-for-woocommerce/includes/api/class-mailchimp-api.php
2021-08-07T05:11:52+00:00 NOTICE action_scheduler.queue_job :: MailChimp_WooCommerce_User_Submit queued :: obj_id 15353
2021-08-07T05:12:41+00:00 NOTICE member.sync :: arkadii.zotov.5.11.1999@mail.ru has signed up to a lot of lists very recently; we're not allowing more signups for now
2021-08-07T08:17:09+00:00 NOTICE action_scheduler.queue_job :: MailChimp_WooCommerce_User_Submit queued :: obj_id 15354
2021-08-07T08:17:55+00:00 NOTICE member.sync :: leisan.shaposhnikova.11.5.1961@mail.ru has signed up to a lot of lists very recently; we're not allowing more signups for now
2021-08-07T08:43:41+00:00 NOTICE action_scheduler.queue_job :: MailChimp_WooCommerce_User_Submit queued :: obj_id 15355
2021-08-07T08:43:49+00:00 NOTICE member.sync :: baratovbarat532@gmail.com has signed up to a lot of lists very recently; we're not allowing more signups for now
2021-08-07T09:10:22+00:00 NOTICE action_scheduler.queue_job :: MailChimp_WooCommerce_User_Submit queued :: obj_id 15356
2021-08-07T09:10:54+00:00 NOTICE member.sync :: Subscribed Member marina.frolova8484@gmail.com :: Array
(
    [status_if_new] => 1
    [merge_fields] => Array
        (
        )

)

2021-08-07T09:26:54+00:00 NOTICE action_scheduler.queue_job :: MailChimp_WooCommerce_User_Submit queued :: obj_id 15357
2021-08-07T09:27:55+00:00 NOTICE member.sync :: sergei.riabov.13.4.1971@mail.ru has signed up to a lot of lists very recently; we're not allowing more signups for now
2021-08-07T09:35:09+00:00 NOTICE action_scheduler.queue_job :: MailChimp_WooCommerce_User_Submit queued :: obj_id 15358
2021-08-07T09:36:34+00:00 NOTICE member.sync :: inna.zelenina.3.10.1988@mail.ru has signed up to a lot of lists very recently; we're not allowing more signups for now
2021-08-07T10:17:54+00:00 NOTICE action_scheduler.queue_job :: MailChimp_WooCommerce_User_Submit queued :: obj_id 15359
2021-08-07T10:19:53+00:00 NOTICE member.sync :: semen.balashov.30.8.1960@mail.ru has signed up to a lot of lists very recently; we're not allowing more signups for now
2021-08-07T10:31:27+00:00 NOTICE action_scheduler.queue_job :: MailChimp_WooCommerce_User_Submit queued :: obj_id 15360
2021-08-07T10:32:01+00:00 NOTICE member.sync :: mikhail.filippov.16.8.1982@mail.ru has signed up to a lot of lists very recently; we're not allowing more signups for now
2021-08-07T13:03:38+00:00 NOTICE action_scheduler.queue_job :: MailChimp_WooCommerce_User_Submit queued :: obj_id 15361
2021-08-07T13:06:08+00:00 NOTICE member.sync :: Subscribed Member kristina.vinokurova.20.3.1985@mail.ru :: Array
(
    [status_if_new] => 1
    [merge_fields] => Array
        (
        )

)

2021-08-07T13:24:06+00:00 NOTICE action_scheduler.queue_job :: MailChimp_WooCommerce_User_Submit queued :: obj_id 15362
2021-08-07T13:27:39+00:00 NOTICE member.sync :: anatolii.makeev.7.12.1991@mail.ru has signed up to a lot of lists very recently; we're not allowing more signups for now
2021-08-07T13:41:23+00:00 NOTICE action_scheduler.queue_job :: MailChimp_WooCommerce_User_Submit queued :: obj_id 15363
2021-08-07T13:42:41+00:00 NOTICE member.sync :: Subscribed Member anfisa.vereshchagina.4.8.1976@mail.ru :: Array
(
    [status_if_new] => 1
    [merge_fields] => Array
        (
        )

)

2021-08-07T15:32:37+00:00 NOTICE action_scheduler.queue_job :: MailChimp_WooCommerce_User_Submit queued :: obj_id 15364
2021-08-07T15:32:53+00:00 NOTICE member.sync :: Subscribed Member chesteraq16@sora81.sorataki.in.net :: Array
(
    [status_if_new] => 1
    [merge_fields] => Array
        (
        )

)

2021-08-07T16:31:11+00:00 NOTICE action_scheduler.queue_job :: MailChimp_WooCommerce_User_Submit queued :: obj_id 15365
2021-08-07T16:32:00+00:00 NOTICE member.sync :: dmitrii.ermolaev.2.7.1967@mail.ru has signed up to a lot of lists very recently; we're not allowing more signups for now
2021-08-07T17:48:38+00:00 NOTICE action_scheduler.queue_job :: MailChimp_WooCommerce_User_Submit queued :: obj_id 15366
2021-08-07T17:48:51+00:00 NOTICE member.sync :: grigorii.kriuchkov.22.9.1978@mail.ru has signed up to a lot of lists very recently; we're not allowing more signups for now
2021-08-07T18:24:24+00:00 NOTICE action_scheduler.queue_job :: MailChimp_WooCommerce_User_Submit queued :: obj_id 15367
2021-08-07T18:24:54+00:00 NOTICE member.sync :: olga.voronina.19.4.1985@mail.ru has signed up to a lot of lists very recently; we're not allowing more signups for now
2021-08-07T18:46:41+00:00 NOTICE action_scheduler.queue_job :: MailChimp_WooCommerce_User_Submit queued :: obj_id 15368
2021-08-07T18:46:52+00:00 NOTICE member.sync :: prudnikovnikita15@gmail.com has signed up to a lot of lists very recently; we're not allowing more signups for now
2021-08-07T18:47:26+00:00 NOTICE action_scheduler.queue_job :: MailChimp_WooCommerce_User_Submit queued :: obj_id 15369
2021-08-07T18:49:44+00:00 NOTICE member.sync :: inna.golubeva.22.12.1978@mail.ru has signed up to a lot of lists very recently; we're not allowing more signups for now
2021-08-07T19:03:47+00:00 NOTICE action_scheduler.queue_job :: MailChimp_WooCommerce_User_Submit queued :: obj_id 15370
2021-08-07T19:03:52+00:00 NOTICE member.sync :: kseniia.khromova.24.8.1973@mail.ru has signed up to a lot of lists very recently; we're not allowing more signups for now
2021-08-07T21:16:01+00:00 NOTICE action_scheduler.queue_job :: MailChimp_WooCommerce_User_Submit queued :: obj_id 15371
2021-08-07T21:18:31+00:00 NOTICE member.sync :: andrei.romanov.5.1.1987@mail.ru has signed up to a lot of lists very recently; we're not allowing more signups for now
2021-08-07T23:33:13+00:00 NOTICE action_scheduler.queue_job :: MailChimp_WooCommerce_User_Submit queued :: obj_id 15372
2021-08-07T23:34:12+00:00 NOTICE member.sync :: demyan_somov_1975@rambler.ru has signed up to a lot of lists very recently; we're not allowing more signups for now
